[2024-06-12T03:55:42.298+0000] {local_task_job_runner.py:120} INFO - ::group::Pre task execution logs
[2024-06-12T03:55:42.316+0000] {taskinstance.py:2076} INFO - Dependencies all met for dep_context=non-requeueable deps ti=<TaskInstance: stock_prediction.end scheduled__2024-06-11T00:00:00+00:00 [queued]>
[2024-06-12T03:55:42.323+0000] {taskinstance.py:2076} INFO - Dependencies all met for dep_context=requeueable deps ti=<TaskInstance: stock_prediction.end scheduled__2024-06-11T00:00:00+00:00 [queued]>
[2024-06-12T03:55:42.324+0000] {taskinstance.py:2306} INFO - Starting attempt 1 of 2
[2024-06-12T03:55:42.345+0000] {taskinstance.py:2330} INFO - Executing <Task(PythonOperator): end> on 2024-06-11 00:00:00+00:00
[2024-06-12T03:55:42.353+0000] {warnings.py:112} WARNING - /home/***/.local/lib/python3.12/site-packages/***/task/task_runner/standard_task_runner.py:61: DeprecationWarning: This process (pid=140) is multi-threaded, use of fork() may lead to deadlocks in the child.
  pid = os.fork()

[2024-06-12T03:55:42.356+0000] {standard_task_runner.py:90} INFO - Running: ['***', 'tasks', 'run', 'stock_prediction', 'end', 'scheduled__2024-06-11T00:00:00+00:00', '--job-id', '84', '--raw', '--subdir', 'DAGS_FOLDER/demo_***.py', '--cfg-path', '/tmp/tmphjhts_4f']
[2024-06-12T03:55:42.358+0000] {standard_task_runner.py:63} INFO - Started process 158 to run task
[2024-06-12T03:55:42.359+0000] {standard_task_runner.py:91} INFO - Job 84: Subtask end
[2024-06-12T03:55:42.396+0000] {task_command.py:426} INFO - Running <TaskInstance: stock_prediction.end scheduled__2024-06-11T00:00:00+00:00 [running]> on host ad0cd89ef011
[2024-06-12T03:55:42.462+0000] {taskinstance.py:2648} INFO - Exporting env vars: AIRFLOW_CTX_DAG_OWNER='Nguyen Khoa Doan' AIRFLOW_CTX_DAG_ID='stock_prediction' AIRFLOW_CTX_TASK_ID='end' AIRFLOW_CTX_EXECUTION_DATE='2024-06-11T00:00:00+00:00' AIRFLOW_CTX_TRY_NUMBER='1' AIRFLOW_CTX_DAG_RUN_ID='scheduled__2024-06-11T00:00:00+00:00'
[2024-06-12T03:55:42.463+0000] {taskinstance.py:430} INFO - ::endgroup::
[2024-06-12T03:55:42.464+0000] {logging_mixin.py:188} INFO - END
[2024-06-12T03:55:42.465+0000] {python.py:237} INFO - Done. Returned value was: None
[2024-06-12T03:55:42.466+0000] {taskinstance.py:441} INFO - ::group::Post task execution logs
[2024-06-12T03:55:42.472+0000] {taskinstance.py:1206} INFO - Marking task as SUCCESS. dag_id=stock_prediction, task_id=end, run_id=scheduled__2024-06-11T00:00:00+00:00, execution_date=20240611T000000, start_date=20240612T035542, end_date=20240612T035542
[2024-06-12T03:55:42.494+0000] {local_task_job_runner.py:240} INFO - Task exited with return code 0
[2024-06-12T03:55:42.507+0000] {taskinstance.py:3503} INFO - 0 downstream tasks scheduled from follow-on schedule check
[2024-06-12T03:55:42.511+0000] {local_task_job_runner.py:222} INFO - ::endgroup::
