[2024-06-13T15:08:17.818+0000] {local_task_job_runner.py:120} INFO - ::group::Pre task execution logs
[2024-06-13T15:08:17.835+0000] {taskinstance.py:2076} INFO - Dependencies all met for dep_context=non-requeueable deps ti=<TaskInstance: stock_prediction.train_model_task manual__2024-06-13T15:07:48.446991+00:00 [queued]>
[2024-06-13T15:08:17.842+0000] {taskinstance.py:2076} INFO - Dependencies all met for dep_context=requeueable deps ti=<TaskInstance: stock_prediction.train_model_task manual__2024-06-13T15:07:48.446991+00:00 [queued]>
[2024-06-13T15:08:17.843+0000] {taskinstance.py:2306} INFO - Starting attempt 1 of 2
[2024-06-13T15:08:17.854+0000] {taskinstance.py:2330} INFO - Executing <Task(PythonOperator): train_model_task> on 2024-06-13 15:07:48.446991+00:00
[2024-06-13T15:08:17.861+0000] {warnings.py:112} WARNING - /home/***/.local/lib/python3.12/site-packages/***/task/task_runner/standard_task_runner.py:61: DeprecationWarning: This process (pid=23995) is multi-threaded, use of fork() may lead to deadlocks in the child.
  pid = os.fork()

[2024-06-13T15:08:17.863+0000] {standard_task_runner.py:90} INFO - Running: ['***', 'tasks', 'run', 'stock_prediction', 'train_model_task', 'manual__2024-06-13T15:07:48.446991+00:00', '--job-id', '513', '--raw', '--subdir', 'DAGS_FOLDER/demo_***.py', '--cfg-path', '/tmp/tmp6q7pde2y']
[2024-06-13T15:08:17.863+0000] {standard_task_runner.py:63} INFO - Started process 24013 to run task
[2024-06-13T15:08:17.864+0000] {standard_task_runner.py:91} INFO - Job 513: Subtask train_model_task
[2024-06-13T15:08:17.894+0000] {task_command.py:426} INFO - Running <TaskInstance: stock_prediction.train_model_task manual__2024-06-13T15:07:48.446991+00:00 [running]> on host 33b4ab31339c
[2024-06-13T15:08:17.949+0000] {taskinstance.py:2648} INFO - Exporting env vars: AIRFLOW_CTX_DAG_OWNER='Nguyen Khoa Doan' AIRFLOW_CTX_DAG_ID='stock_prediction' AIRFLOW_CTX_TASK_ID='train_model_task' AIRFLOW_CTX_EXECUTION_DATE='2024-06-13T15:07:48.446991+00:00' AIRFLOW_CTX_TRY_NUMBER='1' AIRFLOW_CTX_DAG_RUN_ID='manual__2024-06-13T15:07:48.446991+00:00'
[2024-06-13T15:08:17.951+0000] {taskinstance.py:430} INFO - ::endgroup::
[2024-06-13T15:08:18.013+0000] {warnings.py:112} WARNING - /home/***/.local/lib/python3.12/site-packages/keras/src/layers/rnn/rnn.py:204: UserWarning: Do not pass an `input_shape`/`input_dim` argument to a layer. When using Sequential models, prefer using an `Input(shape)` object as the first layer in the model instead.
  super().__init__(**kwargs)

[2024-06-13T15:08:18.170+0000] {logging_mixin.py:188} INFO - Epoch 1/37
[2024-06-13T15:08:21.066+0000] {logging_mixin.py:188} INFO - 
Epoch 1: loss improved from inf to 0.05177, saving model to /opt/***/data/model/save_model.keras
[2024-06-13T15:08:21.174+0000] {logging_mixin.py:188} INFO - 130/130 - 3s - 23ms/step - loss: 0.0518
[2024-06-13T15:08:21.175+0000] {logging_mixin.py:188} INFO - Epoch 2/37
[2024-06-13T15:08:22.402+0000] {logging_mixin.py:188} INFO - 
Epoch 2: loss improved from 0.05177 to 0.02732, saving model to /opt/***/data/model/save_model.keras
[2024-06-13T15:08:22.459+0000] {logging_mixin.py:188} INFO - 130/130 - 1s - 10ms/step - loss: 0.0273
[2024-06-13T15:08:22.460+0000] {logging_mixin.py:188} INFO - Epoch 3/37
[2024-06-13T15:08:23.461+0000] {logging_mixin.py:188} INFO - 
Epoch 3: loss did not improve from 0.02732
[2024-06-13T15:08:23.462+0000] {logging_mixin.py:188} INFO - 130/130 - 1s - 8ms/step - loss: 0.0288
[2024-06-13T15:08:23.463+0000] {logging_mixin.py:188} INFO - Epoch 4/37
[2024-06-13T15:08:24.485+0000] {logging_mixin.py:188} INFO - 
Epoch 4: loss did not improve from 0.02732
[2024-06-13T15:08:24.486+0000] {logging_mixin.py:188} INFO - 130/130 - 1s - 8ms/step - loss: 0.0278
[2024-06-13T15:08:24.487+0000] {logging_mixin.py:188} INFO - Epoch 5/37
[2024-06-13T15:08:25.477+0000] {logging_mixin.py:188} INFO - 
Epoch 5: loss improved from 0.02732 to 0.02726, saving model to /opt/***/data/model/save_model.keras
[2024-06-13T15:08:25.529+0000] {logging_mixin.py:188} INFO - 130/130 - 1s - 8ms/step - loss: 0.0273
[2024-06-13T15:08:25.530+0000] {logging_mixin.py:188} INFO - Epoch 6/37
[2024-06-13T15:08:26.702+0000] {logging_mixin.py:188} INFO - 
Epoch 6: loss improved from 0.02726 to 0.02509, saving model to /opt/***/data/model/save_model.keras
[2024-06-13T15:08:26.756+0000] {logging_mixin.py:188} INFO - 130/130 - 1s - 9ms/step - loss: 0.0251
[2024-06-13T15:08:26.757+0000] {logging_mixin.py:188} INFO - Epoch 7/37
[2024-06-13T15:08:27.763+0000] {logging_mixin.py:188} INFO - 
Epoch 7: loss improved from 0.02509 to 0.02468, saving model to /opt/***/data/model/save_model.keras
[2024-06-13T15:08:27.809+0000] {logging_mixin.py:188} INFO - 130/130 - 1s - 8ms/step - loss: 0.0247
[2024-06-13T15:08:27.810+0000] {logging_mixin.py:188} INFO - Epoch 8/37
[2024-06-13T15:08:28.789+0000] {logging_mixin.py:188} INFO - 
Epoch 8: loss did not improve from 0.02468
[2024-06-13T15:08:28.790+0000] {logging_mixin.py:188} INFO - 130/130 - 1s - 8ms/step - loss: 0.0256
[2024-06-13T15:08:28.791+0000] {logging_mixin.py:188} INFO - Epoch 9/37
[2024-06-13T15:08:29.974+0000] {logging_mixin.py:188} INFO - 
Epoch 9: loss improved from 0.02468 to 0.02452, saving model to /opt/***/data/model/save_model.keras
[2024-06-13T15:08:30.026+0000] {logging_mixin.py:188} INFO - 130/130 - 1s - 9ms/step - loss: 0.0245
[2024-06-13T15:08:30.027+0000] {logging_mixin.py:188} INFO - Epoch 10/37
[2024-06-13T15:08:31.096+0000] {logging_mixin.py:188} INFO - 
Epoch 10: loss did not improve from 0.02452
[2024-06-13T15:08:31.097+0000] {logging_mixin.py:188} INFO - 130/130 - 1s - 8ms/step - loss: 0.0251
[2024-06-13T15:08:31.098+0000] {logging_mixin.py:188} INFO - Epoch 11/37
[2024-06-13T15:08:32.243+0000] {logging_mixin.py:188} INFO - 
Epoch 11: loss improved from 0.02452 to 0.02276, saving model to /opt/***/data/model/save_model.keras
[2024-06-13T15:08:32.333+0000] {logging_mixin.py:188} INFO - 130/130 - 1s - 9ms/step - loss: 0.0228
[2024-06-13T15:08:32.335+0000] {logging_mixin.py:188} INFO - Epoch 12/37
[2024-06-13T15:08:33.299+0000] {logging_mixin.py:188} INFO - 
Epoch 12: loss improved from 0.02276 to 0.02244, saving model to /opt/***/data/model/save_model.keras
[2024-06-13T15:08:33.357+0000] {logging_mixin.py:188} INFO - 130/130 - 1s - 8ms/step - loss: 0.0224
[2024-06-13T15:08:33.358+0000] {logging_mixin.py:188} INFO - Epoch 13/37
[2024-06-13T15:08:34.343+0000] {logging_mixin.py:188} INFO - 
Epoch 13: loss improved from 0.02244 to 0.02155, saving model to /opt/***/data/model/save_model.keras
[2024-06-13T15:08:34.394+0000] {logging_mixin.py:188} INFO - 130/130 - 1s - 8ms/step - loss: 0.0215
[2024-06-13T15:08:34.395+0000] {logging_mixin.py:188} INFO - Epoch 14/37
[2024-06-13T15:08:35.487+0000] {logging_mixin.py:188} INFO - 
Epoch 14: loss did not improve from 0.02155
[2024-06-13T15:08:35.489+0000] {logging_mixin.py:188} INFO - 130/130 - 1s - 8ms/step - loss: 0.0230
[2024-06-13T15:08:35.491+0000] {logging_mixin.py:188} INFO - Epoch 15/37
[2024-06-13T15:08:36.554+0000] {logging_mixin.py:188} INFO - 
Epoch 15: loss did not improve from 0.02155
[2024-06-13T15:08:36.555+0000] {logging_mixin.py:188} INFO - 130/130 - 1s - 8ms/step - loss: 0.0219
[2024-06-13T15:08:36.556+0000] {logging_mixin.py:188} INFO - Epoch 16/37
[2024-06-13T15:08:37.539+0000] {logging_mixin.py:188} INFO - 
Epoch 16: loss improved from 0.02155 to 0.02078, saving model to /opt/***/data/model/save_model.keras
[2024-06-13T15:08:37.587+0000] {logging_mixin.py:188} INFO - 130/130 - 1s - 8ms/step - loss: 0.0208
[2024-06-13T15:08:37.588+0000] {logging_mixin.py:188} INFO - Epoch 17/37
[2024-06-13T15:08:38.612+0000] {logging_mixin.py:188} INFO - 
Epoch 17: loss did not improve from 0.02078
[2024-06-13T15:08:38.614+0000] {logging_mixin.py:188} INFO - 130/130 - 1s - 8ms/step - loss: 0.0229
[2024-06-13T15:08:38.615+0000] {logging_mixin.py:188} INFO - Epoch 18/37
[2024-06-13T15:08:39.643+0000] {logging_mixin.py:188} INFO - 
Epoch 18: loss did not improve from 0.02078
[2024-06-13T15:08:39.644+0000] {logging_mixin.py:188} INFO - 130/130 - 1s - 8ms/step - loss: 0.0218
[2024-06-13T15:08:39.645+0000] {logging_mixin.py:188} INFO - Epoch 19/37
[2024-06-13T15:08:40.596+0000] {logging_mixin.py:188} INFO - 
Epoch 19: loss did not improve from 0.02078
[2024-06-13T15:08:40.597+0000] {logging_mixin.py:188} INFO - 130/130 - 1s - 7ms/step - loss: 0.0210
[2024-06-13T15:08:40.598+0000] {logging_mixin.py:188} INFO - Epoch 20/37
[2024-06-13T15:08:41.636+0000] {logging_mixin.py:188} INFO - 
Epoch 20: loss improved from 0.02078 to 0.02058, saving model to /opt/***/data/model/save_model.keras
[2024-06-13T15:08:41.692+0000] {logging_mixin.py:188} INFO - 130/130 - 1s - 8ms/step - loss: 0.0206
[2024-06-13T15:08:41.693+0000] {logging_mixin.py:188} INFO - Epoch 21/37
[2024-06-13T15:08:42.726+0000] {logging_mixin.py:188} INFO - 
Epoch 21: loss did not improve from 0.02058
[2024-06-13T15:08:42.727+0000] {logging_mixin.py:188} INFO - 130/130 - 1s - 8ms/step - loss: 0.0210
[2024-06-13T15:08:42.728+0000] {logging_mixin.py:188} INFO - Epoch 22/37
[2024-06-13T15:08:43.748+0000] {logging_mixin.py:188} INFO - 
Epoch 22: loss did not improve from 0.02058
[2024-06-13T15:08:43.749+0000] {logging_mixin.py:188} INFO - 130/130 - 1s - 8ms/step - loss: 0.0210
[2024-06-13T15:08:43.750+0000] {logging_mixin.py:188} INFO - Epoch 23/37
[2024-06-13T15:08:44.761+0000] {logging_mixin.py:188} INFO - 
Epoch 23: loss improved from 0.02058 to 0.01909, saving model to /opt/***/data/model/save_model.keras
[2024-06-13T15:08:44.827+0000] {logging_mixin.py:188} INFO - 130/130 - 1s - 8ms/step - loss: 0.0191
[2024-06-13T15:08:44.828+0000] {logging_mixin.py:188} INFO - Epoch 24/37
[2024-06-13T15:08:45.835+0000] {logging_mixin.py:188} INFO - 
Epoch 24: loss did not improve from 0.01909
[2024-06-13T15:08:45.836+0000] {logging_mixin.py:188} INFO - 130/130 - 1s - 8ms/step - loss: 0.0200
[2024-06-13T15:08:45.837+0000] {logging_mixin.py:188} INFO - Epoch 25/37
[2024-06-13T15:08:46.832+0000] {logging_mixin.py:188} INFO - 
Epoch 25: loss did not improve from 0.01909
[2024-06-13T15:08:46.833+0000] {logging_mixin.py:188} INFO - 130/130 - 1s - 8ms/step - loss: 0.0198
[2024-06-13T15:08:46.834+0000] {logging_mixin.py:188} INFO - Epoch 26/37
[2024-06-13T15:08:47.861+0000] {logging_mixin.py:188} INFO - 
Epoch 26: loss improved from 0.01909 to 0.01860, saving model to /opt/***/data/model/save_model.keras
[2024-06-13T15:08:47.911+0000] {logging_mixin.py:188} INFO - 130/130 - 1s - 8ms/step - loss: 0.0186
[2024-06-13T15:08:47.912+0000] {logging_mixin.py:188} INFO - Epoch 27/37
[2024-06-13T15:08:48.783+0000] {logging_mixin.py:188} INFO - 
Epoch 27: loss did not improve from 0.01860
[2024-06-13T15:08:48.784+0000] {logging_mixin.py:188} INFO - 130/130 - 1s - 7ms/step - loss: 0.0191
[2024-06-13T15:08:48.785+0000] {logging_mixin.py:188} INFO - Epoch 28/37
[2024-06-13T15:08:49.791+0000] {logging_mixin.py:188} INFO - 
Epoch 28: loss did not improve from 0.01860
[2024-06-13T15:08:49.792+0000] {logging_mixin.py:188} INFO - 130/130 - 1s - 8ms/step - loss: 0.0187
[2024-06-13T15:08:49.793+0000] {logging_mixin.py:188} INFO - Epoch 29/37
[2024-06-13T15:08:50.831+0000] {logging_mixin.py:188} INFO - 
Epoch 29: loss did not improve from 0.01860
[2024-06-13T15:08:50.832+0000] {logging_mixin.py:188} INFO - 130/130 - 1s - 8ms/step - loss: 0.0189
[2024-06-13T15:08:50.833+0000] {logging_mixin.py:188} INFO - Epoch 30/37
[2024-06-13T15:08:51.890+0000] {logging_mixin.py:188} INFO - 
Epoch 30: loss did not improve from 0.01860
[2024-06-13T15:08:51.891+0000] {logging_mixin.py:188} INFO - 130/130 - 1s - 8ms/step - loss: 0.0193
[2024-06-13T15:08:51.892+0000] {logging_mixin.py:188} INFO - Epoch 31/37
[2024-06-13T15:08:52.999+0000] {logging_mixin.py:188} INFO - 
Epoch 31: loss improved from 0.01860 to 0.01738, saving model to /opt/***/data/model/save_model.keras
[2024-06-13T15:08:53.043+0000] {logging_mixin.py:188} INFO - 130/130 - 1s - 9ms/step - loss: 0.0174
[2024-06-13T15:08:53.044+0000] {logging_mixin.py:188} INFO - Epoch 32/37
[2024-06-13T15:08:54.137+0000] {logging_mixin.py:188} INFO - 
Epoch 32: loss did not improve from 0.01738
[2024-06-13T15:08:54.139+0000] {logging_mixin.py:188} INFO - 130/130 - 1s - 8ms/step - loss: 0.0177
[2024-06-13T15:08:54.139+0000] {logging_mixin.py:188} INFO - Epoch 33/37
[2024-06-13T15:08:55.180+0000] {logging_mixin.py:188} INFO - 
Epoch 33: loss did not improve from 0.01738
[2024-06-13T15:08:55.181+0000] {logging_mixin.py:188} INFO - 130/130 - 1s - 8ms/step - loss: 0.0184
[2024-06-13T15:08:55.182+0000] {logging_mixin.py:188} INFO - Epoch 34/37
[2024-06-13T15:08:56.162+0000] {logging_mixin.py:188} INFO - 
Epoch 34: loss improved from 0.01738 to 0.01723, saving model to /opt/***/data/model/save_model.keras
[2024-06-13T15:08:56.224+0000] {logging_mixin.py:188} INFO - 130/130 - 1s - 8ms/step - loss: 0.0172
[2024-06-13T15:08:56.226+0000] {logging_mixin.py:188} INFO - Epoch 35/37
[2024-06-13T15:08:57.303+0000] {logging_mixin.py:188} INFO - 
Epoch 35: loss improved from 0.01723 to 0.01714, saving model to /opt/***/data/model/save_model.keras
[2024-06-13T15:08:57.358+0000] {logging_mixin.py:188} INFO - 130/130 - 1s - 9ms/step - loss: 0.0171
[2024-06-13T15:08:57.359+0000] {logging_mixin.py:188} INFO - Epoch 36/37
[2024-06-13T15:08:58.454+0000] {logging_mixin.py:188} INFO - 
Epoch 36: loss did not improve from 0.01714
[2024-06-13T15:08:58.455+0000] {logging_mixin.py:188} INFO - 130/130 - 1s - 8ms/step - loss: 0.0172
[2024-06-13T15:08:58.456+0000] {logging_mixin.py:188} INFO - Epoch 37/37
[2024-06-13T15:08:59.546+0000] {logging_mixin.py:188} INFO - 
Epoch 37: loss did not improve from 0.01714
[2024-06-13T15:08:59.548+0000] {logging_mixin.py:188} INFO - 130/130 - 1s - 8ms/step - loss: 0.0176
[2024-06-13T15:08:59.726+0000] {python.py:237} INFO - Done. Returned value was: /opt/***/data/model/save_model.keras
[2024-06-13T15:08:59.727+0000] {taskinstance.py:441} INFO - ::group::Post task execution logs
[2024-06-13T15:08:59.745+0000] {taskinstance.py:1206} INFO - Marking task as SUCCESS. dag_id=stock_prediction, task_id=train_model_task, run_id=manual__2024-06-13T15:07:48.446991+00:00, execution_date=20240613T150748, start_date=20240613T150817, end_date=20240613T150859
[2024-06-13T15:08:59.809+0000] {local_task_job_runner.py:240} INFO - Task exited with return code 0
[2024-06-13T15:08:59.827+0000] {taskinstance.py:3503} INFO - 1 downstream tasks scheduled from follow-on schedule check
[2024-06-13T15:08:59.833+0000] {local_task_job_runner.py:222} INFO - ::endgroup::
