[2024-06-13T10:34:24.399+0000] {local_task_job_runner.py:120} INFO - ::group::Pre task execution logs
[2024-06-13T10:34:24.415+0000] {taskinstance.py:2076} INFO - Dependencies all met for dep_context=non-requeueable deps ti=<TaskInstance: stock_prediction.train_model_task manual__2024-06-13T10:33:54.982558+00:00 [queued]>
[2024-06-13T10:34:24.424+0000] {taskinstance.py:2076} INFO - Dependencies all met for dep_context=requeueable deps ti=<TaskInstance: stock_prediction.train_model_task manual__2024-06-13T10:33:54.982558+00:00 [queued]>
[2024-06-13T10:34:24.424+0000] {taskinstance.py:2306} INFO - Starting attempt 1 of 2
[2024-06-13T10:34:24.436+0000] {taskinstance.py:2330} INFO - Executing <Task(PythonOperator): train_model_task> on 2024-06-13 10:33:54.982558+00:00
[2024-06-13T10:34:24.444+0000] {warnings.py:112} WARNING - /home/***/.local/lib/python3.12/site-packages/***/task/task_runner/standard_task_runner.py:61: DeprecationWarning: This process (pid=11195) is multi-threaded, use of fork() may lead to deadlocks in the child.
  pid = os.fork()

[2024-06-13T10:34:24.445+0000] {standard_task_runner.py:63} INFO - Started process 11213 to run task
[2024-06-13T10:34:24.445+0000] {standard_task_runner.py:90} INFO - Running: ['***', 'tasks', 'run', 'stock_prediction', 'train_model_task', 'manual__2024-06-13T10:33:54.982558+00:00', '--job-id', '435', '--raw', '--subdir', 'DAGS_FOLDER/demo_***.py', '--cfg-path', '/tmp/tmp17fgz37d']
[2024-06-13T10:34:24.446+0000] {standard_task_runner.py:91} INFO - Job 435: Subtask train_model_task
[2024-06-13T10:34:24.478+0000] {task_command.py:426} INFO - Running <TaskInstance: stock_prediction.train_model_task manual__2024-06-13T10:33:54.982558+00:00 [running]> on host 33b4ab31339c
[2024-06-13T10:34:24.542+0000] {taskinstance.py:2648} INFO - Exporting env vars: AIRFLOW_CTX_DAG_OWNER='Nguyen Khoa Doan' AIRFLOW_CTX_DAG_ID='stock_prediction' AIRFLOW_CTX_TASK_ID='train_model_task' AIRFLOW_CTX_EXECUTION_DATE='2024-06-13T10:33:54.982558+00:00' AIRFLOW_CTX_TRY_NUMBER='1' AIRFLOW_CTX_DAG_RUN_ID='manual__2024-06-13T10:33:54.982558+00:00'
[2024-06-13T10:34:24.543+0000] {taskinstance.py:430} INFO - ::endgroup::
[2024-06-13T10:34:24.600+0000] {warnings.py:112} WARNING - /home/***/.local/lib/python3.12/site-packages/keras/src/layers/rnn/rnn.py:204: UserWarning: Do not pass an `input_shape`/`input_dim` argument to a layer. When using Sequential models, prefer using an `Input(shape)` object as the first layer in the model instead.
  super().__init__(**kwargs)

[2024-06-13T10:34:24.756+0000] {logging_mixin.py:188} INFO - Epoch 1/37
[2024-06-13T10:34:28.534+0000] {logging_mixin.py:188} INFO - 
Epoch 1: loss improved from inf to 0.04779, saving model to /opt/***/data/model/save_model.keras
[2024-06-13T10:34:28.603+0000] {logging_mixin.py:188} INFO - 130/130 - 4s - 30ms/step - loss: 0.0478
[2024-06-13T10:34:28.604+0000] {logging_mixin.py:188} INFO - Epoch 2/37
[2024-06-13T10:34:29.648+0000] {logging_mixin.py:188} INFO - 
Epoch 2: loss improved from 0.04779 to 0.02770, saving model to /opt/***/data/model/save_model.keras
[2024-06-13T10:34:29.708+0000] {logging_mixin.py:188} INFO - 130/130 - 1s - 8ms/step - loss: 0.0277
[2024-06-13T10:34:29.709+0000] {logging_mixin.py:188} INFO - Epoch 3/37
[2024-06-13T10:34:30.924+0000] {logging_mixin.py:188} INFO - 
Epoch 3: loss improved from 0.02770 to 0.02747, saving model to /opt/***/data/model/save_model.keras
[2024-06-13T10:34:30.984+0000] {logging_mixin.py:188} INFO - 130/130 - 1s - 10ms/step - loss: 0.0275
[2024-06-13T10:34:30.985+0000] {logging_mixin.py:188} INFO - Epoch 4/37
[2024-06-13T10:34:32.051+0000] {logging_mixin.py:188} INFO - 
Epoch 4: loss did not improve from 0.02747
[2024-06-13T10:34:32.052+0000] {logging_mixin.py:188} INFO - 130/130 - 1s - 8ms/step - loss: 0.0293
[2024-06-13T10:34:32.053+0000] {logging_mixin.py:188} INFO - Epoch 5/37
[2024-06-13T10:34:33.054+0000] {logging_mixin.py:188} INFO - 
Epoch 5: loss improved from 0.02747 to 0.02579, saving model to /opt/***/data/model/save_model.keras
[2024-06-13T10:34:33.114+0000] {logging_mixin.py:188} INFO - 130/130 - 1s - 8ms/step - loss: 0.0258
[2024-06-13T10:34:33.115+0000] {logging_mixin.py:188} INFO - Epoch 6/37
[2024-06-13T10:34:34.075+0000] {logging_mixin.py:188} INFO - 
Epoch 6: loss improved from 0.02579 to 0.02574, saving model to /opt/***/data/model/save_model.keras
[2024-06-13T10:34:34.128+0000] {logging_mixin.py:188} INFO - 130/130 - 1s - 8ms/step - loss: 0.0257
[2024-06-13T10:34:34.129+0000] {logging_mixin.py:188} INFO - Epoch 7/37
[2024-06-13T10:34:35.185+0000] {logging_mixin.py:188} INFO - 
Epoch 7: loss did not improve from 0.02574
[2024-06-13T10:34:35.187+0000] {logging_mixin.py:188} INFO - 130/130 - 1s - 8ms/step - loss: 0.0265
[2024-06-13T10:34:35.188+0000] {logging_mixin.py:188} INFO - Epoch 8/37
[2024-06-13T10:34:36.328+0000] {logging_mixin.py:188} INFO - 
Epoch 8: loss did not improve from 0.02574
[2024-06-13T10:34:36.330+0000] {logging_mixin.py:188} INFO - 130/130 - 1s - 9ms/step - loss: 0.0260
[2024-06-13T10:34:36.330+0000] {logging_mixin.py:188} INFO - Epoch 9/37
[2024-06-13T10:34:37.490+0000] {logging_mixin.py:188} INFO - 
Epoch 9: loss improved from 0.02574 to 0.02453, saving model to /opt/***/data/model/save_model.keras
[2024-06-13T10:34:37.545+0000] {logging_mixin.py:188} INFO - 130/130 - 1s - 9ms/step - loss: 0.0245
[2024-06-13T10:34:37.546+0000] {logging_mixin.py:188} INFO - Epoch 10/37
[2024-06-13T10:34:38.729+0000] {logging_mixin.py:188} INFO - 
Epoch 10: loss did not improve from 0.02453
[2024-06-13T10:34:38.730+0000] {logging_mixin.py:188} INFO - 130/130 - 1s - 9ms/step - loss: 0.0261
[2024-06-13T10:34:38.731+0000] {logging_mixin.py:188} INFO - Epoch 11/37
[2024-06-13T10:34:39.788+0000] {logging_mixin.py:188} INFO - 
Epoch 11: loss did not improve from 0.02453
[2024-06-13T10:34:39.789+0000] {logging_mixin.py:188} INFO - 130/130 - 1s - 8ms/step - loss: 0.0261
[2024-06-13T10:34:39.790+0000] {logging_mixin.py:188} INFO - Epoch 12/37
[2024-06-13T10:34:40.861+0000] {logging_mixin.py:188} INFO - 
Epoch 12: loss improved from 0.02453 to 0.02334, saving model to /opt/***/data/model/save_model.keras
[2024-06-13T10:34:40.942+0000] {logging_mixin.py:188} INFO - 130/130 - 1s - 9ms/step - loss: 0.0233
[2024-06-13T10:34:40.945+0000] {logging_mixin.py:188} INFO - Epoch 13/37
[2024-06-13T10:34:42.135+0000] {logging_mixin.py:188} INFO - 
Epoch 13: loss improved from 0.02334 to 0.02148, saving model to /opt/***/data/model/save_model.keras
[2024-06-13T10:34:42.196+0000] {logging_mixin.py:188} INFO - 130/130 - 1s - 10ms/step - loss: 0.0215
[2024-06-13T10:34:42.197+0000] {logging_mixin.py:188} INFO - Epoch 14/37
[2024-06-13T10:34:43.342+0000] {logging_mixin.py:188} INFO - 
Epoch 14: loss improved from 0.02148 to 0.02140, saving model to /opt/***/data/model/save_model.keras
[2024-06-13T10:34:43.400+0000] {logging_mixin.py:188} INFO - 130/130 - 1s - 9ms/step - loss: 0.0214
[2024-06-13T10:34:43.401+0000] {logging_mixin.py:188} INFO - Epoch 15/37
[2024-06-13T10:34:44.479+0000] {logging_mixin.py:188} INFO - 
Epoch 15: loss did not improve from 0.02140
[2024-06-13T10:34:44.480+0000] {logging_mixin.py:188} INFO - 130/130 - 1s - 8ms/step - loss: 0.0223
[2024-06-13T10:34:44.481+0000] {logging_mixin.py:188} INFO - Epoch 16/37
[2024-06-13T10:34:45.523+0000] {logging_mixin.py:188} INFO - 
Epoch 16: loss did not improve from 0.02140
[2024-06-13T10:34:45.524+0000] {logging_mixin.py:188} INFO - 130/130 - 1s - 8ms/step - loss: 0.0240
[2024-06-13T10:34:45.525+0000] {logging_mixin.py:188} INFO - Epoch 17/37
[2024-06-13T10:34:46.562+0000] {logging_mixin.py:188} INFO - 
Epoch 17: loss improved from 0.02140 to 0.02122, saving model to /opt/***/data/model/save_model.keras
[2024-06-13T10:34:46.625+0000] {logging_mixin.py:188} INFO - 130/130 - 1s - 8ms/step - loss: 0.0212
[2024-06-13T10:34:46.626+0000] {logging_mixin.py:188} INFO - Epoch 18/37
[2024-06-13T10:34:47.820+0000] {logging_mixin.py:188} INFO - 
Epoch 18: loss improved from 0.02122 to 0.01972, saving model to /opt/***/data/model/save_model.keras
[2024-06-13T10:34:47.874+0000] {logging_mixin.py:188} INFO - 130/130 - 1s - 10ms/step - loss: 0.0197
[2024-06-13T10:34:47.875+0000] {logging_mixin.py:188} INFO - Epoch 19/37
[2024-06-13T10:34:49.407+0000] {logging_mixin.py:188} INFO - 
Epoch 19: loss did not improve from 0.01972
[2024-06-13T10:34:49.409+0000] {logging_mixin.py:188} INFO - 130/130 - 2s - 12ms/step - loss: 0.0201
[2024-06-13T10:34:49.411+0000] {logging_mixin.py:188} INFO - Epoch 20/37
[2024-06-13T10:34:50.599+0000] {logging_mixin.py:188} INFO - 
Epoch 20: loss did not improve from 0.01972
[2024-06-13T10:34:50.601+0000] {logging_mixin.py:188} INFO - 130/130 - 1s - 9ms/step - loss: 0.0208
[2024-06-13T10:34:50.602+0000] {logging_mixin.py:188} INFO - Epoch 21/37
[2024-06-13T10:34:51.760+0000] {logging_mixin.py:188} INFO - 
Epoch 21: loss did not improve from 0.01972
[2024-06-13T10:34:51.761+0000] {logging_mixin.py:188} INFO - 130/130 - 1s - 9ms/step - loss: 0.0213
[2024-06-13T10:34:51.762+0000] {logging_mixin.py:188} INFO - Epoch 22/37
[2024-06-13T10:34:52.779+0000] {logging_mixin.py:188} INFO - 
Epoch 22: loss improved from 0.01972 to 0.01928, saving model to /opt/***/data/model/save_model.keras
[2024-06-13T10:34:52.836+0000] {logging_mixin.py:188} INFO - 130/130 - 1s - 8ms/step - loss: 0.0193
[2024-06-13T10:34:52.837+0000] {logging_mixin.py:188} INFO - Epoch 23/37
[2024-06-13T10:34:53.933+0000] {logging_mixin.py:188} INFO - 
Epoch 23: loss improved from 0.01928 to 0.01911, saving model to /opt/***/data/model/save_model.keras
[2024-06-13T10:34:53.994+0000] {logging_mixin.py:188} INFO - 130/130 - 1s - 9ms/step - loss: 0.0191
[2024-06-13T10:34:53.995+0000] {logging_mixin.py:188} INFO - Epoch 24/37
[2024-06-13T10:34:55.051+0000] {logging_mixin.py:188} INFO - 
Epoch 24: loss did not improve from 0.01911
[2024-06-13T10:34:55.052+0000] {logging_mixin.py:188} INFO - 130/130 - 1s - 8ms/step - loss: 0.0203
[2024-06-13T10:34:55.053+0000] {logging_mixin.py:188} INFO - Epoch 25/37
[2024-06-13T10:34:56.367+0000] {logging_mixin.py:188} INFO - 
Epoch 25: loss improved from 0.01911 to 0.01887, saving model to /opt/***/data/model/save_model.keras
[2024-06-13T10:34:56.441+0000] {logging_mixin.py:188} INFO - 130/130 - 1s - 11ms/step - loss: 0.0189
[2024-06-13T10:34:56.442+0000] {logging_mixin.py:188} INFO - Epoch 26/37
[2024-06-13T10:34:57.669+0000] {logging_mixin.py:188} INFO - 
Epoch 26: loss improved from 0.01887 to 0.01876, saving model to /opt/***/data/model/save_model.keras
[2024-06-13T10:34:57.723+0000] {logging_mixin.py:188} INFO - 130/130 - 1s - 10ms/step - loss: 0.0188
[2024-06-13T10:34:57.724+0000] {logging_mixin.py:188} INFO - Epoch 27/37
[2024-06-13T10:34:59.102+0000] {logging_mixin.py:188} INFO - 
Epoch 27: loss did not improve from 0.01876
[2024-06-13T10:34:59.103+0000] {logging_mixin.py:188} INFO - 130/130 - 1s - 11ms/step - loss: 0.0193
[2024-06-13T10:34:59.104+0000] {logging_mixin.py:188} INFO - Epoch 28/37
[2024-06-13T10:35:00.109+0000] {logging_mixin.py:188} INFO - 
Epoch 28: loss improved from 0.01876 to 0.01838, saving model to /opt/***/data/model/save_model.keras
[2024-06-13T10:35:00.167+0000] {logging_mixin.py:188} INFO - 130/130 - 1s - 8ms/step - loss: 0.0184
[2024-06-13T10:35:00.168+0000] {logging_mixin.py:188} INFO - Epoch 29/37
[2024-06-13T10:35:01.541+0000] {logging_mixin.py:188} INFO - 
Epoch 29: loss did not improve from 0.01838
[2024-06-13T10:35:01.543+0000] {logging_mixin.py:188} INFO - 130/130 - 1s - 11ms/step - loss: 0.0186
[2024-06-13T10:35:01.544+0000] {logging_mixin.py:188} INFO - Epoch 30/37
[2024-06-13T10:35:02.707+0000] {logging_mixin.py:188} INFO - 
Epoch 30: loss improved from 0.01838 to 0.01773, saving model to /opt/***/data/model/save_model.keras
[2024-06-13T10:35:02.771+0000] {logging_mixin.py:188} INFO - 130/130 - 1s - 9ms/step - loss: 0.0177
[2024-06-13T10:35:02.772+0000] {logging_mixin.py:188} INFO - Epoch 31/37
[2024-06-13T10:35:04.114+0000] {logging_mixin.py:188} INFO - 
Epoch 31: loss did not improve from 0.01773
[2024-06-13T10:35:04.115+0000] {logging_mixin.py:188} INFO - 130/130 - 1s - 10ms/step - loss: 0.0183
[2024-06-13T10:35:04.116+0000] {logging_mixin.py:188} INFO - Epoch 32/37
[2024-06-13T10:35:05.496+0000] {logging_mixin.py:188} INFO - 
Epoch 32: loss did not improve from 0.01773
[2024-06-13T10:35:05.497+0000] {logging_mixin.py:188} INFO - 130/130 - 1s - 11ms/step - loss: 0.0182
[2024-06-13T10:35:05.498+0000] {logging_mixin.py:188} INFO - Epoch 33/37
[2024-06-13T10:35:06.624+0000] {logging_mixin.py:188} INFO - 
Epoch 33: loss did not improve from 0.01773
[2024-06-13T10:35:06.626+0000] {logging_mixin.py:188} INFO - 130/130 - 1s - 9ms/step - loss: 0.0178
[2024-06-13T10:35:06.627+0000] {logging_mixin.py:188} INFO - Epoch 34/37
[2024-06-13T10:35:07.630+0000] {logging_mixin.py:188} INFO - 
Epoch 34: loss improved from 0.01773 to 0.01754, saving model to /opt/***/data/model/save_model.keras
[2024-06-13T10:35:07.682+0000] {logging_mixin.py:188} INFO - 130/130 - 1s - 8ms/step - loss: 0.0175
[2024-06-13T10:35:07.683+0000] {logging_mixin.py:188} INFO - Epoch 35/37
[2024-06-13T10:35:08.749+0000] {logging_mixin.py:188} INFO - 
Epoch 35: loss improved from 0.01754 to 0.01707, saving model to /opt/***/data/model/save_model.keras
[2024-06-13T10:35:08.804+0000] {logging_mixin.py:188} INFO - 130/130 - 1s - 9ms/step - loss: 0.0171
[2024-06-13T10:35:08.805+0000] {logging_mixin.py:188} INFO - Epoch 36/37
[2024-06-13T10:35:09.918+0000] {logging_mixin.py:188} INFO - 
Epoch 36: loss did not improve from 0.01707
[2024-06-13T10:35:09.920+0000] {logging_mixin.py:188} INFO - 130/130 - 1s - 9ms/step - loss: 0.0175
[2024-06-13T10:35:09.921+0000] {logging_mixin.py:188} INFO - Epoch 37/37
[2024-06-13T10:35:11.082+0000] {logging_mixin.py:188} INFO - 
Epoch 37: loss did not improve from 0.01707
[2024-06-13T10:35:11.084+0000] {logging_mixin.py:188} INFO - 130/130 - 1s - 9ms/step - loss: 0.0177
[2024-06-13T10:35:11.381+0000] {python.py:237} INFO - Done. Returned value was: /opt/***/data/model/save_model.keras
[2024-06-13T10:35:11.382+0000] {taskinstance.py:441} INFO - ::group::Post task execution logs
[2024-06-13T10:35:11.401+0000] {taskinstance.py:1206} INFO - Marking task as SUCCESS. dag_id=stock_prediction, task_id=train_model_task, run_id=manual__2024-06-13T10:33:54.982558+00:00, execution_date=20240613T103354, start_date=20240613T103424, end_date=20240613T103511
[2024-06-13T10:35:11.462+0000] {local_task_job_runner.py:240} INFO - Task exited with return code 0
[2024-06-13T10:35:11.478+0000] {taskinstance.py:3503} INFO - 0 downstream tasks scheduled from follow-on schedule check
[2024-06-13T10:35:11.480+0000] {local_task_job_runner.py:222} INFO - ::endgroup::
