[2024-06-13T09:58:51.761+0000] {local_task_job_runner.py:120} INFO - ::group::Pre task execution logs
[2024-06-13T09:58:51.777+0000] {taskinstance.py:2076} INFO - Dependencies all met for dep_context=non-requeueable deps ti=<TaskInstance: stock_prediction.train_model_task manual__2024-06-13T09:58:19.788366+00:00 [queued]>
[2024-06-13T09:58:51.782+0000] {taskinstance.py:2076} INFO - Dependencies all met for dep_context=requeueable deps ti=<TaskInstance: stock_prediction.train_model_task manual__2024-06-13T09:58:19.788366+00:00 [queued]>
[2024-06-13T09:58:51.783+0000] {taskinstance.py:2306} INFO - Starting attempt 1 of 2
[2024-06-13T09:58:51.794+0000] {taskinstance.py:2330} INFO - Executing <Task(PythonOperator): train_model_task> on 2024-06-13 09:58:19.788366+00:00
[2024-06-13T09:58:51.801+0000] {warnings.py:112} WARNING - /home/***/.local/lib/python3.12/site-packages/***/task/task_runner/standard_task_runner.py:61: DeprecationWarning: This process (pid=7708) is multi-threaded, use of fork() may lead to deadlocks in the child.
  pid = os.fork()

[2024-06-13T09:58:51.803+0000] {standard_task_runner.py:90} INFO - Running: ['***', 'tasks', 'run', 'stock_prediction', 'train_model_task', 'manual__2024-06-13T09:58:19.788366+00:00', '--job-id', '408', '--raw', '--subdir', 'DAGS_FOLDER/demo_***.py', '--cfg-path', '/tmp/tmpcpm4n72a']
[2024-06-13T09:58:51.804+0000] {standard_task_runner.py:63} INFO - Started process 7726 to run task
[2024-06-13T09:58:51.805+0000] {standard_task_runner.py:91} INFO - Job 408: Subtask train_model_task
[2024-06-13T09:58:51.835+0000] {task_command.py:426} INFO - Running <TaskInstance: stock_prediction.train_model_task manual__2024-06-13T09:58:19.788366+00:00 [running]> on host 33b4ab31339c
[2024-06-13T09:58:51.898+0000] {taskinstance.py:2648} INFO - Exporting env vars: AIRFLOW_CTX_DAG_OWNER='Nguyen Khoa Doan' AIRFLOW_CTX_DAG_ID='stock_prediction' AIRFLOW_CTX_TASK_ID='train_model_task' AIRFLOW_CTX_EXECUTION_DATE='2024-06-13T09:58:19.788366+00:00' AIRFLOW_CTX_TRY_NUMBER='1' AIRFLOW_CTX_DAG_RUN_ID='manual__2024-06-13T09:58:19.788366+00:00'
[2024-06-13T09:58:51.900+0000] {taskinstance.py:430} INFO - ::endgroup::
[2024-06-13T09:58:51.936+0000] {logging_mixin.py:188} INFO - x_train và y_train đã được lưu vào /opt/***/data
[2024-06-13T09:58:51.981+0000] {warnings.py:112} WARNING - /home/***/.local/lib/python3.12/site-packages/keras/src/layers/rnn/rnn.py:204: UserWarning: Do not pass an `input_shape`/`input_dim` argument to a layer. When using Sequential models, prefer using an `Input(shape)` object as the first layer in the model instead.
  super().__init__(**kwargs)

[2024-06-13T09:58:52.157+0000] {logging_mixin.py:188} INFO - Epoch 1/37
[2024-06-13T09:58:54.899+0000] {logging_mixin.py:188} INFO - 
Epoch 1: loss improved from inf to 0.04811, saving model to /opt/***/data/model/save_model.keras
[2024-06-13T09:58:54.968+0000] {logging_mixin.py:188} INFO - 130/130 - 3s - 22ms/step - loss: 0.0481
[2024-06-13T09:58:54.970+0000] {logging_mixin.py:188} INFO - Epoch 2/37
[2024-06-13T09:58:56.016+0000] {logging_mixin.py:188} INFO - 
Epoch 2: loss improved from 0.04811 to 0.02823, saving model to /opt/***/data/model/save_model.keras
[2024-06-13T09:58:56.073+0000] {logging_mixin.py:188} INFO - 130/130 - 1s - 8ms/step - loss: 0.0282
[2024-06-13T09:58:56.074+0000] {logging_mixin.py:188} INFO - Epoch 3/37
[2024-06-13T09:58:57.163+0000] {logging_mixin.py:188} INFO - 
Epoch 3: loss did not improve from 0.02823
[2024-06-13T09:58:57.164+0000] {logging_mixin.py:188} INFO - 130/130 - 1s - 8ms/step - loss: 0.0283
[2024-06-13T09:58:57.165+0000] {logging_mixin.py:188} INFO - Epoch 4/37
[2024-06-13T09:58:58.224+0000] {logging_mixin.py:188} INFO - 
Epoch 4: loss did not improve from 0.02823
[2024-06-13T09:58:58.226+0000] {logging_mixin.py:188} INFO - 130/130 - 1s - 8ms/step - loss: 0.0294
[2024-06-13T09:58:58.228+0000] {logging_mixin.py:188} INFO - Epoch 5/37
[2024-06-13T09:58:59.335+0000] {logging_mixin.py:188} INFO - 
Epoch 5: loss improved from 0.02823 to 0.02642, saving model to /opt/***/data/model/save_model.keras
[2024-06-13T09:58:59.415+0000] {logging_mixin.py:188} INFO - 130/130 - 1s - 9ms/step - loss: 0.0264
[2024-06-13T09:58:59.417+0000] {logging_mixin.py:188} INFO - Epoch 6/37
[2024-06-13T09:59:00.493+0000] {logging_mixin.py:188} INFO - 
Epoch 6: loss improved from 0.02642 to 0.02466, saving model to /opt/***/data/model/save_model.keras
[2024-06-13T09:59:00.547+0000] {logging_mixin.py:188} INFO - 130/130 - 1s - 9ms/step - loss: 0.0247
[2024-06-13T09:59:00.548+0000] {logging_mixin.py:188} INFO - Epoch 7/37
[2024-06-13T09:59:01.583+0000] {logging_mixin.py:188} INFO - 
Epoch 7: loss did not improve from 0.02466
[2024-06-13T09:59:01.584+0000] {logging_mixin.py:188} INFO - 130/130 - 1s - 8ms/step - loss: 0.0254
[2024-06-13T09:59:01.585+0000] {logging_mixin.py:188} INFO - Epoch 8/37
[2024-06-13T09:59:02.621+0000] {logging_mixin.py:188} INFO - 
Epoch 8: loss improved from 0.02466 to 0.02373, saving model to /opt/***/data/model/save_model.keras
[2024-06-13T09:59:02.688+0000] {logging_mixin.py:188} INFO - 130/130 - 1s - 8ms/step - loss: 0.0237
[2024-06-13T09:59:02.689+0000] {logging_mixin.py:188} INFO - Epoch 9/37
[2024-06-13T09:59:03.692+0000] {logging_mixin.py:188} INFO - 
Epoch 9: loss improved from 0.02373 to 0.02346, saving model to /opt/***/data/model/save_model.keras
[2024-06-13T09:59:03.744+0000] {logging_mixin.py:188} INFO - 130/130 - 1s - 8ms/step - loss: 0.0235
[2024-06-13T09:59:03.745+0000] {logging_mixin.py:188} INFO - Epoch 10/37
[2024-06-13T09:59:04.762+0000] {logging_mixin.py:188} INFO - 
Epoch 10: loss did not improve from 0.02346
[2024-06-13T09:59:04.763+0000] {logging_mixin.py:188} INFO - 130/130 - 1s - 8ms/step - loss: 0.0249
[2024-06-13T09:59:04.764+0000] {logging_mixin.py:188} INFO - Epoch 11/37
[2024-06-13T09:59:05.791+0000] {logging_mixin.py:188} INFO - 
Epoch 11: loss improved from 0.02346 to 0.02235, saving model to /opt/***/data/model/save_model.keras
[2024-06-13T09:59:05.840+0000] {logging_mixin.py:188} INFO - 130/130 - 1s - 8ms/step - loss: 0.0224
[2024-06-13T09:59:05.841+0000] {logging_mixin.py:188} INFO - Epoch 12/37
[2024-06-13T09:59:06.922+0000] {logging_mixin.py:188} INFO - 
Epoch 12: loss did not improve from 0.02235
[2024-06-13T09:59:06.924+0000] {logging_mixin.py:188} INFO - 130/130 - 1s - 8ms/step - loss: 0.0242
[2024-06-13T09:59:06.925+0000] {logging_mixin.py:188} INFO - Epoch 13/37
[2024-06-13T09:59:08.055+0000] {logging_mixin.py:188} INFO - 
Epoch 13: loss improved from 0.02235 to 0.02203, saving model to /opt/***/data/model/save_model.keras
[2024-06-13T09:59:08.112+0000] {logging_mixin.py:188} INFO - 130/130 - 1s - 9ms/step - loss: 0.0220
[2024-06-13T09:59:08.113+0000] {logging_mixin.py:188} INFO - Epoch 14/37
[2024-06-13T09:59:09.222+0000] {logging_mixin.py:188} INFO - 
Epoch 14: loss did not improve from 0.02203
[2024-06-13T09:59:09.223+0000] {logging_mixin.py:188} INFO - 130/130 - 1s - 9ms/step - loss: 0.0231
[2024-06-13T09:59:09.224+0000] {logging_mixin.py:188} INFO - Epoch 15/37
[2024-06-13T09:59:10.292+0000] {logging_mixin.py:188} INFO - 
Epoch 15: loss did not improve from 0.02203
[2024-06-13T09:59:10.294+0000] {logging_mixin.py:188} INFO - 130/130 - 1s - 8ms/step - loss: 0.0226
[2024-06-13T09:59:10.294+0000] {logging_mixin.py:188} INFO - Epoch 16/37
[2024-06-13T09:59:11.510+0000] {logging_mixin.py:188} INFO - 
Epoch 16: loss improved from 0.02203 to 0.02172, saving model to /opt/***/data/model/save_model.keras
[2024-06-13T09:59:11.572+0000] {logging_mixin.py:188} INFO - 130/130 - 1s - 10ms/step - loss: 0.0217
[2024-06-13T09:59:11.573+0000] {logging_mixin.py:188} INFO - Epoch 17/37
[2024-06-13T09:59:12.598+0000] {logging_mixin.py:188} INFO - 
Epoch 17: loss improved from 0.02172 to 0.02131, saving model to /opt/***/data/model/save_model.keras
[2024-06-13T09:59:12.647+0000] {logging_mixin.py:188} INFO - 130/130 - 1s - 8ms/step - loss: 0.0213
[2024-06-13T09:59:12.648+0000] {logging_mixin.py:188} INFO - Epoch 18/37
[2024-06-13T09:59:13.693+0000] {logging_mixin.py:188} INFO - 
Epoch 18: loss improved from 0.02131 to 0.02128, saving model to /opt/***/data/model/save_model.keras
[2024-06-13T09:59:13.763+0000] {logging_mixin.py:188} INFO - 130/130 - 1s - 9ms/step - loss: 0.0213
[2024-06-13T09:59:13.765+0000] {logging_mixin.py:188} INFO - Epoch 19/37
[2024-06-13T09:59:14.925+0000] {logging_mixin.py:188} INFO - 
Epoch 19: loss improved from 0.02128 to 0.02082, saving model to /opt/***/data/model/save_model.keras
[2024-06-13T09:59:14.982+0000] {logging_mixin.py:188} INFO - 130/130 - 1s - 9ms/step - loss: 0.0208
[2024-06-13T09:59:14.983+0000] {logging_mixin.py:188} INFO - Epoch 20/37
[2024-06-13T09:59:16.029+0000] {logging_mixin.py:188} INFO - 
Epoch 20: loss improved from 0.02082 to 0.02023, saving model to /opt/***/data/model/save_model.keras
[2024-06-13T09:59:16.081+0000] {logging_mixin.py:188} INFO - 130/130 - 1s - 8ms/step - loss: 0.0202
[2024-06-13T09:59:16.082+0000] {logging_mixin.py:188} INFO - Epoch 21/37
[2024-06-13T09:59:17.192+0000] {logging_mixin.py:188} INFO - 
Epoch 21: loss did not improve from 0.02023
[2024-06-13T09:59:17.193+0000] {logging_mixin.py:188} INFO - 130/130 - 1s - 9ms/step - loss: 0.0203
[2024-06-13T09:59:17.193+0000] {logging_mixin.py:188} INFO - Epoch 22/37
[2024-06-13T09:59:18.284+0000] {logging_mixin.py:188} INFO - 
Epoch 22: loss improved from 0.02023 to 0.02008, saving model to /opt/***/data/model/save_model.keras
[2024-06-13T09:59:18.353+0000] {logging_mixin.py:188} INFO - 130/130 - 1s - 9ms/step - loss: 0.0201
[2024-06-13T09:59:18.354+0000] {logging_mixin.py:188} INFO - Epoch 23/37
[2024-06-13T09:59:19.489+0000] {logging_mixin.py:188} INFO - 
Epoch 23: loss improved from 0.02008 to 0.01878, saving model to /opt/***/data/model/save_model.keras
[2024-06-13T09:59:19.555+0000] {logging_mixin.py:188} INFO - 130/130 - 1s - 9ms/step - loss: 0.0188
[2024-06-13T09:59:19.557+0000] {logging_mixin.py:188} INFO - Epoch 24/37
[2024-06-13T09:59:20.890+0000] {logging_mixin.py:188} INFO - 
Epoch 24: loss did not improve from 0.01878
[2024-06-13T09:59:20.891+0000] {logging_mixin.py:188} INFO - 130/130 - 1s - 10ms/step - loss: 0.0198
[2024-06-13T09:59:20.892+0000] {logging_mixin.py:188} INFO - Epoch 25/37
[2024-06-13T09:59:21.978+0000] {logging_mixin.py:188} INFO - 
Epoch 25: loss did not improve from 0.01878
[2024-06-13T09:59:21.979+0000] {logging_mixin.py:188} INFO - 130/130 - 1s - 8ms/step - loss: 0.0196
[2024-06-13T09:59:21.980+0000] {logging_mixin.py:188} INFO - Epoch 26/37
[2024-06-13T09:59:23.198+0000] {logging_mixin.py:188} INFO - 
Epoch 26: loss improved from 0.01878 to 0.01808, saving model to /opt/***/data/model/save_model.keras
[2024-06-13T09:59:23.272+0000] {logging_mixin.py:188} INFO - 130/130 - 1s - 10ms/step - loss: 0.0181
[2024-06-13T09:59:23.274+0000] {logging_mixin.py:188} INFO - Epoch 27/37
[2024-06-13T09:59:24.350+0000] {logging_mixin.py:188} INFO - 
Epoch 27: loss did not improve from 0.01808
[2024-06-13T09:59:24.351+0000] {logging_mixin.py:188} INFO - 130/130 - 1s - 8ms/step - loss: 0.0184
[2024-06-13T09:59:24.352+0000] {logging_mixin.py:188} INFO - Epoch 28/37
[2024-06-13T09:59:25.408+0000] {logging_mixin.py:188} INFO - 
Epoch 28: loss improved from 0.01808 to 0.01775, saving model to /opt/***/data/model/save_model.keras
[2024-06-13T09:59:25.467+0000] {logging_mixin.py:188} INFO - 130/130 - 1s - 9ms/step - loss: 0.0178
[2024-06-13T09:59:25.468+0000] {logging_mixin.py:188} INFO - Epoch 29/37
[2024-06-13T09:59:26.534+0000] {logging_mixin.py:188} INFO - 
Epoch 29: loss did not improve from 0.01775
[2024-06-13T09:59:26.535+0000] {logging_mixin.py:188} INFO - 130/130 - 1s - 8ms/step - loss: 0.0186
[2024-06-13T09:59:26.536+0000] {logging_mixin.py:188} INFO - Epoch 30/37
[2024-06-13T09:59:27.700+0000] {logging_mixin.py:188} INFO - 
Epoch 30: loss did not improve from 0.01775
[2024-06-13T09:59:27.701+0000] {logging_mixin.py:188} INFO - 130/130 - 1s - 9ms/step - loss: 0.0182
[2024-06-13T09:59:27.702+0000] {logging_mixin.py:188} INFO - Epoch 31/37
[2024-06-13T09:59:28.842+0000] {logging_mixin.py:188} INFO - 
Epoch 31: loss did not improve from 0.01775
[2024-06-13T09:59:28.845+0000] {logging_mixin.py:188} INFO - 130/130 - 1s - 9ms/step - loss: 0.0182
[2024-06-13T09:59:28.846+0000] {logging_mixin.py:188} INFO - Epoch 32/37
[2024-06-13T09:59:30.008+0000] {logging_mixin.py:188} INFO - 
Epoch 32: loss improved from 0.01775 to 0.01768, saving model to /opt/***/data/model/save_model.keras
[2024-06-13T09:59:30.058+0000] {logging_mixin.py:188} INFO - 130/130 - 1s - 9ms/step - loss: 0.0177
[2024-06-13T09:59:30.059+0000] {logging_mixin.py:188} INFO - Epoch 33/37
[2024-06-13T09:59:31.117+0000] {logging_mixin.py:188} INFO - 
Epoch 33: loss did not improve from 0.01768
[2024-06-13T09:59:31.118+0000] {logging_mixin.py:188} INFO - 130/130 - 1s - 8ms/step - loss: 0.0185
[2024-06-13T09:59:31.119+0000] {logging_mixin.py:188} INFO - Epoch 34/37
[2024-06-13T09:59:32.095+0000] {logging_mixin.py:188} INFO - 
Epoch 34: loss improved from 0.01768 to 0.01756, saving model to /opt/***/data/model/save_model.keras
[2024-06-13T09:59:32.143+0000] {logging_mixin.py:188} INFO - 130/130 - 1s - 8ms/step - loss: 0.0176
[2024-06-13T09:59:32.144+0000] {logging_mixin.py:188} INFO - Epoch 35/37
[2024-06-13T09:59:33.138+0000] {logging_mixin.py:188} INFO - 
Epoch 35: loss improved from 0.01756 to 0.01712, saving model to /opt/***/data/model/save_model.keras
[2024-06-13T09:59:33.199+0000] {logging_mixin.py:188} INFO - 130/130 - 1s - 8ms/step - loss: 0.0171
[2024-06-13T09:59:33.201+0000] {logging_mixin.py:188} INFO - Epoch 36/37
[2024-06-13T09:59:34.163+0000] {logging_mixin.py:188} INFO - 
Epoch 36: loss improved from 0.01712 to 0.01673, saving model to /opt/***/data/model/save_model.keras
[2024-06-13T09:59:34.215+0000] {logging_mixin.py:188} INFO - 130/130 - 1s - 8ms/step - loss: 0.0167
[2024-06-13T09:59:34.216+0000] {logging_mixin.py:188} INFO - Epoch 37/37
[2024-06-13T09:59:35.240+0000] {logging_mixin.py:188} INFO - 
Epoch 37: loss did not improve from 0.01673
[2024-06-13T09:59:35.241+0000] {logging_mixin.py:188} INFO - 130/130 - 1s - 8ms/step - loss: 0.0172
[2024-06-13T09:59:35.449+0000] {python.py:237} INFO - Done. Returned value was: /opt/***/data/model/save_model.keras
[2024-06-13T09:59:35.450+0000] {taskinstance.py:441} INFO - ::group::Post task execution logs
[2024-06-13T09:59:35.468+0000] {taskinstance.py:1206} INFO - Marking task as SUCCESS. dag_id=stock_prediction, task_id=train_model_task, run_id=manual__2024-06-13T09:58:19.788366+00:00, execution_date=20240613T095819, start_date=20240613T095851, end_date=20240613T095935
[2024-06-13T09:59:35.491+0000] {local_task_job_runner.py:240} INFO - Task exited with return code 0
[2024-06-13T09:59:35.510+0000] {taskinstance.py:3503} INFO - 1 downstream tasks scheduled from follow-on schedule check
[2024-06-13T09:59:35.512+0000] {local_task_job_runner.py:222} INFO - ::endgroup::
