[2024-06-13T10:33:47.429+0000] {local_task_job_runner.py:120} INFO - ::group::Pre task execution logs
[2024-06-13T10:33:47.445+0000] {taskinstance.py:2076} INFO - Dependencies all met for dep_context=non-requeueable deps ti=<TaskInstance: stock_prediction.end manual__2024-06-13T10:31:48.717254+00:00 [queued]>
[2024-06-13T10:33:47.452+0000] {taskinstance.py:2076} INFO - Dependencies all met for dep_context=requeueable deps ti=<TaskInstance: stock_prediction.end manual__2024-06-13T10:31:48.717254+00:00 [queued]>
[2024-06-13T10:33:47.453+0000] {taskinstance.py:2306} INFO - Starting attempt 1 of 2
[2024-06-13T10:33:47.465+0000] {taskinstance.py:2330} INFO - Executing <Task(PythonOperator): end> on 2024-06-13 10:31:48.717254+00:00
[2024-06-13T10:33:47.472+0000] {warnings.py:112} WARNING - /home/***/.local/lib/python3.12/site-packages/***/task/task_runner/standard_task_runner.py:61: DeprecationWarning: This process (pid=11040) is multi-threaded, use of fork() may lead to deadlocks in the child.
  pid = os.fork()

[2024-06-13T10:33:47.474+0000] {standard_task_runner.py:63} INFO - Started process 11058 to run task
[2024-06-13T10:33:47.473+0000] {standard_task_runner.py:90} INFO - Running: ['***', 'tasks', 'run', 'stock_prediction', 'end', 'manual__2024-06-13T10:31:48.717254+00:00', '--job-id', '428', '--raw', '--subdir', 'DAGS_FOLDER/demo_***.py', '--cfg-path', '/tmp/tmp4jyloja0']
[2024-06-13T10:33:47.475+0000] {standard_task_runner.py:91} INFO - Job 428: Subtask end
[2024-06-13T10:33:47.507+0000] {task_command.py:426} INFO - Running <TaskInstance: stock_prediction.end manual__2024-06-13T10:31:48.717254+00:00 [running]> on host 33b4ab31339c
[2024-06-13T10:33:47.572+0000] {taskinstance.py:2648} INFO - Exporting env vars: AIRFLOW_CTX_DAG_OWNER='Nguyen Khoa Doan' AIRFLOW_CTX_DAG_ID='stock_prediction' AIRFLOW_CTX_TASK_ID='end' AIRFLOW_CTX_EXECUTION_DATE='2024-06-13T10:31:48.717254+00:00' AIRFLOW_CTX_TRY_NUMBER='1' AIRFLOW_CTX_DAG_RUN_ID='manual__2024-06-13T10:31:48.717254+00:00'
[2024-06-13T10:33:47.573+0000] {taskinstance.py:430} INFO - ::endgroup::
[2024-06-13T10:33:47.574+0000] {logging_mixin.py:188} INFO - END
[2024-06-13T10:33:47.574+0000] {python.py:237} INFO - Done. Returned value was: None
[2024-06-13T10:33:47.575+0000] {taskinstance.py:441} INFO - ::group::Post task execution logs
[2024-06-13T10:33:47.582+0000] {taskinstance.py:1206} INFO - Marking task as SUCCESS. dag_id=stock_prediction, task_id=end, run_id=manual__2024-06-13T10:31:48.717254+00:00, execution_date=20240613T103148, start_date=20240613T103347, end_date=20240613T103347
[2024-06-13T10:33:47.608+0000] {local_task_job_runner.py:240} INFO - Task exited with return code 0
[2024-06-13T10:33:47.624+0000] {taskinstance.py:3503} INFO - 0 downstream tasks scheduled from follow-on schedule check
[2024-06-13T10:33:47.626+0000] {local_task_job_runner.py:222} INFO - ::endgroup::
