[2024-06-11T16:53:47.742+0000] {local_task_job_runner.py:120} INFO - ::group::Pre task execution logs
[2024-06-11T16:53:47.756+0000] {taskinstance.py:2076} INFO - Dependencies all met for dep_context=non-requeueable deps ti=<TaskInstance: stock_prediction.end manual__2024-06-11T16:53:34.006818+00:00 [queued]>
[2024-06-11T16:53:47.761+0000] {taskinstance.py:2076} INFO - Dependencies all met for dep_context=requeueable deps ti=<TaskInstance: stock_prediction.end manual__2024-06-11T16:53:34.006818+00:00 [queued]>
[2024-06-11T16:53:47.762+0000] {taskinstance.py:2306} INFO - Starting attempt 1 of 2
[2024-06-11T16:53:47.771+0000] {taskinstance.py:2330} INFO - Executing <Task(PythonOperator): end> on 2024-06-11 16:53:34.006818+00:00
[2024-06-11T16:53:47.777+0000] {warnings.py:112} WARNING - /home/***/.local/lib/python3.12/site-packages/***/task/task_runner/standard_task_runner.py:61: DeprecationWarning: This process (pid=891) is multi-threaded, use of fork() may lead to deadlocks in the child.
  pid = os.fork()

[2024-06-11T16:53:47.778+0000] {standard_task_runner.py:90} INFO - Running: ['***', 'tasks', 'run', 'stock_prediction', 'end', 'manual__2024-06-11T16:53:34.006818+00:00', '--job-id', '36', '--raw', '--subdir', 'DAGS_FOLDER/demo_***.py', '--cfg-path', '/tmp/tmp3jxzwfx1']
[2024-06-11T16:53:47.779+0000] {standard_task_runner.py:63} INFO - Started process 909 to run task
[2024-06-11T16:53:47.779+0000] {standard_task_runner.py:91} INFO - Job 36: Subtask end
[2024-06-11T16:53:47.806+0000] {task_command.py:426} INFO - Running <TaskInstance: stock_prediction.end manual__2024-06-11T16:53:34.006818+00:00 [running]> on host ad0cd89ef011
[2024-06-11T16:53:47.856+0000] {taskinstance.py:2648} INFO - Exporting env vars: AIRFLOW_CTX_DAG_OWNER='Nguyen Khoa Doan' AIRFLOW_CTX_DAG_ID='stock_prediction' AIRFLOW_CTX_TASK_ID='end' AIRFLOW_CTX_EXECUTION_DATE='2024-06-11T16:53:34.006818+00:00' AIRFLOW_CTX_TRY_NUMBER='1' AIRFLOW_CTX_DAG_RUN_ID='manual__2024-06-11T16:53:34.006818+00:00'
[2024-06-11T16:53:47.857+0000] {taskinstance.py:430} INFO - ::endgroup::
[2024-06-11T16:53:47.858+0000] {logging_mixin.py:188} INFO - END
[2024-06-11T16:53:47.858+0000] {python.py:237} INFO - Done. Returned value was: None
[2024-06-11T16:53:47.858+0000] {taskinstance.py:441} INFO - ::group::Post task execution logs
[2024-06-11T16:53:47.863+0000] {taskinstance.py:1206} INFO - Marking task as SUCCESS. dag_id=stock_prediction, task_id=end, run_id=manual__2024-06-11T16:53:34.006818+00:00, execution_date=20240611T165334, start_date=20240611T165347, end_date=20240611T165347
[2024-06-11T16:53:47.912+0000] {local_task_job_runner.py:240} INFO - Task exited with return code 0
[2024-06-11T16:53:47.932+0000] {taskinstance.py:3503} INFO - 0 downstream tasks scheduled from follow-on schedule check
[2024-06-11T16:53:47.935+0000] {local_task_job_runner.py:222} INFO - ::endgroup::
