[2024-06-11T16:13:15.498+0000] {local_task_job_runner.py:120} INFO - ::group::Pre task execution logs
[2024-06-11T16:13:15.513+0000] {taskinstance.py:2076} INFO - Dependencies all met for dep_context=non-requeueable deps ti=<TaskInstance: stock_prediction.end scheduled__2024-06-10T00:00:00+00:00 [queued]>
[2024-06-11T16:13:15.520+0000] {taskinstance.py:2076} INFO - Dependencies all met for dep_context=requeueable deps ti=<TaskInstance: stock_prediction.end scheduled__2024-06-10T00:00:00+00:00 [queued]>
[2024-06-11T16:13:15.520+0000] {taskinstance.py:2306} INFO - Starting attempt 1 of 2
[2024-06-11T16:13:15.532+0000] {taskinstance.py:2330} INFO - Executing <Task(PythonOperator): end> on 2024-06-10 00:00:00+00:00
[2024-06-11T16:13:15.539+0000] {warnings.py:112} WARNING - /home/***/.local/lib/python3.12/site-packages/***/task/task_runner/standard_task_runner.py:61: DeprecationWarning: This process (pid=257) is multi-threaded, use of fork() may lead to deadlocks in the child.
  pid = os.fork()

[2024-06-11T16:13:15.540+0000] {standard_task_runner.py:90} INFO - Running: ['***', 'tasks', 'run', 'stock_prediction', 'end', 'scheduled__2024-06-10T00:00:00+00:00', '--job-id', '16', '--raw', '--subdir', 'DAGS_FOLDER/demo_***.py', '--cfg-path', '/tmp/tmpo9eigd59']
[2024-06-11T16:13:15.541+0000] {standard_task_runner.py:63} INFO - Started process 275 to run task
[2024-06-11T16:13:15.541+0000] {standard_task_runner.py:91} INFO - Job 16: Subtask end
[2024-06-11T16:13:15.572+0000] {task_command.py:426} INFO - Running <TaskInstance: stock_prediction.end scheduled__2024-06-10T00:00:00+00:00 [running]> on host 9f57110a8ef6
[2024-06-11T16:13:15.626+0000] {taskinstance.py:2648} INFO - Exporting env vars: AIRFLOW_CTX_DAG_OWNER='Nguyen Khoa Doan' AIRFLOW_CTX_DAG_ID='stock_prediction' AIRFLOW_CTX_TASK_ID='end' AIRFLOW_CTX_EXECUTION_DATE='2024-06-10T00:00:00+00:00' AIRFLOW_CTX_TRY_NUMBER='1' AIRFLOW_CTX_DAG_RUN_ID='scheduled__2024-06-10T00:00:00+00:00'
[2024-06-11T16:13:15.627+0000] {taskinstance.py:430} INFO - ::endgroup::
[2024-06-11T16:13:15.628+0000] {logging_mixin.py:188} INFO - END
[2024-06-11T16:13:15.628+0000] {python.py:237} INFO - Done. Returned value was: None
[2024-06-11T16:13:15.629+0000] {taskinstance.py:441} INFO - ::group::Post task execution logs
[2024-06-11T16:13:15.634+0000] {taskinstance.py:1206} INFO - Marking task as SUCCESS. dag_id=stock_prediction, task_id=end, run_id=scheduled__2024-06-10T00:00:00+00:00, execution_date=20240610T000000, start_date=20240611T161315, end_date=20240611T161315
[2024-06-11T16:13:15.675+0000] {local_task_job_runner.py:240} INFO - Task exited with return code 0
[2024-06-11T16:13:15.687+0000] {taskinstance.py:3503} INFO - 0 downstream tasks scheduled from follow-on schedule check
[2024-06-11T16:13:15.689+0000] {local_task_job_runner.py:222} INFO - ::endgroup::
