[2024-06-13T02:49:35.243+0000] {local_task_job_runner.py:120} INFO - ::group::Pre task execution logs
[2024-06-13T02:49:35.299+0000] {taskinstance.py:2076} INFO - Dependencies all met for dep_context=non-requeueable deps ti=<TaskInstance: stock_prediction.start manual__2024-06-13T02:49:23.401716+00:00 [queued]>
[2024-06-13T02:49:35.315+0000] {taskinstance.py:2076} INFO - Dependencies all met for dep_context=requeueable deps ti=<TaskInstance: stock_prediction.start manual__2024-06-13T02:49:23.401716+00:00 [queued]>
[2024-06-13T02:49:35.317+0000] {taskinstance.py:2306} INFO - Starting attempt 1 of 2
[2024-06-13T02:49:35.345+0000] {taskinstance.py:2330} INFO - Executing <Task(PythonOperator): start> on 2024-06-13 02:49:23.401716+00:00
[2024-06-13T02:49:35.366+0000] {warnings.py:112} WARNING - /home/***/.local/lib/python3.12/site-packages/***/task/task_runner/standard_task_runner.py:61: DeprecationWarning: This process (pid=4724) is multi-threaded, use of fork() may lead to deadlocks in the child.
  pid = os.fork()

[2024-06-13T02:49:35.370+0000] {standard_task_runner.py:63} INFO - Started process 4749 to run task
[2024-06-13T02:49:35.369+0000] {standard_task_runner.py:90} INFO - Running: ['***', 'tasks', 'run', 'stock_prediction', 'start', 'manual__2024-06-13T02:49:23.401716+00:00', '--job-id', '323', '--raw', '--subdir', 'DAGS_FOLDER/demo_***.py', '--cfg-path', '/tmp/tmpbx53o0nh']
[2024-06-13T02:49:35.372+0000] {standard_task_runner.py:91} INFO - Job 323: Subtask start
[2024-06-13T02:49:35.465+0000] {task_command.py:426} INFO - Running <TaskInstance: stock_prediction.start manual__2024-06-13T02:49:23.401716+00:00 [running]> on host 33b4ab31339c
[2024-06-13T02:49:35.715+0000] {taskinstance.py:2648} INFO - Exporting env vars: AIRFLOW_CTX_DAG_OWNER='Nguyen Khoa Doan' AIRFLOW_CTX_DAG_ID='stock_prediction' AIRFLOW_CTX_TASK_ID='start' AIRFLOW_CTX_EXECUTION_DATE='2024-06-13T02:49:23.401716+00:00' AIRFLOW_CTX_TRY_NUMBER='1' AIRFLOW_CTX_DAG_RUN_ID='manual__2024-06-13T02:49:23.401716+00:00'
[2024-06-13T02:49:35.719+0000] {taskinstance.py:430} INFO - ::endgroup::
[2024-06-13T02:49:35.722+0000] {logging_mixin.py:188} INFO - START
[2024-06-13T02:49:35.723+0000] {python.py:237} INFO - Done. Returned value was: None
[2024-06-13T02:49:35.727+0000] {taskinstance.py:441} INFO - ::group::Post task execution logs
[2024-06-13T02:49:35.759+0000] {taskinstance.py:1206} INFO - Marking task as SUCCESS. dag_id=stock_prediction, task_id=start, run_id=manual__2024-06-13T02:49:23.401716+00:00, execution_date=20240613T024923, start_date=20240613T024935, end_date=20240613T024935
[2024-06-13T02:49:35.909+0000] {local_task_job_runner.py:240} INFO - Task exited with return code 0
[2024-06-13T02:49:36.059+0000] {taskinstance.py:3503} INFO - 1 downstream tasks scheduled from follow-on schedule check
[2024-06-13T02:49:36.197+0000] {local_task_job_runner.py:222} INFO - ::endgroup::
