[2024-06-14T03:45:16.296+0000] {local_task_job_runner.py:120} INFO - ::group::Pre task execution logs
[2024-06-14T03:45:16.325+0000] {taskinstance.py:2076} INFO - Dependencies all met for dep_context=non-requeueable deps ti=<TaskInstance: stock_prediction.train_model_task scheduled__2024-06-12T17:00:00+00:00 [queued]>
[2024-06-14T03:45:16.332+0000] {taskinstance.py:2076} INFO - Dependencies all met for dep_context=requeueable deps ti=<TaskInstance: stock_prediction.train_model_task scheduled__2024-06-12T17:00:00+00:00 [queued]>
[2024-06-14T03:45:16.333+0000] {taskinstance.py:2306} INFO - Starting attempt 1 of 2
[2024-06-14T03:45:16.350+0000] {taskinstance.py:2330} INFO - Executing <Task(PythonOperator): train_model_task> on 2024-06-12 17:00:00+00:00
[2024-06-14T03:45:16.362+0000] {warnings.py:112} WARNING - /home/***/.local/lib/python3.12/site-packages/***/task/task_runner/standard_task_runner.py:61: DeprecationWarning: This process (pid=192) is multi-threaded, use of fork() may lead to deadlocks in the child.
  pid = os.fork()

[2024-06-14T03:45:16.364+0000] {standard_task_runner.py:63} INFO - Started process 217 to run task
[2024-06-14T03:45:16.364+0000] {standard_task_runner.py:90} INFO - Running: ['***', 'tasks', 'run', 'stock_prediction', 'train_model_task', 'scheduled__2024-06-12T17:00:00+00:00', '--job-id', '563', '--raw', '--subdir', 'DAGS_FOLDER/demo_***.py', '--cfg-path', '/tmp/tmpg2ic4880']
[2024-06-14T03:45:16.365+0000] {standard_task_runner.py:91} INFO - Job 563: Subtask train_model_task
[2024-06-14T03:45:16.413+0000] {task_command.py:426} INFO - Running <TaskInstance: stock_prediction.train_model_task scheduled__2024-06-12T17:00:00+00:00 [running]> on host 33b4ab31339c
[2024-06-14T03:45:16.502+0000] {taskinstance.py:2648} INFO - Exporting env vars: AIRFLOW_CTX_DAG_OWNER='Nguyen Khoa Doan' AIRFLOW_CTX_DAG_ID='stock_prediction' AIRFLOW_CTX_TASK_ID='train_model_task' AIRFLOW_CTX_EXECUTION_DATE='2024-06-12T17:00:00+00:00' AIRFLOW_CTX_TRY_NUMBER='1' AIRFLOW_CTX_DAG_RUN_ID='scheduled__2024-06-12T17:00:00+00:00'
[2024-06-14T03:45:16.503+0000] {taskinstance.py:430} INFO - ::endgroup::
[2024-06-14T03:45:16.568+0000] {warnings.py:112} WARNING - /home/***/.local/lib/python3.12/site-packages/keras/src/layers/rnn/rnn.py:204: UserWarning: Do not pass an `input_shape`/`input_dim` argument to a layer. When using Sequential models, prefer using an `Input(shape)` object as the first layer in the model instead.
  super().__init__(**kwargs)

[2024-06-14T03:45:16.850+0000] {logging_mixin.py:188} INFO - Epoch 1/37
[2024-06-14T03:45:21.324+0000] {logging_mixin.py:188} INFO - 
Epoch 1: loss improved from inf to 0.05426, saving model to /opt/***/data/model/save_model.keras
[2024-06-14T03:45:21.423+0000] {logging_mixin.py:188} INFO - 130/130 - 5s - 35ms/step - loss: 0.0543
[2024-06-14T03:45:21.424+0000] {logging_mixin.py:188} INFO - Epoch 2/37
[2024-06-14T03:45:22.748+0000] {logging_mixin.py:188} INFO - 
Epoch 2: loss improved from 0.05426 to 0.02971, saving model to /opt/***/data/model/save_model.keras
[2024-06-14T03:45:22.817+0000] {logging_mixin.py:188} INFO - 130/130 - 1s - 11ms/step - loss: 0.0297
[2024-06-14T03:45:22.818+0000] {logging_mixin.py:188} INFO - Epoch 3/37
[2024-06-14T03:45:24.151+0000] {logging_mixin.py:188} INFO - 
Epoch 3: loss improved from 0.02971 to 0.02698, saving model to /opt/***/data/model/save_model.keras
[2024-06-14T03:45:24.208+0000] {logging_mixin.py:188} INFO - 130/130 - 1s - 11ms/step - loss: 0.0270
[2024-06-14T03:45:24.210+0000] {logging_mixin.py:188} INFO - Epoch 4/37
[2024-06-14T03:45:25.550+0000] {logging_mixin.py:188} INFO - 
Epoch 4: loss improved from 0.02698 to 0.02659, saving model to /opt/***/data/model/save_model.keras
[2024-06-14T03:45:25.609+0000] {logging_mixin.py:188} INFO - 130/130 - 1s - 11ms/step - loss: 0.0266
[2024-06-14T03:45:25.610+0000] {logging_mixin.py:188} INFO - Epoch 5/37
[2024-06-14T03:45:26.941+0000] {logging_mixin.py:188} INFO - 
Epoch 5: loss did not improve from 0.02659
[2024-06-14T03:45:26.942+0000] {logging_mixin.py:188} INFO - 130/130 - 1s - 10ms/step - loss: 0.0289
[2024-06-14T03:45:26.943+0000] {logging_mixin.py:188} INFO - Epoch 6/37
[2024-06-14T03:45:28.057+0000] {logging_mixin.py:188} INFO - 
Epoch 6: loss did not improve from 0.02659
[2024-06-14T03:45:28.059+0000] {logging_mixin.py:188} INFO - 130/130 - 1s - 9ms/step - loss: 0.0271
[2024-06-14T03:45:28.060+0000] {logging_mixin.py:188} INFO - Epoch 7/37
[2024-06-14T03:45:29.155+0000] {logging_mixin.py:188} INFO - 
Epoch 7: loss improved from 0.02659 to 0.02536, saving model to /opt/***/data/model/save_model.keras
[2024-06-14T03:45:29.268+0000] {logging_mixin.py:188} INFO - 130/130 - 1s - 9ms/step - loss: 0.0254
[2024-06-14T03:45:29.269+0000] {logging_mixin.py:188} INFO - Epoch 8/37
[2024-06-14T03:45:30.551+0000] {logging_mixin.py:188} INFO - 
Epoch 8: loss improved from 0.02536 to 0.02529, saving model to /opt/***/data/model/save_model.keras
[2024-06-14T03:45:30.616+0000] {logging_mixin.py:188} INFO - 130/130 - 1s - 10ms/step - loss: 0.0253
[2024-06-14T03:45:30.617+0000] {logging_mixin.py:188} INFO - Epoch 9/37
[2024-06-14T03:45:32.030+0000] {logging_mixin.py:188} INFO - 
Epoch 9: loss improved from 0.02529 to 0.02504, saving model to /opt/***/data/model/save_model.keras
[2024-06-14T03:45:32.090+0000] {logging_mixin.py:188} INFO - 130/130 - 1s - 11ms/step - loss: 0.0250
[2024-06-14T03:45:32.091+0000] {logging_mixin.py:188} INFO - Epoch 10/37
[2024-06-14T03:45:33.400+0000] {logging_mixin.py:188} INFO - 
Epoch 10: loss improved from 0.02504 to 0.02498, saving model to /opt/***/data/model/save_model.keras
[2024-06-14T03:45:33.461+0000] {logging_mixin.py:188} INFO - 130/130 - 1s - 11ms/step - loss: 0.0250
[2024-06-14T03:45:33.462+0000] {logging_mixin.py:188} INFO - Epoch 11/37
[2024-06-14T03:45:34.547+0000] {logging_mixin.py:188} INFO - 
Epoch 11: loss improved from 0.02498 to 0.02316, saving model to /opt/***/data/model/save_model.keras
[2024-06-14T03:45:34.619+0000] {logging_mixin.py:188} INFO - 130/130 - 1s - 9ms/step - loss: 0.0232
[2024-06-14T03:45:34.621+0000] {logging_mixin.py:188} INFO - Epoch 12/37
[2024-06-14T03:45:35.794+0000] {logging_mixin.py:188} INFO - 
Epoch 12: loss did not improve from 0.02316
[2024-06-14T03:45:35.795+0000] {logging_mixin.py:188} INFO - 130/130 - 1s - 9ms/step - loss: 0.0233
[2024-06-14T03:45:35.796+0000] {logging_mixin.py:188} INFO - Epoch 13/37
[2024-06-14T03:45:37.063+0000] {logging_mixin.py:188} INFO - 
Epoch 13: loss improved from 0.02316 to 0.02175, saving model to /opt/***/data/model/save_model.keras
[2024-06-14T03:45:37.175+0000] {logging_mixin.py:188} INFO - 130/130 - 1s - 11ms/step - loss: 0.0218
[2024-06-14T03:45:37.176+0000] {logging_mixin.py:188} INFO - Epoch 14/37
[2024-06-14T03:45:38.450+0000] {logging_mixin.py:188} INFO - 
Epoch 14: loss did not improve from 0.02175
[2024-06-14T03:45:38.451+0000] {logging_mixin.py:188} INFO - 130/130 - 1s - 10ms/step - loss: 0.0220
[2024-06-14T03:45:38.452+0000] {logging_mixin.py:188} INFO - Epoch 15/37
[2024-06-14T03:45:39.776+0000] {logging_mixin.py:188} INFO - 
Epoch 15: loss did not improve from 0.02175
[2024-06-14T03:45:39.778+0000] {logging_mixin.py:188} INFO - 130/130 - 1s - 10ms/step - loss: 0.0223
[2024-06-14T03:45:39.780+0000] {logging_mixin.py:188} INFO - Epoch 16/37
[2024-06-14T03:45:41.074+0000] {logging_mixin.py:188} INFO - 
Epoch 16: loss improved from 0.02175 to 0.02058, saving model to /opt/***/data/model/save_model.keras
[2024-06-14T03:45:41.150+0000] {logging_mixin.py:188} INFO - 130/130 - 1s - 11ms/step - loss: 0.0206
[2024-06-14T03:45:41.152+0000] {logging_mixin.py:188} INFO - Epoch 17/37
[2024-06-14T03:45:42.395+0000] {logging_mixin.py:188} INFO - 
Epoch 17: loss did not improve from 0.02058
[2024-06-14T03:45:42.396+0000] {logging_mixin.py:188} INFO - 130/130 - 1s - 10ms/step - loss: 0.0210
[2024-06-14T03:45:42.397+0000] {logging_mixin.py:188} INFO - Epoch 18/37
[2024-06-14T03:45:43.612+0000] {logging_mixin.py:188} INFO - 
Epoch 18: loss did not improve from 0.02058
[2024-06-14T03:45:43.613+0000] {logging_mixin.py:188} INFO - 130/130 - 1s - 9ms/step - loss: 0.0209
[2024-06-14T03:45:43.614+0000] {logging_mixin.py:188} INFO - Epoch 19/37
[2024-06-14T03:45:44.779+0000] {logging_mixin.py:188} INFO - 
Epoch 19: loss did not improve from 0.02058
[2024-06-14T03:45:44.781+0000] {logging_mixin.py:188} INFO - 130/130 - 1s - 9ms/step - loss: 0.0211
[2024-06-14T03:45:44.782+0000] {logging_mixin.py:188} INFO - Epoch 20/37
[2024-06-14T03:45:46.003+0000] {logging_mixin.py:188} INFO - 
Epoch 20: loss did not improve from 0.02058
[2024-06-14T03:45:46.004+0000] {logging_mixin.py:188} INFO - 130/130 - 1s - 9ms/step - loss: 0.0210
[2024-06-14T03:45:46.005+0000] {logging_mixin.py:188} INFO - Epoch 21/37
[2024-06-14T03:45:47.346+0000] {logging_mixin.py:188} INFO - 
Epoch 21: loss improved from 0.02058 to 0.02016, saving model to /opt/***/data/model/save_model.keras
[2024-06-14T03:45:47.414+0000] {logging_mixin.py:188} INFO - 130/130 - 1s - 11ms/step - loss: 0.0202
[2024-06-14T03:45:47.415+0000] {logging_mixin.py:188} INFO - Epoch 22/37
[2024-06-14T03:45:48.667+0000] {logging_mixin.py:188} INFO - 
Epoch 22: loss did not improve from 0.02016
[2024-06-14T03:45:48.668+0000] {logging_mixin.py:188} INFO - 130/130 - 1s - 10ms/step - loss: 0.0202
[2024-06-14T03:45:48.669+0000] {logging_mixin.py:188} INFO - Epoch 23/37
[2024-06-14T03:45:50.111+0000] {logging_mixin.py:188} INFO - 
Epoch 23: loss did not improve from 0.02016
[2024-06-14T03:45:50.112+0000] {logging_mixin.py:188} INFO - 130/130 - 1s - 11ms/step - loss: 0.0206
[2024-06-14T03:45:50.113+0000] {logging_mixin.py:188} INFO - Epoch 24/37
[2024-06-14T03:45:51.802+0000] {logging_mixin.py:188} INFO - 
Epoch 24: loss improved from 0.02016 to 0.02004, saving model to /opt/***/data/model/save_model.keras
[2024-06-14T03:45:51.865+0000] {logging_mixin.py:188} INFO - 130/130 - 2s - 13ms/step - loss: 0.0200
[2024-06-14T03:45:51.866+0000] {logging_mixin.py:188} INFO - Epoch 25/37
[2024-06-14T03:45:53.157+0000] {logging_mixin.py:188} INFO - 
Epoch 25: loss improved from 0.02004 to 0.01911, saving model to /opt/***/data/model/save_model.keras
[2024-06-14T03:45:53.225+0000] {logging_mixin.py:188} INFO - 130/130 - 1s - 10ms/step - loss: 0.0191
[2024-06-14T03:45:53.226+0000] {logging_mixin.py:188} INFO - Epoch 26/37
[2024-06-14T03:45:54.474+0000] {logging_mixin.py:188} INFO - 
Epoch 26: loss did not improve from 0.01911
[2024-06-14T03:45:54.478+0000] {logging_mixin.py:188} INFO - 130/130 - 1s - 10ms/step - loss: 0.0198
[2024-06-14T03:45:54.479+0000] {logging_mixin.py:188} INFO - Epoch 27/37
[2024-06-14T03:45:55.596+0000] {logging_mixin.py:188} INFO - 
Epoch 27: loss did not improve from 0.01911
[2024-06-14T03:45:55.597+0000] {logging_mixin.py:188} INFO - 130/130 - 1s - 9ms/step - loss: 0.0193
[2024-06-14T03:45:55.598+0000] {logging_mixin.py:188} INFO - Epoch 28/37
[2024-06-14T03:45:56.809+0000] {logging_mixin.py:188} INFO - 
Epoch 28: loss improved from 0.01911 to 0.01806, saving model to /opt/***/data/model/save_model.keras
[2024-06-14T03:45:56.871+0000] {logging_mixin.py:188} INFO - 130/130 - 1s - 10ms/step - loss: 0.0181
[2024-06-14T03:45:56.873+0000] {logging_mixin.py:188} INFO - Epoch 29/37
[2024-06-14T03:45:58.102+0000] {logging_mixin.py:188} INFO - 
Epoch 29: loss improved from 0.01806 to 0.01789, saving model to /opt/***/data/model/save_model.keras
[2024-06-14T03:45:58.161+0000] {logging_mixin.py:188} INFO - 130/130 - 1s - 10ms/step - loss: 0.0179
[2024-06-14T03:45:58.163+0000] {logging_mixin.py:188} INFO - Epoch 30/37
[2024-06-14T03:45:59.647+0000] {logging_mixin.py:188} INFO - 
Epoch 30: loss improved from 0.01789 to 0.01680, saving model to /opt/***/data/model/save_model.keras
[2024-06-14T03:45:59.716+0000] {logging_mixin.py:188} INFO - 130/130 - 2s - 12ms/step - loss: 0.0168
[2024-06-14T03:45:59.718+0000] {logging_mixin.py:188} INFO - Epoch 31/37
[2024-06-14T03:46:00.947+0000] {logging_mixin.py:188} INFO - 
Epoch 31: loss did not improve from 0.01680
[2024-06-14T03:46:00.949+0000] {logging_mixin.py:188} INFO - 130/130 - 1s - 9ms/step - loss: 0.0195
[2024-06-14T03:46:00.950+0000] {logging_mixin.py:188} INFO - Epoch 32/37
[2024-06-14T03:46:02.102+0000] {logging_mixin.py:188} INFO - 
Epoch 32: loss did not improve from 0.01680
[2024-06-14T03:46:02.103+0000] {logging_mixin.py:188} INFO - 130/130 - 1s - 9ms/step - loss: 0.0182
[2024-06-14T03:46:02.104+0000] {logging_mixin.py:188} INFO - Epoch 33/37
[2024-06-14T03:46:03.304+0000] {logging_mixin.py:188} INFO - 
Epoch 33: loss did not improve from 0.01680
[2024-06-14T03:46:03.305+0000] {logging_mixin.py:188} INFO - 130/130 - 1s - 9ms/step - loss: 0.0178
[2024-06-14T03:46:03.306+0000] {logging_mixin.py:188} INFO - Epoch 34/37
[2024-06-14T03:46:04.517+0000] {logging_mixin.py:188} INFO - 
Epoch 34: loss did not improve from 0.01680
[2024-06-14T03:46:04.518+0000] {logging_mixin.py:188} INFO - 130/130 - 1s - 9ms/step - loss: 0.0176
[2024-06-14T03:46:04.519+0000] {logging_mixin.py:188} INFO - Epoch 35/37
[2024-06-14T03:46:05.730+0000] {logging_mixin.py:188} INFO - 
Epoch 35: loss did not improve from 0.01680
[2024-06-14T03:46:05.732+0000] {logging_mixin.py:188} INFO - 130/130 - 1s - 9ms/step - loss: 0.0177
[2024-06-14T03:46:05.733+0000] {logging_mixin.py:188} INFO - Epoch 36/37
[2024-06-14T03:46:06.892+0000] {logging_mixin.py:188} INFO - 
Epoch 36: loss did not improve from 0.01680
[2024-06-14T03:46:06.894+0000] {logging_mixin.py:188} INFO - 130/130 - 1s - 9ms/step - loss: 0.0180
[2024-06-14T03:46:06.895+0000] {logging_mixin.py:188} INFO - Epoch 37/37
[2024-06-14T03:46:08.080+0000] {logging_mixin.py:188} INFO - 
Epoch 37: loss did not improve from 0.01680
[2024-06-14T03:46:08.082+0000] {logging_mixin.py:188} INFO - 130/130 - 1s - 9ms/step - loss: 0.0174
[2024-06-14T03:46:08.367+0000] {python.py:237} INFO - Done. Returned value was: /opt/***/data/model/save_model.keras
[2024-06-14T03:46:08.368+0000] {taskinstance.py:441} INFO - ::group::Post task execution logs
[2024-06-14T03:46:08.394+0000] {taskinstance.py:1206} INFO - Marking task as SUCCESS. dag_id=stock_prediction, task_id=train_model_task, run_id=scheduled__2024-06-12T17:00:00+00:00, execution_date=20240612T170000, start_date=20240614T034516, end_date=20240614T034608
[2024-06-14T03:46:08.438+0000] {local_task_job_runner.py:240} INFO - Task exited with return code 0
[2024-06-14T03:46:08.472+0000] {taskinstance.py:3503} INFO - 1 downstream tasks scheduled from follow-on schedule check
[2024-06-14T03:46:08.474+0000] {local_task_job_runner.py:222} INFO - ::endgroup::
