[2024-06-12T15:35:16.399+0000] {local_task_job_runner.py:120} INFO - ::group::Pre task execution logs
[2024-06-12T15:35:16.419+0000] {taskinstance.py:2076} INFO - Dependencies all met for dep_context=non-requeueable deps ti=<TaskInstance: stock_prediction.start manual__2024-06-12T15:35:12.641424+00:00 [queued]>
[2024-06-12T15:35:16.425+0000] {taskinstance.py:2076} INFO - Dependencies all met for dep_context=requeueable deps ti=<TaskInstance: stock_prediction.start manual__2024-06-12T15:35:12.641424+00:00 [queued]>
[2024-06-12T15:35:16.426+0000] {taskinstance.py:2306} INFO - Starting attempt 1 of 2
[2024-06-12T15:35:16.437+0000] {taskinstance.py:2330} INFO - Executing <Task(PythonOperator): start> on 2024-06-12 15:35:12.641424+00:00
[2024-06-12T15:35:16.446+0000] {warnings.py:112} WARNING - /home/***/.local/lib/python3.12/site-packages/***/task/task_runner/standard_task_runner.py:61: DeprecationWarning: This process (pid=9027) is multi-threaded, use of fork() may lead to deadlocks in the child.
  pid = os.fork()

[2024-06-12T15:35:16.448+0000] {standard_task_runner.py:63} INFO - Started process 9045 to run task
[2024-06-12T15:35:16.448+0000] {standard_task_runner.py:90} INFO - Running: ['***', 'tasks', 'run', 'stock_prediction', 'start', 'manual__2024-06-12T15:35:12.641424+00:00', '--job-id', '265', '--raw', '--subdir', 'DAGS_FOLDER/demo_***.py', '--cfg-path', '/tmp/tmpit9vp6o9']
[2024-06-12T15:35:16.450+0000] {standard_task_runner.py:91} INFO - Job 265: Subtask start
[2024-06-12T15:35:16.484+0000] {task_command.py:426} INFO - Running <TaskInstance: stock_prediction.start manual__2024-06-12T15:35:12.641424+00:00 [running]> on host 33b4ab31339c
[2024-06-12T15:35:16.552+0000] {taskinstance.py:2648} INFO - Exporting env vars: AIRFLOW_CTX_DAG_OWNER='Nguyen Khoa Doan' AIRFLOW_CTX_DAG_ID='stock_prediction' AIRFLOW_CTX_TASK_ID='start' AIRFLOW_CTX_EXECUTION_DATE='2024-06-12T15:35:12.641424+00:00' AIRFLOW_CTX_TRY_NUMBER='1' AIRFLOW_CTX_DAG_RUN_ID='manual__2024-06-12T15:35:12.641424+00:00'
[2024-06-12T15:35:16.557+0000] {taskinstance.py:430} INFO - ::endgroup::
[2024-06-12T15:35:16.558+0000] {logging_mixin.py:188} INFO - START
[2024-06-12T15:35:16.559+0000] {python.py:237} INFO - Done. Returned value was: None
[2024-06-12T15:35:16.559+0000] {taskinstance.py:441} INFO - ::group::Post task execution logs
[2024-06-12T15:35:16.566+0000] {taskinstance.py:1206} INFO - Marking task as SUCCESS. dag_id=stock_prediction, task_id=start, run_id=manual__2024-06-12T15:35:12.641424+00:00, execution_date=20240612T153512, start_date=20240612T153516, end_date=20240612T153516
[2024-06-12T15:35:16.583+0000] {local_task_job_runner.py:240} INFO - Task exited with return code 0
[2024-06-12T15:35:16.604+0000] {taskinstance.py:3503} INFO - 1 downstream tasks scheduled from follow-on schedule check
[2024-06-12T15:35:16.606+0000] {local_task_job_runner.py:222} INFO - ::endgroup::
