[2024-06-11T17:18:48.440+0000] {local_task_job_runner.py:120} INFO - ::group::Pre task execution logs
[2024-06-11T17:18:48.466+0000] {taskinstance.py:2076} INFO - Dependencies all met for dep_context=non-requeueable deps ti=<TaskInstance: stock_prediction.collect_data manual__2024-06-11T17:18:44.291697+00:00 [queued]>
[2024-06-11T17:18:48.474+0000] {taskinstance.py:2076} INFO - Dependencies all met for dep_context=requeueable deps ti=<TaskInstance: stock_prediction.collect_data manual__2024-06-11T17:18:44.291697+00:00 [queued]>
[2024-06-11T17:18:48.474+0000] {taskinstance.py:2306} INFO - Starting attempt 1 of 2
[2024-06-11T17:18:48.488+0000] {taskinstance.py:2330} INFO - Executing <Task(PythonOperator): collect_data> on 2024-06-11 17:18:44.291697+00:00
[2024-06-11T17:18:48.496+0000] {warnings.py:112} WARNING - /home/***/.local/lib/python3.12/site-packages/***/task/task_runner/standard_task_runner.py:61: DeprecationWarning: This process (pid=1617) is multi-threaded, use of fork() may lead to deadlocks in the child.
  pid = os.fork()

[2024-06-11T17:18:48.497+0000] {standard_task_runner.py:90} INFO - Running: ['***', 'tasks', 'run', 'stock_prediction', 'collect_data', 'manual__2024-06-11T17:18:44.291697+00:00', '--job-id', '57', '--raw', '--subdir', 'DAGS_FOLDER/demo_***.py', '--cfg-path', '/tmp/tmpdhebv4k9']
[2024-06-11T17:18:48.498+0000] {standard_task_runner.py:63} INFO - Started process 1635 to run task
[2024-06-11T17:18:48.498+0000] {standard_task_runner.py:91} INFO - Job 57: Subtask collect_data
[2024-06-11T17:18:48.534+0000] {task_command.py:426} INFO - Running <TaskInstance: stock_prediction.collect_data manual__2024-06-11T17:18:44.291697+00:00 [running]> on host ad0cd89ef011
[2024-06-11T17:18:48.588+0000] {taskinstance.py:2648} INFO - Exporting env vars: AIRFLOW_CTX_DAG_OWNER='Nguyen Khoa Doan' AIRFLOW_CTX_DAG_ID='stock_prediction' AIRFLOW_CTX_TASK_ID='collect_data' AIRFLOW_CTX_EXECUTION_DATE='2024-06-11T17:18:44.291697+00:00' AIRFLOW_CTX_TRY_NUMBER='1' AIRFLOW_CTX_DAG_RUN_ID='manual__2024-06-11T17:18:44.291697+00:00'
[2024-06-11T17:18:48.589+0000] {taskinstance.py:430} INFO - ::endgroup::
[2024-06-11T17:18:49.413+0000] {logging_mixin.py:188} INFO -             time   open   high    low  close    volume ticker
2597  2024-06-05  66200  69200  66200  68500  11865800    VNM
2598  2024-06-06  69000  69000  67200  67200   4887800    VNM
2599  2024-06-07  67600  68600  67500  67800   4127600    VNM
2600  2024-06-10  68400  68500  67200  67200   4564100    VNM
2601  2024-06-11  67400  67500  66400  66500   6177100    VNM
[2024-06-11T17:18:49.414+0000] {python.py:237} INFO - Done. Returned value was: None
[2024-06-11T17:18:49.414+0000] {taskinstance.py:441} INFO - ::group::Post task execution logs
[2024-06-11T17:18:49.422+0000] {taskinstance.py:1206} INFO - Marking task as SUCCESS. dag_id=stock_prediction, task_id=collect_data, run_id=manual__2024-06-11T17:18:44.291697+00:00, execution_date=20240611T171844, start_date=20240611T171848, end_date=20240611T171849
[2024-06-11T17:18:49.439+0000] {local_task_job_runner.py:240} INFO - Task exited with return code 0
[2024-06-11T17:18:49.458+0000] {taskinstance.py:3503} INFO - 1 downstream tasks scheduled from follow-on schedule check
[2024-06-11T17:18:49.460+0000] {local_task_job_runner.py:222} INFO - ::endgroup::
