[2024-06-13T10:32:17.306+0000] {local_task_job_runner.py:120} INFO - ::group::Pre task execution logs
[2024-06-13T10:32:17.322+0000] {taskinstance.py:2076} INFO - Dependencies all met for dep_context=non-requeueable deps ti=<TaskInstance: stock_prediction.train_model_task manual__2024-06-13T10:31:48.717254+00:00 [queued]>
[2024-06-13T10:32:17.328+0000] {taskinstance.py:2076} INFO - Dependencies all met for dep_context=requeueable deps ti=<TaskInstance: stock_prediction.train_model_task manual__2024-06-13T10:31:48.717254+00:00 [queued]>
[2024-06-13T10:32:17.329+0000] {taskinstance.py:2306} INFO - Starting attempt 1 of 2
[2024-06-13T10:32:17.339+0000] {taskinstance.py:2330} INFO - Executing <Task(PythonOperator): train_model_task> on 2024-06-13 10:31:48.717254+00:00
[2024-06-13T10:32:17.346+0000] {warnings.py:112} WARNING - /home/***/.local/lib/python3.12/site-packages/***/task/task_runner/standard_task_runner.py:61: DeprecationWarning: This process (pid=10173) is multi-threaded, use of fork() may lead to deadlocks in the child.
  pid = os.fork()

[2024-06-13T10:32:17.348+0000] {standard_task_runner.py:63} INFO - Started process 10191 to run task
[2024-06-13T10:32:17.347+0000] {standard_task_runner.py:90} INFO - Running: ['***', 'tasks', 'run', 'stock_prediction', 'train_model_task', 'manual__2024-06-13T10:31:48.717254+00:00', '--job-id', '426', '--raw', '--subdir', 'DAGS_FOLDER/demo_***.py', '--cfg-path', '/tmp/tmp7j3cs7e7']
[2024-06-13T10:32:17.349+0000] {standard_task_runner.py:91} INFO - Job 426: Subtask train_model_task
[2024-06-13T10:32:17.377+0000] {task_command.py:426} INFO - Running <TaskInstance: stock_prediction.train_model_task manual__2024-06-13T10:31:48.717254+00:00 [running]> on host 33b4ab31339c
[2024-06-13T10:32:17.436+0000] {taskinstance.py:2648} INFO - Exporting env vars: AIRFLOW_CTX_DAG_OWNER='Nguyen Khoa Doan' AIRFLOW_CTX_DAG_ID='stock_prediction' AIRFLOW_CTX_TASK_ID='train_model_task' AIRFLOW_CTX_EXECUTION_DATE='2024-06-13T10:31:48.717254+00:00' AIRFLOW_CTX_TRY_NUMBER='1' AIRFLOW_CTX_DAG_RUN_ID='manual__2024-06-13T10:31:48.717254+00:00'
[2024-06-13T10:32:17.436+0000] {taskinstance.py:430} INFO - ::endgroup::
[2024-06-13T10:32:17.491+0000] {warnings.py:112} WARNING - /home/***/.local/lib/python3.12/site-packages/keras/src/layers/rnn/rnn.py:204: UserWarning: Do not pass an `input_shape`/`input_dim` argument to a layer. When using Sequential models, prefer using an `Input(shape)` object as the first layer in the model instead.
  super().__init__(**kwargs)

[2024-06-13T10:32:17.644+0000] {logging_mixin.py:188} INFO - Epoch 1/37
[2024-06-13T10:32:20.532+0000] {logging_mixin.py:188} INFO - 
Epoch 1: loss improved from inf to 0.05149, saving model to /opt/***/data/model/save_model.keras
[2024-06-13T10:32:20.612+0000] {logging_mixin.py:188} INFO - 130/130 - 3s - 23ms/step - loss: 0.0515
[2024-06-13T10:32:20.613+0000] {logging_mixin.py:188} INFO - Epoch 2/37
[2024-06-13T10:32:21.616+0000] {logging_mixin.py:188} INFO - 
Epoch 2: loss improved from 0.05149 to 0.02958, saving model to /opt/***/data/model/save_model.keras
[2024-06-13T10:32:21.672+0000] {logging_mixin.py:188} INFO - 130/130 - 1s - 8ms/step - loss: 0.0296
[2024-06-13T10:32:21.672+0000] {logging_mixin.py:188} INFO - Epoch 3/37
[2024-06-13T10:32:22.743+0000] {logging_mixin.py:188} INFO - 
Epoch 3: loss improved from 0.02958 to 0.02549, saving model to /opt/***/data/model/save_model.keras
[2024-06-13T10:32:22.796+0000] {logging_mixin.py:188} INFO - 130/130 - 1s - 9ms/step - loss: 0.0255
[2024-06-13T10:32:22.797+0000] {logging_mixin.py:188} INFO - Epoch 4/37
[2024-06-13T10:32:23.802+0000] {logging_mixin.py:188} INFO - 
Epoch 4: loss improved from 0.02549 to 0.02475, saving model to /opt/***/data/model/save_model.keras
[2024-06-13T10:32:23.861+0000] {logging_mixin.py:188} INFO - 130/130 - 1s - 8ms/step - loss: 0.0247
[2024-06-13T10:32:23.862+0000] {logging_mixin.py:188} INFO - Epoch 5/37
[2024-06-13T10:32:25.035+0000] {logging_mixin.py:188} INFO - 
Epoch 5: loss did not improve from 0.02475
[2024-06-13T10:32:25.036+0000] {logging_mixin.py:188} INFO - 130/130 - 1s - 9ms/step - loss: 0.0273
[2024-06-13T10:32:25.037+0000] {logging_mixin.py:188} INFO - Epoch 6/37
[2024-06-13T10:32:26.163+0000] {logging_mixin.py:188} INFO - 
Epoch 6: loss did not improve from 0.02475
[2024-06-13T10:32:26.164+0000] {logging_mixin.py:188} INFO - 130/130 - 1s - 9ms/step - loss: 0.0282
[2024-06-13T10:32:26.165+0000] {logging_mixin.py:188} INFO - Epoch 7/37
[2024-06-13T10:32:27.426+0000] {logging_mixin.py:188} INFO - 
Epoch 7: loss did not improve from 0.02475
[2024-06-13T10:32:27.428+0000] {logging_mixin.py:188} INFO - 130/130 - 1s - 10ms/step - loss: 0.0283
[2024-06-13T10:32:27.429+0000] {logging_mixin.py:188} INFO - Epoch 8/37
[2024-06-13T10:32:28.615+0000] {logging_mixin.py:188} INFO - 
Epoch 8: loss did not improve from 0.02475
[2024-06-13T10:32:28.617+0000] {logging_mixin.py:188} INFO - 130/130 - 1s - 9ms/step - loss: 0.0251
[2024-06-13T10:32:28.618+0000] {logging_mixin.py:188} INFO - Epoch 9/37
[2024-06-13T10:32:29.662+0000] {logging_mixin.py:188} INFO - 
Epoch 9: loss did not improve from 0.02475
[2024-06-13T10:32:29.664+0000] {logging_mixin.py:188} INFO - 130/130 - 1s - 8ms/step - loss: 0.0259
[2024-06-13T10:32:29.665+0000] {logging_mixin.py:188} INFO - Epoch 10/37
[2024-06-13T10:32:30.680+0000] {logging_mixin.py:188} INFO - 
Epoch 10: loss improved from 0.02475 to 0.02309, saving model to /opt/***/data/model/save_model.keras
[2024-06-13T10:32:30.745+0000] {logging_mixin.py:188} INFO - 130/130 - 1s - 8ms/step - loss: 0.0231
[2024-06-13T10:32:30.746+0000] {logging_mixin.py:188} INFO - Epoch 11/37
[2024-06-13T10:32:31.781+0000] {logging_mixin.py:188} INFO - 
Epoch 11: loss improved from 0.02309 to 0.02224, saving model to /opt/***/data/model/save_model.keras
[2024-06-13T10:32:31.838+0000] {logging_mixin.py:188} INFO - 130/130 - 1s - 8ms/step - loss: 0.0222
[2024-06-13T10:32:31.839+0000] {logging_mixin.py:188} INFO - Epoch 12/37
[2024-06-13T10:32:32.899+0000] {logging_mixin.py:188} INFO - 
Epoch 12: loss did not improve from 0.02224
[2024-06-13T10:32:32.901+0000] {logging_mixin.py:188} INFO - 130/130 - 1s - 8ms/step - loss: 0.0242
[2024-06-13T10:32:32.902+0000] {logging_mixin.py:188} INFO - Epoch 13/37
[2024-06-13T10:32:33.951+0000] {logging_mixin.py:188} INFO - 
Epoch 13: loss improved from 0.02224 to 0.02202, saving model to /opt/***/data/model/save_model.keras
[2024-06-13T10:32:34.317+0000] {logging_mixin.py:188} INFO - 130/130 - 1s - 11ms/step - loss: 0.0220
[2024-06-13T10:32:34.319+0000] {logging_mixin.py:188} INFO - Epoch 14/37
[2024-06-13T10:32:35.452+0000] {logging_mixin.py:188} INFO - 
Epoch 14: loss improved from 0.02202 to 0.02145, saving model to /opt/***/data/model/save_model.keras
[2024-06-13T10:32:35.501+0000] {logging_mixin.py:188} INFO - 130/130 - 1s - 9ms/step - loss: 0.0214
[2024-06-13T10:32:35.502+0000] {logging_mixin.py:188} INFO - Epoch 15/37
[2024-06-13T10:32:36.518+0000] {logging_mixin.py:188} INFO - 
Epoch 15: loss did not improve from 0.02145
[2024-06-13T10:32:36.519+0000] {logging_mixin.py:188} INFO - 130/130 - 1s - 8ms/step - loss: 0.0216
[2024-06-13T10:32:36.520+0000] {logging_mixin.py:188} INFO - Epoch 16/37
[2024-06-13T10:32:37.544+0000] {logging_mixin.py:188} INFO - 
Epoch 16: loss improved from 0.02145 to 0.02111, saving model to /opt/***/data/model/save_model.keras
[2024-06-13T10:32:37.601+0000] {logging_mixin.py:188} INFO - 130/130 - 1s - 8ms/step - loss: 0.0211
[2024-06-13T10:32:37.602+0000] {logging_mixin.py:188} INFO - Epoch 17/37
[2024-06-13T10:32:38.686+0000] {logging_mixin.py:188} INFO - 
Epoch 17: loss did not improve from 0.02111
[2024-06-13T10:32:38.687+0000] {logging_mixin.py:188} INFO - 130/130 - 1s - 8ms/step - loss: 0.0224
[2024-06-13T10:32:38.688+0000] {logging_mixin.py:188} INFO - Epoch 18/37
[2024-06-13T10:32:39.811+0000] {logging_mixin.py:188} INFO - 
Epoch 18: loss did not improve from 0.02111
[2024-06-13T10:32:39.812+0000] {logging_mixin.py:188} INFO - 130/130 - 1s - 9ms/step - loss: 0.0220
[2024-06-13T10:32:39.813+0000] {logging_mixin.py:188} INFO - Epoch 19/37
[2024-06-13T10:32:40.932+0000] {logging_mixin.py:188} INFO - 
Epoch 19: loss did not improve from 0.02111
[2024-06-13T10:32:40.933+0000] {logging_mixin.py:188} INFO - 130/130 - 1s - 9ms/step - loss: 0.0215
[2024-06-13T10:32:40.934+0000] {logging_mixin.py:188} INFO - Epoch 20/37
[2024-06-13T10:32:41.966+0000] {logging_mixin.py:188} INFO - 
Epoch 20: loss improved from 0.02111 to 0.02024, saving model to /opt/***/data/model/save_model.keras
[2024-06-13T10:32:42.017+0000] {logging_mixin.py:188} INFO - 130/130 - 1s - 8ms/step - loss: 0.0202
[2024-06-13T10:32:42.018+0000] {logging_mixin.py:188} INFO - Epoch 21/37
[2024-06-13T10:32:43.221+0000] {logging_mixin.py:188} INFO - 
Epoch 21: loss improved from 0.02024 to 0.02022, saving model to /opt/***/data/model/save_model.keras
[2024-06-13T10:32:43.272+0000] {logging_mixin.py:188} INFO - 130/130 - 1s - 10ms/step - loss: 0.0202
[2024-06-13T10:32:43.273+0000] {logging_mixin.py:188} INFO - Epoch 22/37
[2024-06-13T10:32:44.263+0000] {logging_mixin.py:188} INFO - 
Epoch 22: loss improved from 0.02022 to 0.01957, saving model to /opt/***/data/model/save_model.keras
[2024-06-13T10:32:44.314+0000] {logging_mixin.py:188} INFO - 130/130 - 1s - 8ms/step - loss: 0.0196
[2024-06-13T10:32:44.315+0000] {logging_mixin.py:188} INFO - Epoch 23/37
[2024-06-13T10:32:45.341+0000] {logging_mixin.py:188} INFO - 
Epoch 23: loss improved from 0.01957 to 0.01892, saving model to /opt/***/data/model/save_model.keras
[2024-06-13T10:32:45.401+0000] {logging_mixin.py:188} INFO - 130/130 - 1s - 8ms/step - loss: 0.0189
[2024-06-13T10:32:45.402+0000] {logging_mixin.py:188} INFO - Epoch 24/37
[2024-06-13T10:32:46.496+0000] {logging_mixin.py:188} INFO - 
Epoch 24: loss did not improve from 0.01892
[2024-06-13T10:32:46.498+0000] {logging_mixin.py:188} INFO - 130/130 - 1s - 8ms/step - loss: 0.0197
[2024-06-13T10:32:46.499+0000] {logging_mixin.py:188} INFO - Epoch 25/37
[2024-06-13T10:32:47.550+0000] {logging_mixin.py:188} INFO - 
Epoch 25: loss improved from 0.01892 to 0.01777, saving model to /opt/***/data/model/save_model.keras
[2024-06-13T10:32:47.601+0000] {logging_mixin.py:188} INFO - 130/130 - 1s - 8ms/step - loss: 0.0178
[2024-06-13T10:32:47.602+0000] {logging_mixin.py:188} INFO - Epoch 26/37
[2024-06-13T10:32:48.722+0000] {logging_mixin.py:188} INFO - 
Epoch 26: loss did not improve from 0.01777
[2024-06-13T10:32:48.724+0000] {logging_mixin.py:188} INFO - 130/130 - 1s - 9ms/step - loss: 0.0203
[2024-06-13T10:32:48.725+0000] {logging_mixin.py:188} INFO - Epoch 27/37
[2024-06-13T10:32:49.851+0000] {logging_mixin.py:188} INFO - 
Epoch 27: loss did not improve from 0.01777
[2024-06-13T10:32:49.852+0000] {logging_mixin.py:188} INFO - 130/130 - 1s - 9ms/step - loss: 0.0189
[2024-06-13T10:32:49.853+0000] {logging_mixin.py:188} INFO - Epoch 28/37
[2024-06-13T10:32:50.939+0000] {logging_mixin.py:188} INFO - 
Epoch 28: loss did not improve from 0.01777
[2024-06-13T10:32:50.940+0000] {logging_mixin.py:188} INFO - 130/130 - 1s - 8ms/step - loss: 0.0185
[2024-06-13T10:32:50.941+0000] {logging_mixin.py:188} INFO - Epoch 29/37
[2024-06-13T10:32:51.978+0000] {logging_mixin.py:188} INFO - 
Epoch 29: loss did not improve from 0.01777
[2024-06-13T10:32:51.979+0000] {logging_mixin.py:188} INFO - 130/130 - 1s - 8ms/step - loss: 0.0180
[2024-06-13T10:32:51.980+0000] {logging_mixin.py:188} INFO - Epoch 30/37
[2024-06-13T10:32:53.068+0000] {logging_mixin.py:188} INFO - 
Epoch 30: loss did not improve from 0.01777
[2024-06-13T10:32:53.069+0000] {logging_mixin.py:188} INFO - 130/130 - 1s - 8ms/step - loss: 0.0212
[2024-06-13T10:32:53.070+0000] {logging_mixin.py:188} INFO - Epoch 31/37
[2024-06-13T10:32:54.075+0000] {logging_mixin.py:188} INFO - 
Epoch 31: loss did not improve from 0.01777
[2024-06-13T10:32:54.076+0000] {logging_mixin.py:188} INFO - 130/130 - 1s - 8ms/step - loss: 0.0191
[2024-06-13T10:32:54.077+0000] {logging_mixin.py:188} INFO - Epoch 32/37
[2024-06-13T10:32:55.076+0000] {logging_mixin.py:188} INFO - 
Epoch 32: loss improved from 0.01777 to 0.01723, saving model to /opt/***/data/model/save_model.keras
[2024-06-13T10:32:55.126+0000] {logging_mixin.py:188} INFO - 130/130 - 1s - 8ms/step - loss: 0.0172
[2024-06-13T10:32:55.127+0000] {logging_mixin.py:188} INFO - Epoch 33/37
[2024-06-13T10:32:56.130+0000] {logging_mixin.py:188} INFO - 
Epoch 33: loss did not improve from 0.01723
[2024-06-13T10:32:56.131+0000] {logging_mixin.py:188} INFO - 130/130 - 1s - 8ms/step - loss: 0.0188
[2024-06-13T10:32:56.132+0000] {logging_mixin.py:188} INFO - Epoch 34/37
[2024-06-13T10:32:57.144+0000] {logging_mixin.py:188} INFO - 
Epoch 34: loss did not improve from 0.01723
[2024-06-13T10:32:57.146+0000] {logging_mixin.py:188} INFO - 130/130 - 1s - 8ms/step - loss: 0.0178
[2024-06-13T10:32:57.147+0000] {logging_mixin.py:188} INFO - Epoch 35/37
[2024-06-13T10:32:58.336+0000] {logging_mixin.py:188} INFO - 
Epoch 35: loss improved from 0.01723 to 0.01691, saving model to /opt/***/data/model/save_model.keras
[2024-06-13T10:32:58.395+0000] {logging_mixin.py:188} INFO - 130/130 - 1s - 10ms/step - loss: 0.0169
[2024-06-13T10:32:58.396+0000] {logging_mixin.py:188} INFO - Epoch 36/37
[2024-06-13T10:32:59.589+0000] {logging_mixin.py:188} INFO - 
Epoch 36: loss did not improve from 0.01691
[2024-06-13T10:32:59.591+0000] {logging_mixin.py:188} INFO - 130/130 - 1s - 9ms/step - loss: 0.0183
[2024-06-13T10:32:59.592+0000] {logging_mixin.py:188} INFO - Epoch 37/37
[2024-06-13T10:33:00.832+0000] {logging_mixin.py:188} INFO - 
Epoch 37: loss did not improve from 0.01691
[2024-06-13T10:33:00.833+0000] {logging_mixin.py:188} INFO - 130/130 - 1s - 10ms/step - loss: 0.0173
[2024-06-13T10:33:01.097+0000] {python.py:237} INFO - Done. Returned value was: /opt/***/data/model/save_model.keras
[2024-06-13T10:33:01.097+0000] {taskinstance.py:441} INFO - ::group::Post task execution logs
[2024-06-13T10:33:01.121+0000] {taskinstance.py:1206} INFO - Marking task as SUCCESS. dag_id=stock_prediction, task_id=train_model_task, run_id=manual__2024-06-13T10:31:48.717254+00:00, execution_date=20240613T103148, start_date=20240613T103217, end_date=20240613T103301
[2024-06-13T10:33:01.162+0000] {local_task_job_runner.py:240} INFO - Task exited with return code 0
[2024-06-13T10:33:01.181+0000] {taskinstance.py:3503} INFO - 1 downstream tasks scheduled from follow-on schedule check
[2024-06-13T10:33:01.184+0000] {local_task_job_runner.py:222} INFO - ::endgroup::
