[2024-06-13T02:28:32.721+0000] {local_task_job_runner.py:120} INFO - ::group::Pre task execution logs
[2024-06-13T02:28:32.772+0000] {taskinstance.py:2076} INFO - Dependencies all met for dep_context=non-requeueable deps ti=<TaskInstance: stock_prediction.read_data_task manual__2024-06-13T02:27:53.651829+00:00 [queued]>
[2024-06-13T02:28:32.789+0000] {taskinstance.py:2076} INFO - Dependencies all met for dep_context=requeueable deps ti=<TaskInstance: stock_prediction.read_data_task manual__2024-06-13T02:27:53.651829+00:00 [queued]>
[2024-06-13T02:28:32.790+0000] {taskinstance.py:2306} INFO - Starting attempt 1 of 2
[2024-06-13T02:28:32.822+0000] {taskinstance.py:2330} INFO - Executing <Task(PythonOperator): read_data_task> on 2024-06-13 02:27:53.651829+00:00
[2024-06-13T02:28:32.845+0000] {warnings.py:112} WARNING - /home/***/.local/lib/python3.12/site-packages/***/task/task_runner/standard_task_runner.py:61: DeprecationWarning: This process (pid=2465) is multi-threaded, use of fork() may lead to deadlocks in the child.
  pid = os.fork()

[2024-06-13T02:28:32.848+0000] {standard_task_runner.py:90} INFO - Running: ['***', 'tasks', 'run', 'stock_prediction', 'read_data_task', 'manual__2024-06-13T02:27:53.651829+00:00', '--job-id', '308', '--raw', '--subdir', 'DAGS_FOLDER/demo_***.py', '--cfg-path', '/tmp/tmpnsb2doq5']
[2024-06-13T02:28:32.849+0000] {standard_task_runner.py:63} INFO - Started process 2483 to run task
[2024-06-13T02:28:32.850+0000] {standard_task_runner.py:91} INFO - Job 308: Subtask read_data_task
[2024-06-13T02:28:32.936+0000] {task_command.py:426} INFO - Running <TaskInstance: stock_prediction.read_data_task manual__2024-06-13T02:27:53.651829+00:00 [running]> on host 33b4ab31339c
[2024-06-13T02:28:33.123+0000] {taskinstance.py:2648} INFO - Exporting env vars: AIRFLOW_CTX_DAG_OWNER='Nguyen Khoa Doan' AIRFLOW_CTX_DAG_ID='stock_prediction' AIRFLOW_CTX_TASK_ID='read_data_task' AIRFLOW_CTX_EXECUTION_DATE='2024-06-13T02:27:53.651829+00:00' AIRFLOW_CTX_TRY_NUMBER='1' AIRFLOW_CTX_DAG_RUN_ID='manual__2024-06-13T02:27:53.651829+00:00'
[2024-06-13T02:28:33.126+0000] {taskinstance.py:430} INFO - ::endgroup::
[2024-06-13T02:28:33.173+0000] {logging_mixin.py:188} INFO -             time   open   high    low  close
2598  2024-06-06  69000  69000  67200  67200
2599  2024-06-07  67600  68600  67500  67800
2600  2024-06-10  68400  68500  67200  67200
2601  2024-06-11  67400  67500  66400  66500
2602  2024-06-12  66500  67300  66300  67000
[2024-06-13T02:28:33.175+0000] {python.py:237} INFO - Done. Returned value was: None
[2024-06-13T02:28:33.176+0000] {taskinstance.py:441} INFO - ::group::Post task execution logs
[2024-06-13T02:28:33.194+0000] {taskinstance.py:1206} INFO - Marking task as SUCCESS. dag_id=stock_prediction, task_id=read_data_task, run_id=manual__2024-06-13T02:27:53.651829+00:00, execution_date=20240613T022753, start_date=20240613T022832, end_date=20240613T022833
[2024-06-13T02:28:33.269+0000] {local_task_job_runner.py:240} INFO - Task exited with return code 0
[2024-06-13T02:28:33.349+0000] {taskinstance.py:3503} INFO - 1 downstream tasks scheduled from follow-on schedule check
[2024-06-13T02:28:33.359+0000] {local_task_job_runner.py:222} INFO - ::endgroup::
