[2024-06-13T10:33:59.201+0000] {local_task_job_runner.py:120} INFO - ::group::Pre task execution logs
[2024-06-13T10:33:59.217+0000] {taskinstance.py:2076} INFO - Dependencies all met for dep_context=non-requeueable deps ti=<TaskInstance: stock_prediction.start manual__2024-06-13T10:33:54.982558+00:00 [queued]>
[2024-06-13T10:33:59.222+0000] {taskinstance.py:2076} INFO - Dependencies all met for dep_context=requeueable deps ti=<TaskInstance: stock_prediction.start manual__2024-06-13T10:33:54.982558+00:00 [queued]>
[2024-06-13T10:33:59.223+0000] {taskinstance.py:2306} INFO - Starting attempt 1 of 2
[2024-06-13T10:33:59.231+0000] {taskinstance.py:2330} INFO - Executing <Task(PythonOperator): start> on 2024-06-13 10:33:54.982558+00:00
[2024-06-13T10:33:59.239+0000] {warnings.py:112} WARNING - /home/***/.local/lib/python3.12/site-packages/***/task/task_runner/standard_task_runner.py:61: DeprecationWarning: This process (pid=11059) is multi-threaded, use of fork() may lead to deadlocks in the child.
  pid = os.fork()

[2024-06-13T10:33:59.240+0000] {standard_task_runner.py:63} INFO - Started process 11077 to run task
[2024-06-13T10:33:59.240+0000] {standard_task_runner.py:90} INFO - Running: ['***', 'tasks', 'run', 'stock_prediction', 'start', 'manual__2024-06-13T10:33:54.982558+00:00', '--job-id', '429', '--raw', '--subdir', 'DAGS_FOLDER/demo_***.py', '--cfg-path', '/tmp/tmprm8l1l0k']
[2024-06-13T10:33:59.241+0000] {standard_task_runner.py:91} INFO - Job 429: Subtask start
[2024-06-13T10:33:59.269+0000] {task_command.py:426} INFO - Running <TaskInstance: stock_prediction.start manual__2024-06-13T10:33:54.982558+00:00 [running]> on host 33b4ab31339c
[2024-06-13T10:33:59.331+0000] {taskinstance.py:2648} INFO - Exporting env vars: AIRFLOW_CTX_DAG_OWNER='Nguyen Khoa Doan' AIRFLOW_CTX_DAG_ID='stock_prediction' AIRFLOW_CTX_TASK_ID='start' AIRFLOW_CTX_EXECUTION_DATE='2024-06-13T10:33:54.982558+00:00' AIRFLOW_CTX_TRY_NUMBER='1' AIRFLOW_CTX_DAG_RUN_ID='manual__2024-06-13T10:33:54.982558+00:00'
[2024-06-13T10:33:59.333+0000] {taskinstance.py:430} INFO - ::endgroup::
[2024-06-13T10:33:59.334+0000] {logging_mixin.py:188} INFO - START
[2024-06-13T10:33:59.334+0000] {python.py:237} INFO - Done. Returned value was: None
[2024-06-13T10:33:59.335+0000] {taskinstance.py:441} INFO - ::group::Post task execution logs
[2024-06-13T10:33:59.341+0000] {taskinstance.py:1206} INFO - Marking task as SUCCESS. dag_id=stock_prediction, task_id=start, run_id=manual__2024-06-13T10:33:54.982558+00:00, execution_date=20240613T103354, start_date=20240613T103359, end_date=20240613T103359
[2024-06-13T10:33:59.374+0000] {local_task_job_runner.py:240} INFO - Task exited with return code 0
[2024-06-13T10:33:59.398+0000] {taskinstance.py:3503} INFO - 1 downstream tasks scheduled from follow-on schedule check
[2024-06-13T10:33:59.400+0000] {local_task_job_runner.py:222} INFO - ::endgroup::
