[2024-06-13T16:03:06.039+0000] {local_task_job_runner.py:120} INFO - ::group::Pre task execution logs
[2024-06-13T16:03:06.064+0000] {taskinstance.py:2076} INFO - Dependencies all met for dep_context=non-requeueable deps ti=<TaskInstance: stock_prediction.send_email_task manual__2024-06-13T16:01:39.105983+00:00 [queued]>
[2024-06-13T16:03:06.076+0000] {taskinstance.py:2076} INFO - Dependencies all met for dep_context=requeueable deps ti=<TaskInstance: stock_prediction.send_email_task manual__2024-06-13T16:01:39.105983+00:00 [queued]>
[2024-06-13T16:03:06.077+0000] {taskinstance.py:2306} INFO - Starting attempt 1 of 2
[2024-06-13T16:03:06.090+0000] {taskinstance.py:2330} INFO - Executing <Task(PythonOperator): send_email_task> on 2024-06-13 16:01:39.105983+00:00
[2024-06-13T16:03:06.100+0000] {warnings.py:112} WARNING - /home/***/.local/lib/python3.12/site-packages/***/task/task_runner/standard_task_runner.py:61: DeprecationWarning: This process (pid=26690) is multi-threaded, use of fork() may lead to deadlocks in the child.
  pid = os.fork()

[2024-06-13T16:03:06.102+0000] {standard_task_runner.py:63} INFO - Started process 26708 to run task
[2024-06-13T16:03:06.102+0000] {standard_task_runner.py:90} INFO - Running: ['***', 'tasks', 'run', 'stock_prediction', 'send_email_task', 'manual__2024-06-13T16:01:39.105983+00:00', '--job-id', '525', '--raw', '--subdir', 'DAGS_FOLDER/demo_***.py', '--cfg-path', '/tmp/tmpf86srhgw']
[2024-06-13T16:03:06.103+0000] {standard_task_runner.py:91} INFO - Job 525: Subtask send_email_task
[2024-06-13T16:03:06.140+0000] {task_command.py:426} INFO - Running <TaskInstance: stock_prediction.send_email_task manual__2024-06-13T16:01:39.105983+00:00 [running]> on host 33b4ab31339c
[2024-06-13T16:03:06.204+0000] {taskinstance.py:2648} INFO - Exporting env vars: AIRFLOW_CTX_DAG_OWNER='Nguyen Khoa Doan' AIRFLOW_CTX_DAG_ID='stock_prediction' AIRFLOW_CTX_TASK_ID='send_email_task' AIRFLOW_CTX_EXECUTION_DATE='2024-06-13T16:01:39.105983+00:00' AIRFLOW_CTX_TRY_NUMBER='1' AIRFLOW_CTX_DAG_RUN_ID='manual__2024-06-13T16:01:39.105983+00:00'
[2024-06-13T16:03:06.205+0000] {taskinstance.py:430} INFO - ::endgroup::
[2024-06-13T16:03:06.206+0000] {taskinstance.py:441} INFO - ::group::Post task execution logs
[2024-06-13T16:03:06.207+0000] {taskinstance.py:2905} ERROR - Task failed with exception
Traceback (most recent call last):
  File "/home/airflow/.local/lib/python3.12/site-packages/airflow/models/taskinstance.py", line 465, in _execute_task
    result = _execute_callable(context=context, **execute_callable_kwargs)
             ^^^^^^^^^^^^^^^^^^^^^^^^^^^^^^^^^^^^^^^^^^^^^^^^^^^^^^^^^^^^^
  File "/home/airflow/.local/lib/python3.12/site-packages/airflow/models/taskinstance.py", line 432, in _execute_callable
    return execute_callable(context=context, **execute_callable_kwargs)
           ^^^^^^^^^^^^^^^^^^^^^^^^^^^^^^^^^^^^^^^^^^^^^^^^^^^^^^^^^^^^
  File "/home/airflow/.local/lib/python3.12/site-packages/airflow/models/baseoperator.py", line 401, in wrapper
    return func(self, *args, **kwargs)
           ^^^^^^^^^^^^^^^^^^^^^^^^^^^
  File "/home/airflow/.local/lib/python3.12/site-packages/airflow/operators/python.py", line 235, in execute
    return_value = self.execute_callable()
                   ^^^^^^^^^^^^^^^^^^^^^^^
  File "/home/airflow/.local/lib/python3.12/site-packages/airflow/operators/python.py", line 252, in execute_callable
    return self.python_callable(*self.op_args, **self.op_kwargs)
           ^^^^^^^^^^^^^^^^^^^^^^^^^^^^^^^^^^^^^^^^^^^^^^^^^^^^^
TypeError: send_email_with_html_and_csv_attachments() missing 7 required positional arguments: 'sender_email', 'receiver_email', 'password', 'subject', 'html_body', 'image_paths', and 'csv_paths'
[2024-06-13T16:03:06.216+0000] {taskinstance.py:1206} INFO - Marking task as UP_FOR_RETRY. dag_id=stock_prediction, task_id=send_email_task, run_id=manual__2024-06-13T16:01:39.105983+00:00, execution_date=20240613T160139, start_date=20240613T160306, end_date=20240613T160306
[2024-06-13T16:03:06.226+0000] {standard_task_runner.py:110} ERROR - Failed to execute job 525 for task send_email_task (send_email_with_html_and_csv_attachments() missing 7 required positional arguments: 'sender_email', 'receiver_email', 'password', 'subject', 'html_body', 'image_paths', and 'csv_paths'; 26708)
[2024-06-13T16:03:06.236+0000] {local_task_job_runner.py:240} INFO - Task exited with return code 1
[2024-06-13T16:03:06.253+0000] {taskinstance.py:3503} INFO - 0 downstream tasks scheduled from follow-on schedule check
[2024-06-13T16:03:06.256+0000] {local_task_job_runner.py:222} INFO - ::endgroup::
