[2024-06-13T09:35:10.435+0000] {local_task_job_runner.py:120} INFO - ::group::Pre task execution logs
[2024-06-13T09:35:10.451+0000] {taskinstance.py:2076} INFO - Dependencies all met for dep_context=non-requeueable deps ti=<TaskInstance: stock_prediction.train_model_task manual__2024-06-13T09:34:41.290979+00:00 [queued]>
[2024-06-13T09:35:10.459+0000] {taskinstance.py:2076} INFO - Dependencies all met for dep_context=requeueable deps ti=<TaskInstance: stock_prediction.train_model_task manual__2024-06-13T09:34:41.290979+00:00 [queued]>
[2024-06-13T09:35:10.460+0000] {taskinstance.py:2306} INFO - Starting attempt 1 of 2
[2024-06-13T09:35:10.470+0000] {taskinstance.py:2330} INFO - Executing <Task(PythonOperator): train_model_task> on 2024-06-13 09:34:41.290979+00:00
[2024-06-13T09:35:10.477+0000] {warnings.py:112} WARNING - /home/***/.local/lib/python3.12/site-packages/***/task/task_runner/standard_task_runner.py:61: DeprecationWarning: This process (pid=5339) is multi-threaded, use of fork() may lead to deadlocks in the child.
  pid = os.fork()

[2024-06-13T09:35:10.479+0000] {standard_task_runner.py:63} INFO - Started process 5357 to run task
[2024-06-13T09:35:10.478+0000] {standard_task_runner.py:90} INFO - Running: ['***', 'tasks', 'run', 'stock_prediction', 'train_model_task', 'manual__2024-06-13T09:34:41.290979+00:00', '--job-id', '390', '--raw', '--subdir', 'DAGS_FOLDER/demo_***.py', '--cfg-path', '/tmp/tmpus4g0006']
[2024-06-13T09:35:10.480+0000] {standard_task_runner.py:91} INFO - Job 390: Subtask train_model_task
[2024-06-13T09:35:10.511+0000] {task_command.py:426} INFO - Running <TaskInstance: stock_prediction.train_model_task manual__2024-06-13T09:34:41.290979+00:00 [running]> on host 33b4ab31339c
[2024-06-13T09:35:10.568+0000] {taskinstance.py:2648} INFO - Exporting env vars: AIRFLOW_CTX_DAG_OWNER='Nguyen Khoa Doan' AIRFLOW_CTX_DAG_ID='stock_prediction' AIRFLOW_CTX_TASK_ID='train_model_task' AIRFLOW_CTX_EXECUTION_DATE='2024-06-13T09:34:41.290979+00:00' AIRFLOW_CTX_TRY_NUMBER='1' AIRFLOW_CTX_DAG_RUN_ID='manual__2024-06-13T09:34:41.290979+00:00'
[2024-06-13T09:35:10.570+0000] {taskinstance.py:430} INFO - ::endgroup::
[2024-06-13T09:35:10.595+0000] {logging_mixin.py:188} INFO - x_train và y_train đã được lưu vào /opt/***/data
[2024-06-13T09:35:10.628+0000] {warnings.py:112} WARNING - /home/***/.local/lib/python3.12/site-packages/keras/src/layers/rnn/rnn.py:204: UserWarning: Do not pass an `input_shape`/`input_dim` argument to a layer. When using Sequential models, prefer using an `Input(shape)` object as the first layer in the model instead.
  super().__init__(**kwargs)

[2024-06-13T09:35:10.914+0000] {logging_mixin.py:188} INFO - Epoch 1/37
[2024-06-13T09:35:13.625+0000] {logging_mixin.py:188} INFO - 
Epoch 1: loss improved from inf to 0.04632, saving model to /opt/***/data/model/save_model.keras
[2024-06-13T09:35:13.716+0000] {logging_mixin.py:188} INFO - 130/130 - 3s - 22ms/step - loss: 0.0463
[2024-06-13T09:35:13.720+0000] {logging_mixin.py:188} INFO - Epoch 2/37
[2024-06-13T09:35:14.931+0000] {logging_mixin.py:188} INFO - 
Epoch 2: loss improved from 0.04632 to 0.02939, saving model to /opt/***/data/model/save_model.keras
[2024-06-13T09:35:15.002+0000] {logging_mixin.py:188} INFO - 130/130 - 1s - 10ms/step - loss: 0.0294
[2024-06-13T09:35:15.003+0000] {logging_mixin.py:188} INFO - Epoch 3/37
[2024-06-13T09:35:16.260+0000] {logging_mixin.py:188} INFO - 
Epoch 3: loss improved from 0.02939 to 0.02928, saving model to /opt/***/data/model/save_model.keras
[2024-06-13T09:35:16.316+0000] {logging_mixin.py:188} INFO - 130/130 - 1s - 10ms/step - loss: 0.0293
[2024-06-13T09:35:16.317+0000] {logging_mixin.py:188} INFO - Epoch 4/37
[2024-06-13T09:35:17.441+0000] {logging_mixin.py:188} INFO - 
Epoch 4: loss improved from 0.02928 to 0.02744, saving model to /opt/***/data/model/save_model.keras
[2024-06-13T09:35:17.506+0000] {logging_mixin.py:188} INFO - 130/130 - 1s - 9ms/step - loss: 0.0274
[2024-06-13T09:35:17.507+0000] {logging_mixin.py:188} INFO - Epoch 5/37
[2024-06-13T09:35:18.549+0000] {logging_mixin.py:188} INFO - 
Epoch 5: loss improved from 0.02744 to 0.02698, saving model to /opt/***/data/model/save_model.keras
[2024-06-13T09:35:18.612+0000] {logging_mixin.py:188} INFO - 130/130 - 1s - 8ms/step - loss: 0.0270
[2024-06-13T09:35:18.613+0000] {logging_mixin.py:188} INFO - Epoch 6/37
[2024-06-13T09:35:19.690+0000] {logging_mixin.py:188} INFO - 
Epoch 6: loss improved from 0.02698 to 0.02605, saving model to /opt/***/data/model/save_model.keras
[2024-06-13T09:35:19.751+0000] {logging_mixin.py:188} INFO - 130/130 - 1s - 9ms/step - loss: 0.0260
[2024-06-13T09:35:19.752+0000] {logging_mixin.py:188} INFO - Epoch 7/37
[2024-06-13T09:35:20.827+0000] {logging_mixin.py:188} INFO - 
Epoch 7: loss did not improve from 0.02605
[2024-06-13T09:35:20.829+0000] {logging_mixin.py:188} INFO - 130/130 - 1s - 8ms/step - loss: 0.0262
[2024-06-13T09:35:20.830+0000] {logging_mixin.py:188} INFO - Epoch 8/37
[2024-06-13T09:35:21.857+0000] {logging_mixin.py:188} INFO - 
Epoch 8: loss improved from 0.02605 to 0.02526, saving model to /opt/***/data/model/save_model.keras
[2024-06-13T09:35:21.919+0000] {logging_mixin.py:188} INFO - 130/130 - 1s - 8ms/step - loss: 0.0253
[2024-06-13T09:35:21.920+0000] {logging_mixin.py:188} INFO - Epoch 9/37
[2024-06-13T09:35:22.922+0000] {logging_mixin.py:188} INFO - 
Epoch 9: loss improved from 0.02526 to 0.02452, saving model to /opt/***/data/model/save_model.keras
[2024-06-13T09:35:22.973+0000] {logging_mixin.py:188} INFO - 130/130 - 1s - 8ms/step - loss: 0.0245
[2024-06-13T09:35:22.974+0000] {logging_mixin.py:188} INFO - Epoch 10/37
[2024-06-13T09:35:24.124+0000] {logging_mixin.py:188} INFO - 
Epoch 10: loss improved from 0.02452 to 0.02354, saving model to /opt/***/data/model/save_model.keras
[2024-06-13T09:35:24.176+0000] {logging_mixin.py:188} INFO - 130/130 - 1s - 9ms/step - loss: 0.0235
[2024-06-13T09:35:24.178+0000] {logging_mixin.py:188} INFO - Epoch 11/37
[2024-06-13T09:35:25.511+0000] {logging_mixin.py:188} INFO - 
Epoch 11: loss improved from 0.02354 to 0.02346, saving model to /opt/***/data/model/save_model.keras
[2024-06-13T09:35:25.584+0000] {logging_mixin.py:188} INFO - 130/130 - 1s - 11ms/step - loss: 0.0235
[2024-06-13T09:35:25.585+0000] {logging_mixin.py:188} INFO - Epoch 12/37
[2024-06-13T09:35:27.133+0000] {logging_mixin.py:188} INFO - 
Epoch 12: loss did not improve from 0.02346
[2024-06-13T09:35:27.137+0000] {logging_mixin.py:188} INFO - 130/130 - 2s - 12ms/step - loss: 0.0239
[2024-06-13T09:35:27.138+0000] {logging_mixin.py:188} INFO - Epoch 13/37
[2024-06-13T09:35:28.548+0000] {logging_mixin.py:188} INFO - 
Epoch 13: loss did not improve from 0.02346
[2024-06-13T09:35:28.549+0000] {logging_mixin.py:188} INFO - 130/130 - 1s - 11ms/step - loss: 0.0239
[2024-06-13T09:35:28.550+0000] {logging_mixin.py:188} INFO - Epoch 14/37
[2024-06-13T09:35:29.669+0000] {logging_mixin.py:188} INFO - 
Epoch 14: loss improved from 0.02346 to 0.02242, saving model to /opt/***/data/model/save_model.keras
[2024-06-13T09:35:29.740+0000] {logging_mixin.py:188} INFO - 130/130 - 1s - 9ms/step - loss: 0.0224
[2024-06-13T09:35:29.741+0000] {logging_mixin.py:188} INFO - Epoch 15/37
[2024-06-13T09:35:30.977+0000] {logging_mixin.py:188} INFO - 
Epoch 15: loss did not improve from 0.02242
[2024-06-13T09:35:30.978+0000] {logging_mixin.py:188} INFO - 130/130 - 1s - 10ms/step - loss: 0.0236
[2024-06-13T09:35:30.979+0000] {logging_mixin.py:188} INFO - Epoch 16/37
[2024-06-13T09:35:32.072+0000] {logging_mixin.py:188} INFO - 
Epoch 16: loss improved from 0.02242 to 0.02173, saving model to /opt/***/data/model/save_model.keras
[2024-06-13T09:35:32.129+0000] {logging_mixin.py:188} INFO - 130/130 - 1s - 9ms/step - loss: 0.0217
[2024-06-13T09:35:32.130+0000] {logging_mixin.py:188} INFO - Epoch 17/37
[2024-06-13T09:35:33.154+0000] {logging_mixin.py:188} INFO - 
Epoch 17: loss improved from 0.02173 to 0.02111, saving model to /opt/***/data/model/save_model.keras
[2024-06-13T09:35:33.219+0000] {logging_mixin.py:188} INFO - 130/130 - 1s - 8ms/step - loss: 0.0211
[2024-06-13T09:35:33.220+0000] {logging_mixin.py:188} INFO - Epoch 18/37
[2024-06-13T09:35:34.283+0000] {logging_mixin.py:188} INFO - 
Epoch 18: loss improved from 0.02111 to 0.02031, saving model to /opt/***/data/model/save_model.keras
[2024-06-13T09:35:34.340+0000] {logging_mixin.py:188} INFO - 130/130 - 1s - 9ms/step - loss: 0.0203
[2024-06-13T09:35:34.341+0000] {logging_mixin.py:188} INFO - Epoch 19/37
[2024-06-13T09:35:35.332+0000] {logging_mixin.py:188} INFO - 
Epoch 19: loss did not improve from 0.02031
[2024-06-13T09:35:35.334+0000] {logging_mixin.py:188} INFO - 130/130 - 1s - 8ms/step - loss: 0.0210
[2024-06-13T09:35:35.335+0000] {logging_mixin.py:188} INFO - Epoch 20/37
[2024-06-13T09:35:36.467+0000] {logging_mixin.py:188} INFO - 
Epoch 20: loss did not improve from 0.02031
[2024-06-13T09:35:36.468+0000] {logging_mixin.py:188} INFO - 130/130 - 1s - 9ms/step - loss: 0.0205
[2024-06-13T09:35:36.469+0000] {logging_mixin.py:188} INFO - Epoch 21/37
[2024-06-13T09:35:37.515+0000] {logging_mixin.py:188} INFO - 
Epoch 21: loss improved from 0.02031 to 0.01960, saving model to /opt/***/data/model/save_model.keras
[2024-06-13T09:35:37.572+0000] {logging_mixin.py:188} INFO - 130/130 - 1s - 8ms/step - loss: 0.0196
[2024-06-13T09:35:37.573+0000] {logging_mixin.py:188} INFO - Epoch 22/37
[2024-06-13T09:35:38.627+0000] {logging_mixin.py:188} INFO - 
Epoch 22: loss did not improve from 0.01960
[2024-06-13T09:35:38.629+0000] {logging_mixin.py:188} INFO - 130/130 - 1s - 8ms/step - loss: 0.0203
[2024-06-13T09:35:38.630+0000] {logging_mixin.py:188} INFO - Epoch 23/37
[2024-06-13T09:35:39.721+0000] {logging_mixin.py:188} INFO - 
Epoch 23: loss did not improve from 0.01960
[2024-06-13T09:35:39.722+0000] {logging_mixin.py:188} INFO - 130/130 - 1s - 8ms/step - loss: 0.0199
[2024-06-13T09:35:39.723+0000] {logging_mixin.py:188} INFO - Epoch 24/37
[2024-06-13T09:35:40.911+0000] {logging_mixin.py:188} INFO - 
Epoch 24: loss improved from 0.01960 to 0.01895, saving model to /opt/***/data/model/save_model.keras
[2024-06-13T09:35:41.124+0000] {logging_mixin.py:188} INFO - 130/130 - 1s - 11ms/step - loss: 0.0190
[2024-06-13T09:35:41.126+0000] {logging_mixin.py:188} INFO - Epoch 25/37
[2024-06-13T09:35:42.313+0000] {logging_mixin.py:188} INFO - 
Epoch 25: loss did not improve from 0.01895
[2024-06-13T09:35:42.314+0000] {logging_mixin.py:188} INFO - 130/130 - 1s - 9ms/step - loss: 0.0192
[2024-06-13T09:35:42.315+0000] {logging_mixin.py:188} INFO - Epoch 26/37
[2024-06-13T09:35:43.404+0000] {logging_mixin.py:188} INFO - 
Epoch 26: loss improved from 0.01895 to 0.01853, saving model to /opt/***/data/model/save_model.keras
[2024-06-13T09:35:43.460+0000] {logging_mixin.py:188} INFO - 130/130 - 1s - 9ms/step - loss: 0.0185
[2024-06-13T09:35:43.461+0000] {logging_mixin.py:188} INFO - Epoch 27/37
[2024-06-13T09:35:44.501+0000] {logging_mixin.py:188} INFO - 
Epoch 27: loss improved from 0.01853 to 0.01803, saving model to /opt/***/data/model/save_model.keras
[2024-06-13T09:35:44.554+0000] {logging_mixin.py:188} INFO - 130/130 - 1s - 8ms/step - loss: 0.0180
[2024-06-13T09:35:44.555+0000] {logging_mixin.py:188} INFO - Epoch 28/37
[2024-06-13T09:35:45.614+0000] {logging_mixin.py:188} INFO - 
Epoch 28: loss improved from 0.01803 to 0.01783, saving model to /opt/***/data/model/save_model.keras
[2024-06-13T09:35:45.679+0000] {logging_mixin.py:188} INFO - 130/130 - 1s - 9ms/step - loss: 0.0178
[2024-06-13T09:35:45.680+0000] {logging_mixin.py:188} INFO - Epoch 29/37
[2024-06-13T09:35:46.722+0000] {logging_mixin.py:188} INFO - 
Epoch 29: loss improved from 0.01783 to 0.01749, saving model to /opt/***/data/model/save_model.keras
[2024-06-13T09:35:46.794+0000] {logging_mixin.py:188} INFO - 130/130 - 1s - 9ms/step - loss: 0.0175
[2024-06-13T09:35:46.796+0000] {logging_mixin.py:188} INFO - Epoch 30/37
[2024-06-13T09:35:47.910+0000] {logging_mixin.py:188} INFO - 
Epoch 30: loss did not improve from 0.01749
[2024-06-13T09:35:47.911+0000] {logging_mixin.py:188} INFO - 130/130 - 1s - 9ms/step - loss: 0.0177
[2024-06-13T09:35:47.912+0000] {logging_mixin.py:188} INFO - Epoch 31/37
[2024-06-13T09:35:48.995+0000] {logging_mixin.py:188} INFO - 
Epoch 31: loss did not improve from 0.01749
[2024-06-13T09:35:48.997+0000] {logging_mixin.py:188} INFO - 130/130 - 1s - 8ms/step - loss: 0.0179
[2024-06-13T09:35:48.997+0000] {logging_mixin.py:188} INFO - Epoch 32/37
[2024-06-13T09:35:50.057+0000] {logging_mixin.py:188} INFO - 
Epoch 32: loss did not improve from 0.01749
[2024-06-13T09:35:50.059+0000] {logging_mixin.py:188} INFO - 130/130 - 1s - 8ms/step - loss: 0.0183
[2024-06-13T09:35:50.059+0000] {logging_mixin.py:188} INFO - Epoch 33/37
[2024-06-13T09:35:51.218+0000] {logging_mixin.py:188} INFO - 
Epoch 33: loss did not improve from 0.01749
[2024-06-13T09:35:51.219+0000] {logging_mixin.py:188} INFO - 130/130 - 1s - 9ms/step - loss: 0.0178
[2024-06-13T09:35:51.220+0000] {logging_mixin.py:188} INFO - Epoch 34/37
[2024-06-13T09:35:52.628+0000] {logging_mixin.py:188} INFO - 
Epoch 34: loss did not improve from 0.01749
[2024-06-13T09:35:52.629+0000] {logging_mixin.py:188} INFO - 130/130 - 1s - 11ms/step - loss: 0.0177
[2024-06-13T09:35:52.630+0000] {logging_mixin.py:188} INFO - Epoch 35/37
[2024-06-13T09:35:53.602+0000] {logging_mixin.py:188} INFO - 
Epoch 35: loss did not improve from 0.01749
[2024-06-13T09:35:53.604+0000] {logging_mixin.py:188} INFO - 130/130 - 1s - 7ms/step - loss: 0.0176
[2024-06-13T09:35:53.604+0000] {logging_mixin.py:188} INFO - Epoch 36/37
[2024-06-13T09:35:54.572+0000] {logging_mixin.py:188} INFO - 
Epoch 36: loss did not improve from 0.01749
[2024-06-13T09:35:54.573+0000] {logging_mixin.py:188} INFO - 130/130 - 1s - 7ms/step - loss: 0.0177
[2024-06-13T09:35:54.574+0000] {logging_mixin.py:188} INFO - Epoch 37/37
[2024-06-13T09:35:55.687+0000] {logging_mixin.py:188} INFO - 
Epoch 37: loss improved from 0.01749 to 0.01686, saving model to /opt/***/data/model/save_model.keras
[2024-06-13T09:35:55.745+0000] {logging_mixin.py:188} INFO - 130/130 - 1s - 9ms/step - loss: 0.0169
[2024-06-13T09:35:56.059+0000] {python.py:237} INFO - Done. Returned value was: /opt/***/data/model/save_model.keras
[2024-06-13T09:35:56.059+0000] {taskinstance.py:441} INFO - ::group::Post task execution logs
[2024-06-13T09:35:56.081+0000] {taskinstance.py:1206} INFO - Marking task as SUCCESS. dag_id=stock_prediction, task_id=train_model_task, run_id=manual__2024-06-13T09:34:41.290979+00:00, execution_date=20240613T093441, start_date=20240613T093510, end_date=20240613T093556
[2024-06-13T09:35:56.125+0000] {local_task_job_runner.py:240} INFO - Task exited with return code 0
[2024-06-13T09:35:56.157+0000] {taskinstance.py:3503} INFO - 1 downstream tasks scheduled from follow-on schedule check
[2024-06-13T09:35:56.160+0000] {local_task_job_runner.py:222} INFO - ::endgroup::
