[2024-06-13T03:01:10.010+0000] {local_task_job_runner.py:120} INFO - ::group::Pre task execution logs
[2024-06-13T03:01:10.076+0000] {taskinstance.py:2076} INFO - Dependencies all met for dep_context=non-requeueable deps ti=<TaskInstance: stock_prediction.train_model_task manual__2024-06-13T02:59:37.038154+00:00 [queued]>
[2024-06-13T03:01:10.093+0000] {taskinstance.py:2076} INFO - Dependencies all met for dep_context=requeueable deps ti=<TaskInstance: stock_prediction.train_model_task manual__2024-06-13T02:59:37.038154+00:00 [queued]>
[2024-06-13T03:01:10.095+0000] {taskinstance.py:2306} INFO - Starting attempt 1 of 2
[2024-06-13T03:01:10.132+0000] {taskinstance.py:2330} INFO - Executing <Task(PythonOperator): train_model_task> on 2024-06-13 02:59:37.038154+00:00
[2024-06-13T03:01:10.155+0000] {warnings.py:112} WARNING - /home/***/.local/lib/python3.12/site-packages/***/task/task_runner/standard_task_runner.py:61: DeprecationWarning: This process (pid=5982) is multi-threaded, use of fork() may lead to deadlocks in the child.
  pid = os.fork()

[2024-06-13T03:01:10.159+0000] {standard_task_runner.py:63} INFO - Started process 6000 to run task
[2024-06-13T03:01:10.159+0000] {standard_task_runner.py:90} INFO - Running: ['***', 'tasks', 'run', 'stock_prediction', 'train_model_task', 'manual__2024-06-13T02:59:37.038154+00:00', '--job-id', '337', '--raw', '--subdir', 'DAGS_FOLDER/demo_***.py', '--cfg-path', '/tmp/tmpikob_hn6']
[2024-06-13T03:01:10.161+0000] {standard_task_runner.py:91} INFO - Job 337: Subtask train_model_task
[2024-06-13T03:01:10.248+0000] {task_command.py:426} INFO - Running <TaskInstance: stock_prediction.train_model_task manual__2024-06-13T02:59:37.038154+00:00 [running]> on host 33b4ab31339c
[2024-06-13T03:01:10.429+0000] {taskinstance.py:2648} INFO - Exporting env vars: AIRFLOW_CTX_DAG_OWNER='Nguyen Khoa Doan' AIRFLOW_CTX_DAG_ID='stock_prediction' AIRFLOW_CTX_TASK_ID='train_model_task' AIRFLOW_CTX_EXECUTION_DATE='2024-06-13T02:59:37.038154+00:00' AIRFLOW_CTX_TRY_NUMBER='1' AIRFLOW_CTX_DAG_RUN_ID='manual__2024-06-13T02:59:37.038154+00:00'
[2024-06-13T03:01:10.432+0000] {taskinstance.py:430} INFO - ::endgroup::
[2024-06-13T03:01:10.488+0000] {logging_mixin.py:188} INFO - x_train và y_train đã được lưu vào /opt/***/data
[2024-06-13T03:01:10.604+0000] {warnings.py:112} WARNING - /home/***/.local/lib/python3.12/site-packages/keras/src/layers/rnn/rnn.py:204: UserWarning: Do not pass an `input_shape`/`input_dim` argument to a layer. When using Sequential models, prefer using an `Input(shape)` object as the first layer in the model instead.
  super().__init__(**kwargs)

[2024-06-13T03:01:11.164+0000] {logging_mixin.py:188} INFO - Epoch 1/37
[2024-06-13T03:01:23.352+0000] {logging_mixin.py:188} INFO - 
Epoch 1: loss improved from inf to 0.04526, saving model to /opt/***/data/model/save_model.keras
[2024-06-13T03:01:23.645+0000] {logging_mixin.py:188} INFO - 163/163 - 12s - 77ms/step - loss: 0.0453
[2024-06-13T03:01:23.648+0000] {logging_mixin.py:188} INFO - Epoch 2/37
[2024-06-13T03:01:27.876+0000] {logging_mixin.py:188} INFO - 
Epoch 2: loss improved from 0.04526 to 0.02594, saving model to /opt/***/data/model/save_model.keras
[2024-06-13T03:01:28.025+0000] {logging_mixin.py:188} INFO - 163/163 - 4s - 27ms/step - loss: 0.0259
[2024-06-13T03:01:28.027+0000] {logging_mixin.py:188} INFO - Epoch 3/37
[2024-06-13T03:01:32.681+0000] {logging_mixin.py:188} INFO - 
Epoch 3: loss did not improve from 0.02594
[2024-06-13T03:01:32.684+0000] {logging_mixin.py:188} INFO - 163/163 - 5s - 29ms/step - loss: 0.0264
[2024-06-13T03:01:32.686+0000] {logging_mixin.py:188} INFO - Epoch 4/37
[2024-06-13T03:01:36.707+0000] {logging_mixin.py:188} INFO - 
Epoch 4: loss did not improve from 0.02594
[2024-06-13T03:01:36.710+0000] {logging_mixin.py:188} INFO - 163/163 - 4s - 25ms/step - loss: 0.0274
[2024-06-13T03:01:36.713+0000] {logging_mixin.py:188} INFO - Epoch 5/37
[2024-06-13T03:01:40.435+0000] {logging_mixin.py:188} INFO - 
Epoch 5: loss improved from 0.02594 to 0.02467, saving model to /opt/***/data/model/save_model.keras
[2024-06-13T03:01:40.563+0000] {logging_mixin.py:188} INFO - 163/163 - 4s - 24ms/step - loss: 0.0247
[2024-06-13T03:01:40.566+0000] {logging_mixin.py:188} INFO - Epoch 6/37
[2024-06-13T03:01:44.632+0000] {logging_mixin.py:188} INFO - 
Epoch 6: loss improved from 0.02467 to 0.02445, saving model to /opt/***/data/model/save_model.keras
[2024-06-13T03:01:44.780+0000] {logging_mixin.py:188} INFO - 163/163 - 4s - 26ms/step - loss: 0.0245
[2024-06-13T03:01:44.783+0000] {logging_mixin.py:188} INFO - Epoch 7/37
[2024-06-13T03:01:48.802+0000] {logging_mixin.py:188} INFO - 
Epoch 7: loss improved from 0.02445 to 0.02357, saving model to /opt/***/data/model/save_model.keras
[2024-06-13T03:01:48.943+0000] {logging_mixin.py:188} INFO - 163/163 - 4s - 26ms/step - loss: 0.0236
[2024-06-13T03:01:48.946+0000] {logging_mixin.py:188} INFO - Epoch 8/37
[2024-06-13T03:01:52.765+0000] {logging_mixin.py:188} INFO - 
Epoch 8: loss did not improve from 0.02357
[2024-06-13T03:01:52.770+0000] {logging_mixin.py:188} INFO - 163/163 - 4s - 23ms/step - loss: 0.0240
[2024-06-13T03:01:52.773+0000] {logging_mixin.py:188} INFO - Epoch 9/37
[2024-06-13T03:01:56.445+0000] {logging_mixin.py:188} INFO - 
Epoch 9: loss improved from 0.02357 to 0.02348, saving model to /opt/***/data/model/save_model.keras
[2024-06-13T03:01:56.624+0000] {logging_mixin.py:188} INFO - 163/163 - 4s - 24ms/step - loss: 0.0235
[2024-06-13T03:01:56.627+0000] {logging_mixin.py:188} INFO - Epoch 10/37
[2024-06-13T03:02:00.342+0000] {logging_mixin.py:188} INFO - 
Epoch 10: loss improved from 0.02348 to 0.02250, saving model to /opt/***/data/model/save_model.keras
[2024-06-13T03:02:00.498+0000] {logging_mixin.py:188} INFO - 163/163 - 4s - 24ms/step - loss: 0.0225
[2024-06-13T03:02:00.501+0000] {logging_mixin.py:188} INFO - Epoch 11/37
[2024-06-13T03:02:04.534+0000] {logging_mixin.py:188} INFO - 
Epoch 11: loss improved from 0.02250 to 0.02236, saving model to /opt/***/data/model/save_model.keras
[2024-06-13T03:02:04.668+0000] {logging_mixin.py:188} INFO - 163/163 - 4s - 26ms/step - loss: 0.0224
[2024-06-13T03:02:04.671+0000] {logging_mixin.py:188} INFO - Epoch 12/37
[2024-06-13T03:02:08.677+0000] {logging_mixin.py:188} INFO - 
Epoch 12: loss improved from 0.02236 to 0.02123, saving model to /opt/***/data/model/save_model.keras
[2024-06-13T03:02:08.806+0000] {logging_mixin.py:188} INFO - 163/163 - 4s - 25ms/step - loss: 0.0212
[2024-06-13T03:02:08.809+0000] {logging_mixin.py:188} INFO - Epoch 13/37
[2024-06-13T03:02:12.694+0000] {logging_mixin.py:188} INFO - 
Epoch 13: loss did not improve from 0.02123
[2024-06-13T03:02:12.697+0000] {logging_mixin.py:188} INFO - 163/163 - 4s - 24ms/step - loss: 0.0214
[2024-06-13T03:02:12.699+0000] {logging_mixin.py:188} INFO - Epoch 14/37
[2024-06-13T03:02:16.581+0000] {logging_mixin.py:188} INFO - 
Epoch 14: loss did not improve from 0.02123
[2024-06-13T03:02:16.584+0000] {logging_mixin.py:188} INFO - 163/163 - 4s - 24ms/step - loss: 0.0218
[2024-06-13T03:02:16.586+0000] {logging_mixin.py:188} INFO - Epoch 15/37
[2024-06-13T03:02:20.256+0000] {logging_mixin.py:188} INFO - 
Epoch 15: loss improved from 0.02123 to 0.02079, saving model to /opt/***/data/model/save_model.keras
[2024-06-13T03:02:20.413+0000] {logging_mixin.py:188} INFO - 163/163 - 4s - 23ms/step - loss: 0.0208
[2024-06-13T03:02:20.415+0000] {logging_mixin.py:188} INFO - Epoch 16/37
[2024-06-13T03:02:24.645+0000] {logging_mixin.py:188} INFO - 
Epoch 16: loss improved from 0.02079 to 0.01929, saving model to /opt/***/data/model/save_model.keras
[2024-06-13T03:02:24.784+0000] {logging_mixin.py:188} INFO - 163/163 - 4s - 27ms/step - loss: 0.0193
[2024-06-13T03:02:24.787+0000] {logging_mixin.py:188} INFO - Epoch 17/37
[2024-06-13T03:02:28.726+0000] {logging_mixin.py:188} INFO - 
Epoch 17: loss did not improve from 0.01929
[2024-06-13T03:02:28.729+0000] {logging_mixin.py:188} INFO - 163/163 - 4s - 24ms/step - loss: 0.0195
[2024-06-13T03:02:28.731+0000] {logging_mixin.py:188} INFO - Epoch 18/37
[2024-06-13T03:02:32.758+0000] {logging_mixin.py:188} INFO - 
Epoch 18: loss improved from 0.01929 to 0.01892, saving model to /opt/***/data/model/save_model.keras
[2024-06-13T03:02:32.924+0000] {logging_mixin.py:188} INFO - 163/163 - 4s - 26ms/step - loss: 0.0189
[2024-06-13T03:02:32.926+0000] {logging_mixin.py:188} INFO - Epoch 19/37
[2024-06-13T03:02:37.052+0000] {logging_mixin.py:188} INFO - 
Epoch 19: loss did not improve from 0.01892
[2024-06-13T03:02:37.055+0000] {logging_mixin.py:188} INFO - 163/163 - 4s - 25ms/step - loss: 0.0193
[2024-06-13T03:02:37.058+0000] {logging_mixin.py:188} INFO - Epoch 20/37
[2024-06-13T03:02:41.137+0000] {logging_mixin.py:188} INFO - 
Epoch 20: loss improved from 0.01892 to 0.01801, saving model to /opt/***/data/model/save_model.keras
[2024-06-13T03:02:41.280+0000] {logging_mixin.py:188} INFO - 163/163 - 4s - 26ms/step - loss: 0.0180
[2024-06-13T03:02:41.283+0000] {logging_mixin.py:188} INFO - Epoch 21/37
[2024-06-13T03:02:45.605+0000] {logging_mixin.py:188} INFO - 
Epoch 21: loss did not improve from 0.01801
[2024-06-13T03:02:45.609+0000] {logging_mixin.py:188} INFO - 163/163 - 4s - 27ms/step - loss: 0.0184
[2024-06-13T03:02:45.611+0000] {logging_mixin.py:188} INFO - Epoch 22/37
[2024-06-13T03:02:49.415+0000] {logging_mixin.py:188} INFO - 
Epoch 22: loss improved from 0.01801 to 0.01770, saving model to /opt/***/data/model/save_model.keras
[2024-06-13T03:02:49.566+0000] {logging_mixin.py:188} INFO - 163/163 - 4s - 24ms/step - loss: 0.0177
[2024-06-13T03:02:49.571+0000] {logging_mixin.py:188} INFO - Epoch 23/37
[2024-06-13T03:02:53.503+0000] {logging_mixin.py:188} INFO - 
Epoch 23: loss improved from 0.01770 to 0.01709, saving model to /opt/***/data/model/save_model.keras
[2024-06-13T03:02:53.650+0000] {logging_mixin.py:188} INFO - 163/163 - 4s - 25ms/step - loss: 0.0171
[2024-06-13T03:02:53.654+0000] {logging_mixin.py:188} INFO - Epoch 24/37
[2024-06-13T03:02:57.642+0000] {logging_mixin.py:188} INFO - 
Epoch 24: loss did not improve from 0.01709
[2024-06-13T03:02:57.645+0000] {logging_mixin.py:188} INFO - 163/163 - 4s - 24ms/step - loss: 0.0175
[2024-06-13T03:02:57.647+0000] {logging_mixin.py:188} INFO - Epoch 25/37
[2024-06-13T03:03:01.549+0000] {logging_mixin.py:188} INFO - 
Epoch 25: loss did not improve from 0.01709
[2024-06-13T03:03:01.551+0000] {logging_mixin.py:188} INFO - 163/163 - 4s - 24ms/step - loss: 0.0178
[2024-06-13T03:03:01.554+0000] {logging_mixin.py:188} INFO - Epoch 26/37
[2024-06-13T03:03:05.553+0000] {logging_mixin.py:188} INFO - 
Epoch 26: loss did not improve from 0.01709
[2024-06-13T03:03:05.556+0000] {logging_mixin.py:188} INFO - 163/163 - 4s - 25ms/step - loss: 0.0176
[2024-06-13T03:03:05.559+0000] {logging_mixin.py:188} INFO - Epoch 27/37
[2024-06-13T03:03:09.664+0000] {logging_mixin.py:188} INFO - 
Epoch 27: loss improved from 0.01709 to 0.01632, saving model to /opt/***/data/model/save_model.keras
[2024-06-13T03:03:09.832+0000] {logging_mixin.py:188} INFO - 163/163 - 4s - 26ms/step - loss: 0.0163
[2024-06-13T03:03:09.835+0000] {logging_mixin.py:188} INFO - Epoch 28/37
[2024-06-13T03:03:13.969+0000] {logging_mixin.py:188} INFO - 
Epoch 28: loss improved from 0.01632 to 0.01567, saving model to /opt/***/data/model/save_model.keras
[2024-06-13T03:03:14.103+0000] {logging_mixin.py:188} INFO - 163/163 - 4s - 26ms/step - loss: 0.0157
[2024-06-13T03:03:14.106+0000] {logging_mixin.py:188} INFO - Epoch 29/37
[2024-06-13T03:03:18.383+0000] {logging_mixin.py:188} INFO - 
Epoch 29: loss did not improve from 0.01567
[2024-06-13T03:03:18.386+0000] {logging_mixin.py:188} INFO - 163/163 - 4s - 26ms/step - loss: 0.0177
[2024-06-13T03:03:18.389+0000] {logging_mixin.py:188} INFO - Epoch 30/37
[2024-06-13T03:03:22.495+0000] {logging_mixin.py:188} INFO - 
Epoch 30: loss did not improve from 0.01567
[2024-06-13T03:03:22.498+0000] {logging_mixin.py:188} INFO - 163/163 - 4s - 25ms/step - loss: 0.0172
[2024-06-13T03:03:22.500+0000] {logging_mixin.py:188} INFO - Epoch 31/37
[2024-06-13T03:03:26.586+0000] {logging_mixin.py:188} INFO - 
Epoch 31: loss did not improve from 0.01567
[2024-06-13T03:03:26.589+0000] {logging_mixin.py:188} INFO - 163/163 - 4s - 25ms/step - loss: 0.0162
[2024-06-13T03:03:26.591+0000] {logging_mixin.py:188} INFO - Epoch 32/37
[2024-06-13T03:03:30.205+0000] {logging_mixin.py:188} INFO - 
Epoch 32: loss did not improve from 0.01567
[2024-06-13T03:03:30.208+0000] {logging_mixin.py:188} INFO - 163/163 - 4s - 22ms/step - loss: 0.0160
[2024-06-13T03:03:30.210+0000] {logging_mixin.py:188} INFO - Epoch 33/37
[2024-06-13T03:03:33.978+0000] {logging_mixin.py:188} INFO - 
Epoch 33: loss did not improve from 0.01567
[2024-06-13T03:03:33.981+0000] {logging_mixin.py:188} INFO - 163/163 - 4s - 23ms/step - loss: 0.0163
[2024-06-13T03:03:33.983+0000] {logging_mixin.py:188} INFO - Epoch 34/37
[2024-06-13T03:03:37.844+0000] {logging_mixin.py:188} INFO - 
Epoch 34: loss did not improve from 0.01567
[2024-06-13T03:03:37.848+0000] {logging_mixin.py:188} INFO - 163/163 - 4s - 24ms/step - loss: 0.0161
[2024-06-13T03:03:37.850+0000] {logging_mixin.py:188} INFO - Epoch 35/37
[2024-06-13T03:03:41.649+0000] {logging_mixin.py:188} INFO - 
Epoch 35: loss did not improve from 0.01567
[2024-06-13T03:03:41.653+0000] {logging_mixin.py:188} INFO - 163/163 - 4s - 23ms/step - loss: 0.0169
[2024-06-13T03:03:41.655+0000] {logging_mixin.py:188} INFO - Epoch 36/37
[2024-06-13T03:03:45.509+0000] {logging_mixin.py:188} INFO - 
Epoch 36: loss improved from 0.01567 to 0.01528, saving model to /opt/***/data/model/save_model.keras
[2024-06-13T03:03:45.677+0000] {logging_mixin.py:188} INFO - 163/163 - 4s - 25ms/step - loss: 0.0153
[2024-06-13T03:03:45.680+0000] {logging_mixin.py:188} INFO - Epoch 37/37
[2024-06-13T03:03:49.787+0000] {logging_mixin.py:188} INFO - 
Epoch 37: loss improved from 0.01528 to 0.01520, saving model to /opt/***/data/model/save_model.keras
[2024-06-13T03:03:49.974+0000] {logging_mixin.py:188} INFO - 163/163 - 4s - 26ms/step - loss: 0.0152
[2024-06-13T03:03:49.981+0000] {python.py:237} INFO - Done. Returned value was: /opt/***/data/model/save_model.keras
[2024-06-13T03:03:49.982+0000] {taskinstance.py:441} INFO - ::group::Post task execution logs
[2024-06-13T03:03:50.045+0000] {taskinstance.py:1206} INFO - Marking task as SUCCESS. dag_id=stock_prediction, task_id=train_model_task, run_id=manual__2024-06-13T02:59:37.038154+00:00, execution_date=20240613T025937, start_date=20240613T030110, end_date=20240613T030350
[2024-06-13T03:03:50.135+0000] {local_task_job_runner.py:240} INFO - Task exited with return code 0
[2024-06-13T03:03:50.187+0000] {taskinstance.py:3503} INFO - 1 downstream tasks scheduled from follow-on schedule check
[2024-06-13T03:03:50.193+0000] {local_task_job_runner.py:222} INFO - ::endgroup::
