[2024-06-13T10:47:57.888+0000] {local_task_job_runner.py:120} INFO - ::group::Pre task execution logs
[2024-06-13T10:47:57.905+0000] {taskinstance.py:2076} INFO - Dependencies all met for dep_context=non-requeueable deps ti=<TaskInstance: stock_prediction.train_model_task manual__2024-06-13T10:47:27.609014+00:00 [queued]>
[2024-06-13T10:47:57.911+0000] {taskinstance.py:2076} INFO - Dependencies all met for dep_context=requeueable deps ti=<TaskInstance: stock_prediction.train_model_task manual__2024-06-13T10:47:27.609014+00:00 [queued]>
[2024-06-13T10:47:57.911+0000] {taskinstance.py:2306} INFO - Starting attempt 1 of 2
[2024-06-13T10:47:57.922+0000] {taskinstance.py:2330} INFO - Executing <Task(PythonOperator): train_model_task> on 2024-06-13 10:47:27.609014+00:00
[2024-06-13T10:47:57.931+0000] {warnings.py:112} WARNING - /home/***/.local/lib/python3.12/site-packages/***/task/task_runner/standard_task_runner.py:61: DeprecationWarning: This process (pid=13320) is multi-threaded, use of fork() may lead to deadlocks in the child.
  pid = os.fork()

[2024-06-13T10:47:57.933+0000] {standard_task_runner.py:63} INFO - Started process 13338 to run task
[2024-06-13T10:47:57.933+0000] {standard_task_runner.py:90} INFO - Running: ['***', 'tasks', 'run', 'stock_prediction', 'train_model_task', 'manual__2024-06-13T10:47:27.609014+00:00', '--job-id', '451', '--raw', '--subdir', 'DAGS_FOLDER/demo_***.py', '--cfg-path', '/tmp/tmpr9svkmw2']
[2024-06-13T10:47:57.934+0000] {standard_task_runner.py:91} INFO - Job 451: Subtask train_model_task
[2024-06-13T10:47:57.969+0000] {task_command.py:426} INFO - Running <TaskInstance: stock_prediction.train_model_task manual__2024-06-13T10:47:27.609014+00:00 [running]> on host 33b4ab31339c
[2024-06-13T10:47:58.040+0000] {taskinstance.py:2648} INFO - Exporting env vars: AIRFLOW_CTX_DAG_OWNER='Nguyen Khoa Doan' AIRFLOW_CTX_DAG_ID='stock_prediction' AIRFLOW_CTX_TASK_ID='train_model_task' AIRFLOW_CTX_EXECUTION_DATE='2024-06-13T10:47:27.609014+00:00' AIRFLOW_CTX_TRY_NUMBER='1' AIRFLOW_CTX_DAG_RUN_ID='manual__2024-06-13T10:47:27.609014+00:00'
[2024-06-13T10:47:58.042+0000] {taskinstance.py:430} INFO - ::endgroup::
[2024-06-13T10:47:58.111+0000] {warnings.py:112} WARNING - /home/***/.local/lib/python3.12/site-packages/keras/src/layers/rnn/rnn.py:204: UserWarning: Do not pass an `input_shape`/`input_dim` argument to a layer. When using Sequential models, prefer using an `Input(shape)` object as the first layer in the model instead.
  super().__init__(**kwargs)

[2024-06-13T10:47:58.297+0000] {logging_mixin.py:188} INFO - Epoch 1/37
[2024-06-13T10:48:01.634+0000] {logging_mixin.py:188} INFO - 
Epoch 1: loss improved from inf to 0.04395, saving model to /opt/***/data/model/save_model.keras
[2024-06-13T10:48:01.723+0000] {logging_mixin.py:188} INFO - 130/130 - 3s - 26ms/step - loss: 0.0440
[2024-06-13T10:48:01.725+0000] {logging_mixin.py:188} INFO - Epoch 2/37
[2024-06-13T10:48:02.723+0000] {logging_mixin.py:188} INFO - 
Epoch 2: loss improved from 0.04395 to 0.02944, saving model to /opt/***/data/model/save_model.keras
[2024-06-13T10:48:02.775+0000] {logging_mixin.py:188} INFO - 130/130 - 1s - 8ms/step - loss: 0.0294
[2024-06-13T10:48:02.776+0000] {logging_mixin.py:188} INFO - Epoch 3/37
[2024-06-13T10:48:03.869+0000] {logging_mixin.py:188} INFO - 
Epoch 3: loss did not improve from 0.02944
[2024-06-13T10:48:03.870+0000] {logging_mixin.py:188} INFO - 130/130 - 1s - 8ms/step - loss: 0.0301
[2024-06-13T10:48:03.871+0000] {logging_mixin.py:188} INFO - Epoch 4/37
[2024-06-13T10:48:05.055+0000] {logging_mixin.py:188} INFO - 
Epoch 4: loss improved from 0.02944 to 0.02651, saving model to /opt/***/data/model/save_model.keras
[2024-06-13T10:48:05.113+0000] {logging_mixin.py:188} INFO - 130/130 - 1s - 10ms/step - loss: 0.0265
[2024-06-13T10:48:05.115+0000] {logging_mixin.py:188} INFO - Epoch 5/37
[2024-06-13T10:48:06.206+0000] {logging_mixin.py:188} INFO - 
Epoch 5: loss improved from 0.02651 to 0.02542, saving model to /opt/***/data/model/save_model.keras
[2024-06-13T10:48:06.254+0000] {logging_mixin.py:188} INFO - 130/130 - 1s - 9ms/step - loss: 0.0254
[2024-06-13T10:48:06.255+0000] {logging_mixin.py:188} INFO - Epoch 6/37
[2024-06-13T10:48:07.217+0000] {logging_mixin.py:188} INFO - 
Epoch 6: loss improved from 0.02542 to 0.02474, saving model to /opt/***/data/model/save_model.keras
[2024-06-13T10:48:07.266+0000] {logging_mixin.py:188} INFO - 130/130 - 1s - 8ms/step - loss: 0.0247
[2024-06-13T10:48:07.267+0000] {logging_mixin.py:188} INFO - Epoch 7/37
[2024-06-13T10:48:08.381+0000] {logging_mixin.py:188} INFO - 
Epoch 7: loss did not improve from 0.02474
[2024-06-13T10:48:08.382+0000] {logging_mixin.py:188} INFO - 130/130 - 1s - 9ms/step - loss: 0.0284
[2024-06-13T10:48:08.383+0000] {logging_mixin.py:188} INFO - Epoch 8/37
[2024-06-13T10:48:09.671+0000] {logging_mixin.py:188} INFO - 
Epoch 8: loss did not improve from 0.02474
[2024-06-13T10:48:09.673+0000] {logging_mixin.py:188} INFO - 130/130 - 1s - 10ms/step - loss: 0.0248
[2024-06-13T10:48:09.676+0000] {logging_mixin.py:188} INFO - Epoch 9/37
[2024-06-13T10:48:10.855+0000] {logging_mixin.py:188} INFO - 
Epoch 9: loss did not improve from 0.02474
[2024-06-13T10:48:10.856+0000] {logging_mixin.py:188} INFO - 130/130 - 1s - 9ms/step - loss: 0.0260
[2024-06-13T10:48:10.857+0000] {logging_mixin.py:188} INFO - Epoch 10/37
[2024-06-13T10:48:11.962+0000] {logging_mixin.py:188} INFO - 
Epoch 10: loss did not improve from 0.02474
[2024-06-13T10:48:11.963+0000] {logging_mixin.py:188} INFO - 130/130 - 1s - 9ms/step - loss: 0.0260
[2024-06-13T10:48:11.964+0000] {logging_mixin.py:188} INFO - Epoch 11/37
[2024-06-13T10:48:12.975+0000] {logging_mixin.py:188} INFO - 
Epoch 11: loss improved from 0.02474 to 0.02226, saving model to /opt/***/data/model/save_model.keras
[2024-06-13T10:48:13.028+0000] {logging_mixin.py:188} INFO - 130/130 - 1s - 8ms/step - loss: 0.0223
[2024-06-13T10:48:13.029+0000] {logging_mixin.py:188} INFO - Epoch 12/37
[2024-06-13T10:48:14.066+0000] {logging_mixin.py:188} INFO - 
Epoch 12: loss did not improve from 0.02226
[2024-06-13T10:48:14.067+0000] {logging_mixin.py:188} INFO - 130/130 - 1s - 8ms/step - loss: 0.0223
[2024-06-13T10:48:14.068+0000] {logging_mixin.py:188} INFO - Epoch 13/37
[2024-06-13T10:48:15.090+0000] {logging_mixin.py:188} INFO - 
Epoch 13: loss did not improve from 0.02226
[2024-06-13T10:48:15.092+0000] {logging_mixin.py:188} INFO - 130/130 - 1s - 8ms/step - loss: 0.0226
[2024-06-13T10:48:15.093+0000] {logging_mixin.py:188} INFO - Epoch 14/37
[2024-06-13T10:48:16.123+0000] {logging_mixin.py:188} INFO - 
Epoch 14: loss did not improve from 0.02226
[2024-06-13T10:48:16.125+0000] {logging_mixin.py:188} INFO - 130/130 - 1s - 8ms/step - loss: 0.0233
[2024-06-13T10:48:16.126+0000] {logging_mixin.py:188} INFO - Epoch 15/37
[2024-06-13T10:48:17.153+0000] {logging_mixin.py:188} INFO - 
Epoch 15: loss improved from 0.02226 to 0.02197, saving model to /opt/***/data/model/save_model.keras
[2024-06-13T10:48:17.204+0000] {logging_mixin.py:188} INFO - 130/130 - 1s - 8ms/step - loss: 0.0220
[2024-06-13T10:48:17.205+0000] {logging_mixin.py:188} INFO - Epoch 16/37
[2024-06-13T10:48:18.146+0000] {logging_mixin.py:188} INFO - 
Epoch 16: loss improved from 0.02197 to 0.02108, saving model to /opt/***/data/model/save_model.keras
[2024-06-13T10:48:18.195+0000] {logging_mixin.py:188} INFO - 130/130 - 1s - 8ms/step - loss: 0.0211
[2024-06-13T10:48:18.196+0000] {logging_mixin.py:188} INFO - Epoch 17/37
[2024-06-13T10:48:19.209+0000] {logging_mixin.py:188} INFO - 
Epoch 17: loss did not improve from 0.02108
[2024-06-13T10:48:19.210+0000] {logging_mixin.py:188} INFO - 130/130 - 1s - 8ms/step - loss: 0.0214
[2024-06-13T10:48:19.211+0000] {logging_mixin.py:188} INFO - Epoch 18/37
[2024-06-13T10:48:20.269+0000] {logging_mixin.py:188} INFO - 
Epoch 18: loss improved from 0.02108 to 0.02059, saving model to /opt/***/data/model/save_model.keras
[2024-06-13T10:48:20.327+0000] {logging_mixin.py:188} INFO - 130/130 - 1s - 9ms/step - loss: 0.0206
[2024-06-13T10:48:20.329+0000] {logging_mixin.py:188} INFO - Epoch 19/37
[2024-06-13T10:48:21.375+0000] {logging_mixin.py:188} INFO - 
Epoch 19: loss did not improve from 0.02059
[2024-06-13T10:48:21.376+0000] {logging_mixin.py:188} INFO - 130/130 - 1s - 8ms/step - loss: 0.0209
[2024-06-13T10:48:21.377+0000] {logging_mixin.py:188} INFO - Epoch 20/37
[2024-06-13T10:48:22.404+0000] {logging_mixin.py:188} INFO - 
Epoch 20: loss did not improve from 0.02059
[2024-06-13T10:48:22.405+0000] {logging_mixin.py:188} INFO - 130/130 - 1s - 8ms/step - loss: 0.0214
[2024-06-13T10:48:22.406+0000] {logging_mixin.py:188} INFO - Epoch 21/37
[2024-06-13T10:48:23.449+0000] {logging_mixin.py:188} INFO - 
Epoch 21: loss improved from 0.02059 to 0.01987, saving model to /opt/***/data/model/save_model.keras
[2024-06-13T10:48:23.520+0000] {logging_mixin.py:188} INFO - 130/130 - 1s - 9ms/step - loss: 0.0199
[2024-06-13T10:48:23.521+0000] {logging_mixin.py:188} INFO - Epoch 22/37
[2024-06-13T10:48:24.613+0000] {logging_mixin.py:188} INFO - 
Epoch 22: loss improved from 0.01987 to 0.01924, saving model to /opt/***/data/model/save_model.keras
[2024-06-13T10:48:24.690+0000] {logging_mixin.py:188} INFO - 130/130 - 1s - 9ms/step - loss: 0.0192
[2024-06-13T10:48:24.691+0000] {logging_mixin.py:188} INFO - Epoch 23/37
[2024-06-13T10:48:25.768+0000] {logging_mixin.py:188} INFO - 
Epoch 23: loss did not improve from 0.01924
[2024-06-13T10:48:25.769+0000] {logging_mixin.py:188} INFO - 130/130 - 1s - 8ms/step - loss: 0.0203
[2024-06-13T10:48:25.771+0000] {logging_mixin.py:188} INFO - Epoch 24/37
[2024-06-13T10:48:26.857+0000] {logging_mixin.py:188} INFO - 
Epoch 24: loss improved from 0.01924 to 0.01915, saving model to /opt/***/data/model/save_model.keras
[2024-06-13T10:48:26.906+0000] {logging_mixin.py:188} INFO - 130/130 - 1s - 9ms/step - loss: 0.0192
[2024-06-13T10:48:26.907+0000] {logging_mixin.py:188} INFO - Epoch 25/37
[2024-06-13T10:48:27.965+0000] {logging_mixin.py:188} INFO - 
Epoch 25: loss improved from 0.01915 to 0.01883, saving model to /opt/***/data/model/save_model.keras
[2024-06-13T10:48:28.019+0000] {logging_mixin.py:188} INFO - 130/130 - 1s - 9ms/step - loss: 0.0188
[2024-06-13T10:48:28.020+0000] {logging_mixin.py:188} INFO - Epoch 26/37
[2024-06-13T10:48:29.048+0000] {logging_mixin.py:188} INFO - 
Epoch 26: loss did not improve from 0.01883
[2024-06-13T10:48:29.049+0000] {logging_mixin.py:188} INFO - 130/130 - 1s - 8ms/step - loss: 0.0192
[2024-06-13T10:48:29.050+0000] {logging_mixin.py:188} INFO - Epoch 27/37
[2024-06-13T10:48:30.100+0000] {logging_mixin.py:188} INFO - 
Epoch 27: loss improved from 0.01883 to 0.01844, saving model to /opt/***/data/model/save_model.keras
[2024-06-13T10:48:30.179+0000] {logging_mixin.py:188} INFO - 130/130 - 1s - 9ms/step - loss: 0.0184
[2024-06-13T10:48:30.181+0000] {logging_mixin.py:188} INFO - Epoch 28/37
[2024-06-13T10:48:31.635+0000] {logging_mixin.py:188} INFO - 
Epoch 28: loss improved from 0.01844 to 0.01777, saving model to /opt/***/data/model/save_model.keras
[2024-06-13T10:48:31.706+0000] {logging_mixin.py:188} INFO - 130/130 - 2s - 12ms/step - loss: 0.0178
[2024-06-13T10:48:31.707+0000] {logging_mixin.py:188} INFO - Epoch 29/37
[2024-06-13T10:48:33.022+0000] {logging_mixin.py:188} INFO - 
Epoch 29: loss did not improve from 0.01777
[2024-06-13T10:48:33.023+0000] {logging_mixin.py:188} INFO - 130/130 - 1s - 10ms/step - loss: 0.0180
[2024-06-13T10:48:33.024+0000] {logging_mixin.py:188} INFO - Epoch 30/37
[2024-06-13T10:48:34.243+0000] {logging_mixin.py:188} INFO - 
Epoch 30: loss did not improve from 0.01777
[2024-06-13T10:48:34.244+0000] {logging_mixin.py:188} INFO - 130/130 - 1s - 9ms/step - loss: 0.0188
[2024-06-13T10:48:34.245+0000] {logging_mixin.py:188} INFO - Epoch 31/37
[2024-06-13T10:48:35.258+0000] {logging_mixin.py:188} INFO - 
Epoch 31: loss did not improve from 0.01777
[2024-06-13T10:48:35.259+0000] {logging_mixin.py:188} INFO - 130/130 - 1s - 8ms/step - loss: 0.0180
[2024-06-13T10:48:35.260+0000] {logging_mixin.py:188} INFO - Epoch 32/37
[2024-06-13T10:48:36.425+0000] {logging_mixin.py:188} INFO - 
Epoch 32: loss did not improve from 0.01777
[2024-06-13T10:48:36.426+0000] {logging_mixin.py:188} INFO - 130/130 - 1s - 9ms/step - loss: 0.0181
[2024-06-13T10:48:36.427+0000] {logging_mixin.py:188} INFO - Epoch 33/37
[2024-06-13T10:48:37.432+0000] {logging_mixin.py:188} INFO - 
Epoch 33: loss improved from 0.01777 to 0.01674, saving model to /opt/***/data/model/save_model.keras
[2024-06-13T10:48:37.490+0000] {logging_mixin.py:188} INFO - 130/130 - 1s - 8ms/step - loss: 0.0167
[2024-06-13T10:48:37.492+0000] {logging_mixin.py:188} INFO - Epoch 34/37
[2024-06-13T10:48:38.469+0000] {logging_mixin.py:188} INFO - 
Epoch 34: loss did not improve from 0.01674
[2024-06-13T10:48:38.471+0000] {logging_mixin.py:188} INFO - 130/130 - 1s - 8ms/step - loss: 0.0180
[2024-06-13T10:48:38.472+0000] {logging_mixin.py:188} INFO - Epoch 35/37
[2024-06-13T10:48:39.624+0000] {logging_mixin.py:188} INFO - 
Epoch 35: loss did not improve from 0.01674
[2024-06-13T10:48:39.625+0000] {logging_mixin.py:188} INFO - 130/130 - 1s - 9ms/step - loss: 0.0178
[2024-06-13T10:48:39.626+0000] {logging_mixin.py:188} INFO - Epoch 36/37
[2024-06-13T10:48:40.752+0000] {logging_mixin.py:188} INFO - 
Epoch 36: loss did not improve from 0.01674
[2024-06-13T10:48:40.754+0000] {logging_mixin.py:188} INFO - 130/130 - 1s - 9ms/step - loss: 0.0169
[2024-06-13T10:48:40.755+0000] {logging_mixin.py:188} INFO - Epoch 37/37
[2024-06-13T10:48:41.895+0000] {logging_mixin.py:188} INFO - 
Epoch 37: loss did not improve from 0.01674
[2024-06-13T10:48:41.897+0000] {logging_mixin.py:188} INFO - 130/130 - 1s - 9ms/step - loss: 0.0174
[2024-06-13T10:48:42.135+0000] {python.py:237} INFO - Done. Returned value was: /opt/***/data/model/save_model.keras
[2024-06-13T10:48:42.135+0000] {taskinstance.py:441} INFO - ::group::Post task execution logs
[2024-06-13T10:48:42.154+0000] {taskinstance.py:1206} INFO - Marking task as SUCCESS. dag_id=stock_prediction, task_id=train_model_task, run_id=manual__2024-06-13T10:47:27.609014+00:00, execution_date=20240613T104727, start_date=20240613T104757, end_date=20240613T104842
[2024-06-13T10:48:42.179+0000] {local_task_job_runner.py:240} INFO - Task exited with return code 0
[2024-06-13T10:48:42.197+0000] {taskinstance.py:3503} INFO - 1 downstream tasks scheduled from follow-on schedule check
[2024-06-13T10:48:42.200+0000] {local_task_job_runner.py:222} INFO - ::endgroup::
