[2024-06-12T10:08:48.745+0000] {local_task_job_runner.py:120} INFO - ::group::Pre task execution logs
[2024-06-12T10:08:48.759+0000] {taskinstance.py:2076} INFO - Dependencies all met for dep_context=non-requeueable deps ti=<TaskInstance: stock_prediction.optimal_parameter_task manual__2024-06-12T10:08:34.124361+00:00 [queued]>
[2024-06-12T10:08:48.765+0000] {taskinstance.py:2076} INFO - Dependencies all met for dep_context=requeueable deps ti=<TaskInstance: stock_prediction.optimal_parameter_task manual__2024-06-12T10:08:34.124361+00:00 [queued]>
[2024-06-12T10:08:48.765+0000] {taskinstance.py:2306} INFO - Starting attempt 1 of 2
[2024-06-12T10:08:48.777+0000] {taskinstance.py:2330} INFO - Executing <Task(PythonOperator): optimal_parameter_task> on 2024-06-12 10:08:34.124361+00:00
[2024-06-12T10:08:48.785+0000] {warnings.py:112} WARNING - /home/***/.local/lib/python3.12/site-packages/***/task/task_runner/standard_task_runner.py:61: DeprecationWarning: This process (pid=528) is multi-threaded, use of fork() may lead to deadlocks in the child.
  pid = os.fork()

[2024-06-12T10:08:48.786+0000] {standard_task_runner.py:63} INFO - Started process 546 to run task
[2024-06-12T10:08:48.786+0000] {standard_task_runner.py:90} INFO - Running: ['***', 'tasks', 'run', 'stock_prediction', 'optimal_parameter_task', 'manual__2024-06-12T10:08:34.124361+00:00', '--job-id', '151', '--raw', '--subdir', 'DAGS_FOLDER/demo_***.py', '--cfg-path', '/tmp/tmpyczyrpdr']
[2024-06-12T10:08:48.787+0000] {standard_task_runner.py:91} INFO - Job 151: Subtask optimal_parameter_task
[2024-06-12T10:08:48.818+0000] {task_command.py:426} INFO - Running <TaskInstance: stock_prediction.optimal_parameter_task manual__2024-06-12T10:08:34.124361+00:00 [running]> on host 33b4ab31339c
[2024-06-12T10:08:48.881+0000] {taskinstance.py:2648} INFO - Exporting env vars: AIRFLOW_CTX_DAG_OWNER='Nguyen Khoa Doan' AIRFLOW_CTX_DAG_ID='stock_prediction' AIRFLOW_CTX_TASK_ID='optimal_parameter_task' AIRFLOW_CTX_EXECUTION_DATE='2024-06-12T10:08:34.124361+00:00' AIRFLOW_CTX_TRY_NUMBER='1' AIRFLOW_CTX_DAG_RUN_ID='manual__2024-06-12T10:08:34.124361+00:00'
[2024-06-12T10:08:48.882+0000] {taskinstance.py:430} INFO - ::endgroup::
[2024-06-12T10:08:48.900+0000] {logging_mixin.py:188} INFO - (2603, 1)
[2024-06-12T10:08:48.901+0000] {python.py:237} INFO - Done. Returned value was: None
[2024-06-12T10:08:48.901+0000] {taskinstance.py:441} INFO - ::group::Post task execution logs
[2024-06-12T10:08:48.907+0000] {taskinstance.py:1206} INFO - Marking task as SUCCESS. dag_id=stock_prediction, task_id=optimal_parameter_task, run_id=manual__2024-06-12T10:08:34.124361+00:00, execution_date=20240612T100834, start_date=20240612T100848, end_date=20240612T100848
[2024-06-12T10:08:48.960+0000] {local_task_job_runner.py:240} INFO - Task exited with return code 0
[2024-06-12T10:08:48.976+0000] {taskinstance.py:3503} INFO - 1 downstream tasks scheduled from follow-on schedule check
[2024-06-12T10:08:48.979+0000] {local_task_job_runner.py:222} INFO - ::endgroup::
