[2024-06-13T16:12:20.730+0000] {local_task_job_runner.py:120} INFO - ::group::Pre task execution logs
[2024-06-13T16:12:20.748+0000] {taskinstance.py:2076} INFO - Dependencies all met for dep_context=non-requeueable deps ti=<TaskInstance: stock_prediction.send_email_task manual__2024-06-13T16:11:00.985266+00:00 [queued]>
[2024-06-13T16:12:20.754+0000] {taskinstance.py:2076} INFO - Dependencies all met for dep_context=requeueable deps ti=<TaskInstance: stock_prediction.send_email_task manual__2024-06-13T16:11:00.985266+00:00 [queued]>
[2024-06-13T16:12:20.755+0000] {taskinstance.py:2306} INFO - Starting attempt 1 of 2
[2024-06-13T16:12:20.765+0000] {taskinstance.py:2330} INFO - Executing <Task(PythonOperator): send_email_task> on 2024-06-13 16:11:00.985266+00:00
[2024-06-13T16:12:20.773+0000] {warnings.py:112} WARNING - /home/***/.local/lib/python3.12/site-packages/***/task/task_runner/standard_task_runner.py:61: DeprecationWarning: This process (pid=29987) is multi-threaded, use of fork() may lead to deadlocks in the child.
  pid = os.fork()

[2024-06-13T16:12:20.774+0000] {standard_task_runner.py:90} INFO - Running: ['***', 'tasks', 'run', 'stock_prediction', 'send_email_task', 'manual__2024-06-13T16:11:00.985266+00:00', '--job-id', '553', '--raw', '--subdir', 'DAGS_FOLDER/demo_***.py', '--cfg-path', '/tmp/tmp5rgo_8lc']
[2024-06-13T16:12:20.775+0000] {standard_task_runner.py:63} INFO - Started process 30005 to run task
[2024-06-13T16:12:20.775+0000] {standard_task_runner.py:91} INFO - Job 553: Subtask send_email_task
[2024-06-13T16:12:20.809+0000] {task_command.py:426} INFO - Running <TaskInstance: stock_prediction.send_email_task manual__2024-06-13T16:11:00.985266+00:00 [running]> on host 33b4ab31339c
[2024-06-13T16:12:20.869+0000] {taskinstance.py:2648} INFO - Exporting env vars: AIRFLOW_CTX_DAG_OWNER='Nguyen Khoa Doan' AIRFLOW_CTX_DAG_ID='stock_prediction' AIRFLOW_CTX_TASK_ID='send_email_task' AIRFLOW_CTX_EXECUTION_DATE='2024-06-13T16:11:00.985266+00:00' AIRFLOW_CTX_TRY_NUMBER='1' AIRFLOW_CTX_DAG_RUN_ID='manual__2024-06-13T16:11:00.985266+00:00'
[2024-06-13T16:12:20.870+0000] {taskinstance.py:430} INFO - ::endgroup::
[2024-06-13T16:12:25.314+0000] {logging_mixin.py:188} INFO - Email đã được gửi thành công!
[2024-06-13T16:12:25.315+0000] {python.py:237} INFO - Done. Returned value was: None
[2024-06-13T16:12:25.315+0000] {taskinstance.py:441} INFO - ::group::Post task execution logs
[2024-06-13T16:12:25.322+0000] {taskinstance.py:1206} INFO - Marking task as SUCCESS. dag_id=stock_prediction, task_id=send_email_task, run_id=manual__2024-06-13T16:11:00.985266+00:00, execution_date=20240613T161100, start_date=20240613T161220, end_date=20240613T161225
[2024-06-13T16:12:25.337+0000] {local_task_job_runner.py:240} INFO - Task exited with return code 0
[2024-06-13T16:12:25.350+0000] {taskinstance.py:3503} INFO - 1 downstream tasks scheduled from follow-on schedule check
[2024-06-13T16:12:25.359+0000] {local_task_job_runner.py:222} INFO - ::endgroup::
