[2024-06-12T07:27:15.336+0000] {local_task_job_runner.py:120} INFO - ::group::Pre task execution logs
[2024-06-12T07:27:15.352+0000] {taskinstance.py:2076} INFO - Dependencies all met for dep_context=non-requeueable deps ti=<TaskInstance: stock_prediction.end manual__2024-06-12T07:26:25.360177+00:00 [queued]>
[2024-06-12T07:27:15.358+0000] {taskinstance.py:2076} INFO - Dependencies all met for dep_context=requeueable deps ti=<TaskInstance: stock_prediction.end manual__2024-06-12T07:26:25.360177+00:00 [queued]>
[2024-06-12T07:27:15.359+0000] {taskinstance.py:2306} INFO - Starting attempt 1 of 2
[2024-06-12T07:27:15.369+0000] {taskinstance.py:2330} INFO - Executing <Task(PythonOperator): end> on 2024-06-12 07:26:25.360177+00:00
[2024-06-12T07:27:15.374+0000] {warnings.py:112} WARNING - /home/***/.local/lib/python3.12/site-packages/***/task/task_runner/standard_task_runner.py:61: DeprecationWarning: This process (pid=2357) is multi-threaded, use of fork() may lead to deadlocks in the child.
  pid = os.fork()

[2024-06-12T07:27:15.375+0000] {standard_task_runner.py:90} INFO - Running: ['***', 'tasks', 'run', 'stock_prediction', 'end', 'manual__2024-06-12T07:26:25.360177+00:00', '--job-id', '89', '--raw', '--subdir', 'DAGS_FOLDER/demo_***.py', '--cfg-path', '/tmp/tmpkk9l7xqs']
[2024-06-12T07:27:15.376+0000] {standard_task_runner.py:63} INFO - Started process 2375 to run task
[2024-06-12T07:27:15.376+0000] {standard_task_runner.py:91} INFO - Job 89: Subtask end
[2024-06-12T07:27:15.425+0000] {task_command.py:426} INFO - Running <TaskInstance: stock_prediction.end manual__2024-06-12T07:26:25.360177+00:00 [running]> on host ad0cd89ef011
[2024-06-12T07:27:15.558+0000] {taskinstance.py:2648} INFO - Exporting env vars: AIRFLOW_CTX_DAG_OWNER='Nguyen Khoa Doan' AIRFLOW_CTX_DAG_ID='stock_prediction' AIRFLOW_CTX_TASK_ID='end' AIRFLOW_CTX_EXECUTION_DATE='2024-06-12T07:26:25.360177+00:00' AIRFLOW_CTX_TRY_NUMBER='1' AIRFLOW_CTX_DAG_RUN_ID='manual__2024-06-12T07:26:25.360177+00:00'
[2024-06-12T07:27:15.559+0000] {taskinstance.py:430} INFO - ::endgroup::
[2024-06-12T07:27:15.560+0000] {logging_mixin.py:188} INFO - END
[2024-06-12T07:27:15.561+0000] {python.py:237} INFO - Done. Returned value was: None
[2024-06-12T07:27:15.561+0000] {taskinstance.py:441} INFO - ::group::Post task execution logs
[2024-06-12T07:27:15.570+0000] {taskinstance.py:1206} INFO - Marking task as SUCCESS. dag_id=stock_prediction, task_id=end, run_id=manual__2024-06-12T07:26:25.360177+00:00, execution_date=20240612T072625, start_date=20240612T072715, end_date=20240612T072715
[2024-06-12T07:27:15.630+0000] {local_task_job_runner.py:240} INFO - Task exited with return code 0
[2024-06-12T07:27:15.640+0000] {taskinstance.py:3503} INFO - 0 downstream tasks scheduled from follow-on schedule check
[2024-06-12T07:27:15.643+0000] {local_task_job_runner.py:222} INFO - ::endgroup::
