[2024-06-12T13:09:32.734+0000] {local_task_job_runner.py:120} INFO - ::group::Pre task execution logs
[2024-06-12T13:09:32.751+0000] {taskinstance.py:2076} INFO - Dependencies all met for dep_context=non-requeueable deps ti=<TaskInstance: stock_prediction.preprocessing_data_task manual__2024-06-12T13:09:19.166611+00:00 [queued]>
[2024-06-12T13:09:32.759+0000] {taskinstance.py:2076} INFO - Dependencies all met for dep_context=requeueable deps ti=<TaskInstance: stock_prediction.preprocessing_data_task manual__2024-06-12T13:09:19.166611+00:00 [queued]>
[2024-06-12T13:09:32.760+0000] {taskinstance.py:2306} INFO - Starting attempt 1 of 2
[2024-06-12T13:09:32.772+0000] {taskinstance.py:2330} INFO - Executing <Task(PythonOperator): preprocessing_data_task> on 2024-06-12 13:09:19.166611+00:00
[2024-06-12T13:09:32.780+0000] {warnings.py:112} WARNING - /home/***/.local/lib/python3.12/site-packages/***/task/task_runner/standard_task_runner.py:61: DeprecationWarning: This process (pid=3052) is multi-threaded, use of fork() may lead to deadlocks in the child.
  pid = os.fork()

[2024-06-12T13:09:32.781+0000] {standard_task_runner.py:90} INFO - Running: ['***', 'tasks', 'run', 'stock_prediction', 'preprocessing_data_task', 'manual__2024-06-12T13:09:19.166611+00:00', '--job-id', '185', '--raw', '--subdir', 'DAGS_FOLDER/demo_***.py', '--cfg-path', '/tmp/tmpdr2u3b59']
[2024-06-12T13:09:32.781+0000] {standard_task_runner.py:63} INFO - Started process 3070 to run task
[2024-06-12T13:09:32.782+0000] {standard_task_runner.py:91} INFO - Job 185: Subtask preprocessing_data_task
[2024-06-12T13:09:32.817+0000] {task_command.py:426} INFO - Running <TaskInstance: stock_prediction.preprocessing_data_task manual__2024-06-12T13:09:19.166611+00:00 [running]> on host 33b4ab31339c
[2024-06-12T13:09:33.053+0000] {taskinstance.py:2648} INFO - Exporting env vars: AIRFLOW_CTX_DAG_OWNER='Nguyen Khoa Doan' AIRFLOW_CTX_DAG_ID='stock_prediction' AIRFLOW_CTX_TASK_ID='preprocessing_data_task' AIRFLOW_CTX_EXECUTION_DATE='2024-06-12T13:09:19.166611+00:00' AIRFLOW_CTX_TRY_NUMBER='1' AIRFLOW_CTX_DAG_RUN_ID='manual__2024-06-12T13:09:19.166611+00:00'
[2024-06-12T13:09:33.054+0000] {taskinstance.py:430} INFO - ::endgroup::
[2024-06-12T13:09:33.092+0000] {logging_mixin.py:188} INFO -          time  close
0  2014-01-02  36390
1  2014-01-03  36660
2  2014-01-06  36660
3  2014-01-07  36390
4  2014-01-08  36660
[2024-06-12T13:09:33.100+0000] {python.py:237} INFO - Done. Returned value was: None
[2024-06-12T13:09:33.101+0000] {taskinstance.py:441} INFO - ::group::Post task execution logs
[2024-06-12T13:09:33.108+0000] {taskinstance.py:1206} INFO - Marking task as SUCCESS. dag_id=stock_prediction, task_id=preprocessing_data_task, run_id=manual__2024-06-12T13:09:19.166611+00:00, execution_date=20240612T130919, start_date=20240612T130932, end_date=20240612T130933
[2024-06-12T13:09:33.158+0000] {local_task_job_runner.py:240} INFO - Task exited with return code 0
[2024-06-12T13:09:33.177+0000] {taskinstance.py:3503} INFO - 1 downstream tasks scheduled from follow-on schedule check
[2024-06-12T13:09:33.180+0000] {local_task_job_runner.py:222} INFO - ::endgroup::
