[2024-06-13T02:19:34.869+0000] {local_task_job_runner.py:120} INFO - ::group::Pre task execution logs
[2024-06-13T02:19:34.992+0000] {taskinstance.py:2076} INFO - Dependencies all met for dep_context=non-requeueable deps ti=<TaskInstance: stock_prediction.train_model_task manual__2024-06-13T02:17:55.578872+00:00 [queued]>
[2024-06-13T02:19:35.197+0000] {taskinstance.py:2076} INFO - Dependencies all met for dep_context=requeueable deps ti=<TaskInstance: stock_prediction.train_model_task manual__2024-06-13T02:17:55.578872+00:00 [queued]>
[2024-06-13T02:19:35.288+0000] {taskinstance.py:2306} INFO - Starting attempt 1 of 2
[2024-06-13T02:19:35.369+0000] {taskinstance.py:2330} INFO - Executing <Task(PythonOperator): train_model_task> on 2024-06-13 02:17:55.578872+00:00
[2024-06-13T02:19:35.391+0000] {warnings.py:112} WARNING - /home/***/.local/lib/python3.12/site-packages/***/task/task_runner/standard_task_runner.py:61: DeprecationWarning: This process (pid=1463) is multi-threaded, use of fork() may lead to deadlocks in the child.
  pid = os.fork()

[2024-06-13T02:19:35.395+0000] {standard_task_runner.py:90} INFO - Running: ['***', 'tasks', 'run', 'stock_prediction', 'train_model_task', 'manual__2024-06-13T02:17:55.578872+00:00', '--job-id', '304', '--raw', '--subdir', 'DAGS_FOLDER/demo_***.py', '--cfg-path', '/tmp/tmpevvbj4j8']
[2024-06-13T02:19:35.461+0000] {standard_task_runner.py:63} INFO - Started process 1481 to run task
[2024-06-13T02:19:35.463+0000] {standard_task_runner.py:91} INFO - Job 304: Subtask train_model_task
[2024-06-13T02:19:35.662+0000] {task_command.py:426} INFO - Running <TaskInstance: stock_prediction.train_model_task manual__2024-06-13T02:17:55.578872+00:00 [running]> on host 33b4ab31339c
[2024-06-13T02:19:35.943+0000] {taskinstance.py:2648} INFO - Exporting env vars: AIRFLOW_CTX_DAG_OWNER='Nguyen Khoa Doan' AIRFLOW_CTX_DAG_ID='stock_prediction' AIRFLOW_CTX_TASK_ID='train_model_task' AIRFLOW_CTX_EXECUTION_DATE='2024-06-13T02:17:55.578872+00:00' AIRFLOW_CTX_TRY_NUMBER='1' AIRFLOW_CTX_DAG_RUN_ID='manual__2024-06-13T02:17:55.578872+00:00'
[2024-06-13T02:19:35.946+0000] {taskinstance.py:430} INFO - ::endgroup::
[2024-06-13T02:19:36.009+0000] {logging_mixin.py:188} INFO - x_train và y_train đã được lưu vào /opt/***/data
[2024-06-13T02:19:36.179+0000] {warnings.py:112} WARNING - /home/***/.local/lib/python3.12/site-packages/keras/src/layers/rnn/rnn.py:204: UserWarning: Do not pass an `input_shape`/`input_dim` argument to a layer. When using Sequential models, prefer using an `Input(shape)` object as the first layer in the model instead.
  super().__init__(**kwargs)

[2024-06-13T02:19:36.730+0000] {logging_mixin.py:188} INFO - Epoch 1/37
[2024-06-13T02:19:47.837+0000] {logging_mixin.py:188} INFO - 
Epoch 1: loss improved from inf to 0.04694, saving model to /opt/***/data/model/save_model.keras
[2024-06-13T02:19:48.375+0000] {logging_mixin.py:188} INFO - 163/163 - 12s - 71ms/step - loss: 0.0469
[2024-06-13T02:19:48.379+0000] {logging_mixin.py:188} INFO - Epoch 2/37
[2024-06-13T02:19:52.205+0000] {logging_mixin.py:188} INFO - 
Epoch 2: loss improved from 0.04694 to 0.02768, saving model to /opt/***/data/model/save_model.keras
[2024-06-13T02:19:55.464+0000] {logging_mixin.py:188} INFO - 163/163 - 7s - 43ms/step - loss: 0.0277
[2024-06-13T02:19:55.467+0000] {logging_mixin.py:188} INFO - Epoch 3/37
[2024-06-13T02:19:59.843+0000] {logging_mixin.py:188} INFO - 
Epoch 3: loss improved from 0.02768 to 0.02625, saving model to /opt/***/data/model/save_model.keras
[2024-06-13T02:20:00.070+0000] {logging_mixin.py:188} INFO - 163/163 - 5s - 28ms/step - loss: 0.0262
[2024-06-13T02:20:00.073+0000] {logging_mixin.py:188} INFO - Epoch 4/37
[2024-06-13T02:20:04.469+0000] {logging_mixin.py:188} INFO - 
Epoch 4: loss did not improve from 0.02625
[2024-06-13T02:20:04.472+0000] {logging_mixin.py:188} INFO - 163/163 - 4s - 27ms/step - loss: 0.0287
[2024-06-13T02:20:04.475+0000] {logging_mixin.py:188} INFO - Epoch 5/37
[2024-06-13T02:20:08.496+0000] {logging_mixin.py:188} INFO - 
Epoch 5: loss improved from 0.02625 to 0.02499, saving model to /opt/***/data/model/save_model.keras
[2024-06-13T02:20:08.665+0000] {logging_mixin.py:188} INFO - 163/163 - 4s - 26ms/step - loss: 0.0250
[2024-06-13T02:20:08.667+0000] {logging_mixin.py:188} INFO - Epoch 6/37
[2024-06-13T02:20:12.871+0000] {logging_mixin.py:188} INFO - 
Epoch 6: loss improved from 0.02499 to 0.02428, saving model to /opt/***/data/model/save_model.keras
[2024-06-13T02:20:13.012+0000] {logging_mixin.py:188} INFO - 163/163 - 4s - 27ms/step - loss: 0.0243
[2024-06-13T02:20:13.015+0000] {logging_mixin.py:188} INFO - Epoch 7/37
[2024-06-13T02:20:17.183+0000] {logging_mixin.py:188} INFO - 
Epoch 7: loss improved from 0.02428 to 0.02389, saving model to /opt/***/data/model/save_model.keras
[2024-06-13T02:20:17.888+0000] {logging_mixin.py:188} INFO - 163/163 - 5s - 30ms/step - loss: 0.0239
[2024-06-13T02:20:17.890+0000] {logging_mixin.py:188} INFO - Epoch 8/37
[2024-06-13T02:20:21.792+0000] {logging_mixin.py:188} INFO - 
Epoch 8: loss improved from 0.02389 to 0.02232, saving model to /opt/***/data/model/save_model.keras
[2024-06-13T02:20:21.984+0000] {logging_mixin.py:188} INFO - 163/163 - 4s - 25ms/step - loss: 0.0223
[2024-06-13T02:20:21.987+0000] {logging_mixin.py:188} INFO - Epoch 9/37
[2024-06-13T02:20:25.974+0000] {logging_mixin.py:188} INFO - 
Epoch 9: loss did not improve from 0.02232
[2024-06-13T02:20:25.977+0000] {logging_mixin.py:188} INFO - 163/163 - 4s - 24ms/step - loss: 0.0239
[2024-06-13T02:20:25.980+0000] {logging_mixin.py:188} INFO - Epoch 10/37
[2024-06-13T02:20:30.018+0000] {logging_mixin.py:188} INFO - 
Epoch 10: loss did not improve from 0.02232
[2024-06-13T02:20:30.021+0000] {logging_mixin.py:188} INFO - 163/163 - 4s - 25ms/step - loss: 0.0226
[2024-06-13T02:20:30.023+0000] {logging_mixin.py:188} INFO - Epoch 11/37
[2024-06-13T02:20:33.993+0000] {logging_mixin.py:188} INFO - 
Epoch 11: loss improved from 0.02232 to 0.02078, saving model to /opt/***/data/model/save_model.keras
[2024-06-13T02:20:34.144+0000] {logging_mixin.py:188} INFO - 163/163 - 4s - 25ms/step - loss: 0.0208
[2024-06-13T02:20:34.147+0000] {logging_mixin.py:188} INFO - Epoch 12/37
[2024-06-13T02:20:38.420+0000] {logging_mixin.py:188} INFO - 
Epoch 12: loss did not improve from 0.02078
[2024-06-13T02:20:38.423+0000] {logging_mixin.py:188} INFO - 163/163 - 4s - 26ms/step - loss: 0.0216
[2024-06-13T02:20:38.427+0000] {logging_mixin.py:188} INFO - Epoch 13/37
[2024-06-13T02:20:42.730+0000] {logging_mixin.py:188} INFO - 
Epoch 13: loss did not improve from 0.02078
[2024-06-13T02:20:42.733+0000] {logging_mixin.py:188} INFO - 163/163 - 4s - 26ms/step - loss: 0.0212
[2024-06-13T02:20:42.736+0000] {logging_mixin.py:188} INFO - Epoch 14/37
[2024-06-13T02:20:47.472+0000] {logging_mixin.py:188} INFO - 
Epoch 14: loss improved from 0.02078 to 0.02008, saving model to /opt/***/data/model/save_model.keras
[2024-06-13T02:20:47.762+0000] {logging_mixin.py:188} INFO - 163/163 - 5s - 31ms/step - loss: 0.0201
[2024-06-13T02:20:47.902+0000] {logging_mixin.py:188} INFO - Epoch 15/37
[2024-06-13T02:20:51.868+0000] {logging_mixin.py:188} INFO - 
Epoch 15: loss improved from 0.02008 to 0.01935, saving model to /opt/***/data/model/save_model.keras
[2024-06-13T02:20:52.389+0000] {logging_mixin.py:188} INFO - 163/163 - 4s - 28ms/step - loss: 0.0193
[2024-06-13T02:20:52.393+0000] {logging_mixin.py:188} INFO - Epoch 16/37
[2024-06-13T02:20:56.531+0000] {logging_mixin.py:188} INFO - 
Epoch 16: loss improved from 0.01935 to 0.01891, saving model to /opt/***/data/model/save_model.keras
[2024-06-13T02:20:56.716+0000] {logging_mixin.py:188} INFO - 163/163 - 4s - 27ms/step - loss: 0.0189
[2024-06-13T02:20:56.719+0000] {logging_mixin.py:188} INFO - Epoch 17/37
[2024-06-13T02:21:00.689+0000] {logging_mixin.py:188} INFO - 
Epoch 17: loss improved from 0.01891 to 0.01882, saving model to /opt/***/data/model/save_model.keras
[2024-06-13T02:21:01.044+0000] {logging_mixin.py:188} INFO - 163/163 - 4s - 27ms/step - loss: 0.0188
[2024-06-13T02:21:01.057+0000] {logging_mixin.py:188} INFO - Epoch 18/37
[2024-06-13T02:21:05.009+0000] {logging_mixin.py:188} INFO - 
Epoch 18: loss did not improve from 0.01882
[2024-06-13T02:21:05.013+0000] {logging_mixin.py:188} INFO - 163/163 - 4s - 24ms/step - loss: 0.0210
[2024-06-13T02:21:05.017+0000] {logging_mixin.py:188} INFO - Epoch 19/37
[2024-06-13T02:21:08.826+0000] {logging_mixin.py:188} INFO - 
Epoch 19: loss improved from 0.01882 to 0.01839, saving model to /opt/***/data/model/save_model.keras
[2024-06-13T02:21:08.981+0000] {logging_mixin.py:188} INFO - 163/163 - 4s - 24ms/step - loss: 0.0184
[2024-06-13T02:21:09.024+0000] {logging_mixin.py:188} INFO - Epoch 20/37
[2024-06-13T02:21:13.150+0000] {logging_mixin.py:188} INFO - 
Epoch 20: loss improved from 0.01839 to 0.01809, saving model to /opt/***/data/model/save_model.keras
[2024-06-13T02:21:13.285+0000] {logging_mixin.py:188} INFO - 163/163 - 4s - 26ms/step - loss: 0.0181
[2024-06-13T02:21:13.288+0000] {logging_mixin.py:188} INFO - Epoch 21/37
[2024-06-13T02:21:17.280+0000] {logging_mixin.py:188} INFO - 
Epoch 21: loss did not improve from 0.01809
[2024-06-13T02:21:17.283+0000] {logging_mixin.py:188} INFO - 163/163 - 4s - 24ms/step - loss: 0.0182
[2024-06-13T02:21:17.310+0000] {logging_mixin.py:188} INFO - Epoch 22/37
[2024-06-13T02:21:21.999+0000] {logging_mixin.py:188} INFO - 
Epoch 22: loss did not improve from 0.01809
[2024-06-13T02:21:22.003+0000] {logging_mixin.py:188} INFO - 163/163 - 5s - 29ms/step - loss: 0.0189
[2024-06-13T02:21:22.005+0000] {logging_mixin.py:188} INFO - Epoch 23/37
[2024-06-13T02:21:26.173+0000] {logging_mixin.py:188} INFO - 
Epoch 23: loss improved from 0.01809 to 0.01778, saving model to /opt/***/data/model/save_model.keras
[2024-06-13T02:21:26.346+0000] {logging_mixin.py:188} INFO - 163/163 - 4s - 27ms/step - loss: 0.0178
[2024-06-13T02:21:26.349+0000] {logging_mixin.py:188} INFO - Epoch 24/37
[2024-06-13T02:21:30.259+0000] {logging_mixin.py:188} INFO - 
Epoch 24: loss improved from 0.01778 to 0.01677, saving model to /opt/***/data/model/save_model.keras
[2024-06-13T02:21:30.411+0000] {logging_mixin.py:188} INFO - 163/163 - 4s - 25ms/step - loss: 0.0168
[2024-06-13T02:21:30.414+0000] {logging_mixin.py:188} INFO - Epoch 25/37
[2024-06-13T02:21:34.431+0000] {logging_mixin.py:188} INFO - 
Epoch 25: loss did not improve from 0.01677
[2024-06-13T02:21:34.434+0000] {logging_mixin.py:188} INFO - 163/163 - 4s - 25ms/step - loss: 0.0175
[2024-06-13T02:21:34.437+0000] {logging_mixin.py:188} INFO - Epoch 26/37
[2024-06-13T02:21:38.299+0000] {logging_mixin.py:188} INFO - 
Epoch 26: loss did not improve from 0.01677
[2024-06-13T02:21:38.303+0000] {logging_mixin.py:188} INFO - 163/163 - 4s - 24ms/step - loss: 0.0172
[2024-06-13T02:21:38.306+0000] {logging_mixin.py:188} INFO - Epoch 27/37
[2024-06-13T02:21:42.119+0000] {logging_mixin.py:188} INFO - 
Epoch 27: loss did not improve from 0.01677
[2024-06-13T02:21:42.121+0000] {logging_mixin.py:188} INFO - 163/163 - 4s - 23ms/step - loss: 0.0170
[2024-06-13T02:21:42.124+0000] {logging_mixin.py:188} INFO - Epoch 28/37
[2024-06-13T02:21:46.000+0000] {logging_mixin.py:188} INFO - 
Epoch 28: loss did not improve from 0.01677
[2024-06-13T02:21:46.003+0000] {logging_mixin.py:188} INFO - 163/163 - 4s - 24ms/step - loss: 0.0174
[2024-06-13T02:21:46.005+0000] {logging_mixin.py:188} INFO - Epoch 29/37
[2024-06-13T02:21:49.787+0000] {logging_mixin.py:188} INFO - 
Epoch 29: loss improved from 0.01677 to 0.01594, saving model to /opt/***/data/model/save_model.keras
[2024-06-13T02:21:49.937+0000] {logging_mixin.py:188} INFO - 163/163 - 4s - 24ms/step - loss: 0.0159
[2024-06-13T02:21:49.940+0000] {logging_mixin.py:188} INFO - Epoch 30/37
[2024-06-13T02:21:53.873+0000] {logging_mixin.py:188} INFO - 
Epoch 30: loss improved from 0.01594 to 0.01582, saving model to /opt/***/data/model/save_model.keras
[2024-06-13T02:21:54.045+0000] {logging_mixin.py:188} INFO - 163/163 - 4s - 25ms/step - loss: 0.0158
[2024-06-13T02:21:54.048+0000] {logging_mixin.py:188} INFO - Epoch 31/37
[2024-06-13T02:21:57.908+0000] {logging_mixin.py:188} INFO - 
Epoch 31: loss improved from 0.01582 to 0.01569, saving model to /opt/***/data/model/save_model.keras
[2024-06-13T02:21:58.046+0000] {logging_mixin.py:188} INFO - 163/163 - 4s - 25ms/step - loss: 0.0157
[2024-06-13T02:21:58.048+0000] {logging_mixin.py:188} INFO - Epoch 32/37
[2024-06-13T02:22:02.209+0000] {logging_mixin.py:188} INFO - 
Epoch 32: loss did not improve from 0.01569
[2024-06-13T02:22:02.217+0000] {logging_mixin.py:188} INFO - 163/163 - 4s - 26ms/step - loss: 0.0159
[2024-06-13T02:22:02.312+0000] {logging_mixin.py:188} INFO - Epoch 33/37
[2024-06-13T02:22:06.512+0000] {logging_mixin.py:188} INFO - 
Epoch 33: loss improved from 0.01569 to 0.01544, saving model to /opt/***/data/model/save_model.keras
[2024-06-13T02:22:06.655+0000] {logging_mixin.py:188} INFO - 163/163 - 4s - 27ms/step - loss: 0.0154
[2024-06-13T02:22:06.658+0000] {logging_mixin.py:188} INFO - Epoch 34/37
[2024-06-13T02:22:11.020+0000] {logging_mixin.py:188} INFO - 
Epoch 34: loss did not improve from 0.01544
[2024-06-13T02:22:11.023+0000] {logging_mixin.py:188} INFO - 163/163 - 4s - 27ms/step - loss: 0.0156
[2024-06-13T02:22:11.025+0000] {logging_mixin.py:188} INFO - Epoch 35/37
[2024-06-13T02:22:14.986+0000] {logging_mixin.py:188} INFO - 
Epoch 35: loss did not improve from 0.01544
[2024-06-13T02:22:14.989+0000] {logging_mixin.py:188} INFO - 163/163 - 4s - 24ms/step - loss: 0.0162
[2024-06-13T02:22:14.991+0000] {logging_mixin.py:188} INFO - Epoch 36/37
[2024-06-13T02:22:18.846+0000] {logging_mixin.py:188} INFO - 
Epoch 36: loss did not improve from 0.01544
[2024-06-13T02:22:18.893+0000] {logging_mixin.py:188} INFO - 163/163 - 4s - 24ms/step - loss: 0.0154
[2024-06-13T02:22:18.907+0000] {logging_mixin.py:188} INFO - Epoch 37/37
[2024-06-13T02:22:23.992+0000] {logging_mixin.py:188} INFO - 
Epoch 37: loss did not improve from 0.01544
[2024-06-13T02:22:23.995+0000] {logging_mixin.py:188} INFO - 163/163 - 5s - 31ms/step - loss: 0.0157
[2024-06-13T02:22:24.000+0000] {python.py:237} INFO - Done. Returned value was: /opt/***/data/model/save_model.keras
[2024-06-13T02:22:24.001+0000] {taskinstance.py:441} INFO - ::group::Post task execution logs
[2024-06-13T02:22:24.051+0000] {taskinstance.py:1206} INFO - Marking task as SUCCESS. dag_id=stock_prediction, task_id=train_model_task, run_id=manual__2024-06-13T02:17:55.578872+00:00, execution_date=20240613T021755, start_date=20240613T021935, end_date=20240613T022224
[2024-06-13T02:22:24.146+0000] {local_task_job_runner.py:240} INFO - Task exited with return code 0
[2024-06-13T02:22:24.169+0000] {local_task_job_runner.py:222} INFO - ::endgroup::
