[2024-06-13T16:11:28.679+0000] {local_task_job_runner.py:120} INFO - ::group::Pre task execution logs
[2024-06-13T16:11:28.696+0000] {taskinstance.py:2076} INFO - Dependencies all met for dep_context=non-requeueable deps ti=<TaskInstance: stock_prediction.train_model_task manual__2024-06-13T16:11:00.985266+00:00 [queued]>
[2024-06-13T16:11:28.704+0000] {taskinstance.py:2076} INFO - Dependencies all met for dep_context=requeueable deps ti=<TaskInstance: stock_prediction.train_model_task manual__2024-06-13T16:11:00.985266+00:00 [queued]>
[2024-06-13T16:11:28.705+0000] {taskinstance.py:2306} INFO - Starting attempt 1 of 2
[2024-06-13T16:11:28.719+0000] {taskinstance.py:2330} INFO - Executing <Task(PythonOperator): train_model_task> on 2024-06-13 16:11:00.985266+00:00
[2024-06-13T16:11:28.728+0000] {warnings.py:112} WARNING - /home/***/.local/lib/python3.12/site-packages/***/task/task_runner/standard_task_runner.py:61: DeprecationWarning: This process (pid=29071) is multi-threaded, use of fork() may lead to deadlocks in the child.
  pid = os.fork()

[2024-06-13T16:11:28.731+0000] {standard_task_runner.py:63} INFO - Started process 29089 to run task
[2024-06-13T16:11:28.731+0000] {standard_task_runner.py:90} INFO - Running: ['***', 'tasks', 'run', 'stock_prediction', 'train_model_task', 'manual__2024-06-13T16:11:00.985266+00:00', '--job-id', '551', '--raw', '--subdir', 'DAGS_FOLDER/demo_***.py', '--cfg-path', '/tmp/tmp4kpw10jh']
[2024-06-13T16:11:28.732+0000] {standard_task_runner.py:91} INFO - Job 551: Subtask train_model_task
[2024-06-13T16:11:28.769+0000] {task_command.py:426} INFO - Running <TaskInstance: stock_prediction.train_model_task manual__2024-06-13T16:11:00.985266+00:00 [running]> on host 33b4ab31339c
[2024-06-13T16:11:28.830+0000] {taskinstance.py:2648} INFO - Exporting env vars: AIRFLOW_CTX_DAG_OWNER='Nguyen Khoa Doan' AIRFLOW_CTX_DAG_ID='stock_prediction' AIRFLOW_CTX_TASK_ID='train_model_task' AIRFLOW_CTX_EXECUTION_DATE='2024-06-13T16:11:00.985266+00:00' AIRFLOW_CTX_TRY_NUMBER='1' AIRFLOW_CTX_DAG_RUN_ID='manual__2024-06-13T16:11:00.985266+00:00'
[2024-06-13T16:11:28.831+0000] {taskinstance.py:430} INFO - ::endgroup::
[2024-06-13T16:11:28.900+0000] {warnings.py:112} WARNING - /home/***/.local/lib/python3.12/site-packages/keras/src/layers/rnn/rnn.py:204: UserWarning: Do not pass an `input_shape`/`input_dim` argument to a layer. When using Sequential models, prefer using an `Input(shape)` object as the first layer in the model instead.
  super().__init__(**kwargs)

[2024-06-13T16:11:29.096+0000] {logging_mixin.py:188} INFO - Epoch 1/37
[2024-06-13T16:11:31.706+0000] {logging_mixin.py:188} INFO - 
Epoch 1: loss improved from inf to 0.05357, saving model to /opt/***/data/model/save_model.keras
[2024-06-13T16:11:31.765+0000] {logging_mixin.py:188} INFO - 130/130 - 3s - 21ms/step - loss: 0.0536
[2024-06-13T16:11:31.767+0000] {logging_mixin.py:188} INFO - Epoch 2/37
[2024-06-13T16:11:32.810+0000] {logging_mixin.py:188} INFO - 
Epoch 2: loss improved from 0.05357 to 0.02782, saving model to /opt/***/data/model/save_model.keras
[2024-06-13T16:11:32.865+0000] {logging_mixin.py:188} INFO - 130/130 - 1s - 8ms/step - loss: 0.0278
[2024-06-13T16:11:32.866+0000] {logging_mixin.py:188} INFO - Epoch 3/37
[2024-06-13T16:11:33.905+0000] {logging_mixin.py:188} INFO - 
Epoch 3: loss did not improve from 0.02782
[2024-06-13T16:11:33.906+0000] {logging_mixin.py:188} INFO - 130/130 - 1s - 8ms/step - loss: 0.0297
[2024-06-13T16:11:33.907+0000] {logging_mixin.py:188} INFO - Epoch 4/37
[2024-06-13T16:11:34.994+0000] {logging_mixin.py:188} INFO - 
Epoch 4: loss did not improve from 0.02782
[2024-06-13T16:11:34.995+0000] {logging_mixin.py:188} INFO - 130/130 - 1s - 8ms/step - loss: 0.0284
[2024-06-13T16:11:34.996+0000] {logging_mixin.py:188} INFO - Epoch 5/37
[2024-06-13T16:11:35.995+0000] {logging_mixin.py:188} INFO - 
Epoch 5: loss improved from 0.02782 to 0.02470, saving model to /opt/***/data/model/save_model.keras
[2024-06-13T16:11:36.039+0000] {logging_mixin.py:188} INFO - 130/130 - 1s - 8ms/step - loss: 0.0247
[2024-06-13T16:11:36.041+0000] {logging_mixin.py:188} INFO - Epoch 6/37
[2024-06-13T16:11:37.008+0000] {logging_mixin.py:188} INFO - 
Epoch 6: loss did not improve from 0.02470
[2024-06-13T16:11:37.009+0000] {logging_mixin.py:188} INFO - 130/130 - 1s - 7ms/step - loss: 0.0268
[2024-06-13T16:11:37.010+0000] {logging_mixin.py:188} INFO - Epoch 7/37
[2024-06-13T16:11:38.014+0000] {logging_mixin.py:188} INFO - 
Epoch 7: loss did not improve from 0.02470
[2024-06-13T16:11:38.015+0000] {logging_mixin.py:188} INFO - 130/130 - 1s - 8ms/step - loss: 0.0278
[2024-06-13T16:11:38.016+0000] {logging_mixin.py:188} INFO - Epoch 8/37
[2024-06-13T16:11:38.959+0000] {logging_mixin.py:188} INFO - 
Epoch 8: loss did not improve from 0.02470
[2024-06-13T16:11:38.960+0000] {logging_mixin.py:188} INFO - 130/130 - 1s - 7ms/step - loss: 0.0255
[2024-06-13T16:11:38.961+0000] {logging_mixin.py:188} INFO - Epoch 9/37
[2024-06-13T16:11:39.977+0000] {logging_mixin.py:188} INFO - 
Epoch 9: loss improved from 0.02470 to 0.02302, saving model to /opt/***/data/model/save_model.keras
[2024-06-13T16:11:40.035+0000] {logging_mixin.py:188} INFO - 130/130 - 1s - 8ms/step - loss: 0.0230
[2024-06-13T16:11:40.036+0000] {logging_mixin.py:188} INFO - Epoch 10/37
[2024-06-13T16:11:41.460+0000] {logging_mixin.py:188} INFO - 
Epoch 10: loss improved from 0.02302 to 0.02288, saving model to /opt/***/data/model/save_model.keras
[2024-06-13T16:11:41.523+0000] {logging_mixin.py:188} INFO - 130/130 - 1s - 11ms/step - loss: 0.0229
[2024-06-13T16:11:41.524+0000] {logging_mixin.py:188} INFO - Epoch 11/37
[2024-06-13T16:11:42.750+0000] {logging_mixin.py:188} INFO - 
Epoch 11: loss did not improve from 0.02288
[2024-06-13T16:11:42.751+0000] {logging_mixin.py:188} INFO - 130/130 - 1s - 9ms/step - loss: 0.0236
[2024-06-13T16:11:42.752+0000] {logging_mixin.py:188} INFO - Epoch 12/37
[2024-06-13T16:11:43.971+0000] {logging_mixin.py:188} INFO - 
Epoch 12: loss did not improve from 0.02288
[2024-06-13T16:11:43.973+0000] {logging_mixin.py:188} INFO - 130/130 - 1s - 9ms/step - loss: 0.0254
[2024-06-13T16:11:43.974+0000] {logging_mixin.py:188} INFO - Epoch 13/37
[2024-06-13T16:11:45.281+0000] {logging_mixin.py:188} INFO - 
Epoch 13: loss improved from 0.02288 to 0.02281, saving model to /opt/***/data/model/save_model.keras
[2024-06-13T16:11:45.346+0000] {logging_mixin.py:188} INFO - 130/130 - 1s - 11ms/step - loss: 0.0228
[2024-06-13T16:11:45.347+0000] {logging_mixin.py:188} INFO - Epoch 14/37
[2024-06-13T16:11:46.584+0000] {logging_mixin.py:188} INFO - 
Epoch 14: loss did not improve from 0.02281
[2024-06-13T16:11:46.586+0000] {logging_mixin.py:188} INFO - 130/130 - 1s - 10ms/step - loss: 0.0255
[2024-06-13T16:11:46.587+0000] {logging_mixin.py:188} INFO - Epoch 15/37
[2024-06-13T16:11:47.753+0000] {logging_mixin.py:188} INFO - 
Epoch 15: loss improved from 0.02281 to 0.02261, saving model to /opt/***/data/model/save_model.keras
[2024-06-13T16:11:47.810+0000] {logging_mixin.py:188} INFO - 130/130 - 1s - 9ms/step - loss: 0.0226
[2024-06-13T16:11:47.811+0000] {logging_mixin.py:188} INFO - Epoch 16/37
[2024-06-13T16:11:48.846+0000] {logging_mixin.py:188} INFO - 
Epoch 16: loss improved from 0.02261 to 0.02248, saving model to /opt/***/data/model/save_model.keras
[2024-06-13T16:11:48.897+0000] {logging_mixin.py:188} INFO - 130/130 - 1s - 8ms/step - loss: 0.0225
[2024-06-13T16:11:48.898+0000] {logging_mixin.py:188} INFO - Epoch 17/37
[2024-06-13T16:11:50.139+0000] {logging_mixin.py:188} INFO - 
Epoch 17: loss did not improve from 0.02248
[2024-06-13T16:11:50.140+0000] {logging_mixin.py:188} INFO - 130/130 - 1s - 10ms/step - loss: 0.0228
[2024-06-13T16:11:50.141+0000] {logging_mixin.py:188} INFO - Epoch 18/37
[2024-06-13T16:11:51.168+0000] {logging_mixin.py:188} INFO - 
Epoch 18: loss improved from 0.02248 to 0.02108, saving model to /opt/***/data/model/save_model.keras
[2024-06-13T16:11:51.233+0000] {logging_mixin.py:188} INFO - 130/130 - 1s - 8ms/step - loss: 0.0211
[2024-06-13T16:11:51.235+0000] {logging_mixin.py:188} INFO - Epoch 19/37
[2024-06-13T16:11:52.451+0000] {logging_mixin.py:188} INFO - 
Epoch 19: loss improved from 0.02108 to 0.02097, saving model to /opt/***/data/model/save_model.keras
[2024-06-13T16:11:52.519+0000] {logging_mixin.py:188} INFO - 130/130 - 1s - 10ms/step - loss: 0.0210
[2024-06-13T16:11:52.520+0000] {logging_mixin.py:188} INFO - Epoch 20/37
[2024-06-13T16:11:53.654+0000] {logging_mixin.py:188} INFO - 
Epoch 20: loss improved from 0.02097 to 0.01930, saving model to /opt/***/data/model/save_model.keras
[2024-06-13T16:11:53.711+0000] {logging_mixin.py:188} INFO - 130/130 - 1s - 9ms/step - loss: 0.0193
[2024-06-13T16:11:53.712+0000] {logging_mixin.py:188} INFO - Epoch 21/37
[2024-06-13T16:11:54.825+0000] {logging_mixin.py:188} INFO - 
Epoch 21: loss did not improve from 0.01930
[2024-06-13T16:11:54.827+0000] {logging_mixin.py:188} INFO - 130/130 - 1s - 9ms/step - loss: 0.0203
[2024-06-13T16:11:54.828+0000] {logging_mixin.py:188} INFO - Epoch 22/37
[2024-06-13T16:11:55.798+0000] {logging_mixin.py:188} INFO - 
Epoch 22: loss did not improve from 0.01930
[2024-06-13T16:11:55.799+0000] {logging_mixin.py:188} INFO - 130/130 - 1s - 7ms/step - loss: 0.0195
[2024-06-13T16:11:55.800+0000] {logging_mixin.py:188} INFO - Epoch 23/37
[2024-06-13T16:11:56.849+0000] {logging_mixin.py:188} INFO - 
Epoch 23: loss did not improve from 0.01930
[2024-06-13T16:11:56.851+0000] {logging_mixin.py:188} INFO - 130/130 - 1s - 8ms/step - loss: 0.0196
[2024-06-13T16:11:56.852+0000] {logging_mixin.py:188} INFO - Epoch 24/37
[2024-06-13T16:11:57.852+0000] {logging_mixin.py:188} INFO - 
Epoch 24: loss improved from 0.01930 to 0.01903, saving model to /opt/***/data/model/save_model.keras
[2024-06-13T16:11:57.914+0000] {logging_mixin.py:188} INFO - 130/130 - 1s - 8ms/step - loss: 0.0190
[2024-06-13T16:11:57.914+0000] {logging_mixin.py:188} INFO - Epoch 25/37
[2024-06-13T16:11:58.996+0000] {logging_mixin.py:188} INFO - 
Epoch 25: loss did not improve from 0.01903
[2024-06-13T16:11:58.998+0000] {logging_mixin.py:188} INFO - 130/130 - 1s - 8ms/step - loss: 0.0191
[2024-06-13T16:11:58.998+0000] {logging_mixin.py:188} INFO - Epoch 26/37
[2024-06-13T16:12:00.057+0000] {logging_mixin.py:188} INFO - 
Epoch 26: loss did not improve from 0.01903
[2024-06-13T16:12:00.058+0000] {logging_mixin.py:188} INFO - 130/130 - 1s - 8ms/step - loss: 0.0192
[2024-06-13T16:12:00.059+0000] {logging_mixin.py:188} INFO - Epoch 27/37
[2024-06-13T16:12:01.184+0000] {logging_mixin.py:188} INFO - 
Epoch 27: loss did not improve from 0.01903
[2024-06-13T16:12:01.196+0000] {logging_mixin.py:188} INFO - 130/130 - 1s - 9ms/step - loss: 0.0192
[2024-06-13T16:12:01.206+0000] {logging_mixin.py:188} INFO - Epoch 28/37
[2024-06-13T16:12:02.302+0000] {logging_mixin.py:188} INFO - 
Epoch 28: loss improved from 0.01903 to 0.01886, saving model to /opt/***/data/model/save_model.keras
[2024-06-13T16:12:02.359+0000] {logging_mixin.py:188} INFO - 130/130 - 1s - 9ms/step - loss: 0.0189
[2024-06-13T16:12:02.360+0000] {logging_mixin.py:188} INFO - Epoch 29/37
[2024-06-13T16:12:03.334+0000] {logging_mixin.py:188} INFO - 
Epoch 29: loss did not improve from 0.01886
[2024-06-13T16:12:03.335+0000] {logging_mixin.py:188} INFO - 130/130 - 1s - 7ms/step - loss: 0.0193
[2024-06-13T16:12:03.336+0000] {logging_mixin.py:188} INFO - Epoch 30/37
[2024-06-13T16:12:04.427+0000] {logging_mixin.py:188} INFO - 
Epoch 30: loss did not improve from 0.01886
[2024-06-13T16:12:04.428+0000] {logging_mixin.py:188} INFO - 130/130 - 1s - 8ms/step - loss: 0.0190
[2024-06-13T16:12:04.429+0000] {logging_mixin.py:188} INFO - Epoch 31/37
[2024-06-13T16:12:05.445+0000] {logging_mixin.py:188} INFO - 
Epoch 31: loss did not improve from 0.01886
[2024-06-13T16:12:05.447+0000] {logging_mixin.py:188} INFO - 130/130 - 1s - 8ms/step - loss: 0.0192
[2024-06-13T16:12:05.448+0000] {logging_mixin.py:188} INFO - Epoch 32/37
[2024-06-13T16:12:06.472+0000] {logging_mixin.py:188} INFO - 
Epoch 32: loss did not improve from 0.01886
[2024-06-13T16:12:06.473+0000] {logging_mixin.py:188} INFO - 130/130 - 1s - 8ms/step - loss: 0.0191
[2024-06-13T16:12:06.474+0000] {logging_mixin.py:188} INFO - Epoch 33/37
[2024-06-13T16:12:07.515+0000] {logging_mixin.py:188} INFO - 
Epoch 33: loss improved from 0.01886 to 0.01769, saving model to /opt/***/data/model/save_model.keras
[2024-06-13T16:12:07.572+0000] {logging_mixin.py:188} INFO - 130/130 - 1s - 8ms/step - loss: 0.0177
[2024-06-13T16:12:07.573+0000] {logging_mixin.py:188} INFO - Epoch 34/37
[2024-06-13T16:12:08.542+0000] {logging_mixin.py:188} INFO - 
Epoch 34: loss improved from 0.01769 to 0.01752, saving model to /opt/***/data/model/save_model.keras
[2024-06-13T16:12:08.597+0000] {logging_mixin.py:188} INFO - 130/130 - 1s - 8ms/step - loss: 0.0175
[2024-06-13T16:12:08.598+0000] {logging_mixin.py:188} INFO - Epoch 35/37
[2024-06-13T16:12:09.572+0000] {logging_mixin.py:188} INFO - 
Epoch 35: loss did not improve from 0.01752
[2024-06-13T16:12:09.573+0000] {logging_mixin.py:188} INFO - 130/130 - 1s - 7ms/step - loss: 0.0178
[2024-06-13T16:12:09.574+0000] {logging_mixin.py:188} INFO - Epoch 36/37
[2024-06-13T16:12:10.566+0000] {logging_mixin.py:188} INFO - 
Epoch 36: loss improved from 0.01752 to 0.01729, saving model to /opt/***/data/model/save_model.keras
[2024-06-13T16:12:10.633+0000] {logging_mixin.py:188} INFO - 130/130 - 1s - 8ms/step - loss: 0.0173
[2024-06-13T16:12:10.634+0000] {logging_mixin.py:188} INFO - Epoch 37/37
[2024-06-13T16:12:11.670+0000] {logging_mixin.py:188} INFO - 
Epoch 37: loss did not improve from 0.01729
[2024-06-13T16:12:11.672+0000] {logging_mixin.py:188} INFO - 130/130 - 1s - 8ms/step - loss: 0.0174
[2024-06-13T16:12:11.899+0000] {python.py:237} INFO - Done. Returned value was: /opt/***/data/model/save_model.keras
[2024-06-13T16:12:11.900+0000] {taskinstance.py:441} INFO - ::group::Post task execution logs
[2024-06-13T16:12:11.916+0000] {taskinstance.py:1206} INFO - Marking task as SUCCESS. dag_id=stock_prediction, task_id=train_model_task, run_id=manual__2024-06-13T16:11:00.985266+00:00, execution_date=20240613T161100, start_date=20240613T161128, end_date=20240613T161211
[2024-06-13T16:12:11.982+0000] {local_task_job_runner.py:240} INFO - Task exited with return code 0
[2024-06-13T16:12:12.023+0000] {taskinstance.py:3503} INFO - 1 downstream tasks scheduled from follow-on schedule check
[2024-06-13T16:12:12.030+0000] {local_task_job_runner.py:222} INFO - ::endgroup::
