[2024-06-12T14:05:48.772+0000] {local_task_job_runner.py:120} INFO - ::group::Pre task execution logs
[2024-06-12T14:05:48.794+0000] {taskinstance.py:2076} INFO - Dependencies all met for dep_context=non-requeueable deps ti=<TaskInstance: stock_prediction.training_task manual__2024-06-12T14:05:33.585908+00:00 [queued]>
[2024-06-12T14:05:48.801+0000] {taskinstance.py:2076} INFO - Dependencies all met for dep_context=requeueable deps ti=<TaskInstance: stock_prediction.training_task manual__2024-06-12T14:05:33.585908+00:00 [queued]>
[2024-06-12T14:05:48.802+0000] {taskinstance.py:2306} INFO - Starting attempt 1 of 2
[2024-06-12T14:05:48.824+0000] {taskinstance.py:2330} INFO - Executing <Task(PythonOperator): training_task> on 2024-06-12 14:05:33.585908+00:00
[2024-06-12T14:05:48.831+0000] {warnings.py:112} WARNING - /home/***/.local/lib/python3.12/site-packages/***/task/task_runner/standard_task_runner.py:61: DeprecationWarning: This process (pid=4405) is multi-threaded, use of fork() may lead to deadlocks in the child.
  pid = os.fork()

[2024-06-12T14:05:48.834+0000] {standard_task_runner.py:63} INFO - Started process 4423 to run task
[2024-06-12T14:05:48.834+0000] {standard_task_runner.py:90} INFO - Running: ['***', 'tasks', 'run', 'stock_prediction', 'training_task', 'manual__2024-06-12T14:05:33.585908+00:00', '--job-id', '214', '--raw', '--subdir', 'DAGS_FOLDER/demo_***.py', '--cfg-path', '/tmp/tmphx8o7ylf']
[2024-06-12T14:05:48.836+0000] {standard_task_runner.py:91} INFO - Job 214: Subtask training_task
[2024-06-12T14:05:48.920+0000] {task_command.py:426} INFO - Running <TaskInstance: stock_prediction.training_task manual__2024-06-12T14:05:33.585908+00:00 [running]> on host 33b4ab31339c
[2024-06-12T14:05:49.193+0000] {taskinstance.py:2648} INFO - Exporting env vars: AIRFLOW_CTX_DAG_OWNER='Nguyen Khoa Doan' AIRFLOW_CTX_DAG_ID='stock_prediction' AIRFLOW_CTX_TASK_ID='training_task' AIRFLOW_CTX_EXECUTION_DATE='2024-06-12T14:05:33.585908+00:00' AIRFLOW_CTX_TRY_NUMBER='1' AIRFLOW_CTX_DAG_RUN_ID='manual__2024-06-12T14:05:33.585908+00:00'
[2024-06-12T14:05:49.194+0000] {taskinstance.py:430} INFO - ::endgroup::
[2024-06-12T14:05:49.201+0000] {logging_mixin.py:188} INFO - [[36390.]
 [36660.]
 [36660.]
 ...
 [67200.]
 [66500.]
 [67000.]]
[2024-06-12T14:05:49.214+0000] {logging_mixin.py:188} INFO - [[0.06652587]
 [0.06969377]
 [0.06969377]
 ...
 [0.4280183 ]
 [0.41980523]
 [0.42567171]]
[2024-06-12T14:05:49.216+0000] {python.py:237} INFO - Done. Returned value was: None
[2024-06-12T14:05:49.217+0000] {taskinstance.py:441} INFO - ::group::Post task execution logs
[2024-06-12T14:05:49.227+0000] {taskinstance.py:1206} INFO - Marking task as SUCCESS. dag_id=stock_prediction, task_id=training_task, run_id=manual__2024-06-12T14:05:33.585908+00:00, execution_date=20240612T140533, start_date=20240612T140548, end_date=20240612T140549
[2024-06-12T14:05:49.291+0000] {local_task_job_runner.py:240} INFO - Task exited with return code 0
[2024-06-12T14:05:49.334+0000] {taskinstance.py:3503} INFO - 1 downstream tasks scheduled from follow-on schedule check
[2024-06-12T14:05:49.349+0000] {local_task_job_runner.py:222} INFO - ::endgroup::
