[2024-06-13T10:23:07.910+0000] {local_task_job_runner.py:120} INFO - ::group::Pre task execution logs
[2024-06-13T10:23:07.929+0000] {taskinstance.py:2076} INFO - Dependencies all met for dep_context=non-requeueable deps ti=<TaskInstance: stock_prediction.train_model_task manual__2024-06-13T10:22:37.859996+00:00 [queued]>
[2024-06-13T10:23:07.936+0000] {taskinstance.py:2076} INFO - Dependencies all met for dep_context=requeueable deps ti=<TaskInstance: stock_prediction.train_model_task manual__2024-06-13T10:22:37.859996+00:00 [queued]>
[2024-06-13T10:23:07.936+0000] {taskinstance.py:2306} INFO - Starting attempt 1 of 2
[2024-06-13T10:23:07.947+0000] {taskinstance.py:2330} INFO - Executing <Task(PythonOperator): train_model_task> on 2024-06-13 10:22:37.859996+00:00
[2024-06-13T10:23:07.956+0000] {warnings.py:112} WARNING - /home/***/.local/lib/python3.12/site-packages/***/task/task_runner/standard_task_runner.py:61: DeprecationWarning: This process (pid=9060) is multi-threaded, use of fork() may lead to deadlocks in the child.
  pid = os.fork()

[2024-06-13T10:23:07.957+0000] {standard_task_runner.py:63} INFO - Started process 9078 to run task
[2024-06-13T10:23:07.957+0000] {standard_task_runner.py:90} INFO - Running: ['***', 'tasks', 'run', 'stock_prediction', 'train_model_task', 'manual__2024-06-13T10:22:37.859996+00:00', '--job-id', '417', '--raw', '--subdir', 'DAGS_FOLDER/demo_***.py', '--cfg-path', '/tmp/tmpp0n19ure']
[2024-06-13T10:23:07.958+0000] {standard_task_runner.py:91} INFO - Job 417: Subtask train_model_task
[2024-06-13T10:23:07.995+0000] {task_command.py:426} INFO - Running <TaskInstance: stock_prediction.train_model_task manual__2024-06-13T10:22:37.859996+00:00 [running]> on host 33b4ab31339c
[2024-06-13T10:23:08.098+0000] {taskinstance.py:2648} INFO - Exporting env vars: AIRFLOW_CTX_DAG_OWNER='Nguyen Khoa Doan' AIRFLOW_CTX_DAG_ID='stock_prediction' AIRFLOW_CTX_TASK_ID='train_model_task' AIRFLOW_CTX_EXECUTION_DATE='2024-06-13T10:22:37.859996+00:00' AIRFLOW_CTX_TRY_NUMBER='1' AIRFLOW_CTX_DAG_RUN_ID='manual__2024-06-13T10:22:37.859996+00:00'
[2024-06-13T10:23:08.099+0000] {taskinstance.py:430} INFO - ::endgroup::
[2024-06-13T10:23:08.121+0000] {logging_mixin.py:188} INFO - x_train và y_train đã được lưu vào /opt/***/data
[2024-06-13T10:23:08.159+0000] {warnings.py:112} WARNING - /home/***/.local/lib/python3.12/site-packages/keras/src/layers/rnn/rnn.py:204: UserWarning: Do not pass an `input_shape`/`input_dim` argument to a layer. When using Sequential models, prefer using an `Input(shape)` object as the first layer in the model instead.
  super().__init__(**kwargs)

[2024-06-13T10:23:08.480+0000] {logging_mixin.py:188} INFO - Epoch 1/37
[2024-06-13T10:23:11.712+0000] {logging_mixin.py:188} INFO - 
Epoch 1: loss improved from inf to 0.04828, saving model to /opt/***/data/model/save_model.keras
[2024-06-13T10:23:11.793+0000] {logging_mixin.py:188} INFO - 130/130 - 3s - 25ms/step - loss: 0.0483
[2024-06-13T10:23:11.794+0000] {logging_mixin.py:188} INFO - Epoch 2/37
[2024-06-13T10:23:12.787+0000] {logging_mixin.py:188} INFO - 
Epoch 2: loss improved from 0.04828 to 0.02802, saving model to /opt/***/data/model/save_model.keras
[2024-06-13T10:23:12.844+0000] {logging_mixin.py:188} INFO - 130/130 - 1s - 8ms/step - loss: 0.0280
[2024-06-13T10:23:12.845+0000] {logging_mixin.py:188} INFO - Epoch 3/37
[2024-06-13T10:23:13.916+0000] {logging_mixin.py:188} INFO - 
Epoch 3: loss improved from 0.02802 to 0.02787, saving model to /opt/***/data/model/save_model.keras
[2024-06-13T10:23:13.960+0000] {logging_mixin.py:188} INFO - 130/130 - 1s - 9ms/step - loss: 0.0279
[2024-06-13T10:23:13.961+0000] {logging_mixin.py:188} INFO - Epoch 4/37
[2024-06-13T10:23:15.018+0000] {logging_mixin.py:188} INFO - 
Epoch 4: loss improved from 0.02787 to 0.02730, saving model to /opt/***/data/model/save_model.keras
[2024-06-13T10:23:15.077+0000] {logging_mixin.py:188} INFO - 130/130 - 1s - 9ms/step - loss: 0.0273
[2024-06-13T10:23:15.078+0000] {logging_mixin.py:188} INFO - Epoch 5/37
[2024-06-13T10:23:16.121+0000] {logging_mixin.py:188} INFO - 
Epoch 5: loss did not improve from 0.02730
[2024-06-13T10:23:16.123+0000] {logging_mixin.py:188} INFO - 130/130 - 1s - 8ms/step - loss: 0.0283
[2024-06-13T10:23:16.123+0000] {logging_mixin.py:188} INFO - Epoch 6/37
[2024-06-13T10:23:17.188+0000] {logging_mixin.py:188} INFO - 
Epoch 6: loss did not improve from 0.02730
[2024-06-13T10:23:17.189+0000] {logging_mixin.py:188} INFO - 130/130 - 1s - 8ms/step - loss: 0.0275
[2024-06-13T10:23:17.190+0000] {logging_mixin.py:188} INFO - Epoch 7/37
[2024-06-13T10:23:18.267+0000] {logging_mixin.py:188} INFO - 
Epoch 7: loss improved from 0.02730 to 0.02517, saving model to /opt/***/data/model/save_model.keras
[2024-06-13T10:23:18.326+0000] {logging_mixin.py:188} INFO - 130/130 - 1s - 9ms/step - loss: 0.0252
[2024-06-13T10:23:18.327+0000] {logging_mixin.py:188} INFO - Epoch 8/37
[2024-06-13T10:23:19.378+0000] {logging_mixin.py:188} INFO - 
Epoch 8: loss improved from 0.02517 to 0.02417, saving model to /opt/***/data/model/save_model.keras
[2024-06-13T10:23:19.613+0000] {logging_mixin.py:188} INFO - 130/130 - 1s - 10ms/step - loss: 0.0242
[2024-06-13T10:23:19.615+0000] {logging_mixin.py:188} INFO - Epoch 9/37
[2024-06-13T10:23:20.683+0000] {logging_mixin.py:188} INFO - 
Epoch 9: loss improved from 0.02417 to 0.02354, saving model to /opt/***/data/model/save_model.keras
[2024-06-13T10:23:20.769+0000] {logging_mixin.py:188} INFO - 130/130 - 1s - 9ms/step - loss: 0.0235
[2024-06-13T10:23:20.771+0000] {logging_mixin.py:188} INFO - Epoch 10/37
[2024-06-13T10:23:21.769+0000] {logging_mixin.py:188} INFO - 
Epoch 10: loss did not improve from 0.02354
[2024-06-13T10:23:21.770+0000] {logging_mixin.py:188} INFO - 130/130 - 1s - 8ms/step - loss: 0.0238
[2024-06-13T10:23:21.771+0000] {logging_mixin.py:188} INFO - Epoch 11/37
[2024-06-13T10:23:22.830+0000] {logging_mixin.py:188} INFO - 
Epoch 11: loss improved from 0.02354 to 0.02352, saving model to /opt/***/data/model/save_model.keras
[2024-06-13T10:23:22.880+0000] {logging_mixin.py:188} INFO - 130/130 - 1s - 9ms/step - loss: 0.0235
[2024-06-13T10:23:22.881+0000] {logging_mixin.py:188} INFO - Epoch 12/37
[2024-06-13T10:23:23.931+0000] {logging_mixin.py:188} INFO - 
Epoch 12: loss did not improve from 0.02352
[2024-06-13T10:23:23.933+0000] {logging_mixin.py:188} INFO - 130/130 - 1s - 8ms/step - loss: 0.0244
[2024-06-13T10:23:23.934+0000] {logging_mixin.py:188} INFO - Epoch 13/37
[2024-06-13T10:23:24.983+0000] {logging_mixin.py:188} INFO - 
Epoch 13: loss improved from 0.02352 to 0.02262, saving model to /opt/***/data/model/save_model.keras
[2024-06-13T10:23:25.033+0000] {logging_mixin.py:188} INFO - 130/130 - 1s - 8ms/step - loss: 0.0226
[2024-06-13T10:23:25.034+0000] {logging_mixin.py:188} INFO - Epoch 14/37
[2024-06-13T10:23:26.064+0000] {logging_mixin.py:188} INFO - 
Epoch 14: loss improved from 0.02262 to 0.02224, saving model to /opt/***/data/model/save_model.keras
[2024-06-13T10:23:26.130+0000] {logging_mixin.py:188} INFO - 130/130 - 1s - 8ms/step - loss: 0.0222
[2024-06-13T10:23:26.132+0000] {logging_mixin.py:188} INFO - Epoch 15/37
[2024-06-13T10:23:27.181+0000] {logging_mixin.py:188} INFO - 
Epoch 15: loss did not improve from 0.02224
[2024-06-13T10:23:27.183+0000] {logging_mixin.py:188} INFO - 130/130 - 1s - 8ms/step - loss: 0.0237
[2024-06-13T10:23:27.184+0000] {logging_mixin.py:188} INFO - Epoch 16/37
[2024-06-13T10:23:28.270+0000] {logging_mixin.py:188} INFO - 
Epoch 16: loss did not improve from 0.02224
[2024-06-13T10:23:28.271+0000] {logging_mixin.py:188} INFO - 130/130 - 1s - 8ms/step - loss: 0.0244
[2024-06-13T10:23:28.272+0000] {logging_mixin.py:188} INFO - Epoch 17/37
[2024-06-13T10:23:29.258+0000] {logging_mixin.py:188} INFO - 
Epoch 17: loss did not improve from 0.02224
[2024-06-13T10:23:29.259+0000] {logging_mixin.py:188} INFO - 130/130 - 1s - 8ms/step - loss: 0.0230
[2024-06-13T10:23:29.260+0000] {logging_mixin.py:188} INFO - Epoch 18/37
[2024-06-13T10:23:30.285+0000] {logging_mixin.py:188} INFO - 
Epoch 18: loss improved from 0.02224 to 0.02144, saving model to /opt/***/data/model/save_model.keras
[2024-06-13T10:23:30.349+0000] {logging_mixin.py:188} INFO - 130/130 - 1s - 8ms/step - loss: 0.0214
[2024-06-13T10:23:30.351+0000] {logging_mixin.py:188} INFO - Epoch 19/37
[2024-06-13T10:23:31.364+0000] {logging_mixin.py:188} INFO - 
Epoch 19: loss improved from 0.02144 to 0.02120, saving model to /opt/***/data/model/save_model.keras
[2024-06-13T10:23:31.425+0000] {logging_mixin.py:188} INFO - 130/130 - 1s - 8ms/step - loss: 0.0212
[2024-06-13T10:23:31.426+0000] {logging_mixin.py:188} INFO - Epoch 20/37
[2024-06-13T10:23:32.442+0000] {logging_mixin.py:188} INFO - 
Epoch 20: loss improved from 0.02120 to 0.02021, saving model to /opt/***/data/model/save_model.keras
[2024-06-13T10:23:32.495+0000] {logging_mixin.py:188} INFO - 130/130 - 1s - 8ms/step - loss: 0.0202
[2024-06-13T10:23:32.497+0000] {logging_mixin.py:188} INFO - Epoch 21/37
[2024-06-13T10:23:33.439+0000] {logging_mixin.py:188} INFO - 
Epoch 21: loss did not improve from 0.02021
[2024-06-13T10:23:33.440+0000] {logging_mixin.py:188} INFO - 130/130 - 1s - 7ms/step - loss: 0.0221
[2024-06-13T10:23:33.441+0000] {logging_mixin.py:188} INFO - Epoch 22/37
[2024-06-13T10:23:34.455+0000] {logging_mixin.py:188} INFO - 
Epoch 22: loss improved from 0.02021 to 0.01914, saving model to /opt/***/data/model/save_model.keras
[2024-06-13T10:23:34.506+0000] {logging_mixin.py:188} INFO - 130/130 - 1s - 8ms/step - loss: 0.0191
[2024-06-13T10:23:34.507+0000] {logging_mixin.py:188} INFO - Epoch 23/37
[2024-06-13T10:23:35.586+0000] {logging_mixin.py:188} INFO - 
Epoch 23: loss did not improve from 0.01914
[2024-06-13T10:23:35.587+0000] {logging_mixin.py:188} INFO - 130/130 - 1s - 8ms/step - loss: 0.0193
[2024-06-13T10:23:35.588+0000] {logging_mixin.py:188} INFO - Epoch 24/37
[2024-06-13T10:23:36.663+0000] {logging_mixin.py:188} INFO - 
Epoch 24: loss improved from 0.01914 to 0.01892, saving model to /opt/***/data/model/save_model.keras
[2024-06-13T10:23:36.711+0000] {logging_mixin.py:188} INFO - 130/130 - 1s - 9ms/step - loss: 0.0189
[2024-06-13T10:23:36.712+0000] {logging_mixin.py:188} INFO - Epoch 25/37
[2024-06-13T10:23:37.825+0000] {logging_mixin.py:188} INFO - 
Epoch 25: loss improved from 0.01892 to 0.01876, saving model to /opt/***/data/model/save_model.keras
[2024-06-13T10:23:37.881+0000] {logging_mixin.py:188} INFO - 130/130 - 1s - 9ms/step - loss: 0.0188
[2024-06-13T10:23:37.882+0000] {logging_mixin.py:188} INFO - Epoch 26/37
[2024-06-13T10:23:38.889+0000] {logging_mixin.py:188} INFO - 
Epoch 26: loss improved from 0.01876 to 0.01821, saving model to /opt/***/data/model/save_model.keras
[2024-06-13T10:23:38.940+0000] {logging_mixin.py:188} INFO - 130/130 - 1s - 8ms/step - loss: 0.0182
[2024-06-13T10:23:38.941+0000] {logging_mixin.py:188} INFO - Epoch 27/37
[2024-06-13T10:23:39.932+0000] {logging_mixin.py:188} INFO - 
Epoch 27: loss did not improve from 0.01821
[2024-06-13T10:23:39.933+0000] {logging_mixin.py:188} INFO - 130/130 - 1s - 8ms/step - loss: 0.0191
[2024-06-13T10:23:39.934+0000] {logging_mixin.py:188} INFO - Epoch 28/37
[2024-06-13T10:23:40.949+0000] {logging_mixin.py:188} INFO - 
Epoch 28: loss did not improve from 0.01821
[2024-06-13T10:23:40.950+0000] {logging_mixin.py:188} INFO - 130/130 - 1s - 8ms/step - loss: 0.0203
[2024-06-13T10:23:40.951+0000] {logging_mixin.py:188} INFO - Epoch 29/37
[2024-06-13T10:23:41.926+0000] {logging_mixin.py:188} INFO - 
Epoch 29: loss did not improve from 0.01821
[2024-06-13T10:23:41.927+0000] {logging_mixin.py:188} INFO - 130/130 - 1s - 8ms/step - loss: 0.0184
[2024-06-13T10:23:41.928+0000] {logging_mixin.py:188} INFO - Epoch 30/37
[2024-06-13T10:23:43.127+0000] {logging_mixin.py:188} INFO - 
Epoch 30: loss improved from 0.01821 to 0.01777, saving model to /opt/***/data/model/save_model.keras
[2024-06-13T10:23:43.183+0000] {logging_mixin.py:188} INFO - 130/130 - 1s - 10ms/step - loss: 0.0178
[2024-06-13T10:23:43.184+0000] {logging_mixin.py:188} INFO - Epoch 31/37
[2024-06-13T10:23:44.252+0000] {logging_mixin.py:188} INFO - 
Epoch 31: loss improved from 0.01777 to 0.01763, saving model to /opt/***/data/model/save_model.keras
[2024-06-13T10:23:44.305+0000] {logging_mixin.py:188} INFO - 130/130 - 1s - 9ms/step - loss: 0.0176
[2024-06-13T10:23:44.306+0000] {logging_mixin.py:188} INFO - Epoch 32/37
[2024-06-13T10:23:45.440+0000] {logging_mixin.py:188} INFO - 
Epoch 32: loss did not improve from 0.01763
[2024-06-13T10:23:45.441+0000] {logging_mixin.py:188} INFO - 130/130 - 1s - 9ms/step - loss: 0.0179
[2024-06-13T10:23:45.442+0000] {logging_mixin.py:188} INFO - Epoch 33/37
[2024-06-13T10:23:46.422+0000] {logging_mixin.py:188} INFO - 
Epoch 33: loss improved from 0.01763 to 0.01753, saving model to /opt/***/data/model/save_model.keras
[2024-06-13T10:23:46.476+0000] {logging_mixin.py:188} INFO - 130/130 - 1s - 8ms/step - loss: 0.0175
[2024-06-13T10:23:46.477+0000] {logging_mixin.py:188} INFO - Epoch 34/37
[2024-06-13T10:23:47.449+0000] {logging_mixin.py:188} INFO - 
Epoch 34: loss did not improve from 0.01753
[2024-06-13T10:23:47.451+0000] {logging_mixin.py:188} INFO - 130/130 - 1s - 7ms/step - loss: 0.0179
[2024-06-13T10:23:47.451+0000] {logging_mixin.py:188} INFO - Epoch 35/37
[2024-06-13T10:23:48.501+0000] {logging_mixin.py:188} INFO - 
Epoch 35: loss did not improve from 0.01753
[2024-06-13T10:23:48.502+0000] {logging_mixin.py:188} INFO - 130/130 - 1s - 8ms/step - loss: 0.0177
[2024-06-13T10:23:48.503+0000] {logging_mixin.py:188} INFO - Epoch 36/37
[2024-06-13T10:23:49.539+0000] {logging_mixin.py:188} INFO - 
Epoch 36: loss did not improve from 0.01753
[2024-06-13T10:23:49.556+0000] {logging_mixin.py:188} INFO - 130/130 - 1s - 8ms/step - loss: 0.0181
[2024-06-13T10:23:49.557+0000] {logging_mixin.py:188} INFO - Epoch 37/37
[2024-06-13T10:23:50.646+0000] {logging_mixin.py:188} INFO - 
Epoch 37: loss improved from 0.01753 to 0.01720, saving model to /opt/***/data/model/save_model.keras
[2024-06-13T10:23:50.716+0000] {logging_mixin.py:188} INFO - 130/130 - 1s - 9ms/step - loss: 0.0172
[2024-06-13T10:23:51.070+0000] {python.py:237} INFO - Done. Returned value was: /opt/***/data/model/save_model.keras
[2024-06-13T10:23:51.071+0000] {taskinstance.py:441} INFO - ::group::Post task execution logs
[2024-06-13T10:23:51.090+0000] {taskinstance.py:1206} INFO - Marking task as SUCCESS. dag_id=stock_prediction, task_id=train_model_task, run_id=manual__2024-06-13T10:22:37.859996+00:00, execution_date=20240613T102237, start_date=20240613T102307, end_date=20240613T102351
[2024-06-13T10:23:51.122+0000] {local_task_job_runner.py:240} INFO - Task exited with return code 0
[2024-06-13T10:23:51.147+0000] {taskinstance.py:3503} INFO - 1 downstream tasks scheduled from follow-on schedule check
[2024-06-13T10:23:51.150+0000] {local_task_job_runner.py:222} INFO - ::endgroup::
