[2024-06-12T15:35:30.498+0000] {local_task_job_runner.py:120} INFO - ::group::Pre task execution logs
[2024-06-12T15:35:30.516+0000] {taskinstance.py:2076} INFO - Dependencies all met for dep_context=non-requeueable deps ti=<TaskInstance: stock_prediction.describe_data_task manual__2024-06-12T15:35:12.641424+00:00 [queued]>
[2024-06-12T15:35:30.523+0000] {taskinstance.py:2076} INFO - Dependencies all met for dep_context=requeueable deps ti=<TaskInstance: stock_prediction.describe_data_task manual__2024-06-12T15:35:12.641424+00:00 [queued]>
[2024-06-12T15:35:30.524+0000] {taskinstance.py:2306} INFO - Starting attempt 1 of 2
[2024-06-12T15:35:30.538+0000] {taskinstance.py:2330} INFO - Executing <Task(PythonOperator): describe_data_task> on 2024-06-12 15:35:12.641424+00:00
[2024-06-12T15:35:30.548+0000] {warnings.py:112} WARNING - /home/***/.local/lib/python3.12/site-packages/***/task/task_runner/standard_task_runner.py:61: DeprecationWarning: This process (pid=9084) is multi-threaded, use of fork() may lead to deadlocks in the child.
  pid = os.fork()

[2024-06-12T15:35:30.549+0000] {standard_task_runner.py:90} INFO - Running: ['***', 'tasks', 'run', 'stock_prediction', 'describe_data_task', 'manual__2024-06-12T15:35:12.641424+00:00', '--job-id', '268', '--raw', '--subdir', 'DAGS_FOLDER/demo_***.py', '--cfg-path', '/tmp/tmp1rrsrx0q']
[2024-06-12T15:35:30.550+0000] {standard_task_runner.py:63} INFO - Started process 9102 to run task
[2024-06-12T15:35:30.551+0000] {standard_task_runner.py:91} INFO - Job 268: Subtask describe_data_task
[2024-06-12T15:35:30.585+0000] {task_command.py:426} INFO - Running <TaskInstance: stock_prediction.describe_data_task manual__2024-06-12T15:35:12.641424+00:00 [running]> on host 33b4ab31339c
[2024-06-12T15:35:30.655+0000] {taskinstance.py:2648} INFO - Exporting env vars: AIRFLOW_CTX_DAG_OWNER='Nguyen Khoa Doan' AIRFLOW_CTX_DAG_ID='stock_prediction' AIRFLOW_CTX_TASK_ID='describe_data_task' AIRFLOW_CTX_EXECUTION_DATE='2024-06-12T15:35:12.641424+00:00' AIRFLOW_CTX_TRY_NUMBER='1' AIRFLOW_CTX_DAG_RUN_ID='manual__2024-06-12T15:35:12.641424+00:00'
[2024-06-12T15:35:30.657+0000] {taskinstance.py:430} INFO - ::endgroup::
[2024-06-12T15:35:30.682+0000] {logging_mixin.py:188} INFO - Kích thước dữ liệu:
[2024-06-12T15:35:30.683+0000] {logging_mixin.py:188} INFO - (2603, 5)
[2024-06-12T15:35:30.690+0000] {logging_mixin.py:188} INFO - <class 'pandas.core.frame.DataFrame'>
RangeIndex: 2603 entries, 0 to 2602
Data columns (total 5 columns):
 #   Column  Non-Null Count  Dtype         
---  ------  --------------  -----         
 0   time    2603 non-null   datetime64[ns]
 1   open    2603 non-null   int64         
 2   high    2603 non-null   int64         
 3   low     2603 non-null   int64         
 4   close   2603 non-null   int64         
dtypes: datetime64[ns](1), int64(4)
memory usage: 101.8 KB
[2024-06-12T15:35:30.690+0000] {logging_mixin.py:188} INFO - Thông tin dữ liệu:
[2024-06-12T15:35:30.691+0000] {logging_mixin.py:188} INFO - None
[2024-06-12T15:35:30.698+0000] {logging_mixin.py:188} INFO - Mô tả bộ dữ liệu:
[2024-06-12T15:35:30.704+0000] {logging_mixin.py:188} INFO -                                 time  ...          close
count                           2603  ...    2603.000000
mean   2019-03-27 15:08:55.228582400  ...   70435.625816
min              2014-01-02 00:00:00  ...   30720.000000
25%              2016-08-18 12:00:00  ...   62810.000000
50%              2019-03-29 00:00:00  ...   73210.000000
75%              2021-11-01 12:00:00  ...   82325.000000
max              2024-06-12 00:00:00  ...  115950.000000
std                              NaN  ...   19151.737854

[8 rows x 5 columns]
[2024-06-12T15:35:30.706+0000] {python.py:237} INFO - Done. Returned value was: None
[2024-06-12T15:35:30.707+0000] {taskinstance.py:441} INFO - ::group::Post task execution logs
[2024-06-12T15:35:30.714+0000] {taskinstance.py:1206} INFO - Marking task as SUCCESS. dag_id=stock_prediction, task_id=describe_data_task, run_id=manual__2024-06-12T15:35:12.641424+00:00, execution_date=20240612T153512, start_date=20240612T153530, end_date=20240612T153530
[2024-06-12T15:35:30.766+0000] {local_task_job_runner.py:240} INFO - Task exited with return code 0
[2024-06-12T15:35:30.800+0000] {taskinstance.py:3503} INFO - 1 downstream tasks scheduled from follow-on schedule check
[2024-06-12T15:35:30.805+0000] {local_task_job_runner.py:222} INFO - ::endgroup::
