[2024-06-13T13:51:27.287+0000] {local_task_job_runner.py:120} INFO - ::group::Pre task execution logs
[2024-06-13T13:51:27.304+0000] {taskinstance.py:2076} INFO - Dependencies all met for dep_context=non-requeueable deps ti=<TaskInstance: stock_prediction.train_model_task manual__2024-06-13T13:50:48.133658+00:00 [queued]>
[2024-06-13T13:51:27.310+0000] {taskinstance.py:2076} INFO - Dependencies all met for dep_context=requeueable deps ti=<TaskInstance: stock_prediction.train_model_task manual__2024-06-13T13:50:48.133658+00:00 [queued]>
[2024-06-13T13:51:27.310+0000] {taskinstance.py:2306} INFO - Starting attempt 1 of 2
[2024-06-13T13:51:27.318+0000] {taskinstance.py:2330} INFO - Executing <Task(PythonOperator): train_model_task> on 2024-06-13 13:50:48.133658+00:00
[2024-06-13T13:51:27.326+0000] {warnings.py:112} WARNING - /home/***/.local/lib/python3.12/site-packages/***/task/task_runner/standard_task_runner.py:61: DeprecationWarning: This process (pid=16762) is multi-threaded, use of fork() may lead to deadlocks in the child.
  pid = os.fork()

[2024-06-13T13:51:27.328+0000] {standard_task_runner.py:63} INFO - Started process 16780 to run task
[2024-06-13T13:51:27.328+0000] {standard_task_runner.py:90} INFO - Running: ['***', 'tasks', 'run', 'stock_prediction', 'train_model_task', 'manual__2024-06-13T13:50:48.133658+00:00', '--job-id', '460', '--raw', '--subdir', 'DAGS_FOLDER/demo_***.py', '--cfg-path', '/tmp/tmp7xq7m4ge']
[2024-06-13T13:51:27.328+0000] {standard_task_runner.py:91} INFO - Job 460: Subtask train_model_task
[2024-06-13T13:51:27.356+0000] {task_command.py:426} INFO - Running <TaskInstance: stock_prediction.train_model_task manual__2024-06-13T13:50:48.133658+00:00 [running]> on host 33b4ab31339c
[2024-06-13T13:51:27.410+0000] {taskinstance.py:2648} INFO - Exporting env vars: AIRFLOW_CTX_DAG_OWNER='Nguyen Khoa Doan' AIRFLOW_CTX_DAG_ID='stock_prediction' AIRFLOW_CTX_TASK_ID='train_model_task' AIRFLOW_CTX_EXECUTION_DATE='2024-06-13T13:50:48.133658+00:00' AIRFLOW_CTX_TRY_NUMBER='1' AIRFLOW_CTX_DAG_RUN_ID='manual__2024-06-13T13:50:48.133658+00:00'
[2024-06-13T13:51:27.582+0000] {taskinstance.py:430} INFO - ::endgroup::
[2024-06-13T13:51:27.807+0000] {warnings.py:112} WARNING - /home/***/.local/lib/python3.12/site-packages/keras/src/layers/rnn/rnn.py:204: UserWarning: Do not pass an `input_shape`/`input_dim` argument to a layer. When using Sequential models, prefer using an `Input(shape)` object as the first layer in the model instead.
  super().__init__(**kwargs)

[2024-06-13T13:51:27.994+0000] {logging_mixin.py:188} INFO - Epoch 1/37
[2024-06-13T13:51:30.577+0000] {logging_mixin.py:188} INFO - 
Epoch 1: loss improved from inf to 0.04635, saving model to /opt/***/data/model/save_model.keras
[2024-06-13T13:51:30.661+0000] {logging_mixin.py:188} INFO - 130/130 - 3s - 20ms/step - loss: 0.0464
[2024-06-13T13:51:30.662+0000] {logging_mixin.py:188} INFO - Epoch 2/37
[2024-06-13T13:51:31.640+0000] {logging_mixin.py:188} INFO - 
Epoch 2: loss improved from 0.04635 to 0.02932, saving model to /opt/***/data/model/save_model.keras
[2024-06-13T13:51:31.691+0000] {logging_mixin.py:188} INFO - 130/130 - 1s - 8ms/step - loss: 0.0293
[2024-06-13T13:51:31.692+0000] {logging_mixin.py:188} INFO - Epoch 3/37
[2024-06-13T13:51:32.721+0000] {logging_mixin.py:188} INFO - 
Epoch 3: loss improved from 0.02932 to 0.02752, saving model to /opt/***/data/model/save_model.keras
[2024-06-13T13:51:32.768+0000] {logging_mixin.py:188} INFO - 130/130 - 1s - 8ms/step - loss: 0.0275
[2024-06-13T13:51:32.769+0000] {logging_mixin.py:188} INFO - Epoch 4/37
[2024-06-13T13:51:33.833+0000] {logging_mixin.py:188} INFO - 
Epoch 4: loss improved from 0.02752 to 0.02691, saving model to /opt/***/data/model/save_model.keras
[2024-06-13T13:51:33.971+0000] {logging_mixin.py:188} INFO - 130/130 - 1s - 9ms/step - loss: 0.0269
[2024-06-13T13:51:33.972+0000] {logging_mixin.py:188} INFO - Epoch 5/37
[2024-06-13T13:51:35.002+0000] {logging_mixin.py:188} INFO - 
Epoch 5: loss did not improve from 0.02691
[2024-06-13T13:51:35.003+0000] {logging_mixin.py:188} INFO - 130/130 - 1s - 8ms/step - loss: 0.0274
[2024-06-13T13:51:35.004+0000] {logging_mixin.py:188} INFO - Epoch 6/37
[2024-06-13T13:51:36.046+0000] {logging_mixin.py:188} INFO - 
Epoch 6: loss did not improve from 0.02691
[2024-06-13T13:51:36.047+0000] {logging_mixin.py:188} INFO - 130/130 - 1s - 8ms/step - loss: 0.0289
[2024-06-13T13:51:36.048+0000] {logging_mixin.py:188} INFO - Epoch 7/37
[2024-06-13T13:51:37.031+0000] {logging_mixin.py:188} INFO - 
Epoch 7: loss improved from 0.02691 to 0.02609, saving model to /opt/***/data/model/save_model.keras
[2024-06-13T13:51:37.084+0000] {logging_mixin.py:188} INFO - 130/130 - 1s - 8ms/step - loss: 0.0261
[2024-06-13T13:51:37.085+0000] {logging_mixin.py:188} INFO - Epoch 8/37
[2024-06-13T13:51:38.283+0000] {logging_mixin.py:188} INFO - 
Epoch 8: loss did not improve from 0.02609
[2024-06-13T13:51:38.285+0000] {logging_mixin.py:188} INFO - 130/130 - 1s - 9ms/step - loss: 0.0265
[2024-06-13T13:51:38.289+0000] {logging_mixin.py:188} INFO - Epoch 9/37
[2024-06-13T13:51:39.406+0000] {logging_mixin.py:188} INFO - 
Epoch 9: loss improved from 0.02609 to 0.02428, saving model to /opt/***/data/model/save_model.keras
[2024-06-13T13:51:39.454+0000] {logging_mixin.py:188} INFO - 130/130 - 1s - 9ms/step - loss: 0.0243
[2024-06-13T13:51:39.455+0000] {logging_mixin.py:188} INFO - Epoch 10/37
[2024-06-13T13:51:40.415+0000] {logging_mixin.py:188} INFO - 
Epoch 10: loss improved from 0.02428 to 0.02197, saving model to /opt/***/data/model/save_model.keras
[2024-06-13T13:51:40.463+0000] {logging_mixin.py:188} INFO - 130/130 - 1s - 8ms/step - loss: 0.0220
[2024-06-13T13:51:40.464+0000] {logging_mixin.py:188} INFO - Epoch 11/37
[2024-06-13T13:51:41.487+0000] {logging_mixin.py:188} INFO - 
Epoch 11: loss did not improve from 0.02197
[2024-06-13T13:51:41.488+0000] {logging_mixin.py:188} INFO - 130/130 - 1s - 8ms/step - loss: 0.0251
[2024-06-13T13:51:41.489+0000] {logging_mixin.py:188} INFO - Epoch 12/37
[2024-06-13T13:51:42.501+0000] {logging_mixin.py:188} INFO - 
Epoch 12: loss did not improve from 0.02197
[2024-06-13T13:51:42.502+0000] {logging_mixin.py:188} INFO - 130/130 - 1s - 8ms/step - loss: 0.0230
[2024-06-13T13:51:42.503+0000] {logging_mixin.py:188} INFO - Epoch 13/37
[2024-06-13T13:51:43.539+0000] {logging_mixin.py:188} INFO - 
Epoch 13: loss did not improve from 0.02197
[2024-06-13T13:51:43.540+0000] {logging_mixin.py:188} INFO - 130/130 - 1s - 8ms/step - loss: 0.0224
[2024-06-13T13:51:43.541+0000] {logging_mixin.py:188} INFO - Epoch 14/37
[2024-06-13T13:51:44.529+0000] {logging_mixin.py:188} INFO - 
Epoch 14: loss improved from 0.02197 to 0.02181, saving model to /opt/***/data/model/save_model.keras
[2024-06-13T13:51:44.595+0000] {logging_mixin.py:188} INFO - 130/130 - 1s - 8ms/step - loss: 0.0218
[2024-06-13T13:51:44.597+0000] {logging_mixin.py:188} INFO - Epoch 15/37
[2024-06-13T13:51:45.667+0000] {logging_mixin.py:188} INFO - 
Epoch 15: loss improved from 0.02181 to 0.02154, saving model to /opt/***/data/model/save_model.keras
[2024-06-13T13:51:45.714+0000] {logging_mixin.py:188} INFO - 130/130 - 1s - 9ms/step - loss: 0.0215
[2024-06-13T13:51:45.715+0000] {logging_mixin.py:188} INFO - Epoch 16/37
[2024-06-13T13:51:46.856+0000] {logging_mixin.py:188} INFO - 
Epoch 16: loss did not improve from 0.02154
[2024-06-13T13:51:46.858+0000] {logging_mixin.py:188} INFO - 130/130 - 1s - 9ms/step - loss: 0.0218
[2024-06-13T13:51:46.859+0000] {logging_mixin.py:188} INFO - Epoch 17/37
[2024-06-13T13:51:47.960+0000] {logging_mixin.py:188} INFO - 
Epoch 17: loss improved from 0.02154 to 0.02096, saving model to /opt/***/data/model/save_model.keras
[2024-06-13T13:51:48.015+0000] {logging_mixin.py:188} INFO - 130/130 - 1s - 9ms/step - loss: 0.0210
[2024-06-13T13:51:48.016+0000] {logging_mixin.py:188} INFO - Epoch 18/37
[2024-06-13T13:51:49.197+0000] {logging_mixin.py:188} INFO - 
Epoch 18: loss improved from 0.02096 to 0.02086, saving model to /opt/***/data/model/save_model.keras
[2024-06-13T13:51:49.307+0000] {logging_mixin.py:188} INFO - 130/130 - 1s - 10ms/step - loss: 0.0209
[2024-06-13T13:51:49.310+0000] {logging_mixin.py:188} INFO - Epoch 19/37
[2024-06-13T13:51:50.425+0000] {logging_mixin.py:188} INFO - 
Epoch 19: loss did not improve from 0.02086
[2024-06-13T13:51:50.427+0000] {logging_mixin.py:188} INFO - 130/130 - 1s - 9ms/step - loss: 0.0219
[2024-06-13T13:51:50.428+0000] {logging_mixin.py:188} INFO - Epoch 20/37
[2024-06-13T13:51:51.568+0000] {logging_mixin.py:188} INFO - 
Epoch 20: loss improved from 0.02086 to 0.02015, saving model to /opt/***/data/model/save_model.keras
[2024-06-13T13:51:51.612+0000] {logging_mixin.py:188} INFO - 130/130 - 1s - 9ms/step - loss: 0.0201
[2024-06-13T13:51:51.613+0000] {logging_mixin.py:188} INFO - Epoch 21/37
[2024-06-13T13:51:52.604+0000] {logging_mixin.py:188} INFO - 
Epoch 21: loss did not improve from 0.02015
[2024-06-13T13:51:52.605+0000] {logging_mixin.py:188} INFO - 130/130 - 1s - 8ms/step - loss: 0.0206
[2024-06-13T13:51:52.606+0000] {logging_mixin.py:188} INFO - Epoch 22/37
[2024-06-13T13:51:53.751+0000] {logging_mixin.py:188} INFO - 
Epoch 22: loss improved from 0.02015 to 0.01987, saving model to /opt/***/data/model/save_model.keras
[2024-06-13T13:51:53.805+0000] {logging_mixin.py:188} INFO - 130/130 - 1s - 9ms/step - loss: 0.0199
[2024-06-13T13:51:53.806+0000] {logging_mixin.py:188} INFO - Epoch 23/37
[2024-06-13T13:51:54.951+0000] {logging_mixin.py:188} INFO - 
Epoch 23: loss did not improve from 0.01987
[2024-06-13T13:51:54.953+0000] {logging_mixin.py:188} INFO - 130/130 - 1s - 9ms/step - loss: 0.0202
[2024-06-13T13:51:54.954+0000] {logging_mixin.py:188} INFO - Epoch 24/37
[2024-06-13T13:51:56.129+0000] {logging_mixin.py:188} INFO - 
Epoch 24: loss improved from 0.01987 to 0.01837, saving model to /opt/***/data/model/save_model.keras
[2024-06-13T13:51:56.181+0000] {logging_mixin.py:188} INFO - 130/130 - 1s - 9ms/step - loss: 0.0184
[2024-06-13T13:51:56.183+0000] {logging_mixin.py:188} INFO - Epoch 25/37
[2024-06-13T13:51:57.332+0000] {logging_mixin.py:188} INFO - 
Epoch 25: loss did not improve from 0.01837
[2024-06-13T13:51:57.333+0000] {logging_mixin.py:188} INFO - 130/130 - 1s - 9ms/step - loss: 0.0195
[2024-06-13T13:51:57.334+0000] {logging_mixin.py:188} INFO - Epoch 26/37
[2024-06-13T13:51:58.529+0000] {logging_mixin.py:188} INFO - 
Epoch 26: loss did not improve from 0.01837
[2024-06-13T13:51:58.530+0000] {logging_mixin.py:188} INFO - 130/130 - 1s - 9ms/step - loss: 0.0201
[2024-06-13T13:51:58.531+0000] {logging_mixin.py:188} INFO - Epoch 27/37
[2024-06-13T13:51:59.543+0000] {logging_mixin.py:188} INFO - 
Epoch 27: loss did not improve from 0.01837
[2024-06-13T13:51:59.544+0000] {logging_mixin.py:188} INFO - 130/130 - 1s - 8ms/step - loss: 0.0215
[2024-06-13T13:51:59.545+0000] {logging_mixin.py:188} INFO - Epoch 28/37
[2024-06-13T13:52:00.517+0000] {logging_mixin.py:188} INFO - 
Epoch 28: loss improved from 0.01837 to 0.01823, saving model to /opt/***/data/model/save_model.keras
[2024-06-13T13:52:00.579+0000] {logging_mixin.py:188} INFO - 130/130 - 1s - 8ms/step - loss: 0.0182
[2024-06-13T13:52:00.581+0000] {logging_mixin.py:188} INFO - Epoch 29/37
[2024-06-13T13:52:01.645+0000] {logging_mixin.py:188} INFO - 
Epoch 29: loss did not improve from 0.01823
[2024-06-13T13:52:01.646+0000] {logging_mixin.py:188} INFO - 130/130 - 1s - 8ms/step - loss: 0.0197
[2024-06-13T13:52:01.647+0000] {logging_mixin.py:188} INFO - Epoch 30/37
[2024-06-13T13:52:02.752+0000] {logging_mixin.py:188} INFO - 
Epoch 30: loss improved from 0.01823 to 0.01788, saving model to /opt/***/data/model/save_model.keras
[2024-06-13T13:52:03.408+0000] {logging_mixin.py:188} INFO - 130/130 - 2s - 14ms/step - loss: 0.0179
[2024-06-13T13:52:03.410+0000] {logging_mixin.py:188} INFO - Epoch 31/37
[2024-06-13T13:52:04.729+0000] {logging_mixin.py:188} INFO - 
Epoch 31: loss did not improve from 0.01788
[2024-06-13T13:52:04.802+0000] {logging_mixin.py:188} INFO - 130/130 - 1s - 11ms/step - loss: 0.0185
[2024-06-13T13:52:04.876+0000] {logging_mixin.py:188} INFO - Epoch 32/37
[2024-06-13T13:52:05.991+0000] {logging_mixin.py:188} INFO - 
Epoch 32: loss improved from 0.01788 to 0.01786, saving model to /opt/***/data/model/save_model.keras
[2024-06-13T13:52:06.087+0000] {logging_mixin.py:188} INFO - 130/130 - 1s - 9ms/step - loss: 0.0179
[2024-06-13T13:52:06.089+0000] {logging_mixin.py:188} INFO - Epoch 33/37
[2024-06-13T13:52:07.034+0000] {logging_mixin.py:188} INFO - 
Epoch 33: loss improved from 0.01786 to 0.01723, saving model to /opt/***/data/model/save_model.keras
[2024-06-13T13:52:07.079+0000] {logging_mixin.py:188} INFO - 130/130 - 1s - 8ms/step - loss: 0.0172
[2024-06-13T13:52:07.080+0000] {logging_mixin.py:188} INFO - Epoch 34/37
[2024-06-13T13:52:08.082+0000] {logging_mixin.py:188} INFO - 
Epoch 34: loss improved from 0.01723 to 0.01700, saving model to /opt/***/data/model/save_model.keras
[2024-06-13T13:52:08.128+0000] {logging_mixin.py:188} INFO - 130/130 - 1s - 8ms/step - loss: 0.0170
[2024-06-13T13:52:08.129+0000] {logging_mixin.py:188} INFO - Epoch 35/37
[2024-06-13T13:52:09.186+0000] {logging_mixin.py:188} INFO - 
Epoch 35: loss did not improve from 0.01700
[2024-06-13T13:52:09.188+0000] {logging_mixin.py:188} INFO - 130/130 - 1s - 8ms/step - loss: 0.0172
[2024-06-13T13:52:09.188+0000] {logging_mixin.py:188} INFO - Epoch 36/37
[2024-06-13T13:52:10.177+0000] {logging_mixin.py:188} INFO - 
Epoch 36: loss did not improve from 0.01700
[2024-06-13T13:52:10.179+0000] {logging_mixin.py:188} INFO - 130/130 - 1s - 8ms/step - loss: 0.0181
[2024-06-13T13:52:10.179+0000] {logging_mixin.py:188} INFO - Epoch 37/37
[2024-06-13T13:52:11.165+0000] {logging_mixin.py:188} INFO - 
Epoch 37: loss did not improve from 0.01700
[2024-06-13T13:52:11.166+0000] {logging_mixin.py:188} INFO - 130/130 - 1s - 8ms/step - loss: 0.0182
[2024-06-13T13:52:11.408+0000] {python.py:237} INFO - Done. Returned value was: /opt/***/data/model/save_model.keras
[2024-06-13T13:52:11.409+0000] {taskinstance.py:441} INFO - ::group::Post task execution logs
[2024-06-13T13:52:11.428+0000] {taskinstance.py:1206} INFO - Marking task as SUCCESS. dag_id=stock_prediction, task_id=train_model_task, run_id=manual__2024-06-13T13:50:48.133658+00:00, execution_date=20240613T135048, start_date=20240613T135127, end_date=20240613T135211
[2024-06-13T13:52:11.490+0000] {local_task_job_runner.py:240} INFO - Task exited with return code 0
[2024-06-13T13:52:11.506+0000] {taskinstance.py:3503} INFO - 1 downstream tasks scheduled from follow-on schedule check
[2024-06-13T13:52:11.518+0000] {local_task_job_runner.py:222} INFO - ::endgroup::
