[2024-06-13T16:07:05.174+0000] {local_task_job_runner.py:120} INFO - ::group::Pre task execution logs
[2024-06-13T16:07:05.189+0000] {taskinstance.py:2076} INFO - Dependencies all met for dep_context=non-requeueable deps ti=<TaskInstance: stock_prediction.read_data_task manual__2024-06-13T16:06:50.964495+00:00 [queued]>
[2024-06-13T16:07:05.194+0000] {taskinstance.py:2076} INFO - Dependencies all met for dep_context=requeueable deps ti=<TaskInstance: stock_prediction.read_data_task manual__2024-06-13T16:06:50.964495+00:00 [queued]>
[2024-06-13T16:07:05.195+0000] {taskinstance.py:2306} INFO - Starting attempt 1 of 2
[2024-06-13T16:07:05.204+0000] {taskinstance.py:2330} INFO - Executing <Task(PythonOperator): read_data_task> on 2024-06-13 16:06:50.964495+00:00
[2024-06-13T16:07:05.213+0000] {warnings.py:112} WARNING - /home/***/.local/lib/python3.12/site-packages/***/task/task_runner/standard_task_runner.py:61: DeprecationWarning: This process (pid=27854) is multi-threaded, use of fork() may lead to deadlocks in the child.
  pid = os.fork()

[2024-06-13T16:07:05.214+0000] {standard_task_runner.py:90} INFO - Running: ['***', 'tasks', 'run', 'stock_prediction', 'read_data_task', 'manual__2024-06-13T16:06:50.964495+00:00', '--job-id', '537', '--raw', '--subdir', 'DAGS_FOLDER/demo_***.py', '--cfg-path', '/tmp/tmpnpmya2dz']
[2024-06-13T16:07:05.215+0000] {standard_task_runner.py:63} INFO - Started process 27872 to run task
[2024-06-13T16:07:05.215+0000] {standard_task_runner.py:91} INFO - Job 537: Subtask read_data_task
[2024-06-13T16:07:05.243+0000] {task_command.py:426} INFO - Running <TaskInstance: stock_prediction.read_data_task manual__2024-06-13T16:06:50.964495+00:00 [running]> on host 33b4ab31339c
[2024-06-13T16:07:05.309+0000] {taskinstance.py:2648} INFO - Exporting env vars: AIRFLOW_CTX_DAG_OWNER='Nguyen Khoa Doan' AIRFLOW_CTX_DAG_ID='stock_prediction' AIRFLOW_CTX_TASK_ID='read_data_task' AIRFLOW_CTX_EXECUTION_DATE='2024-06-13T16:06:50.964495+00:00' AIRFLOW_CTX_TRY_NUMBER='1' AIRFLOW_CTX_DAG_RUN_ID='manual__2024-06-13T16:06:50.964495+00:00'
[2024-06-13T16:07:05.310+0000] {taskinstance.py:430} INFO - ::endgroup::
[2024-06-13T16:07:05.326+0000] {logging_mixin.py:188} INFO -             time   open   high    low  close
2599  2024-06-07  67600  68600  67500  67800
2600  2024-06-10  68400  68500  67200  67200
2601  2024-06-11  67400  67500  66400  66500
2602  2024-06-12  66500  67300  66300  67000
2603  2024-06-13  67000  67400  66800  66900
[2024-06-13T16:07:05.326+0000] {python.py:237} INFO - Done. Returned value was: None
[2024-06-13T16:07:05.327+0000] {taskinstance.py:441} INFO - ::group::Post task execution logs
[2024-06-13T16:07:05.332+0000] {taskinstance.py:1206} INFO - Marking task as SUCCESS. dag_id=stock_prediction, task_id=read_data_task, run_id=manual__2024-06-13T16:06:50.964495+00:00, execution_date=20240613T160650, start_date=20240613T160705, end_date=20240613T160705
[2024-06-13T16:07:05.349+0000] {local_task_job_runner.py:240} INFO - Task exited with return code 0
[2024-06-13T16:07:05.368+0000] {taskinstance.py:3503} INFO - 1 downstream tasks scheduled from follow-on schedule check
[2024-06-13T16:07:05.370+0000] {local_task_job_runner.py:222} INFO - ::endgroup::
