[2024-06-12T15:11:12.333+0000] {local_task_job_runner.py:120} INFO - ::group::Pre task execution logs
[2024-06-12T15:11:12.349+0000] {taskinstance.py:2076} INFO - Dependencies all met for dep_context=non-requeueable deps ti=<TaskInstance: stock_prediction.training_task manual__2024-06-12T15:10:41.265327+00:00 [queued]>
[2024-06-12T15:11:12.355+0000] {taskinstance.py:2076} INFO - Dependencies all met for dep_context=requeueable deps ti=<TaskInstance: stock_prediction.training_task manual__2024-06-12T15:10:41.265327+00:00 [queued]>
[2024-06-12T15:11:12.356+0000] {taskinstance.py:2306} INFO - Starting attempt 1 of 2
[2024-06-12T15:11:12.366+0000] {taskinstance.py:2330} INFO - Executing <Task(PythonOperator): training_task> on 2024-06-12 15:10:41.265327+00:00
[2024-06-12T15:11:12.376+0000] {warnings.py:112} WARNING - /home/***/.local/lib/python3.12/site-packages/***/task/task_runner/standard_task_runner.py:61: DeprecationWarning: This process (pid=6931) is multi-threaded, use of fork() may lead to deadlocks in the child.
  pid = os.fork()

[2024-06-12T15:11:12.378+0000] {standard_task_runner.py:63} INFO - Started process 6956 to run task
[2024-06-12T15:11:12.377+0000] {standard_task_runner.py:90} INFO - Running: ['***', 'tasks', 'run', 'stock_prediction', 'training_task', 'manual__2024-06-12T15:10:41.265327+00:00', '--job-id', '254', '--raw', '--subdir', 'DAGS_FOLDER/demo_***.py', '--cfg-path', '/tmp/tmp21dieyo8']
[2024-06-12T15:11:12.379+0000] {standard_task_runner.py:91} INFO - Job 254: Subtask training_task
[2024-06-12T15:11:12.436+0000] {task_command.py:426} INFO - Running <TaskInstance: stock_prediction.training_task manual__2024-06-12T15:10:41.265327+00:00 [running]> on host 33b4ab31339c
[2024-06-12T15:11:12.514+0000] {taskinstance.py:2648} INFO - Exporting env vars: AIRFLOW_CTX_DAG_OWNER='Nguyen Khoa Doan' AIRFLOW_CTX_DAG_ID='stock_prediction' AIRFLOW_CTX_TASK_ID='training_task' AIRFLOW_CTX_EXECUTION_DATE='2024-06-12T15:10:41.265327+00:00' AIRFLOW_CTX_TRY_NUMBER='1' AIRFLOW_CTX_DAG_RUN_ID='manual__2024-06-12T15:10:41.265327+00:00'
[2024-06-12T15:11:12.515+0000] {taskinstance.py:430} INFO - ::endgroup::
[2024-06-12T15:11:12.539+0000] {logging_mixin.py:188} INFO - x_train và y_train đã được lưu vào /opt/***/data
[2024-06-12T15:11:12.596+0000] {warnings.py:112} WARNING - /home/***/.local/lib/python3.12/site-packages/keras/src/layers/rnn/rnn.py:204: UserWarning: Do not pass an `input_shape`/`input_dim` argument to a layer. When using Sequential models, prefer using an `Input(shape)` object as the first layer in the model instead.
  super().__init__(**kwargs)

[2024-06-12T15:11:12.794+0000] {logging_mixin.py:188} INFO - Epoch 1/37
[2024-06-12T15:11:16.733+0000] {logging_mixin.py:188} INFO - 
Epoch 1: loss improved from inf to 0.04510, saving model to /opt/***/data/model/save_model.keras
[2024-06-12T15:11:16.833+0000] {logging_mixin.py:188} INFO - 163/163 - 4s - 25ms/step - loss: 0.0451
[2024-06-12T15:11:16.834+0000] {logging_mixin.py:188} INFO - Epoch 2/37
[2024-06-12T15:11:18.183+0000] {logging_mixin.py:188} INFO - 
Epoch 2: loss improved from 0.04510 to 0.02705, saving model to /opt/***/data/model/save_model.keras
[2024-06-12T15:11:18.274+0000] {logging_mixin.py:188} INFO - 163/163 - 1s - 9ms/step - loss: 0.0271
[2024-06-12T15:11:18.275+0000] {logging_mixin.py:188} INFO - Epoch 3/37
[2024-06-12T15:11:19.840+0000] {logging_mixin.py:188} INFO - 
Epoch 3: loss improved from 0.02705 to 0.02704, saving model to /opt/***/data/model/save_model.keras
[2024-06-12T15:11:19.895+0000] {logging_mixin.py:188} INFO - 163/163 - 2s - 10ms/step - loss: 0.0270
[2024-06-12T15:11:19.897+0000] {logging_mixin.py:188} INFO - Epoch 4/37
[2024-06-12T15:11:21.355+0000] {logging_mixin.py:188} INFO - 
Epoch 4: loss improved from 0.02704 to 0.02501, saving model to /opt/***/data/model/save_model.keras
[2024-06-12T15:11:21.412+0000] {logging_mixin.py:188} INFO - 163/163 - 2s - 9ms/step - loss: 0.0250
[2024-06-12T15:11:21.413+0000] {logging_mixin.py:188} INFO - Epoch 5/37
[2024-06-12T15:11:22.781+0000] {logging_mixin.py:188} INFO - 
Epoch 5: loss did not improve from 0.02501
[2024-06-12T15:11:22.782+0000] {logging_mixin.py:188} INFO - 163/163 - 1s - 8ms/step - loss: 0.0251
[2024-06-12T15:11:22.783+0000] {logging_mixin.py:188} INFO - Epoch 6/37
[2024-06-12T15:11:24.164+0000] {logging_mixin.py:188} INFO - 
Epoch 6: loss improved from 0.02501 to 0.02368, saving model to /opt/***/data/model/save_model.keras
[2024-06-12T15:11:24.231+0000] {logging_mixin.py:188} INFO - 163/163 - 1s - 9ms/step - loss: 0.0237
[2024-06-12T15:11:24.232+0000] {logging_mixin.py:188} INFO - Epoch 7/37
[2024-06-12T15:11:25.517+0000] {logging_mixin.py:188} INFO - 
Epoch 7: loss did not improve from 0.02368
[2024-06-12T15:11:25.518+0000] {logging_mixin.py:188} INFO - 163/163 - 1s - 8ms/step - loss: 0.0242
[2024-06-12T15:11:25.519+0000] {logging_mixin.py:188} INFO - Epoch 8/37
[2024-06-12T15:11:26.971+0000] {logging_mixin.py:188} INFO - 
Epoch 8: loss did not improve from 0.02368
[2024-06-12T15:11:26.973+0000] {logging_mixin.py:188} INFO - 163/163 - 1s - 9ms/step - loss: 0.0238
[2024-06-12T15:11:26.974+0000] {logging_mixin.py:188} INFO - Epoch 9/37
[2024-06-12T15:11:28.297+0000] {logging_mixin.py:188} INFO - 
Epoch 9: loss did not improve from 0.02368
[2024-06-12T15:11:28.299+0000] {logging_mixin.py:188} INFO - 163/163 - 1s - 8ms/step - loss: 0.0240
[2024-06-12T15:11:28.300+0000] {logging_mixin.py:188} INFO - Epoch 10/37
[2024-06-12T15:11:29.691+0000] {logging_mixin.py:188} INFO - 
Epoch 10: loss improved from 0.02368 to 0.02264, saving model to /opt/***/data/model/save_model.keras
[2024-06-12T15:11:29.764+0000] {logging_mixin.py:188} INFO - 163/163 - 1s - 9ms/step - loss: 0.0226
[2024-06-12T15:11:29.765+0000] {logging_mixin.py:188} INFO - Epoch 11/37
[2024-06-12T15:11:31.111+0000] {logging_mixin.py:188} INFO - 
Epoch 11: loss improved from 0.02264 to 0.02181, saving model to /opt/***/data/model/save_model.keras
[2024-06-12T15:11:31.180+0000] {logging_mixin.py:188} INFO - 163/163 - 1s - 9ms/step - loss: 0.0218
[2024-06-12T15:11:31.181+0000] {logging_mixin.py:188} INFO - Epoch 12/37
[2024-06-12T15:11:32.639+0000] {logging_mixin.py:188} INFO - 
Epoch 12: loss did not improve from 0.02181
[2024-06-12T15:11:32.640+0000] {logging_mixin.py:188} INFO - 163/163 - 1s - 9ms/step - loss: 0.0226
[2024-06-12T15:11:32.641+0000] {logging_mixin.py:188} INFO - Epoch 13/37
[2024-06-12T15:11:34.092+0000] {logging_mixin.py:188} INFO - 
Epoch 13: loss improved from 0.02181 to 0.02136, saving model to /opt/***/data/model/save_model.keras
[2024-06-12T15:11:34.175+0000] {logging_mixin.py:188} INFO - 163/163 - 2s - 9ms/step - loss: 0.0214
[2024-06-12T15:11:34.177+0000] {logging_mixin.py:188} INFO - Epoch 14/37
[2024-06-12T15:11:35.483+0000] {logging_mixin.py:188} INFO - 
Epoch 14: loss improved from 0.02136 to 0.02100, saving model to /opt/***/data/model/save_model.keras
[2024-06-12T15:11:35.536+0000] {logging_mixin.py:188} INFO - 163/163 - 1s - 8ms/step - loss: 0.0210
[2024-06-12T15:11:35.537+0000] {logging_mixin.py:188} INFO - Epoch 15/37
[2024-06-12T15:11:36.827+0000] {logging_mixin.py:188} INFO - 
Epoch 15: loss improved from 0.02100 to 0.01872, saving model to /opt/***/data/model/save_model.keras
[2024-06-12T15:11:36.887+0000] {logging_mixin.py:188} INFO - 163/163 - 1s - 8ms/step - loss: 0.0187
[2024-06-12T15:11:36.888+0000] {logging_mixin.py:188} INFO - Epoch 16/37
[2024-06-12T15:11:38.163+0000] {logging_mixin.py:188} INFO - 
Epoch 16: loss did not improve from 0.01872
[2024-06-12T15:11:38.164+0000] {logging_mixin.py:188} INFO - 163/163 - 1s - 8ms/step - loss: 0.0201
[2024-06-12T15:11:38.165+0000] {logging_mixin.py:188} INFO - Epoch 17/37
[2024-06-12T15:11:39.484+0000] {logging_mixin.py:188} INFO - 
Epoch 17: loss did not improve from 0.01872
[2024-06-12T15:11:39.485+0000] {logging_mixin.py:188} INFO - 163/163 - 1s - 8ms/step - loss: 0.0190
[2024-06-12T15:11:39.486+0000] {logging_mixin.py:188} INFO - Epoch 18/37
[2024-06-12T15:11:40.798+0000] {logging_mixin.py:188} INFO - 
Epoch 18: loss did not improve from 0.01872
[2024-06-12T15:11:40.799+0000] {logging_mixin.py:188} INFO - 163/163 - 1s - 8ms/step - loss: 0.0196
[2024-06-12T15:11:40.800+0000] {logging_mixin.py:188} INFO - Epoch 19/37
[2024-06-12T15:11:42.172+0000] {logging_mixin.py:188} INFO - 
Epoch 19: loss did not improve from 0.01872
[2024-06-12T15:11:42.174+0000] {logging_mixin.py:188} INFO - 163/163 - 1s - 8ms/step - loss: 0.0194
[2024-06-12T15:11:42.174+0000] {logging_mixin.py:188} INFO - Epoch 20/37
[2024-06-12T15:11:43.721+0000] {logging_mixin.py:188} INFO - 
Epoch 20: loss improved from 0.01872 to 0.01829, saving model to /opt/***/data/model/save_model.keras
[2024-06-12T15:11:43.788+0000] {logging_mixin.py:188} INFO - 163/163 - 2s - 10ms/step - loss: 0.0183
[2024-06-12T15:11:43.790+0000] {logging_mixin.py:188} INFO - Epoch 21/37
[2024-06-12T15:11:45.286+0000] {logging_mixin.py:188} INFO - 
Epoch 21: loss improved from 0.01829 to 0.01828, saving model to /opt/***/data/model/save_model.keras
[2024-06-12T15:11:45.346+0000] {logging_mixin.py:188} INFO - 163/163 - 2s - 10ms/step - loss: 0.0183
[2024-06-12T15:11:45.347+0000] {logging_mixin.py:188} INFO - Epoch 22/37
[2024-06-12T15:11:46.655+0000] {logging_mixin.py:188} INFO - 
Epoch 22: loss improved from 0.01828 to 0.01724, saving model to /opt/***/data/model/save_model.keras
[2024-06-12T15:11:46.706+0000] {logging_mixin.py:188} INFO - 163/163 - 1s - 8ms/step - loss: 0.0172
[2024-06-12T15:11:46.707+0000] {logging_mixin.py:188} INFO - Epoch 23/37
[2024-06-12T15:11:48.207+0000] {logging_mixin.py:188} INFO - 
Epoch 23: loss did not improve from 0.01724
[2024-06-12T15:11:48.208+0000] {logging_mixin.py:188} INFO - 163/163 - 2s - 9ms/step - loss: 0.0173
[2024-06-12T15:11:48.209+0000] {logging_mixin.py:188} INFO - Epoch 24/37
[2024-06-12T15:11:49.694+0000] {logging_mixin.py:188} INFO - 
Epoch 24: loss did not improve from 0.01724
[2024-06-12T15:11:49.696+0000] {logging_mixin.py:188} INFO - 163/163 - 1s - 9ms/step - loss: 0.0173
[2024-06-12T15:11:49.697+0000] {logging_mixin.py:188} INFO - Epoch 25/37
[2024-06-12T15:11:51.026+0000] {logging_mixin.py:188} INFO - 
Epoch 25: loss did not improve from 0.01724
[2024-06-12T15:11:51.027+0000] {logging_mixin.py:188} INFO - 163/163 - 1s - 8ms/step - loss: 0.0174
[2024-06-12T15:11:51.028+0000] {logging_mixin.py:188} INFO - Epoch 26/37
[2024-06-12T15:11:52.440+0000] {logging_mixin.py:188} INFO - 
Epoch 26: loss did not improve from 0.01724
[2024-06-12T15:11:52.442+0000] {logging_mixin.py:188} INFO - 163/163 - 1s - 9ms/step - loss: 0.0177
[2024-06-12T15:11:52.442+0000] {logging_mixin.py:188} INFO - Epoch 27/37
[2024-06-12T15:11:53.693+0000] {logging_mixin.py:188} INFO - 
Epoch 27: loss did not improve from 0.01724
[2024-06-12T15:11:53.695+0000] {logging_mixin.py:188} INFO - 163/163 - 1s - 8ms/step - loss: 0.0182
[2024-06-12T15:11:53.695+0000] {logging_mixin.py:188} INFO - Epoch 28/37
[2024-06-12T15:11:55.002+0000] {logging_mixin.py:188} INFO - 
Epoch 28: loss did not improve from 0.01724
[2024-06-12T15:11:55.004+0000] {logging_mixin.py:188} INFO - 163/163 - 1s - 8ms/step - loss: 0.0173
[2024-06-12T15:11:55.005+0000] {logging_mixin.py:188} INFO - Epoch 29/37
[2024-06-12T15:11:56.284+0000] {logging_mixin.py:188} INFO - 
Epoch 29: loss did not improve from 0.01724
[2024-06-12T15:11:56.285+0000] {logging_mixin.py:188} INFO - 163/163 - 1s - 8ms/step - loss: 0.0173
[2024-06-12T15:11:56.286+0000] {logging_mixin.py:188} INFO - Epoch 30/37
[2024-06-12T15:11:57.692+0000] {logging_mixin.py:188} INFO - 
Epoch 30: loss improved from 0.01724 to 0.01652, saving model to /opt/***/data/model/save_model.keras
[2024-06-12T15:11:57.740+0000] {logging_mixin.py:188} INFO - 163/163 - 1s - 9ms/step - loss: 0.0165
[2024-06-12T15:11:57.741+0000] {logging_mixin.py:188} INFO - Epoch 31/37
[2024-06-12T15:12:00.147+0000] {logging_mixin.py:188} INFO - 
Epoch 31: loss improved from 0.01652 to 0.01522, saving model to /opt/***/data/model/save_model.keras
[2024-06-12T15:12:00.199+0000] {logging_mixin.py:188} INFO - 163/163 - 2s - 15ms/step - loss: 0.0152
[2024-06-12T15:12:00.200+0000] {logging_mixin.py:188} INFO - Epoch 32/37
[2024-06-12T15:12:01.572+0000] {logging_mixin.py:188} INFO - 
Epoch 32: loss did not improve from 0.01522
[2024-06-12T15:12:01.574+0000] {logging_mixin.py:188} INFO - 163/163 - 1s - 8ms/step - loss: 0.0163
[2024-06-12T15:12:01.575+0000] {logging_mixin.py:188} INFO - Epoch 33/37
[2024-06-12T15:12:02.870+0000] {logging_mixin.py:188} INFO - 
Epoch 33: loss did not improve from 0.01522
[2024-06-12T15:12:02.871+0000] {logging_mixin.py:188} INFO - 163/163 - 1s - 8ms/step - loss: 0.0160
[2024-06-12T15:12:02.872+0000] {logging_mixin.py:188} INFO - Epoch 34/37
[2024-06-12T15:12:04.409+0000] {logging_mixin.py:188} INFO - 
Epoch 34: loss did not improve from 0.01522
[2024-06-12T15:12:04.410+0000] {logging_mixin.py:188} INFO - 163/163 - 2s - 9ms/step - loss: 0.0167
[2024-06-12T15:12:04.411+0000] {logging_mixin.py:188} INFO - Epoch 35/37
[2024-06-12T15:12:05.677+0000] {logging_mixin.py:188} INFO - 
Epoch 35: loss did not improve from 0.01522
[2024-06-12T15:12:05.678+0000] {logging_mixin.py:188} INFO - 163/163 - 1s - 8ms/step - loss: 0.0157
[2024-06-12T15:12:05.679+0000] {logging_mixin.py:188} INFO - Epoch 36/37
[2024-06-12T15:12:06.961+0000] {logging_mixin.py:188} INFO - 
Epoch 36: loss did not improve from 0.01522
[2024-06-12T15:12:06.963+0000] {logging_mixin.py:188} INFO - 163/163 - 1s - 8ms/step - loss: 0.0168
[2024-06-12T15:12:06.964+0000] {logging_mixin.py:188} INFO - Epoch 37/37
[2024-06-12T15:12:08.244+0000] {logging_mixin.py:188} INFO - 
Epoch 37: loss did not improve from 0.01522
[2024-06-12T15:12:08.246+0000] {logging_mixin.py:188} INFO - 163/163 - 1s - 8ms/step - loss: 0.0158
[2024-06-12T15:12:08.248+0000] {python.py:237} INFO - Done. Returned value was: None
[2024-06-12T15:12:08.249+0000] {taskinstance.py:441} INFO - ::group::Post task execution logs
[2024-06-12T15:12:08.256+0000] {taskinstance.py:1206} INFO - Marking task as SUCCESS. dag_id=stock_prediction, task_id=training_task, run_id=manual__2024-06-12T15:10:41.265327+00:00, execution_date=20240612T151041, start_date=20240612T151112, end_date=20240612T151208
[2024-06-12T15:12:08.320+0000] {local_task_job_runner.py:240} INFO - Task exited with return code 0
[2024-06-12T15:12:08.350+0000] {taskinstance.py:3503} INFO - 1 downstream tasks scheduled from follow-on schedule check
[2024-06-12T15:12:08.362+0000] {local_task_job_runner.py:222} INFO - ::endgroup::
