[2024-06-12T12:57:48.615+0000] {local_task_job_runner.py:120} INFO - ::group::Pre task execution logs
[2024-06-12T12:57:48.631+0000] {taskinstance.py:2076} INFO - Dependencies all met for dep_context=non-requeueable deps ti=<TaskInstance: stock_prediction.start manual__2024-06-12T12:57:47.002199+00:00 [queued]>
[2024-06-12T12:57:48.637+0000] {taskinstance.py:2076} INFO - Dependencies all met for dep_context=requeueable deps ti=<TaskInstance: stock_prediction.start manual__2024-06-12T12:57:47.002199+00:00 [queued]>
[2024-06-12T12:57:48.638+0000] {taskinstance.py:2306} INFO - Starting attempt 1 of 2
[2024-06-12T12:57:48.647+0000] {taskinstance.py:2330} INFO - Executing <Task(PythonOperator): start> on 2024-06-12 12:57:47.002199+00:00
[2024-06-12T12:57:48.657+0000] {warnings.py:112} WARNING - /home/***/.local/lib/python3.12/site-packages/***/task/task_runner/standard_task_runner.py:61: DeprecationWarning: This process (pid=2633) is multi-threaded, use of fork() may lead to deadlocks in the child.
  pid = os.fork()

[2024-06-12T12:57:48.659+0000] {standard_task_runner.py:90} INFO - Running: ['***', 'tasks', 'run', 'stock_prediction', 'start', 'manual__2024-06-12T12:57:47.002199+00:00', '--job-id', '173', '--raw', '--subdir', 'DAGS_FOLDER/demo_***.py', '--cfg-path', '/tmp/tmp2f07zyo4']
[2024-06-12T12:57:48.660+0000] {standard_task_runner.py:63} INFO - Started process 2658 to run task
[2024-06-12T12:57:48.661+0000] {standard_task_runner.py:91} INFO - Job 173: Subtask start
[2024-06-12T12:57:48.700+0000] {task_command.py:426} INFO - Running <TaskInstance: stock_prediction.start manual__2024-06-12T12:57:47.002199+00:00 [running]> on host 33b4ab31339c
[2024-06-12T12:57:48.927+0000] {taskinstance.py:2648} INFO - Exporting env vars: AIRFLOW_CTX_DAG_OWNER='Nguyen Khoa Doan' AIRFLOW_CTX_DAG_ID='stock_prediction' AIRFLOW_CTX_TASK_ID='start' AIRFLOW_CTX_EXECUTION_DATE='2024-06-12T12:57:47.002199+00:00' AIRFLOW_CTX_TRY_NUMBER='1' AIRFLOW_CTX_DAG_RUN_ID='manual__2024-06-12T12:57:47.002199+00:00'
[2024-06-12T12:57:48.929+0000] {taskinstance.py:430} INFO - ::endgroup::
[2024-06-12T12:57:48.929+0000] {logging_mixin.py:188} INFO - START
[2024-06-12T12:57:48.930+0000] {python.py:237} INFO - Done. Returned value was: None
[2024-06-12T12:57:48.930+0000] {taskinstance.py:441} INFO - ::group::Post task execution logs
[2024-06-12T12:57:48.937+0000] {taskinstance.py:1206} INFO - Marking task as SUCCESS. dag_id=stock_prediction, task_id=start, run_id=manual__2024-06-12T12:57:47.002199+00:00, execution_date=20240612T125747, start_date=20240612T125748, end_date=20240612T125748
[2024-06-12T12:57:48.956+0000] {local_task_job_runner.py:240} INFO - Task exited with return code 0
[2024-06-12T12:57:48.975+0000] {taskinstance.py:3503} INFO - 1 downstream tasks scheduled from follow-on schedule check
[2024-06-12T12:57:48.978+0000] {local_task_job_runner.py:222} INFO - ::endgroup::
