[2024-06-11T17:51:40.986+0000] {local_task_job_runner.py:120} INFO - ::group::Pre task execution logs
[2024-06-11T17:51:41.001+0000] {taskinstance.py:2076} INFO - Dependencies all met for dep_context=non-requeueable deps ti=<TaskInstance: stock_prediction.describe_data manual__2024-06-11T17:51:31.335915+00:00 [queued]>
[2024-06-11T17:51:41.007+0000] {taskinstance.py:2076} INFO - Dependencies all met for dep_context=requeueable deps ti=<TaskInstance: stock_prediction.describe_data manual__2024-06-11T17:51:31.335915+00:00 [queued]>
[2024-06-11T17:51:41.008+0000] {taskinstance.py:2306} INFO - Starting attempt 1 of 2
[2024-06-11T17:51:41.019+0000] {taskinstance.py:2330} INFO - Executing <Task(PythonOperator): describe_data> on 2024-06-11 17:51:31.335915+00:00
[2024-06-11T17:51:41.025+0000] {warnings.py:112} WARNING - /home/***/.local/lib/python3.12/site-packages/***/task/task_runner/standard_task_runner.py:61: DeprecationWarning: This process (pid=2142) is multi-threaded, use of fork() may lead to deadlocks in the child.
  pid = os.fork()

[2024-06-11T17:51:41.026+0000] {standard_task_runner.py:90} INFO - Running: ['***', 'tasks', 'run', 'stock_prediction', 'describe_data', 'manual__2024-06-11T17:51:31.335915+00:00', '--job-id', '62', '--raw', '--subdir', 'DAGS_FOLDER/demo_***.py', '--cfg-path', '/tmp/tmp8cpenzfg']
[2024-06-11T17:51:41.027+0000] {standard_task_runner.py:63} INFO - Started process 2160 to run task
[2024-06-11T17:51:41.027+0000] {standard_task_runner.py:91} INFO - Job 62: Subtask describe_data
[2024-06-11T17:51:41.060+0000] {task_command.py:426} INFO - Running <TaskInstance: stock_prediction.describe_data manual__2024-06-11T17:51:31.335915+00:00 [running]> on host ad0cd89ef011
[2024-06-11T17:51:41.122+0000] {taskinstance.py:2648} INFO - Exporting env vars: AIRFLOW_CTX_DAG_OWNER='Nguyen Khoa Doan' AIRFLOW_CTX_DAG_ID='stock_prediction' AIRFLOW_CTX_TASK_ID='describe_data' AIRFLOW_CTX_EXECUTION_DATE='2024-06-11T17:51:31.335915+00:00' AIRFLOW_CTX_TRY_NUMBER='1' AIRFLOW_CTX_DAG_RUN_ID='manual__2024-06-11T17:51:31.335915+00:00'
[2024-06-11T17:51:41.124+0000] {taskinstance.py:430} INFO - ::endgroup::
[2024-06-11T17:51:41.901+0000] {logging_mixin.py:188} INFO -             time   open   high    low  close
2597  2024-06-05  66200  69200  66200  68500
2598  2024-06-06  69000  69000  67200  67200
2599  2024-06-07  67600  68600  67500  67800
2600  2024-06-10  68400  68500  67200  67200
2601  2024-06-11  67400  67500  66400  66500
[2024-06-11T17:51:41.901+0000] {python.py:237} INFO - Done. Returned value was: None
[2024-06-11T17:51:41.902+0000] {taskinstance.py:441} INFO - ::group::Post task execution logs
[2024-06-11T17:51:41.913+0000] {taskinstance.py:1206} INFO - Marking task as SUCCESS. dag_id=stock_prediction, task_id=describe_data, run_id=manual__2024-06-11T17:51:31.335915+00:00, execution_date=20240611T175131, start_date=20240611T175141, end_date=20240611T175141
[2024-06-11T17:51:41.965+0000] {local_task_job_runner.py:240} INFO - Task exited with return code 0
[2024-06-11T17:51:41.984+0000] {taskinstance.py:3503} INFO - 1 downstream tasks scheduled from follow-on schedule check
[2024-06-11T17:51:41.987+0000] {local_task_job_runner.py:222} INFO - ::endgroup::
