[2024-06-13T08:24:35.295+0000] {local_task_job_runner.py:120} INFO - ::group::Pre task execution logs
[2024-06-13T08:24:35.316+0000] {taskinstance.py:2076} INFO - Dependencies all met for dep_context=non-requeueable deps ti=<TaskInstance: stock_prediction.preprocessing_data_task manual__2024-06-13T08:24:03.888958+00:00 [queued]>
[2024-06-13T08:24:35.324+0000] {taskinstance.py:2076} INFO - Dependencies all met for dep_context=requeueable deps ti=<TaskInstance: stock_prediction.preprocessing_data_task manual__2024-06-13T08:24:03.888958+00:00 [queued]>
[2024-06-13T08:24:35.325+0000] {taskinstance.py:2306} INFO - Starting attempt 1 of 2
[2024-06-13T08:24:35.338+0000] {taskinstance.py:2330} INFO - Executing <Task(PythonOperator): preprocessing_data_task> on 2024-06-13 08:24:03.888958+00:00
[2024-06-13T08:24:35.346+0000] {warnings.py:112} WARNING - /home/***/.local/lib/python3.12/site-packages/***/task/task_runner/standard_task_runner.py:61: DeprecationWarning: This process (pid=1458) is multi-threaded, use of fork() may lead to deadlocks in the child.
  pid = os.fork()

[2024-06-13T08:24:35.348+0000] {standard_task_runner.py:90} INFO - Running: ['***', 'tasks', 'run', 'stock_prediction', 'preprocessing_data_task', 'manual__2024-06-13T08:24:03.888958+00:00', '--job-id', '364', '--raw', '--subdir', 'DAGS_FOLDER/demo_***.py', '--cfg-path', '/tmp/tmppg33ao77']
[2024-06-13T08:24:35.351+0000] {standard_task_runner.py:63} INFO - Started process 1476 to run task
[2024-06-13T08:24:35.351+0000] {standard_task_runner.py:91} INFO - Job 364: Subtask preprocessing_data_task
[2024-06-13T08:24:35.392+0000] {task_command.py:426} INFO - Running <TaskInstance: stock_prediction.preprocessing_data_task manual__2024-06-13T08:24:03.888958+00:00 [running]> on host 33b4ab31339c
[2024-06-13T08:24:35.472+0000] {taskinstance.py:2648} INFO - Exporting env vars: AIRFLOW_CTX_DAG_OWNER='Nguyen Khoa Doan' AIRFLOW_CTX_DAG_ID='stock_prediction' AIRFLOW_CTX_TASK_ID='preprocessing_data_task' AIRFLOW_CTX_EXECUTION_DATE='2024-06-13T08:24:03.888958+00:00' AIRFLOW_CTX_TRY_NUMBER='1' AIRFLOW_CTX_DAG_RUN_ID='manual__2024-06-13T08:24:03.888958+00:00'
[2024-06-13T08:24:35.474+0000] {taskinstance.py:430} INFO - ::endgroup::
[2024-06-13T08:24:35.506+0000] {logging_mixin.py:188} INFO -               close
time               
2014-01-02  36390.0
2014-01-03  36660.0
2014-01-06  36660.0
2014-01-07  36390.0
2014-01-08  36660.0
...             ...
2024-06-07  67800.0
2024-06-10  67200.0
2024-06-11  66500.0
2024-06-12  67000.0
2024-06-13  66900.0

[2604 rows x 1 columns]
[2024-06-13T08:24:35.518+0000] {python.py:237} INFO - Done. Returned value was: None
[2024-06-13T08:24:35.519+0000] {taskinstance.py:441} INFO - ::group::Post task execution logs
[2024-06-13T08:24:35.526+0000] {taskinstance.py:1206} INFO - Marking task as SUCCESS. dag_id=stock_prediction, task_id=preprocessing_data_task, run_id=manual__2024-06-13T08:24:03.888958+00:00, execution_date=20240613T082403, start_date=20240613T082435, end_date=20240613T082435
[2024-06-13T08:24:35.568+0000] {local_task_job_runner.py:240} INFO - Task exited with return code 0
[2024-06-13T08:24:35.588+0000] {taskinstance.py:3503} INFO - 1 downstream tasks scheduled from follow-on schedule check
[2024-06-13T08:24:35.592+0000] {local_task_job_runner.py:222} INFO - ::endgroup::
