[2024-06-11T17:52:21.185+0000] {local_task_job_runner.py:120} INFO - ::group::Pre task execution logs
[2024-06-11T17:52:21.204+0000] {taskinstance.py:2076} INFO - Dependencies all met for dep_context=non-requeueable deps ti=<TaskInstance: stock_prediction.end manual__2024-06-11T17:51:31.335915+00:00 [queued]>
[2024-06-11T17:52:21.212+0000] {taskinstance.py:2076} INFO - Dependencies all met for dep_context=requeueable deps ti=<TaskInstance: stock_prediction.end manual__2024-06-11T17:51:31.335915+00:00 [queued]>
[2024-06-11T17:52:21.213+0000] {taskinstance.py:2306} INFO - Starting attempt 1 of 2
[2024-06-11T17:52:21.225+0000] {taskinstance.py:2330} INFO - Executing <Task(PythonOperator): end> on 2024-06-11 17:51:31.335915+00:00
[2024-06-11T17:52:21.232+0000] {warnings.py:112} WARNING - /home/***/.local/lib/python3.12/site-packages/***/task/task_runner/standard_task_runner.py:61: DeprecationWarning: This process (pid=2195) is multi-threaded, use of fork() may lead to deadlocks in the child.
  pid = os.fork()

[2024-06-11T17:52:21.234+0000] {standard_task_runner.py:90} INFO - Running: ['***', 'tasks', 'run', 'stock_prediction', 'end', 'manual__2024-06-11T17:51:31.335915+00:00', '--job-id', '64', '--raw', '--subdir', 'DAGS_FOLDER/demo_***.py', '--cfg-path', '/tmp/tmpy8ngievl']
[2024-06-11T17:52:21.235+0000] {standard_task_runner.py:63} INFO - Started process 2213 to run task
[2024-06-11T17:52:21.236+0000] {standard_task_runner.py:91} INFO - Job 64: Subtask end
[2024-06-11T17:52:21.267+0000] {task_command.py:426} INFO - Running <TaskInstance: stock_prediction.end manual__2024-06-11T17:51:31.335915+00:00 [running]> on host ad0cd89ef011
[2024-06-11T17:52:21.326+0000] {taskinstance.py:2648} INFO - Exporting env vars: AIRFLOW_CTX_DAG_OWNER='Nguyen Khoa Doan' AIRFLOW_CTX_DAG_ID='stock_prediction' AIRFLOW_CTX_TASK_ID='end' AIRFLOW_CTX_EXECUTION_DATE='2024-06-11T17:51:31.335915+00:00' AIRFLOW_CTX_TRY_NUMBER='1' AIRFLOW_CTX_DAG_RUN_ID='manual__2024-06-11T17:51:31.335915+00:00'
[2024-06-11T17:52:21.327+0000] {taskinstance.py:430} INFO - ::endgroup::
[2024-06-11T17:52:21.328+0000] {logging_mixin.py:188} INFO - END
[2024-06-11T17:52:21.328+0000] {python.py:237} INFO - Done. Returned value was: None
[2024-06-11T17:52:21.329+0000] {taskinstance.py:441} INFO - ::group::Post task execution logs
[2024-06-11T17:52:21.336+0000] {taskinstance.py:1206} INFO - Marking task as SUCCESS. dag_id=stock_prediction, task_id=end, run_id=manual__2024-06-11T17:51:31.335915+00:00, execution_date=20240611T175131, start_date=20240611T175221, end_date=20240611T175221
[2024-06-11T17:52:21.370+0000] {local_task_job_runner.py:240} INFO - Task exited with return code 0
[2024-06-11T17:52:21.387+0000] {taskinstance.py:3503} INFO - 0 downstream tasks scheduled from follow-on schedule check
[2024-06-11T17:52:21.391+0000] {local_task_job_runner.py:222} INFO - ::endgroup::
