[2024-06-13T14:13:13.033+0000] {local_task_job_runner.py:120} INFO - ::group::Pre task execution logs
[2024-06-13T14:13:13.049+0000] {taskinstance.py:2076} INFO - Dependencies all met for dep_context=non-requeueable deps ti=<TaskInstance: stock_prediction.train_model_task manual__2024-06-13T14:12:42.057474+00:00 [queued]>
[2024-06-13T14:13:13.055+0000] {taskinstance.py:2076} INFO - Dependencies all met for dep_context=requeueable deps ti=<TaskInstance: stock_prediction.train_model_task manual__2024-06-13T14:12:42.057474+00:00 [queued]>
[2024-06-13T14:13:13.055+0000] {taskinstance.py:2306} INFO - Starting attempt 1 of 2
[2024-06-13T14:13:13.065+0000] {taskinstance.py:2330} INFO - Executing <Task(PythonOperator): train_model_task> on 2024-06-13 14:12:42.057474+00:00
[2024-06-13T14:13:13.074+0000] {warnings.py:112} WARNING - /home/***/.local/lib/python3.12/site-packages/***/task/task_runner/standard_task_runner.py:61: DeprecationWarning: This process (pid=19091) is multi-threaded, use of fork() may lead to deadlocks in the child.
  pid = os.fork()

[2024-06-13T14:13:13.075+0000] {standard_task_runner.py:63} INFO - Started process 19109 to run task
[2024-06-13T14:13:13.075+0000] {standard_task_runner.py:90} INFO - Running: ['***', 'tasks', 'run', 'stock_prediction', 'train_model_task', 'manual__2024-06-13T14:12:42.057474+00:00', '--job-id', '477', '--raw', '--subdir', 'DAGS_FOLDER/demo_***.py', '--cfg-path', '/tmp/tmp9_agj9cv']
[2024-06-13T14:13:13.075+0000] {standard_task_runner.py:91} INFO - Job 477: Subtask train_model_task
[2024-06-13T14:13:13.104+0000] {task_command.py:426} INFO - Running <TaskInstance: stock_prediction.train_model_task manual__2024-06-13T14:12:42.057474+00:00 [running]> on host 33b4ab31339c
[2024-06-13T14:13:13.161+0000] {taskinstance.py:2648} INFO - Exporting env vars: AIRFLOW_CTX_DAG_OWNER='Nguyen Khoa Doan' AIRFLOW_CTX_DAG_ID='stock_prediction' AIRFLOW_CTX_TASK_ID='train_model_task' AIRFLOW_CTX_EXECUTION_DATE='2024-06-13T14:12:42.057474+00:00' AIRFLOW_CTX_TRY_NUMBER='1' AIRFLOW_CTX_DAG_RUN_ID='manual__2024-06-13T14:12:42.057474+00:00'
[2024-06-13T14:13:13.162+0000] {taskinstance.py:430} INFO - ::endgroup::
[2024-06-13T14:13:13.222+0000] {warnings.py:112} WARNING - /home/***/.local/lib/python3.12/site-packages/keras/src/layers/rnn/rnn.py:204: UserWarning: Do not pass an `input_shape`/`input_dim` argument to a layer. When using Sequential models, prefer using an `Input(shape)` object as the first layer in the model instead.
  super().__init__(**kwargs)

[2024-06-13T14:13:13.392+0000] {logging_mixin.py:188} INFO - Epoch 1/37
[2024-06-13T14:13:15.938+0000] {logging_mixin.py:188} INFO - 
Epoch 1: loss improved from inf to 0.05302, saving model to /opt/***/data/model/save_model.keras
[2024-06-13T14:13:16.015+0000] {logging_mixin.py:188} INFO - 130/130 - 3s - 20ms/step - loss: 0.0530
[2024-06-13T14:13:16.016+0000] {logging_mixin.py:188} INFO - Epoch 2/37
[2024-06-13T14:13:17.034+0000] {logging_mixin.py:188} INFO - 
Epoch 2: loss improved from 0.05302 to 0.02723, saving model to /opt/***/data/model/save_model.keras
[2024-06-13T14:13:17.083+0000] {logging_mixin.py:188} INFO - 130/130 - 1s - 8ms/step - loss: 0.0272
[2024-06-13T14:13:17.084+0000] {logging_mixin.py:188} INFO - Epoch 3/37
[2024-06-13T14:13:18.076+0000] {logging_mixin.py:188} INFO - 
Epoch 3: loss did not improve from 0.02723
[2024-06-13T14:13:18.077+0000] {logging_mixin.py:188} INFO - 130/130 - 1s - 8ms/step - loss: 0.0286
[2024-06-13T14:13:18.078+0000] {logging_mixin.py:188} INFO - Epoch 4/37
[2024-06-13T14:13:19.142+0000] {logging_mixin.py:188} INFO - 
Epoch 4: loss did not improve from 0.02723
[2024-06-13T14:13:19.143+0000] {logging_mixin.py:188} INFO - 130/130 - 1s - 8ms/step - loss: 0.0274
[2024-06-13T14:13:19.144+0000] {logging_mixin.py:188} INFO - Epoch 5/37
[2024-06-13T14:13:20.164+0000] {logging_mixin.py:188} INFO - 
Epoch 5: loss improved from 0.02723 to 0.02429, saving model to /opt/***/data/model/save_model.keras
[2024-06-13T14:13:20.211+0000] {logging_mixin.py:188} INFO - 130/130 - 1s - 8ms/step - loss: 0.0243
[2024-06-13T14:13:20.212+0000] {logging_mixin.py:188} INFO - Epoch 6/37
[2024-06-13T14:13:21.112+0000] {logging_mixin.py:188} INFO - 
Epoch 6: loss did not improve from 0.02429
[2024-06-13T14:13:21.113+0000] {logging_mixin.py:188} INFO - 130/130 - 1s - 7ms/step - loss: 0.0256
[2024-06-13T14:13:21.114+0000] {logging_mixin.py:188} INFO - Epoch 7/37
[2024-06-13T14:13:22.184+0000] {logging_mixin.py:188} INFO - 
Epoch 7: loss did not improve from 0.02429
[2024-06-13T14:13:22.185+0000] {logging_mixin.py:188} INFO - 130/130 - 1s - 8ms/step - loss: 0.0267
[2024-06-13T14:13:22.186+0000] {logging_mixin.py:188} INFO - Epoch 8/37
[2024-06-13T14:13:23.328+0000] {logging_mixin.py:188} INFO - 
Epoch 8: loss improved from 0.02429 to 0.02428, saving model to /opt/***/data/model/save_model.keras
[2024-06-13T14:13:23.379+0000] {logging_mixin.py:188} INFO - 130/130 - 1s - 9ms/step - loss: 0.0243
[2024-06-13T14:13:23.380+0000] {logging_mixin.py:188} INFO - Epoch 9/37
[2024-06-13T14:13:24.508+0000] {logging_mixin.py:188} INFO - 
Epoch 9: loss improved from 0.02428 to 0.02320, saving model to /opt/***/data/model/save_model.keras
[2024-06-13T14:13:24.555+0000] {logging_mixin.py:188} INFO - 130/130 - 1s - 9ms/step - loss: 0.0232
[2024-06-13T14:13:24.556+0000] {logging_mixin.py:188} INFO - Epoch 10/37
[2024-06-13T14:13:25.580+0000] {logging_mixin.py:188} INFO - 
Epoch 10: loss did not improve from 0.02320
[2024-06-13T14:13:25.582+0000] {logging_mixin.py:188} INFO - 130/130 - 1s - 8ms/step - loss: 0.0259
[2024-06-13T14:13:25.583+0000] {logging_mixin.py:188} INFO - Epoch 11/37
[2024-06-13T14:13:26.608+0000] {logging_mixin.py:188} INFO - 
Epoch 11: loss did not improve from 0.02320
[2024-06-13T14:13:26.610+0000] {logging_mixin.py:188} INFO - 130/130 - 1s - 8ms/step - loss: 0.0236
[2024-06-13T14:13:26.611+0000] {logging_mixin.py:188} INFO - Epoch 12/37
[2024-06-13T14:13:27.620+0000] {logging_mixin.py:188} INFO - 
Epoch 12: loss did not improve from 0.02320
[2024-06-13T14:13:27.621+0000] {logging_mixin.py:188} INFO - 130/130 - 1s - 8ms/step - loss: 0.0235
[2024-06-13T14:13:27.622+0000] {logging_mixin.py:188} INFO - Epoch 13/37
[2024-06-13T14:13:28.636+0000] {logging_mixin.py:188} INFO - 
Epoch 13: loss improved from 0.02320 to 0.02305, saving model to /opt/***/data/model/save_model.keras
[2024-06-13T14:13:28.697+0000] {logging_mixin.py:188} INFO - 130/130 - 1s - 8ms/step - loss: 0.0231
[2024-06-13T14:13:28.698+0000] {logging_mixin.py:188} INFO - Epoch 14/37
[2024-06-13T14:13:29.742+0000] {logging_mixin.py:188} INFO - 
Epoch 14: loss did not improve from 0.02305
[2024-06-13T14:13:29.743+0000] {logging_mixin.py:188} INFO - 130/130 - 1s - 8ms/step - loss: 0.0231
[2024-06-13T14:13:29.744+0000] {logging_mixin.py:188} INFO - Epoch 15/37
[2024-06-13T14:13:30.743+0000] {logging_mixin.py:188} INFO - 
Epoch 15: loss improved from 0.02305 to 0.02265, saving model to /opt/***/data/model/save_model.keras
[2024-06-13T14:13:30.808+0000] {logging_mixin.py:188} INFO - 130/130 - 1s - 8ms/step - loss: 0.0227
[2024-06-13T14:13:30.809+0000] {logging_mixin.py:188} INFO - Epoch 16/37
[2024-06-13T14:13:31.912+0000] {logging_mixin.py:188} INFO - 
Epoch 16: loss improved from 0.02265 to 0.02201, saving model to /opt/***/data/model/save_model.keras
[2024-06-13T14:13:31.965+0000] {logging_mixin.py:188} INFO - 130/130 - 1s - 9ms/step - loss: 0.0220
[2024-06-13T14:13:31.966+0000] {logging_mixin.py:188} INFO - Epoch 17/37
[2024-06-13T14:13:33.176+0000] {logging_mixin.py:188} INFO - 
Epoch 17: loss did not improve from 0.02201
[2024-06-13T14:13:33.177+0000] {logging_mixin.py:188} INFO - 130/130 - 1s - 9ms/step - loss: 0.0231
[2024-06-13T14:13:33.178+0000] {logging_mixin.py:188} INFO - Epoch 18/37
[2024-06-13T14:13:34.160+0000] {logging_mixin.py:188} INFO - 
Epoch 18: loss improved from 0.02201 to 0.02169, saving model to /opt/***/data/model/save_model.keras
[2024-06-13T14:13:34.213+0000] {logging_mixin.py:188} INFO - 130/130 - 1s - 8ms/step - loss: 0.0217
[2024-06-13T14:13:34.214+0000] {logging_mixin.py:188} INFO - Epoch 19/37
[2024-06-13T14:13:35.155+0000] {logging_mixin.py:188} INFO - 
Epoch 19: loss did not improve from 0.02169
[2024-06-13T14:13:35.156+0000] {logging_mixin.py:188} INFO - 130/130 - 1s - 7ms/step - loss: 0.0229
[2024-06-13T14:13:35.157+0000] {logging_mixin.py:188} INFO - Epoch 20/37
[2024-06-13T14:13:36.118+0000] {logging_mixin.py:188} INFO - 
Epoch 20: loss improved from 0.02169 to 0.01973, saving model to /opt/***/data/model/save_model.keras
[2024-06-13T14:13:36.166+0000] {logging_mixin.py:188} INFO - 130/130 - 1s - 8ms/step - loss: 0.0197
[2024-06-13T14:13:36.167+0000] {logging_mixin.py:188} INFO - Epoch 21/37
[2024-06-13T14:13:37.247+0000] {logging_mixin.py:188} INFO - 
Epoch 21: loss did not improve from 0.01973
[2024-06-13T14:13:37.248+0000] {logging_mixin.py:188} INFO - 130/130 - 1s - 8ms/step - loss: 0.0199
[2024-06-13T14:13:37.249+0000] {logging_mixin.py:188} INFO - Epoch 22/37
[2024-06-13T14:13:38.642+0000] {logging_mixin.py:188} INFO - 
Epoch 22: loss did not improve from 0.01973
[2024-06-13T14:13:38.675+0000] {logging_mixin.py:188} INFO - 130/130 - 1s - 11ms/step - loss: 0.0213
[2024-06-13T14:13:38.745+0000] {logging_mixin.py:188} INFO - Epoch 23/37
[2024-06-13T14:13:39.995+0000] {logging_mixin.py:188} INFO - 
Epoch 23: loss improved from 0.01973 to 0.01942, saving model to /opt/***/data/model/save_model.keras
[2024-06-13T14:13:40.049+0000] {logging_mixin.py:188} INFO - 130/130 - 1s - 10ms/step - loss: 0.0194
[2024-06-13T14:13:40.050+0000] {logging_mixin.py:188} INFO - Epoch 24/37
[2024-06-13T14:13:41.024+0000] {logging_mixin.py:188} INFO - 
Epoch 24: loss did not improve from 0.01942
[2024-06-13T14:13:41.025+0000] {logging_mixin.py:188} INFO - 130/130 - 1s - 7ms/step - loss: 0.0202
[2024-06-13T14:13:41.026+0000] {logging_mixin.py:188} INFO - Epoch 25/37
[2024-06-13T14:13:42.022+0000] {logging_mixin.py:188} INFO - 
Epoch 25: loss improved from 0.01942 to 0.01886, saving model to /opt/***/data/model/save_model.keras
[2024-06-13T14:13:42.073+0000] {logging_mixin.py:188} INFO - 130/130 - 1s - 8ms/step - loss: 0.0189
[2024-06-13T14:13:42.075+0000] {logging_mixin.py:188} INFO - Epoch 26/37
[2024-06-13T14:13:43.215+0000] {logging_mixin.py:188} INFO - 
Epoch 26: loss did not improve from 0.01886
[2024-06-13T14:13:43.216+0000] {logging_mixin.py:188} INFO - 130/130 - 1s - 9ms/step - loss: 0.0194
[2024-06-13T14:13:43.217+0000] {logging_mixin.py:188} INFO - Epoch 27/37
[2024-06-13T14:13:44.254+0000] {logging_mixin.py:188} INFO - 
Epoch 27: loss did not improve from 0.01886
[2024-06-13T14:13:44.255+0000] {logging_mixin.py:188} INFO - 130/130 - 1s - 8ms/step - loss: 0.0200
[2024-06-13T14:13:44.256+0000] {logging_mixin.py:188} INFO - Epoch 28/37
[2024-06-13T14:13:45.446+0000] {logging_mixin.py:188} INFO - 
Epoch 28: loss improved from 0.01886 to 0.01841, saving model to /opt/***/data/model/save_model.keras
[2024-06-13T14:13:45.491+0000] {logging_mixin.py:188} INFO - 130/130 - 1s - 9ms/step - loss: 0.0184
[2024-06-13T14:13:45.492+0000] {logging_mixin.py:188} INFO - Epoch 29/37
[2024-06-13T14:13:46.601+0000] {logging_mixin.py:188} INFO - 
Epoch 29: loss did not improve from 0.01841
[2024-06-13T14:13:46.602+0000] {logging_mixin.py:188} INFO - 130/130 - 1s - 9ms/step - loss: 0.0190
[2024-06-13T14:13:46.603+0000] {logging_mixin.py:188} INFO - Epoch 30/37
[2024-06-13T14:13:47.715+0000] {logging_mixin.py:188} INFO - 
Epoch 30: loss improved from 0.01841 to 0.01817, saving model to /opt/***/data/model/save_model.keras
[2024-06-13T14:13:47.783+0000] {logging_mixin.py:188} INFO - 130/130 - 1s - 9ms/step - loss: 0.0182
[2024-06-13T14:13:47.784+0000] {logging_mixin.py:188} INFO - Epoch 31/37
[2024-06-13T14:13:48.837+0000] {logging_mixin.py:188} INFO - 
Epoch 31: loss did not improve from 0.01817
[2024-06-13T14:13:48.839+0000] {logging_mixin.py:188} INFO - 130/130 - 1s - 8ms/step - loss: 0.0196
[2024-06-13T14:13:48.840+0000] {logging_mixin.py:188} INFO - Epoch 32/37
[2024-06-13T14:13:49.876+0000] {logging_mixin.py:188} INFO - 
Epoch 32: loss improved from 0.01817 to 0.01715, saving model to /opt/***/data/model/save_model.keras
[2024-06-13T14:13:49.928+0000] {logging_mixin.py:188} INFO - 130/130 - 1s - 8ms/step - loss: 0.0171
[2024-06-13T14:13:49.929+0000] {logging_mixin.py:188} INFO - Epoch 33/37
[2024-06-13T14:13:50.939+0000] {logging_mixin.py:188} INFO - 
Epoch 33: loss improved from 0.01715 to 0.01698, saving model to /opt/***/data/model/save_model.keras
[2024-06-13T14:13:50.987+0000] {logging_mixin.py:188} INFO - 130/130 - 1s - 8ms/step - loss: 0.0170
[2024-06-13T14:13:50.988+0000] {logging_mixin.py:188} INFO - Epoch 34/37
[2024-06-13T14:13:51.970+0000] {logging_mixin.py:188} INFO - 
Epoch 34: loss did not improve from 0.01698
[2024-06-13T14:13:51.971+0000] {logging_mixin.py:188} INFO - 130/130 - 1s - 8ms/step - loss: 0.0182
[2024-06-13T14:13:51.972+0000] {logging_mixin.py:188} INFO - Epoch 35/37
[2024-06-13T14:13:53.012+0000] {logging_mixin.py:188} INFO - 
Epoch 35: loss did not improve from 0.01698
[2024-06-13T14:13:53.015+0000] {logging_mixin.py:188} INFO - 130/130 - 1s - 8ms/step - loss: 0.0183
[2024-06-13T14:13:53.016+0000] {logging_mixin.py:188} INFO - Epoch 36/37
[2024-06-13T14:13:54.152+0000] {logging_mixin.py:188} INFO - 
Epoch 36: loss did not improve from 0.01698
[2024-06-13T14:13:54.154+0000] {logging_mixin.py:188} INFO - 130/130 - 1s - 9ms/step - loss: 0.0171
[2024-06-13T14:13:54.155+0000] {logging_mixin.py:188} INFO - Epoch 37/37
[2024-06-13T14:13:55.251+0000] {logging_mixin.py:188} INFO - 
Epoch 37: loss did not improve from 0.01698
[2024-06-13T14:13:55.252+0000] {logging_mixin.py:188} INFO - 130/130 - 1s - 8ms/step - loss: 0.0171
[2024-06-13T14:13:55.459+0000] {python.py:237} INFO - Done. Returned value was: /opt/***/data/model/save_model.keras
[2024-06-13T14:13:55.459+0000] {taskinstance.py:441} INFO - ::group::Post task execution logs
[2024-06-13T14:13:55.476+0000] {taskinstance.py:1206} INFO - Marking task as SUCCESS. dag_id=stock_prediction, task_id=train_model_task, run_id=manual__2024-06-13T14:12:42.057474+00:00, execution_date=20240613T141242, start_date=20240613T141313, end_date=20240613T141355
[2024-06-13T14:13:55.515+0000] {local_task_job_runner.py:240} INFO - Task exited with return code 0
[2024-06-13T14:13:55.531+0000] {taskinstance.py:3503} INFO - 1 downstream tasks scheduled from follow-on schedule check
[2024-06-13T14:13:55.533+0000] {local_task_job_runner.py:222} INFO - ::endgroup::
