[2024-06-12T07:53:20.155+0000] {local_task_job_runner.py:120} INFO - ::group::Pre task execution logs
[2024-06-12T07:53:20.169+0000] {taskinstance.py:2076} INFO - Dependencies all met for dep_context=non-requeueable deps ti=<TaskInstance: stock_prediction.describe_data_task manual__2024-06-12T07:53:11.702738+00:00 [queued]>
[2024-06-12T07:53:20.174+0000] {taskinstance.py:2076} INFO - Dependencies all met for dep_context=requeueable deps ti=<TaskInstance: stock_prediction.describe_data_task manual__2024-06-12T07:53:11.702738+00:00 [queued]>
[2024-06-12T07:53:20.175+0000] {taskinstance.py:2306} INFO - Starting attempt 1 of 2
[2024-06-12T07:53:20.185+0000] {taskinstance.py:2330} INFO - Executing <Task(PythonOperator): describe_data_task> on 2024-06-12 07:53:11.702738+00:00
[2024-06-12T07:53:20.191+0000] {warnings.py:112} WARNING - /home/***/.local/lib/python3.12/site-packages/***/task/task_runner/standard_task_runner.py:61: DeprecationWarning: This process (pid=2984) is multi-threaded, use of fork() may lead to deadlocks in the child.
  pid = os.fork()

[2024-06-12T07:53:20.192+0000] {standard_task_runner.py:90} INFO - Running: ['***', 'tasks', 'run', 'stock_prediction', 'describe_data_task', 'manual__2024-06-12T07:53:11.702738+00:00', '--job-id', '104', '--raw', '--subdir', 'DAGS_FOLDER/demo_***.py', '--cfg-path', '/tmp/tmpj0uyxpa7']
[2024-06-12T07:53:20.192+0000] {standard_task_runner.py:63} INFO - Started process 3002 to run task
[2024-06-12T07:53:20.193+0000] {standard_task_runner.py:91} INFO - Job 104: Subtask describe_data_task
[2024-06-12T07:53:20.229+0000] {task_command.py:426} INFO - Running <TaskInstance: stock_prediction.describe_data_task manual__2024-06-12T07:53:11.702738+00:00 [running]> on host ad0cd89ef011
[2024-06-12T07:53:20.322+0000] {taskinstance.py:2648} INFO - Exporting env vars: AIRFLOW_CTX_DAG_OWNER='Nguyen Khoa Doan' AIRFLOW_CTX_DAG_ID='stock_prediction' AIRFLOW_CTX_TASK_ID='describe_data_task' AIRFLOW_CTX_EXECUTION_DATE='2024-06-12T07:53:11.702738+00:00' AIRFLOW_CTX_TRY_NUMBER='1' AIRFLOW_CTX_DAG_RUN_ID='manual__2024-06-12T07:53:11.702738+00:00'
[2024-06-12T07:53:20.324+0000] {taskinstance.py:430} INFO - ::endgroup::
[2024-06-12T07:53:20.342+0000] {logging_mixin.py:188} INFO - Kích thước dữ liệu:
[2024-06-12T07:53:20.343+0000] {logging_mixin.py:188} INFO - (2602, 5)
[2024-06-12T07:53:20.351+0000] {logging_mixin.py:188} INFO - <class 'pandas.core.frame.DataFrame'>
RangeIndex: 2602 entries, 0 to 2601
Data columns (total 5 columns):
 #   Column  Non-Null Count  Dtype         
---  ------  --------------  -----         
 0   time    2602 non-null   datetime64[ns]
 1   open    2602 non-null   int64         
 2   high    2602 non-null   int64         
 3   low     2602 non-null   int64         
 4   close   2602 non-null   int64         
dtypes: datetime64[ns](1), int64(4)
memory usage: 101.8 KB
[2024-06-12T07:53:20.352+0000] {logging_mixin.py:188} INFO - Thông tin dữ liệu:
[2024-06-12T07:53:20.352+0000] {logging_mixin.py:188} INFO - None
[2024-06-12T07:53:20.360+0000] {logging_mixin.py:188} INFO - Mô tả bộ dữ liệu:
[2024-06-12T07:53:20.371+0000] {logging_mixin.py:188} INFO -                                 time  ...          close
count                           2602  ...    2602.000000
mean   2019-03-26 21:35:33.435818496  ...   70436.946195
min              2014-01-02 00:00:00  ...   30720.000000
25%              2016-08-18 06:00:00  ...   62810.000000
50%              2019-03-28 12:00:00  ...   73210.000000
75%              2021-10-31 06:00:00  ...   82332.500000
max              2024-06-11 00:00:00  ...  115950.000000
std                              NaN  ...   19155.300611

[8 rows x 5 columns]
[2024-06-12T07:53:20.372+0000] {python.py:237} INFO - Done. Returned value was: None
[2024-06-12T07:53:20.372+0000] {taskinstance.py:441} INFO - ::group::Post task execution logs
[2024-06-12T07:53:20.381+0000] {taskinstance.py:1206} INFO - Marking task as SUCCESS. dag_id=stock_prediction, task_id=describe_data_task, run_id=manual__2024-06-12T07:53:11.702738+00:00, execution_date=20240612T075311, start_date=20240612T075320, end_date=20240612T075320
[2024-06-12T07:53:20.407+0000] {local_task_job_runner.py:240} INFO - Task exited with return code 0
[2024-06-12T07:53:20.421+0000] {taskinstance.py:3503} INFO - 1 downstream tasks scheduled from follow-on schedule check
[2024-06-12T07:53:20.423+0000] {local_task_job_runner.py:222} INFO - ::endgroup::
