[2024-06-13T14:10:10.967+0000] {local_task_job_runner.py:120} INFO - ::group::Pre task execution logs
[2024-06-13T14:10:10.984+0000] {taskinstance.py:2076} INFO - Dependencies all met for dep_context=non-requeueable deps ti=<TaskInstance: stock_prediction.train_model_task manual__2024-06-13T14:09:40.894199+00:00 [queued]>
[2024-06-13T14:10:10.990+0000] {taskinstance.py:2076} INFO - Dependencies all met for dep_context=requeueable deps ti=<TaskInstance: stock_prediction.train_model_task manual__2024-06-13T14:09:40.894199+00:00 [queued]>
[2024-06-13T14:10:10.991+0000] {taskinstance.py:2306} INFO - Starting attempt 1 of 2
[2024-06-13T14:10:11.001+0000] {taskinstance.py:2330} INFO - Executing <Task(PythonOperator): train_model_task> on 2024-06-13 14:09:40.894199+00:00
[2024-06-13T14:10:11.009+0000] {warnings.py:112} WARNING - /home/***/.local/lib/python3.12/site-packages/***/task/task_runner/standard_task_runner.py:61: DeprecationWarning: This process (pid=18038) is multi-threaded, use of fork() may lead to deadlocks in the child.
  pid = os.fork()

[2024-06-13T14:10:11.010+0000] {standard_task_runner.py:90} INFO - Running: ['***', 'tasks', 'run', 'stock_prediction', 'train_model_task', 'manual__2024-06-13T14:09:40.894199+00:00', '--job-id', '469', '--raw', '--subdir', 'DAGS_FOLDER/demo_***.py', '--cfg-path', '/tmp/tmp6io4q7z8']
[2024-06-13T14:10:11.010+0000] {standard_task_runner.py:63} INFO - Started process 18056 to run task
[2024-06-13T14:10:11.011+0000] {standard_task_runner.py:91} INFO - Job 469: Subtask train_model_task
[2024-06-13T14:10:11.046+0000] {task_command.py:426} INFO - Running <TaskInstance: stock_prediction.train_model_task manual__2024-06-13T14:09:40.894199+00:00 [running]> on host 33b4ab31339c
[2024-06-13T14:10:11.107+0000] {taskinstance.py:2648} INFO - Exporting env vars: AIRFLOW_CTX_DAG_OWNER='Nguyen Khoa Doan' AIRFLOW_CTX_DAG_ID='stock_prediction' AIRFLOW_CTX_TASK_ID='train_model_task' AIRFLOW_CTX_EXECUTION_DATE='2024-06-13T14:09:40.894199+00:00' AIRFLOW_CTX_TRY_NUMBER='1' AIRFLOW_CTX_DAG_RUN_ID='manual__2024-06-13T14:09:40.894199+00:00'
[2024-06-13T14:10:11.108+0000] {taskinstance.py:430} INFO - ::endgroup::
[2024-06-13T14:10:11.151+0000] {warnings.py:112} WARNING - /home/***/.local/lib/python3.12/site-packages/keras/src/layers/rnn/rnn.py:204: UserWarning: Do not pass an `input_shape`/`input_dim` argument to a layer. When using Sequential models, prefer using an `Input(shape)` object as the first layer in the model instead.
  super().__init__(**kwargs)

[2024-06-13T14:10:11.296+0000] {logging_mixin.py:188} INFO - Epoch 1/37
[2024-06-13T14:10:13.923+0000] {logging_mixin.py:188} INFO - 
Epoch 1: loss improved from inf to 0.05089, saving model to /opt/***/data/model/save_model.keras
[2024-06-13T14:10:13.986+0000] {logging_mixin.py:188} INFO - 130/130 - 3s - 21ms/step - loss: 0.0509
[2024-06-13T14:10:13.987+0000] {logging_mixin.py:188} INFO - Epoch 2/37
[2024-06-13T14:10:15.010+0000] {logging_mixin.py:188} INFO - 
Epoch 2: loss improved from 0.05089 to 0.02966, saving model to /opt/***/data/model/save_model.keras
[2024-06-13T14:10:15.058+0000] {logging_mixin.py:188} INFO - 130/130 - 1s - 8ms/step - loss: 0.0297
[2024-06-13T14:10:15.059+0000] {logging_mixin.py:188} INFO - Epoch 3/37
[2024-06-13T14:10:15.933+0000] {logging_mixin.py:188} INFO - 
Epoch 3: loss improved from 0.02966 to 0.02895, saving model to /opt/***/data/model/save_model.keras
[2024-06-13T14:10:15.986+0000] {logging_mixin.py:188} INFO - 130/130 - 1s - 7ms/step - loss: 0.0289
[2024-06-13T14:10:15.987+0000] {logging_mixin.py:188} INFO - Epoch 4/37
[2024-06-13T14:10:16.938+0000] {logging_mixin.py:188} INFO - 
Epoch 4: loss improved from 0.02895 to 0.02619, saving model to /opt/***/data/model/save_model.keras
[2024-06-13T14:10:16.992+0000] {logging_mixin.py:188} INFO - 130/130 - 1s - 8ms/step - loss: 0.0262
[2024-06-13T14:10:16.994+0000] {logging_mixin.py:188} INFO - Epoch 5/37
[2024-06-13T14:10:17.979+0000] {logging_mixin.py:188} INFO - 
Epoch 5: loss improved from 0.02619 to 0.02487, saving model to /opt/***/data/model/save_model.keras
[2024-06-13T14:10:18.028+0000] {logging_mixin.py:188} INFO - 130/130 - 1s - 8ms/step - loss: 0.0249
[2024-06-13T14:10:18.029+0000] {logging_mixin.py:188} INFO - Epoch 6/37
[2024-06-13T14:10:19.016+0000] {logging_mixin.py:188} INFO - 
Epoch 6: loss did not improve from 0.02487
[2024-06-13T14:10:19.017+0000] {logging_mixin.py:188} INFO - 130/130 - 1s - 8ms/step - loss: 0.0254
[2024-06-13T14:10:19.018+0000] {logging_mixin.py:188} INFO - Epoch 7/37
[2024-06-13T14:10:20.005+0000] {logging_mixin.py:188} INFO - 
Epoch 7: loss improved from 0.02487 to 0.02393, saving model to /opt/***/data/model/save_model.keras
[2024-06-13T14:10:20.055+0000] {logging_mixin.py:188} INFO - 130/130 - 1s - 8ms/step - loss: 0.0239
[2024-06-13T14:10:20.056+0000] {logging_mixin.py:188} INFO - Epoch 8/37
[2024-06-13T14:10:21.080+0000] {logging_mixin.py:188} INFO - 
Epoch 8: loss did not improve from 0.02393
[2024-06-13T14:10:21.082+0000] {logging_mixin.py:188} INFO - 130/130 - 1s - 8ms/step - loss: 0.0256
[2024-06-13T14:10:21.083+0000] {logging_mixin.py:188} INFO - Epoch 9/37
[2024-06-13T14:10:22.101+0000] {logging_mixin.py:188} INFO - 
Epoch 9: loss did not improve from 0.02393
[2024-06-13T14:10:22.102+0000] {logging_mixin.py:188} INFO - 130/130 - 1s - 8ms/step - loss: 0.0245
[2024-06-13T14:10:22.103+0000] {logging_mixin.py:188} INFO - Epoch 10/37
[2024-06-13T14:10:23.299+0000] {logging_mixin.py:188} INFO - 
Epoch 10: loss did not improve from 0.02393
[2024-06-13T14:10:23.318+0000] {logging_mixin.py:188} INFO - 130/130 - 1s - 9ms/step - loss: 0.0241
[2024-06-13T14:10:23.368+0000] {logging_mixin.py:188} INFO - Epoch 11/37
[2024-06-13T14:10:24.560+0000] {logging_mixin.py:188} INFO - 
Epoch 11: loss did not improve from 0.02393
[2024-06-13T14:10:24.562+0000] {logging_mixin.py:188} INFO - 130/130 - 1s - 9ms/step - loss: 0.0260
[2024-06-13T14:10:24.562+0000] {logging_mixin.py:188} INFO - Epoch 12/37
[2024-06-13T14:10:25.735+0000] {logging_mixin.py:188} INFO - 
Epoch 12: loss improved from 0.02393 to 0.02284, saving model to /opt/***/data/model/save_model.keras
[2024-06-13T14:10:25.791+0000] {logging_mixin.py:188} INFO - 130/130 - 1s - 9ms/step - loss: 0.0228
[2024-06-13T14:10:25.792+0000] {logging_mixin.py:188} INFO - Epoch 13/37
[2024-06-13T14:10:26.823+0000] {logging_mixin.py:188} INFO - 
Epoch 13: loss improved from 0.02284 to 0.02224, saving model to /opt/***/data/model/save_model.keras
[2024-06-13T14:10:26.866+0000] {logging_mixin.py:188} INFO - 130/130 - 1s - 8ms/step - loss: 0.0222
[2024-06-13T14:10:26.867+0000] {logging_mixin.py:188} INFO - Epoch 14/37
[2024-06-13T14:10:28.059+0000] {logging_mixin.py:188} INFO - 
Epoch 14: loss did not improve from 0.02224
[2024-06-13T14:10:28.060+0000] {logging_mixin.py:188} INFO - 130/130 - 1s - 9ms/step - loss: 0.0228
[2024-06-13T14:10:28.061+0000] {logging_mixin.py:188} INFO - Epoch 15/37
[2024-06-13T14:10:29.208+0000] {logging_mixin.py:188} INFO - 
Epoch 15: loss improved from 0.02224 to 0.02086, saving model to /opt/***/data/model/save_model.keras
[2024-06-13T14:10:29.259+0000] {logging_mixin.py:188} INFO - 130/130 - 1s - 9ms/step - loss: 0.0209
[2024-06-13T14:10:29.260+0000] {logging_mixin.py:188} INFO - Epoch 16/37
[2024-06-13T14:10:30.316+0000] {logging_mixin.py:188} INFO - 
Epoch 16: loss did not improve from 0.02086
[2024-06-13T14:10:30.318+0000] {logging_mixin.py:188} INFO - 130/130 - 1s - 8ms/step - loss: 0.0221
[2024-06-13T14:10:30.319+0000] {logging_mixin.py:188} INFO - Epoch 17/37
[2024-06-13T14:10:31.340+0000] {logging_mixin.py:188} INFO - 
Epoch 17: loss did not improve from 0.02086
[2024-06-13T14:10:31.341+0000] {logging_mixin.py:188} INFO - 130/130 - 1s - 8ms/step - loss: 0.0225
[2024-06-13T14:10:31.342+0000] {logging_mixin.py:188} INFO - Epoch 18/37
[2024-06-13T14:10:32.356+0000] {logging_mixin.py:188} INFO - 
Epoch 18: loss did not improve from 0.02086
[2024-06-13T14:10:32.358+0000] {logging_mixin.py:188} INFO - 130/130 - 1s - 8ms/step - loss: 0.0210
[2024-06-13T14:10:32.359+0000] {logging_mixin.py:188} INFO - Epoch 19/37
[2024-06-13T14:10:33.334+0000] {logging_mixin.py:188} INFO - 
Epoch 19: loss did not improve from 0.02086
[2024-06-13T14:10:33.336+0000] {logging_mixin.py:188} INFO - 130/130 - 1s - 8ms/step - loss: 0.0213
[2024-06-13T14:10:33.337+0000] {logging_mixin.py:188} INFO - Epoch 20/37
[2024-06-13T14:10:34.406+0000] {logging_mixin.py:188} INFO - 
Epoch 20: loss improved from 0.02086 to 0.02038, saving model to /opt/***/data/model/save_model.keras
[2024-06-13T14:10:34.464+0000] {logging_mixin.py:188} INFO - 130/130 - 1s - 9ms/step - loss: 0.0204
[2024-06-13T14:10:34.465+0000] {logging_mixin.py:188} INFO - Epoch 21/37
[2024-06-13T14:10:35.438+0000] {logging_mixin.py:188} INFO - 
Epoch 21: loss improved from 0.02038 to 0.01903, saving model to /opt/***/data/model/save_model.keras
[2024-06-13T14:10:35.492+0000] {logging_mixin.py:188} INFO - 130/130 - 1s - 8ms/step - loss: 0.0190
[2024-06-13T14:10:35.493+0000] {logging_mixin.py:188} INFO - Epoch 22/37
[2024-06-13T14:10:36.743+0000] {logging_mixin.py:188} INFO - 
Epoch 22: loss did not improve from 0.01903
[2024-06-13T14:10:36.744+0000] {logging_mixin.py:188} INFO - 130/130 - 1s - 10ms/step - loss: 0.0191
[2024-06-13T14:10:36.745+0000] {logging_mixin.py:188} INFO - Epoch 23/37
[2024-06-13T14:10:37.919+0000] {logging_mixin.py:188} INFO - 
Epoch 23: loss did not improve from 0.01903
[2024-06-13T14:10:37.934+0000] {logging_mixin.py:188} INFO - 130/130 - 1s - 9ms/step - loss: 0.0193
[2024-06-13T14:10:37.936+0000] {logging_mixin.py:188} INFO - Epoch 24/37
[2024-06-13T14:10:39.146+0000] {logging_mixin.py:188} INFO - 
Epoch 24: loss did not improve from 0.01903
[2024-06-13T14:10:39.249+0000] {logging_mixin.py:188} INFO - 130/130 - 1s - 10ms/step - loss: 0.0211
[2024-06-13T14:10:39.290+0000] {logging_mixin.py:188} INFO - Epoch 25/37
[2024-06-13T14:10:40.360+0000] {logging_mixin.py:188} INFO - 
Epoch 25: loss improved from 0.01903 to 0.01830, saving model to /opt/***/data/model/save_model.keras
[2024-06-13T14:10:40.412+0000] {logging_mixin.py:188} INFO - 130/130 - 1s - 9ms/step - loss: 0.0183
[2024-06-13T14:10:40.413+0000] {logging_mixin.py:188} INFO - Epoch 26/37
[2024-06-13T14:10:41.560+0000] {logging_mixin.py:188} INFO - 
Epoch 26: loss did not improve from 0.01830
[2024-06-13T14:10:41.561+0000] {logging_mixin.py:188} INFO - 130/130 - 1s - 9ms/step - loss: 0.0194
[2024-06-13T14:10:41.562+0000] {logging_mixin.py:188} INFO - Epoch 27/37
[2024-06-13T14:10:42.655+0000] {logging_mixin.py:188} INFO - 
Epoch 27: loss did not improve from 0.01830
[2024-06-13T14:10:42.656+0000] {logging_mixin.py:188} INFO - 130/130 - 1s - 8ms/step - loss: 0.0194
[2024-06-13T14:10:42.657+0000] {logging_mixin.py:188} INFO - Epoch 28/37
[2024-06-13T14:10:43.761+0000] {logging_mixin.py:188} INFO - 
Epoch 28: loss did not improve from 0.01830
[2024-06-13T14:10:43.762+0000] {logging_mixin.py:188} INFO - 130/130 - 1s - 8ms/step - loss: 0.0190
[2024-06-13T14:10:43.763+0000] {logging_mixin.py:188} INFO - Epoch 29/37
[2024-06-13T14:10:44.955+0000] {logging_mixin.py:188} INFO - 
Epoch 29: loss improved from 0.01830 to 0.01728, saving model to /opt/***/data/model/save_model.keras
[2024-06-13T14:10:45.014+0000] {logging_mixin.py:188} INFO - 130/130 - 1s - 10ms/step - loss: 0.0173
[2024-06-13T14:10:45.015+0000] {logging_mixin.py:188} INFO - Epoch 30/37
[2024-06-13T14:10:46.156+0000] {logging_mixin.py:188} INFO - 
Epoch 30: loss did not improve from 0.01728
[2024-06-13T14:10:46.157+0000] {logging_mixin.py:188} INFO - 130/130 - 1s - 9ms/step - loss: 0.0179
[2024-06-13T14:10:46.158+0000] {logging_mixin.py:188} INFO - Epoch 31/37
[2024-06-13T14:10:47.262+0000] {logging_mixin.py:188} INFO - 
Epoch 31: loss improved from 0.01728 to 0.01709, saving model to /opt/***/data/model/save_model.keras
[2024-06-13T14:10:47.313+0000] {logging_mixin.py:188} INFO - 130/130 - 1s - 9ms/step - loss: 0.0171
[2024-06-13T14:10:47.314+0000] {logging_mixin.py:188} INFO - Epoch 32/37
[2024-06-13T14:10:48.203+0000] {logging_mixin.py:188} INFO - 
Epoch 32: loss improved from 0.01709 to 0.01698, saving model to /opt/***/data/model/save_model.keras
[2024-06-13T14:10:48.250+0000] {logging_mixin.py:188} INFO - 130/130 - 1s - 7ms/step - loss: 0.0170
[2024-06-13T14:10:48.251+0000] {logging_mixin.py:188} INFO - Epoch 33/37
[2024-06-13T14:10:49.246+0000] {logging_mixin.py:188} INFO - 
Epoch 33: loss did not improve from 0.01698
[2024-06-13T14:10:49.247+0000] {logging_mixin.py:188} INFO - 130/130 - 1s - 8ms/step - loss: 0.0178
[2024-06-13T14:10:49.248+0000] {logging_mixin.py:188} INFO - Epoch 34/37
[2024-06-13T14:10:50.258+0000] {logging_mixin.py:188} INFO - 
Epoch 34: loss did not improve from 0.01698
[2024-06-13T14:10:50.260+0000] {logging_mixin.py:188} INFO - 130/130 - 1s - 8ms/step - loss: 0.0184
[2024-06-13T14:10:50.260+0000] {logging_mixin.py:188} INFO - Epoch 35/37
[2024-06-13T14:10:51.255+0000] {logging_mixin.py:188} INFO - 
Epoch 35: loss did not improve from 0.01698
[2024-06-13T14:10:51.256+0000] {logging_mixin.py:188} INFO - 130/130 - 1s - 8ms/step - loss: 0.0174
[2024-06-13T14:10:51.257+0000] {logging_mixin.py:188} INFO - Epoch 36/37
[2024-06-13T14:10:52.266+0000] {logging_mixin.py:188} INFO - 
Epoch 36: loss did not improve from 0.01698
[2024-06-13T14:10:52.268+0000] {logging_mixin.py:188} INFO - 130/130 - 1s - 8ms/step - loss: 0.0182
[2024-06-13T14:10:52.269+0000] {logging_mixin.py:188} INFO - Epoch 37/37
[2024-06-13T14:10:53.392+0000] {logging_mixin.py:188} INFO - 
Epoch 37: loss did not improve from 0.01698
[2024-06-13T14:10:53.401+0000] {logging_mixin.py:188} INFO - 130/130 - 1s - 9ms/step - loss: 0.0177
[2024-06-13T14:10:53.654+0000] {python.py:237} INFO - Done. Returned value was: /opt/***/data/model/save_model.keras
[2024-06-13T14:10:53.654+0000] {taskinstance.py:441} INFO - ::group::Post task execution logs
[2024-06-13T14:10:53.669+0000] {taskinstance.py:1206} INFO - Marking task as SUCCESS. dag_id=stock_prediction, task_id=train_model_task, run_id=manual__2024-06-13T14:09:40.894199+00:00, execution_date=20240613T140940, start_date=20240613T141010, end_date=20240613T141053
[2024-06-13T14:10:53.721+0000] {local_task_job_runner.py:240} INFO - Task exited with return code 0
[2024-06-13T14:10:53.738+0000] {taskinstance.py:3503} INFO - 1 downstream tasks scheduled from follow-on schedule check
[2024-06-13T14:10:53.741+0000] {local_task_job_runner.py:222} INFO - ::endgroup::
