[2024-06-12T08:40:52.432+0000] {local_task_job_runner.py:120} INFO - ::group::Pre task execution logs
[2024-06-12T08:40:52.448+0000] {taskinstance.py:2076} INFO - Dependencies all met for dep_context=non-requeueable deps ti=<TaskInstance: stock_prediction.describe_data_task manual__2024-06-12T08:40:42.948504+00:00 [queued]>
[2024-06-12T08:40:52.454+0000] {taskinstance.py:2076} INFO - Dependencies all met for dep_context=requeueable deps ti=<TaskInstance: stock_prediction.describe_data_task manual__2024-06-12T08:40:42.948504+00:00 [queued]>
[2024-06-12T08:40:52.454+0000] {taskinstance.py:2306} INFO - Starting attempt 1 of 2
[2024-06-12T08:40:52.465+0000] {taskinstance.py:2330} INFO - Executing <Task(PythonOperator): describe_data_task> on 2024-06-12 08:40:42.948504+00:00
[2024-06-12T08:40:52.472+0000] {warnings.py:112} WARNING - /home/***/.local/lib/python3.12/site-packages/***/task/task_runner/standard_task_runner.py:61: DeprecationWarning: This process (pid=806) is multi-threaded, use of fork() may lead to deadlocks in the child.
  pid = os.fork()

[2024-06-12T08:40:52.473+0000] {standard_task_runner.py:90} INFO - Running: ['***', 'tasks', 'run', 'stock_prediction', 'describe_data_task', 'manual__2024-06-12T08:40:42.948504+00:00', '--job-id', '129', '--raw', '--subdir', 'DAGS_FOLDER/demo_***.py', '--cfg-path', '/tmp/tmp4jt89cjp']
[2024-06-12T08:40:52.474+0000] {standard_task_runner.py:63} INFO - Started process 824 to run task
[2024-06-12T08:40:52.474+0000] {standard_task_runner.py:91} INFO - Job 129: Subtask describe_data_task
[2024-06-12T08:40:52.510+0000] {task_command.py:426} INFO - Running <TaskInstance: stock_prediction.describe_data_task manual__2024-06-12T08:40:42.948504+00:00 [running]> on host 825267b715fc
[2024-06-12T08:40:52.569+0000] {taskinstance.py:2648} INFO - Exporting env vars: AIRFLOW_CTX_DAG_OWNER='Nguyen Khoa Doan' AIRFLOW_CTX_DAG_ID='stock_prediction' AIRFLOW_CTX_TASK_ID='describe_data_task' AIRFLOW_CTX_EXECUTION_DATE='2024-06-12T08:40:42.948504+00:00' AIRFLOW_CTX_TRY_NUMBER='1' AIRFLOW_CTX_DAG_RUN_ID='manual__2024-06-12T08:40:42.948504+00:00'
[2024-06-12T08:40:52.570+0000] {taskinstance.py:430} INFO - ::endgroup::
[2024-06-12T08:40:52.583+0000] {logging_mixin.py:188} INFO - Kích thước dữ liệu:
[2024-06-12T08:40:52.584+0000] {logging_mixin.py:188} INFO - (2603, 5)
[2024-06-12T08:40:52.590+0000] {logging_mixin.py:188} INFO - <class 'pandas.core.frame.DataFrame'>
RangeIndex: 2603 entries, 0 to 2602
Data columns (total 5 columns):
 #   Column  Non-Null Count  Dtype         
---  ------  --------------  -----         
 0   time    2603 non-null   datetime64[ns]
 1   open    2603 non-null   int64         
 2   high    2603 non-null   int64         
 3   low     2603 non-null   int64         
 4   close   2603 non-null   int64         
dtypes: datetime64[ns](1), int64(4)
memory usage: 101.8 KB
[2024-06-12T08:40:52.590+0000] {logging_mixin.py:188} INFO - Thông tin dữ liệu:
[2024-06-12T08:40:52.591+0000] {logging_mixin.py:188} INFO - None
[2024-06-12T08:40:52.597+0000] {logging_mixin.py:188} INFO - Mô tả bộ dữ liệu:
[2024-06-12T08:40:52.603+0000] {logging_mixin.py:188} INFO -                                 time  ...          close
count                           2603  ...    2603.000000
mean   2019-03-27 15:08:55.228582400  ...   70435.625816
min              2014-01-02 00:00:00  ...   30720.000000
25%              2016-08-18 12:00:00  ...   62810.000000
50%              2019-03-29 00:00:00  ...   73210.000000
75%              2021-11-01 12:00:00  ...   82325.000000
max              2024-06-12 00:00:00  ...  115950.000000
std                              NaN  ...   19151.737854

[8 rows x 5 columns]
[2024-06-12T08:40:52.604+0000] {python.py:237} INFO - Done. Returned value was: None
[2024-06-12T08:40:52.605+0000] {taskinstance.py:441} INFO - ::group::Post task execution logs
[2024-06-12T08:40:52.613+0000] {taskinstance.py:1206} INFO - Marking task as SUCCESS. dag_id=stock_prediction, task_id=describe_data_task, run_id=manual__2024-06-12T08:40:42.948504+00:00, execution_date=20240612T084042, start_date=20240612T084052, end_date=20240612T084052
[2024-06-12T08:40:52.648+0000] {local_task_job_runner.py:240} INFO - Task exited with return code 0
[2024-06-12T08:40:52.667+0000] {taskinstance.py:3503} INFO - 1 downstream tasks scheduled from follow-on schedule check
[2024-06-12T08:40:52.673+0000] {local_task_job_runner.py:222} INFO - ::endgroup::
