[2024-06-13T16:07:22.689+0000] {local_task_job_runner.py:120} INFO - ::group::Pre task execution logs
[2024-06-13T16:07:22.706+0000] {taskinstance.py:2076} INFO - Dependencies all met for dep_context=non-requeueable deps ti=<TaskInstance: stock_prediction.train_model_task manual__2024-06-13T16:06:50.964495+00:00 [queued]>
[2024-06-13T16:07:22.712+0000] {taskinstance.py:2076} INFO - Dependencies all met for dep_context=requeueable deps ti=<TaskInstance: stock_prediction.train_model_task manual__2024-06-13T16:06:50.964495+00:00 [queued]>
[2024-06-13T16:07:22.713+0000] {taskinstance.py:2306} INFO - Starting attempt 1 of 2
[2024-06-13T16:07:22.722+0000] {taskinstance.py:2330} INFO - Executing <Task(PythonOperator): train_model_task> on 2024-06-13 16:06:50.964495+00:00
[2024-06-13T16:07:22.731+0000] {warnings.py:112} WARNING - /home/***/.local/lib/python3.12/site-packages/***/task/task_runner/standard_task_runner.py:61: DeprecationWarning: This process (pid=27945) is multi-threaded, use of fork() may lead to deadlocks in the child.
  pid = os.fork()

[2024-06-13T16:07:22.732+0000] {standard_task_runner.py:63} INFO - Started process 27963 to run task
[2024-06-13T16:07:22.732+0000] {standard_task_runner.py:90} INFO - Running: ['***', 'tasks', 'run', 'stock_prediction', 'train_model_task', 'manual__2024-06-13T16:06:50.964495+00:00', '--job-id', '541', '--raw', '--subdir', 'DAGS_FOLDER/demo_***.py', '--cfg-path', '/tmp/tmps_3kmzbb']
[2024-06-13T16:07:22.733+0000] {standard_task_runner.py:91} INFO - Job 541: Subtask train_model_task
[2024-06-13T16:07:22.762+0000] {task_command.py:426} INFO - Running <TaskInstance: stock_prediction.train_model_task manual__2024-06-13T16:06:50.964495+00:00 [running]> on host 33b4ab31339c
[2024-06-13T16:07:22.818+0000] {taskinstance.py:2648} INFO - Exporting env vars: AIRFLOW_CTX_DAG_OWNER='Nguyen Khoa Doan' AIRFLOW_CTX_DAG_ID='stock_prediction' AIRFLOW_CTX_TASK_ID='train_model_task' AIRFLOW_CTX_EXECUTION_DATE='2024-06-13T16:06:50.964495+00:00' AIRFLOW_CTX_TRY_NUMBER='1' AIRFLOW_CTX_DAG_RUN_ID='manual__2024-06-13T16:06:50.964495+00:00'
[2024-06-13T16:07:22.819+0000] {taskinstance.py:430} INFO - ::endgroup::
[2024-06-13T16:07:22.878+0000] {warnings.py:112} WARNING - /home/***/.local/lib/python3.12/site-packages/keras/src/layers/rnn/rnn.py:204: UserWarning: Do not pass an `input_shape`/`input_dim` argument to a layer. When using Sequential models, prefer using an `Input(shape)` object as the first layer in the model instead.
  super().__init__(**kwargs)

[2024-06-13T16:07:23.030+0000] {logging_mixin.py:188} INFO - Epoch 1/37
[2024-06-13T16:07:25.720+0000] {logging_mixin.py:188} INFO - 
Epoch 1: loss improved from inf to 0.04833, saving model to /opt/***/data/model/save_model.keras
[2024-06-13T16:07:25.789+0000] {logging_mixin.py:188} INFO - 130/130 - 3s - 21ms/step - loss: 0.0483
[2024-06-13T16:07:25.790+0000] {logging_mixin.py:188} INFO - Epoch 2/37
[2024-06-13T16:07:26.856+0000] {logging_mixin.py:188} INFO - 
Epoch 2: loss improved from 0.04833 to 0.02824, saving model to /opt/***/data/model/save_model.keras
[2024-06-13T16:07:26.913+0000] {logging_mixin.py:188} INFO - 130/130 - 1s - 9ms/step - loss: 0.0282
[2024-06-13T16:07:26.914+0000] {logging_mixin.py:188} INFO - Epoch 3/37
[2024-06-13T16:07:28.158+0000] {logging_mixin.py:188} INFO - 
Epoch 3: loss improved from 0.02824 to 0.02817, saving model to /opt/***/data/model/save_model.keras
[2024-06-13T16:07:28.844+0000] {logging_mixin.py:188} INFO - 130/130 - 2s - 15ms/step - loss: 0.0282
[2024-06-13T16:07:28.846+0000] {logging_mixin.py:188} INFO - Epoch 4/37
[2024-06-13T16:07:30.123+0000] {logging_mixin.py:188} INFO - 
Epoch 4: loss did not improve from 0.02817
[2024-06-13T16:07:30.124+0000] {logging_mixin.py:188} INFO - 130/130 - 1s - 10ms/step - loss: 0.0292
[2024-06-13T16:07:30.125+0000] {logging_mixin.py:188} INFO - Epoch 5/37
[2024-06-13T16:07:31.273+0000] {logging_mixin.py:188} INFO - 
Epoch 5: loss improved from 0.02817 to 0.02539, saving model to /opt/***/data/model/save_model.keras
[2024-06-13T16:07:31.339+0000] {logging_mixin.py:188} INFO - 130/130 - 1s - 9ms/step - loss: 0.0254
[2024-06-13T16:07:31.340+0000] {logging_mixin.py:188} INFO - Epoch 6/37
[2024-06-13T16:07:32.396+0000] {logging_mixin.py:188} INFO - 
Epoch 6: loss did not improve from 0.02539
[2024-06-13T16:07:32.397+0000] {logging_mixin.py:188} INFO - 130/130 - 1s - 8ms/step - loss: 0.0260
[2024-06-13T16:07:32.398+0000] {logging_mixin.py:188} INFO - Epoch 7/37
[2024-06-13T16:07:33.405+0000] {logging_mixin.py:188} INFO - 
Epoch 7: loss did not improve from 0.02539
[2024-06-13T16:07:33.406+0000] {logging_mixin.py:188} INFO - 130/130 - 1s - 8ms/step - loss: 0.0257
[2024-06-13T16:07:33.407+0000] {logging_mixin.py:188} INFO - Epoch 8/37
[2024-06-13T16:07:34.494+0000] {logging_mixin.py:188} INFO - 
Epoch 8: loss improved from 0.02539 to 0.02493, saving model to /opt/***/data/model/save_model.keras
[2024-06-13T16:07:34.553+0000] {logging_mixin.py:188} INFO - 130/130 - 1s - 9ms/step - loss: 0.0249
[2024-06-13T16:07:34.554+0000] {logging_mixin.py:188} INFO - Epoch 9/37
[2024-06-13T16:07:35.722+0000] {logging_mixin.py:188} INFO - 
Epoch 9: loss improved from 0.02493 to 0.02444, saving model to /opt/***/data/model/save_model.keras
[2024-06-13T16:07:35.770+0000] {logging_mixin.py:188} INFO - 130/130 - 1s - 9ms/step - loss: 0.0244
[2024-06-13T16:07:35.771+0000] {logging_mixin.py:188} INFO - Epoch 10/37
[2024-06-13T16:07:36.865+0000] {logging_mixin.py:188} INFO - 
Epoch 10: loss improved from 0.02444 to 0.02346, saving model to /opt/***/data/model/save_model.keras
[2024-06-13T16:07:36.922+0000] {logging_mixin.py:188} INFO - 130/130 - 1s - 9ms/step - loss: 0.0235
[2024-06-13T16:07:36.923+0000] {logging_mixin.py:188} INFO - Epoch 11/37
[2024-06-13T16:07:38.028+0000] {logging_mixin.py:188} INFO - 
Epoch 11: loss improved from 0.02346 to 0.02298, saving model to /opt/***/data/model/save_model.keras
[2024-06-13T16:07:38.076+0000] {logging_mixin.py:188} INFO - 130/130 - 1s - 9ms/step - loss: 0.0230
[2024-06-13T16:07:38.077+0000] {logging_mixin.py:188} INFO - Epoch 12/37
[2024-06-13T16:07:39.137+0000] {logging_mixin.py:188} INFO - 
Epoch 12: loss did not improve from 0.02298
[2024-06-13T16:07:39.139+0000] {logging_mixin.py:188} INFO - 130/130 - 1s - 8ms/step - loss: 0.0235
[2024-06-13T16:07:39.140+0000] {logging_mixin.py:188} INFO - Epoch 13/37
[2024-06-13T16:07:40.183+0000] {logging_mixin.py:188} INFO - 
Epoch 13: loss improved from 0.02298 to 0.02256, saving model to /opt/***/data/model/save_model.keras
[2024-06-13T16:07:40.230+0000] {logging_mixin.py:188} INFO - 130/130 - 1s - 8ms/step - loss: 0.0226
[2024-06-13T16:07:40.231+0000] {logging_mixin.py:188} INFO - Epoch 14/37
[2024-06-13T16:07:41.313+0000] {logging_mixin.py:188} INFO - 
Epoch 14: loss improved from 0.02256 to 0.02148, saving model to /opt/***/data/model/save_model.keras
[2024-06-13T16:07:41.370+0000] {logging_mixin.py:188} INFO - 130/130 - 1s - 9ms/step - loss: 0.0215
[2024-06-13T16:07:41.371+0000] {logging_mixin.py:188} INFO - Epoch 15/37
[2024-06-13T16:07:42.536+0000] {logging_mixin.py:188} INFO - 
Epoch 15: loss did not improve from 0.02148
[2024-06-13T16:07:42.561+0000] {logging_mixin.py:188} INFO - 130/130 - 1s - 9ms/step - loss: 0.0225
[2024-06-13T16:07:42.563+0000] {logging_mixin.py:188} INFO - Epoch 16/37
[2024-06-13T16:07:43.667+0000] {logging_mixin.py:188} INFO - 
Epoch 16: loss did not improve from 0.02148
[2024-06-13T16:07:43.668+0000] {logging_mixin.py:188} INFO - 130/130 - 1s - 8ms/step - loss: 0.0225
[2024-06-13T16:07:43.669+0000] {logging_mixin.py:188} INFO - Epoch 17/37
[2024-06-13T16:07:44.815+0000] {logging_mixin.py:188} INFO - 
Epoch 17: loss did not improve from 0.02148
[2024-06-13T16:07:44.817+0000] {logging_mixin.py:188} INFO - 130/130 - 1s - 9ms/step - loss: 0.0224
[2024-06-13T16:07:44.817+0000] {logging_mixin.py:188} INFO - Epoch 18/37
[2024-06-13T16:07:45.846+0000] {logging_mixin.py:188} INFO - 
Epoch 18: loss did not improve from 0.02148
[2024-06-13T16:07:45.847+0000] {logging_mixin.py:188} INFO - 130/130 - 1s - 8ms/step - loss: 0.0232
[2024-06-13T16:07:45.848+0000] {logging_mixin.py:188} INFO - Epoch 19/37
[2024-06-13T16:07:46.853+0000] {logging_mixin.py:188} INFO - 
Epoch 19: loss improved from 0.02148 to 0.02002, saving model to /opt/***/data/model/save_model.keras
[2024-06-13T16:07:46.913+0000] {logging_mixin.py:188} INFO - 130/130 - 1s - 8ms/step - loss: 0.0200
[2024-06-13T16:07:46.915+0000] {logging_mixin.py:188} INFO - Epoch 20/37
[2024-06-13T16:07:47.901+0000] {logging_mixin.py:188} INFO - 
Epoch 20: loss did not improve from 0.02002
[2024-06-13T16:07:47.902+0000] {logging_mixin.py:188} INFO - 130/130 - 1s - 8ms/step - loss: 0.0217
[2024-06-13T16:07:47.903+0000] {logging_mixin.py:188} INFO - Epoch 21/37
[2024-06-13T16:07:49.055+0000] {logging_mixin.py:188} INFO - 
Epoch 21: loss improved from 0.02002 to 0.01957, saving model to /opt/***/data/model/save_model.keras
[2024-06-13T16:07:49.108+0000] {logging_mixin.py:188} INFO - 130/130 - 1s - 9ms/step - loss: 0.0196
[2024-06-13T16:07:49.110+0000] {logging_mixin.py:188} INFO - Epoch 22/37
[2024-06-13T16:07:50.250+0000] {logging_mixin.py:188} INFO - 
Epoch 22: loss did not improve from 0.01957
[2024-06-13T16:07:50.251+0000] {logging_mixin.py:188} INFO - 130/130 - 1s - 9ms/step - loss: 0.0219
[2024-06-13T16:07:50.252+0000] {logging_mixin.py:188} INFO - Epoch 23/37
[2024-06-13T16:07:51.422+0000] {logging_mixin.py:188} INFO - 
Epoch 23: loss did not improve from 0.01957
[2024-06-13T16:07:51.423+0000] {logging_mixin.py:188} INFO - 130/130 - 1s - 9ms/step - loss: 0.0210
[2024-06-13T16:07:51.424+0000] {logging_mixin.py:188} INFO - Epoch 24/37
[2024-06-13T16:07:52.467+0000] {logging_mixin.py:188} INFO - 
Epoch 24: loss improved from 0.01957 to 0.01935, saving model to /opt/***/data/model/save_model.keras
[2024-06-13T16:07:52.513+0000] {logging_mixin.py:188} INFO - 130/130 - 1s - 8ms/step - loss: 0.0193
[2024-06-13T16:07:52.514+0000] {logging_mixin.py:188} INFO - Epoch 25/37
[2024-06-13T16:07:53.484+0000] {logging_mixin.py:188} INFO - 
Epoch 25: loss improved from 0.01935 to 0.01896, saving model to /opt/***/data/model/save_model.keras
[2024-06-13T16:07:53.532+0000] {logging_mixin.py:188} INFO - 130/130 - 1s - 8ms/step - loss: 0.0190
[2024-06-13T16:07:53.533+0000] {logging_mixin.py:188} INFO - Epoch 26/37
[2024-06-13T16:07:54.635+0000] {logging_mixin.py:188} INFO - 
Epoch 26: loss improved from 0.01896 to 0.01863, saving model to /opt/***/data/model/save_model.keras
[2024-06-13T16:07:54.728+0000] {logging_mixin.py:188} INFO - 130/130 - 1s - 9ms/step - loss: 0.0186
[2024-06-13T16:07:54.730+0000] {logging_mixin.py:188} INFO - Epoch 27/37
[2024-06-13T16:07:55.829+0000] {logging_mixin.py:188} INFO - 
Epoch 27: loss improved from 0.01863 to 0.01847, saving model to /opt/***/data/model/save_model.keras
[2024-06-13T16:07:55.879+0000] {logging_mixin.py:188} INFO - 130/130 - 1s - 9ms/step - loss: 0.0185
[2024-06-13T16:07:55.880+0000] {logging_mixin.py:188} INFO - Epoch 28/37
[2024-06-13T16:07:56.950+0000] {logging_mixin.py:188} INFO - 
Epoch 28: loss did not improve from 0.01847
[2024-06-13T16:07:56.951+0000] {logging_mixin.py:188} INFO - 130/130 - 1s - 8ms/step - loss: 0.0194
[2024-06-13T16:07:56.952+0000] {logging_mixin.py:188} INFO - Epoch 29/37
[2024-06-13T16:07:58.157+0000] {logging_mixin.py:188} INFO - 
Epoch 29: loss did not improve from 0.01847
[2024-06-13T16:07:58.238+0000] {logging_mixin.py:188} INFO - 130/130 - 1s - 10ms/step - loss: 0.0187
[2024-06-13T16:07:58.306+0000] {logging_mixin.py:188} INFO - Epoch 30/37
[2024-06-13T16:07:59.391+0000] {logging_mixin.py:188} INFO - 
Epoch 30: loss did not improve from 0.01847
[2024-06-13T16:07:59.393+0000] {logging_mixin.py:188} INFO - 130/130 - 1s - 8ms/step - loss: 0.0186
[2024-06-13T16:07:59.394+0000] {logging_mixin.py:188} INFO - Epoch 31/37
[2024-06-13T16:08:00.449+0000] {logging_mixin.py:188} INFO - 
Epoch 31: loss improved from 0.01847 to 0.01784, saving model to /opt/***/data/model/save_model.keras
[2024-06-13T16:08:00.497+0000] {logging_mixin.py:188} INFO - 130/130 - 1s - 8ms/step - loss: 0.0178
[2024-06-13T16:08:00.498+0000] {logging_mixin.py:188} INFO - Epoch 32/37
[2024-06-13T16:08:01.518+0000] {logging_mixin.py:188} INFO - 
Epoch 32: loss did not improve from 0.01784
[2024-06-13T16:08:01.519+0000] {logging_mixin.py:188} INFO - 130/130 - 1s - 8ms/step - loss: 0.0183
[2024-06-13T16:08:01.520+0000] {logging_mixin.py:188} INFO - Epoch 33/37
[2024-06-13T16:08:02.614+0000] {logging_mixin.py:188} INFO - 
Epoch 33: loss improved from 0.01784 to 0.01758, saving model to /opt/***/data/model/save_model.keras
[2024-06-13T16:08:02.671+0000] {logging_mixin.py:188} INFO - 130/130 - 1s - 9ms/step - loss: 0.0176
[2024-06-13T16:08:02.672+0000] {logging_mixin.py:188} INFO - Epoch 34/37
[2024-06-13T16:08:03.763+0000] {logging_mixin.py:188} INFO - 
Epoch 34: loss did not improve from 0.01758
[2024-06-13T16:08:03.765+0000] {logging_mixin.py:188} INFO - 130/130 - 1s - 8ms/step - loss: 0.0181
[2024-06-13T16:08:03.766+0000] {logging_mixin.py:188} INFO - Epoch 35/37
[2024-06-13T16:08:04.828+0000] {logging_mixin.py:188} INFO - 
Epoch 35: loss improved from 0.01758 to 0.01743, saving model to /opt/***/data/model/save_model.keras
[2024-06-13T16:08:04.880+0000] {logging_mixin.py:188} INFO - 130/130 - 1s - 9ms/step - loss: 0.0174
[2024-06-13T16:08:04.881+0000] {logging_mixin.py:188} INFO - Epoch 36/37
[2024-06-13T16:08:05.929+0000] {logging_mixin.py:188} INFO - 
Epoch 36: loss improved from 0.01743 to 0.01711, saving model to /opt/***/data/model/save_model.keras
[2024-06-13T16:08:06.011+0000] {logging_mixin.py:188} INFO - 130/130 - 1s - 9ms/step - loss: 0.0171
[2024-06-13T16:08:06.014+0000] {logging_mixin.py:188} INFO - Epoch 37/37
[2024-06-13T16:08:07.061+0000] {logging_mixin.py:188} INFO - 
Epoch 37: loss did not improve from 0.01711
[2024-06-13T16:08:07.062+0000] {logging_mixin.py:188} INFO - 130/130 - 1s - 8ms/step - loss: 0.0173
[2024-06-13T16:08:07.266+0000] {python.py:237} INFO - Done. Returned value was: /opt/***/data/model/save_model.keras
[2024-06-13T16:08:07.267+0000] {taskinstance.py:441} INFO - ::group::Post task execution logs
[2024-06-13T16:08:07.286+0000] {taskinstance.py:1206} INFO - Marking task as SUCCESS. dag_id=stock_prediction, task_id=train_model_task, run_id=manual__2024-06-13T16:06:50.964495+00:00, execution_date=20240613T160650, start_date=20240613T160722, end_date=20240613T160807
[2024-06-13T16:08:07.331+0000] {local_task_job_runner.py:240} INFO - Task exited with return code 0
[2024-06-13T16:08:07.347+0000] {taskinstance.py:3503} INFO - 1 downstream tasks scheduled from follow-on schedule check
[2024-06-13T16:08:07.350+0000] {local_task_job_runner.py:222} INFO - ::endgroup::
