[2024-06-12T08:12:26.064+0000] {local_task_job_runner.py:120} INFO - ::group::Pre task execution logs
[2024-06-12T08:12:26.079+0000] {taskinstance.py:2076} INFO - Dependencies all met for dep_context=non-requeueable deps ti=<TaskInstance: stock_prediction.start manual__2024-06-12T08:12:24.305969+00:00 [queued]>
[2024-06-12T08:12:26.085+0000] {taskinstance.py:2076} INFO - Dependencies all met for dep_context=requeueable deps ti=<TaskInstance: stock_prediction.start manual__2024-06-12T08:12:24.305969+00:00 [queued]>
[2024-06-12T08:12:26.086+0000] {taskinstance.py:2306} INFO - Starting attempt 1 of 2
[2024-06-12T08:12:26.098+0000] {taskinstance.py:2330} INFO - Executing <Task(PythonOperator): start> on 2024-06-12 08:12:24.305969+00:00
[2024-06-12T08:12:26.107+0000] {warnings.py:112} WARNING - /home/***/.local/lib/python3.12/site-packages/***/task/task_runner/standard_task_runner.py:61: DeprecationWarning: This process (pid=194) is multi-threaded, use of fork() may lead to deadlocks in the child.
  pid = os.fork()

[2024-06-12T08:12:26.108+0000] {standard_task_runner.py:63} INFO - Started process 231 to run task
[2024-06-12T08:12:26.108+0000] {standard_task_runner.py:90} INFO - Running: ['***', 'tasks', 'run', 'stock_prediction', 'start', 'manual__2024-06-12T08:12:24.305969+00:00', '--job-id', '117', '--raw', '--subdir', 'DAGS_FOLDER/demo_***.py', '--cfg-path', '/tmp/tmp3kc8v7da']
[2024-06-12T08:12:26.109+0000] {standard_task_runner.py:91} INFO - Job 117: Subtask start
[2024-06-12T08:12:26.172+0000] {task_command.py:426} INFO - Running <TaskInstance: stock_prediction.start manual__2024-06-12T08:12:24.305969+00:00 [running]> on host 825267b715fc
[2024-06-12T08:12:26.308+0000] {taskinstance.py:2648} INFO - Exporting env vars: AIRFLOW_CTX_DAG_OWNER='Nguyen Khoa Doan' AIRFLOW_CTX_DAG_ID='stock_prediction' AIRFLOW_CTX_TASK_ID='start' AIRFLOW_CTX_EXECUTION_DATE='2024-06-12T08:12:24.305969+00:00' AIRFLOW_CTX_TRY_NUMBER='1' AIRFLOW_CTX_DAG_RUN_ID='manual__2024-06-12T08:12:24.305969+00:00'
[2024-06-12T08:12:26.310+0000] {taskinstance.py:430} INFO - ::endgroup::
[2024-06-12T08:12:26.311+0000] {logging_mixin.py:188} INFO - START
[2024-06-12T08:12:26.312+0000] {python.py:237} INFO - Done. Returned value was: None
[2024-06-12T08:12:26.312+0000] {taskinstance.py:441} INFO - ::group::Post task execution logs
[2024-06-12T08:12:26.319+0000] {taskinstance.py:1206} INFO - Marking task as SUCCESS. dag_id=stock_prediction, task_id=start, run_id=manual__2024-06-12T08:12:24.305969+00:00, execution_date=20240612T081224, start_date=20240612T081226, end_date=20240612T081226
[2024-06-12T08:12:26.362+0000] {local_task_job_runner.py:240} INFO - Task exited with return code 0
[2024-06-12T08:12:26.398+0000] {taskinstance.py:3503} INFO - 1 downstream tasks scheduled from follow-on schedule check
[2024-06-12T08:12:26.400+0000] {local_task_job_runner.py:222} INFO - ::endgroup::
