[2024-06-13T10:39:27.893+0000] {local_task_job_runner.py:120} INFO - ::group::Pre task execution logs
[2024-06-13T10:39:27.911+0000] {taskinstance.py:2076} INFO - Dependencies all met for dep_context=non-requeueable deps ti=<TaskInstance: stock_prediction.preprocessing_data_task manual__2024-06-13T10:39:03.177714+00:00 [queued]>
[2024-06-13T10:39:27.918+0000] {taskinstance.py:2076} INFO - Dependencies all met for dep_context=requeueable deps ti=<TaskInstance: stock_prediction.preprocessing_data_task manual__2024-06-13T10:39:03.177714+00:00 [queued]>
[2024-06-13T10:39:27.919+0000] {taskinstance.py:2306} INFO - Starting attempt 1 of 2
[2024-06-13T10:39:27.932+0000] {taskinstance.py:2330} INFO - Executing <Task(PythonOperator): preprocessing_data_task> on 2024-06-13 10:39:03.177714+00:00
[2024-06-13T10:39:27.943+0000] {warnings.py:112} WARNING - /home/***/.local/lib/python3.12/site-packages/***/task/task_runner/standard_task_runner.py:61: DeprecationWarning: This process (pid=12214) is multi-threaded, use of fork() may lead to deadlocks in the child.
  pid = os.fork()

[2024-06-13T10:39:27.944+0000] {standard_task_runner.py:90} INFO - Running: ['***', 'tasks', 'run', 'stock_prediction', 'preprocessing_data_task', 'manual__2024-06-13T10:39:03.177714+00:00', '--job-id', '442', '--raw', '--subdir', 'DAGS_FOLDER/demo_***.py', '--cfg-path', '/tmp/tmpka2yf3ae']
[2024-06-13T10:39:27.945+0000] {standard_task_runner.py:63} INFO - Started process 12232 to run task
[2024-06-13T10:39:27.945+0000] {standard_task_runner.py:91} INFO - Job 442: Subtask preprocessing_data_task
[2024-06-13T10:39:27.983+0000] {task_command.py:426} INFO - Running <TaskInstance: stock_prediction.preprocessing_data_task manual__2024-06-13T10:39:03.177714+00:00 [running]> on host 33b4ab31339c
[2024-06-13T10:39:28.047+0000] {taskinstance.py:2648} INFO - Exporting env vars: AIRFLOW_CTX_DAG_OWNER='Nguyen Khoa Doan' AIRFLOW_CTX_DAG_ID='stock_prediction' AIRFLOW_CTX_TASK_ID='preprocessing_data_task' AIRFLOW_CTX_EXECUTION_DATE='2024-06-13T10:39:03.177714+00:00' AIRFLOW_CTX_TRY_NUMBER='1' AIRFLOW_CTX_DAG_RUN_ID='manual__2024-06-13T10:39:03.177714+00:00'
[2024-06-13T10:39:28.049+0000] {taskinstance.py:430} INFO - ::endgroup::
[2024-06-13T10:39:28.072+0000] {logging_mixin.py:188} INFO -               close
time               
2014-01-02  36390.0
2014-01-03  36660.0
2014-01-06  36660.0
2014-01-07  36390.0
2014-01-08  36660.0
...             ...
2024-06-07  67800.0
2024-06-10  67200.0
2024-06-11  66500.0
2024-06-12  67000.0
2024-06-13  66900.0

[2604 rows x 1 columns]
[2024-06-13T10:39:28.085+0000] {python.py:237} INFO - Done. Returned value was: None
[2024-06-13T10:39:28.086+0000] {taskinstance.py:441} INFO - ::group::Post task execution logs
[2024-06-13T10:39:28.094+0000] {taskinstance.py:1206} INFO - Marking task as SUCCESS. dag_id=stock_prediction, task_id=preprocessing_data_task, run_id=manual__2024-06-13T10:39:03.177714+00:00, execution_date=20240613T103903, start_date=20240613T103927, end_date=20240613T103928
[2024-06-13T10:39:28.123+0000] {local_task_job_runner.py:240} INFO - Task exited with return code 0
[2024-06-13T10:39:28.146+0000] {taskinstance.py:3503} INFO - 1 downstream tasks scheduled from follow-on schedule check
[2024-06-13T10:39:28.151+0000] {local_task_job_runner.py:222} INFO - ::endgroup::
