[2024-06-13T01:56:19.827+0000] {local_task_job_runner.py:120} INFO - ::group::Pre task execution logs
[2024-06-13T01:56:19.884+0000] {taskinstance.py:2076} INFO - Dependencies all met for dep_context=non-requeueable deps ti=<TaskInstance: stock_prediction.train_model_task scheduled__2024-06-12T00:00:00+00:00 [queued]>
[2024-06-13T01:56:19.905+0000] {taskinstance.py:2076} INFO - Dependencies all met for dep_context=requeueable deps ti=<TaskInstance: stock_prediction.train_model_task scheduled__2024-06-12T00:00:00+00:00 [queued]>
[2024-06-13T01:56:19.906+0000] {taskinstance.py:2306} INFO - Starting attempt 1 of 2
[2024-06-13T01:56:19.938+0000] {taskinstance.py:2330} INFO - Executing <Task(PythonOperator): train_model_task> on 2024-06-12 00:00:00+00:00
[2024-06-13T01:56:19.960+0000] {warnings.py:112} WARNING - /home/***/.local/lib/python3.12/site-packages/***/task/task_runner/standard_task_runner.py:61: DeprecationWarning: This process (pid=207) is multi-threaded, use of fork() may lead to deadlocks in the child.
  pid = os.fork()

[2024-06-13T01:56:19.964+0000] {standard_task_runner.py:90} INFO - Running: ['***', 'tasks', 'run', 'stock_prediction', 'train_model_task', 'scheduled__2024-06-12T00:00:00+00:00', '--job-id', '296', '--raw', '--subdir', 'DAGS_FOLDER/demo_***.py', '--cfg-path', '/tmp/tmp2jfbow4x']
[2024-06-13T01:56:19.966+0000] {standard_task_runner.py:63} INFO - Started process 225 to run task
[2024-06-13T01:56:19.967+0000] {standard_task_runner.py:91} INFO - Job 296: Subtask train_model_task
[2024-06-13T01:56:20.074+0000] {task_command.py:426} INFO - Running <TaskInstance: stock_prediction.train_model_task scheduled__2024-06-12T00:00:00+00:00 [running]> on host 33b4ab31339c
[2024-06-13T01:56:20.295+0000] {taskinstance.py:2648} INFO - Exporting env vars: AIRFLOW_CTX_DAG_OWNER='Nguyen Khoa Doan' AIRFLOW_CTX_DAG_ID='stock_prediction' AIRFLOW_CTX_TASK_ID='train_model_task' AIRFLOW_CTX_EXECUTION_DATE='2024-06-12T00:00:00+00:00' AIRFLOW_CTX_TRY_NUMBER='1' AIRFLOW_CTX_DAG_RUN_ID='scheduled__2024-06-12T00:00:00+00:00'
[2024-06-13T01:56:20.357+0000] {taskinstance.py:430} INFO - ::endgroup::
[2024-06-13T01:56:20.499+0000] {logging_mixin.py:188} INFO - x_train và y_train đã được lưu vào /opt/***/data
[2024-06-13T01:56:20.640+0000] {warnings.py:112} WARNING - /home/***/.local/lib/python3.12/site-packages/keras/src/layers/rnn/rnn.py:204: UserWarning: Do not pass an `input_shape`/`input_dim` argument to a layer. When using Sequential models, prefer using an `Input(shape)` object as the first layer in the model instead.
  super().__init__(**kwargs)

[2024-06-13T01:56:21.282+0000] {logging_mixin.py:188} INFO - Epoch 1/37
[2024-06-13T01:56:32.384+0000] {logging_mixin.py:188} INFO - 
Epoch 1: loss improved from inf to 0.04393, saving model to /opt/***/data/model/save_model.keras
[2024-06-13T01:56:32.625+0000] {logging_mixin.py:188} INFO - 163/163 - 11s - 70ms/step - loss: 0.0439
[2024-06-13T01:56:32.628+0000] {logging_mixin.py:188} INFO - Epoch 2/37
[2024-06-13T01:56:36.899+0000] {logging_mixin.py:188} INFO - 
Epoch 2: loss improved from 0.04393 to 0.02928, saving model to /opt/***/data/model/save_model.keras
[2024-06-13T01:56:37.063+0000] {logging_mixin.py:188} INFO - 163/163 - 4s - 27ms/step - loss: 0.0293
[2024-06-13T01:56:37.066+0000] {logging_mixin.py:188} INFO - Epoch 3/37
[2024-06-13T01:56:41.107+0000] {logging_mixin.py:188} INFO - 
Epoch 3: loss improved from 0.02928 to 0.02609, saving model to /opt/***/data/model/save_model.keras
[2024-06-13T01:56:41.241+0000] {logging_mixin.py:188} INFO - 163/163 - 4s - 26ms/step - loss: 0.0261
[2024-06-13T01:56:41.244+0000] {logging_mixin.py:188} INFO - Epoch 4/37
[2024-06-13T01:56:45.314+0000] {logging_mixin.py:188} INFO - 
Epoch 4: loss improved from 0.02609 to 0.02561, saving model to /opt/***/data/model/save_model.keras
[2024-06-13T01:56:45.640+0000] {logging_mixin.py:188} INFO - 163/163 - 4s - 27ms/step - loss: 0.0256
[2024-06-13T01:56:45.644+0000] {logging_mixin.py:188} INFO - Epoch 5/37
[2024-06-13T01:56:50.792+0000] {logging_mixin.py:188} INFO - 
Epoch 5: loss improved from 0.02561 to 0.02452, saving model to /opt/***/data/model/save_model.keras
[2024-06-13T01:56:50.974+0000] {logging_mixin.py:188} INFO - 163/163 - 5s - 33ms/step - loss: 0.0245
[2024-06-13T01:56:50.978+0000] {logging_mixin.py:188} INFO - Epoch 6/37
[2024-06-13T01:56:55.888+0000] {logging_mixin.py:188} INFO - 
Epoch 6: loss did not improve from 0.02452
[2024-06-13T01:56:55.892+0000] {logging_mixin.py:188} INFO - 163/163 - 5s - 30ms/step - loss: 0.0276
[2024-06-13T01:56:55.897+0000] {logging_mixin.py:188} INFO - Epoch 7/37
[2024-06-13T01:57:00.676+0000] {logging_mixin.py:188} INFO - 
Epoch 7: loss improved from 0.02452 to 0.02376, saving model to /opt/***/data/model/save_model.keras
[2024-06-13T01:57:00.832+0000] {logging_mixin.py:188} INFO - 163/163 - 5s - 30ms/step - loss: 0.0238
[2024-06-13T01:57:00.835+0000] {logging_mixin.py:188} INFO - Epoch 8/37
[2024-06-13T01:57:05.062+0000] {logging_mixin.py:188} INFO - 
Epoch 8: loss improved from 0.02376 to 0.02181, saving model to /opt/***/data/model/save_model.keras
[2024-06-13T01:57:05.211+0000] {logging_mixin.py:188} INFO - 163/163 - 4s - 27ms/step - loss: 0.0218
[2024-06-13T01:57:05.214+0000] {logging_mixin.py:188} INFO - Epoch 9/37
[2024-06-13T01:57:09.738+0000] {logging_mixin.py:188} INFO - 
Epoch 9: loss did not improve from 0.02181
[2024-06-13T01:57:09.742+0000] {logging_mixin.py:188} INFO - 163/163 - 5s - 28ms/step - loss: 0.0226
[2024-06-13T01:57:09.745+0000] {logging_mixin.py:188} INFO - Epoch 10/37
[2024-06-13T01:57:13.794+0000] {logging_mixin.py:188} INFO - 
Epoch 10: loss did not improve from 0.02181
[2024-06-13T01:57:13.797+0000] {logging_mixin.py:188} INFO - 163/163 - 4s - 25ms/step - loss: 0.0230
[2024-06-13T01:57:13.799+0000] {logging_mixin.py:188} INFO - Epoch 11/37
[2024-06-13T01:57:18.469+0000] {logging_mixin.py:188} INFO - 
Epoch 11: loss did not improve from 0.02181
[2024-06-13T01:57:18.475+0000] {logging_mixin.py:188} INFO - 163/163 - 5s - 29ms/step - loss: 0.0224
[2024-06-13T01:57:18.480+0000] {logging_mixin.py:188} INFO - Epoch 12/37
[2024-06-13T01:57:23.013+0000] {logging_mixin.py:188} INFO - 
Epoch 12: loss improved from 0.02181 to 0.02129, saving model to /opt/***/data/model/save_model.keras
[2024-06-13T01:57:23.194+0000] {logging_mixin.py:188} INFO - 163/163 - 5s - 29ms/step - loss: 0.0213
[2024-06-13T01:57:23.198+0000] {logging_mixin.py:188} INFO - Epoch 13/37
[2024-06-13T01:57:27.277+0000] {logging_mixin.py:188} INFO - 
Epoch 13: loss improved from 0.02129 to 0.02039, saving model to /opt/***/data/model/save_model.keras
[2024-06-13T01:57:27.416+0000] {logging_mixin.py:188} INFO - 163/163 - 4s - 26ms/step - loss: 0.0204
[2024-06-13T01:57:27.419+0000] {logging_mixin.py:188} INFO - Epoch 14/37
[2024-06-13T01:57:31.498+0000] {logging_mixin.py:188} INFO - 
Epoch 14: loss did not improve from 0.02039
[2024-06-13T01:57:31.501+0000] {logging_mixin.py:188} INFO - 163/163 - 4s - 25ms/step - loss: 0.0204
[2024-06-13T01:57:31.503+0000] {logging_mixin.py:188} INFO - Epoch 15/37
[2024-06-13T01:57:35.239+0000] {logging_mixin.py:188} INFO - 
Epoch 15: loss did not improve from 0.02039
[2024-06-13T01:57:35.243+0000] {logging_mixin.py:188} INFO - 163/163 - 4s - 23ms/step - loss: 0.0210
[2024-06-13T01:57:35.245+0000] {logging_mixin.py:188} INFO - Epoch 16/37
[2024-06-13T01:57:39.566+0000] {logging_mixin.py:188} INFO - 
Epoch 16: loss improved from 0.02039 to 0.01921, saving model to /opt/***/data/model/save_model.keras
[2024-06-13T01:57:39.731+0000] {logging_mixin.py:188} INFO - 163/163 - 4s - 27ms/step - loss: 0.0192
[2024-06-13T01:57:39.733+0000] {logging_mixin.py:188} INFO - Epoch 17/37
[2024-06-13T01:57:44.066+0000] {logging_mixin.py:188} INFO - 
Epoch 17: loss did not improve from 0.01921
[2024-06-13T01:57:44.069+0000] {logging_mixin.py:188} INFO - 163/163 - 4s - 27ms/step - loss: 0.0199
[2024-06-13T01:57:44.071+0000] {logging_mixin.py:188} INFO - Epoch 18/37
[2024-06-13T01:57:48.192+0000] {logging_mixin.py:188} INFO - 
Epoch 18: loss improved from 0.01921 to 0.01911, saving model to /opt/***/data/model/save_model.keras
[2024-06-13T01:57:48.343+0000] {logging_mixin.py:188} INFO - 163/163 - 4s - 26ms/step - loss: 0.0191
[2024-06-13T01:57:48.345+0000] {logging_mixin.py:188} INFO - Epoch 19/37
[2024-06-13T01:57:52.568+0000] {logging_mixin.py:188} INFO - 
Epoch 19: loss improved from 0.01911 to 0.01866, saving model to /opt/***/data/model/save_model.keras
[2024-06-13T01:57:52.722+0000] {logging_mixin.py:188} INFO - 163/163 - 4s - 27ms/step - loss: 0.0187
[2024-06-13T01:57:52.725+0000] {logging_mixin.py:188} INFO - Epoch 20/37
[2024-06-13T01:57:57.379+0000] {logging_mixin.py:188} INFO - 
Epoch 20: loss improved from 0.01866 to 0.01772, saving model to /opt/***/data/model/save_model.keras
[2024-06-13T01:57:57.523+0000] {logging_mixin.py:188} INFO - 163/163 - 5s - 29ms/step - loss: 0.0177
[2024-06-13T01:57:57.527+0000] {logging_mixin.py:188} INFO - Epoch 21/37
[2024-06-13T01:58:01.890+0000] {logging_mixin.py:188} INFO - 
Epoch 21: loss did not improve from 0.01772
[2024-06-13T01:58:01.893+0000] {logging_mixin.py:188} INFO - 163/163 - 4s - 27ms/step - loss: 0.0192
[2024-06-13T01:58:01.895+0000] {logging_mixin.py:188} INFO - Epoch 22/37
[2024-06-13T01:58:05.691+0000] {logging_mixin.py:188} INFO - 
Epoch 22: loss did not improve from 0.01772
[2024-06-13T01:58:05.694+0000] {logging_mixin.py:188} INFO - 163/163 - 4s - 23ms/step - loss: 0.0179
[2024-06-13T01:58:05.696+0000] {logging_mixin.py:188} INFO - Epoch 23/37
[2024-06-13T01:58:09.502+0000] {logging_mixin.py:188} INFO - 
Epoch 23: loss improved from 0.01772 to 0.01761, saving model to /opt/***/data/model/save_model.keras
[2024-06-13T01:58:09.635+0000] {logging_mixin.py:188} INFO - 163/163 - 4s - 24ms/step - loss: 0.0176
[2024-06-13T01:58:09.638+0000] {logging_mixin.py:188} INFO - Epoch 24/37
[2024-06-13T01:58:14.009+0000] {logging_mixin.py:188} INFO - 
Epoch 24: loss improved from 0.01761 to 0.01728, saving model to /opt/***/data/model/save_model.keras
[2024-06-13T01:58:14.173+0000] {logging_mixin.py:188} INFO - 163/163 - 5s - 28ms/step - loss: 0.0173
[2024-06-13T01:58:14.177+0000] {logging_mixin.py:188} INFO - Epoch 25/37
[2024-06-13T01:58:18.303+0000] {logging_mixin.py:188} INFO - 
Epoch 25: loss improved from 0.01728 to 0.01719, saving model to /opt/***/data/model/save_model.keras
[2024-06-13T01:58:18.474+0000] {logging_mixin.py:188} INFO - 163/163 - 4s - 26ms/step - loss: 0.0172
[2024-06-13T01:58:18.477+0000] {logging_mixin.py:188} INFO - Epoch 26/37
[2024-06-13T01:58:22.498+0000] {logging_mixin.py:188} INFO - 
Epoch 26: loss improved from 0.01719 to 0.01666, saving model to /opt/***/data/model/save_model.keras
[2024-06-13T01:58:22.651+0000] {logging_mixin.py:188} INFO - 163/163 - 4s - 26ms/step - loss: 0.0167
[2024-06-13T01:58:22.654+0000] {logging_mixin.py:188} INFO - Epoch 27/37
[2024-06-13T01:58:26.914+0000] {logging_mixin.py:188} INFO - 
Epoch 27: loss did not improve from 0.01666
[2024-06-13T01:58:26.917+0000] {logging_mixin.py:188} INFO - 163/163 - 4s - 26ms/step - loss: 0.0177
[2024-06-13T01:58:26.920+0000] {logging_mixin.py:188} INFO - Epoch 28/37
[2024-06-13T01:58:31.318+0000] {logging_mixin.py:188} INFO - 
Epoch 28: loss improved from 0.01666 to 0.01612, saving model to /opt/***/data/model/save_model.keras
[2024-06-13T01:58:31.492+0000] {logging_mixin.py:188} INFO - 163/163 - 5s - 28ms/step - loss: 0.0161
[2024-06-13T01:58:31.494+0000] {logging_mixin.py:188} INFO - Epoch 29/37
[2024-06-13T01:58:35.753+0000] {logging_mixin.py:188} INFO - 
Epoch 29: loss did not improve from 0.01612
[2024-06-13T01:58:35.758+0000] {logging_mixin.py:188} INFO - 163/163 - 4s - 26ms/step - loss: 0.0172
[2024-06-13T01:58:35.761+0000] {logging_mixin.py:188} INFO - Epoch 30/37
[2024-06-13T01:58:39.604+0000] {logging_mixin.py:188} INFO - 
Epoch 30: loss improved from 0.01612 to 0.01548, saving model to /opt/***/data/model/save_model.keras
[2024-06-13T01:58:39.769+0000] {logging_mixin.py:188} INFO - 163/163 - 4s - 25ms/step - loss: 0.0155
[2024-06-13T01:58:39.772+0000] {logging_mixin.py:188} INFO - Epoch 31/37
[2024-06-13T01:58:43.911+0000] {logging_mixin.py:188} INFO - 
Epoch 31: loss did not improve from 0.01548
[2024-06-13T01:58:43.914+0000] {logging_mixin.py:188} INFO - 163/163 - 4s - 25ms/step - loss: 0.0170
[2024-06-13T01:58:43.917+0000] {logging_mixin.py:188} INFO - Epoch 32/37
[2024-06-13T01:58:49.612+0000] {logging_mixin.py:188} INFO - 
Epoch 32: loss did not improve from 0.01548
[2024-06-13T01:58:49.615+0000] {logging_mixin.py:188} INFO - 163/163 - 6s - 35ms/step - loss: 0.0156
[2024-06-13T01:58:49.618+0000] {logging_mixin.py:188} INFO - Epoch 33/37
[2024-06-13T01:58:53.525+0000] {logging_mixin.py:188} INFO - 
Epoch 33: loss did not improve from 0.01548
[2024-06-13T01:58:53.529+0000] {logging_mixin.py:188} INFO - 163/163 - 4s - 24ms/step - loss: 0.0160
[2024-06-13T01:58:53.532+0000] {logging_mixin.py:188} INFO - Epoch 34/37
[2024-06-13T01:58:58.281+0000] {logging_mixin.py:188} INFO - 
Epoch 34: loss improved from 0.01548 to 0.01545, saving model to /opt/***/data/model/save_model.keras
[2024-06-13T01:58:58.517+0000] {logging_mixin.py:188} INFO - 163/163 - 5s - 31ms/step - loss: 0.0154
[2024-06-13T01:58:58.522+0000] {logging_mixin.py:188} INFO - Epoch 35/37
[2024-06-13T01:59:03.574+0000] {logging_mixin.py:188} INFO - 
Epoch 35: loss improved from 0.01545 to 0.01543, saving model to /opt/***/data/model/save_model.keras
[2024-06-13T01:59:03.731+0000] {logging_mixin.py:188} INFO - 163/163 - 5s - 32ms/step - loss: 0.0154
[2024-06-13T01:59:03.734+0000] {logging_mixin.py:188} INFO - Epoch 36/37
[2024-06-13T01:59:10.182+0000] {logging_mixin.py:188} INFO - 
Epoch 36: loss did not improve from 0.01543
[2024-06-13T01:59:10.187+0000] {logging_mixin.py:188} INFO - 163/163 - 6s - 40ms/step - loss: 0.0158
[2024-06-13T01:59:10.192+0000] {logging_mixin.py:188} INFO - Epoch 37/37
[2024-06-13T01:59:16.936+0000] {logging_mixin.py:188} INFO - 
Epoch 37: loss improved from 0.01543 to 0.01536, saving model to /opt/***/data/model/save_model.keras
[2024-06-13T01:59:17.389+0000] {logging_mixin.py:188} INFO - 163/163 - 7s - 44ms/step - loss: 0.0154
[2024-06-13T01:59:17.396+0000] {python.py:237} INFO - Done. Returned value was: /opt/***/data/model/save_model.keras
[2024-06-13T01:59:17.399+0000] {taskinstance.py:441} INFO - ::group::Post task execution logs
[2024-06-13T01:59:17.459+0000] {taskinstance.py:1206} INFO - Marking task as SUCCESS. dag_id=stock_prediction, task_id=train_model_task, run_id=scheduled__2024-06-12T00:00:00+00:00, execution_date=20240612T000000, start_date=20240613T015619, end_date=20240613T015917
[2024-06-13T01:59:17.570+0000] {local_task_job_runner.py:240} INFO - Task exited with return code 0
[2024-06-13T01:59:17.641+0000] {taskinstance.py:3503} INFO - 1 downstream tasks scheduled from follow-on schedule check
[2024-06-13T01:59:17.644+0000] {local_task_job_runner.py:222} INFO - ::endgroup::
