[2024-06-12T03:55:40.503+0000] {local_task_job_runner.py:120} INFO - ::group::Pre task execution logs
[2024-06-12T03:55:40.517+0000] {taskinstance.py:2076} INFO - Dependencies all met for dep_context=non-requeueable deps ti=<TaskInstance: stock_prediction.describe_data_task scheduled__2024-06-11T00:00:00+00:00 [queued]>
[2024-06-12T03:55:40.524+0000] {taskinstance.py:2076} INFO - Dependencies all met for dep_context=requeueable deps ti=<TaskInstance: stock_prediction.describe_data_task scheduled__2024-06-11T00:00:00+00:00 [queued]>
[2024-06-12T03:55:40.524+0000] {taskinstance.py:2306} INFO - Starting attempt 1 of 2
[2024-06-12T03:55:40.534+0000] {taskinstance.py:2330} INFO - Executing <Task(PythonOperator): describe_data_task> on 2024-06-11 00:00:00+00:00
[2024-06-12T03:55:40.540+0000] {warnings.py:112} WARNING - /home/***/.local/lib/python3.12/site-packages/***/task/task_runner/standard_task_runner.py:61: DeprecationWarning: This process (pid=114) is multi-threaded, use of fork() may lead to deadlocks in the child.
  pid = os.fork()

[2024-06-12T03:55:40.541+0000] {standard_task_runner.py:90} INFO - Running: ['***', 'tasks', 'run', 'stock_prediction', 'describe_data_task', 'scheduled__2024-06-11T00:00:00+00:00', '--job-id', '83', '--raw', '--subdir', 'DAGS_FOLDER/demo_***.py', '--cfg-path', '/tmp/tmpujrctre1']
[2024-06-12T03:55:40.541+0000] {standard_task_runner.py:63} INFO - Started process 132 to run task
[2024-06-12T03:55:40.542+0000] {standard_task_runner.py:91} INFO - Job 83: Subtask describe_data_task
[2024-06-12T03:55:40.570+0000] {task_command.py:426} INFO - Running <TaskInstance: stock_prediction.describe_data_task scheduled__2024-06-11T00:00:00+00:00 [running]> on host ad0cd89ef011
[2024-06-12T03:55:40.623+0000] {taskinstance.py:2648} INFO - Exporting env vars: AIRFLOW_CTX_DAG_OWNER='Nguyen Khoa Doan' AIRFLOW_CTX_DAG_ID='stock_prediction' AIRFLOW_CTX_TASK_ID='describe_data_task' AIRFLOW_CTX_EXECUTION_DATE='2024-06-11T00:00:00+00:00' AIRFLOW_CTX_TRY_NUMBER='1' AIRFLOW_CTX_DAG_RUN_ID='scheduled__2024-06-11T00:00:00+00:00'
[2024-06-12T03:55:40.624+0000] {taskinstance.py:430} INFO - ::endgroup::
[2024-06-12T03:55:40.857+0000] {logging_mixin.py:188} INFO - <class 'pandas.core.frame.DataFrame'>
RangeIndex: 2602 entries, 0 to 2601
Data columns (total 5 columns):
 #   Column  Non-Null Count  Dtype 
---  ------  --------------  ----- 
 0   time    2602 non-null   object
 1   open    2602 non-null   int64 
 2   high    2602 non-null   int64 
 3   low     2602 non-null   int64 
 4   close   2602 non-null   int64 
dtypes: int64(4), object(1)
memory usage: 101.8+ KB
[2024-06-12T03:55:40.858+0000] {logging_mixin.py:188} INFO - Information about the data:
[2024-06-12T03:55:40.858+0000] {logging_mixin.py:188} INFO - None
[2024-06-12T03:55:40.859+0000] {python.py:237} INFO - Done. Returned value was: None
[2024-06-12T03:55:40.859+0000] {taskinstance.py:441} INFO - ::group::Post task execution logs
[2024-06-12T03:55:40.867+0000] {taskinstance.py:1206} INFO - Marking task as SUCCESS. dag_id=stock_prediction, task_id=describe_data_task, run_id=scheduled__2024-06-11T00:00:00+00:00, execution_date=20240611T000000, start_date=20240612T035540, end_date=20240612T035540
[2024-06-12T03:55:40.916+0000] {local_task_job_runner.py:240} INFO - Task exited with return code 0
[2024-06-12T03:55:40.941+0000] {taskinstance.py:3503} INFO - 1 downstream tasks scheduled from follow-on schedule check
[2024-06-12T03:55:40.943+0000] {local_task_job_runner.py:222} INFO - ::endgroup::
