[2024-06-13T08:24:38.880+0000] {local_task_job_runner.py:120} INFO - ::group::Pre task execution logs
[2024-06-13T08:24:38.899+0000] {taskinstance.py:2076} INFO - Dependencies all met for dep_context=non-requeueable deps ti=<TaskInstance: stock_prediction.train_model_task manual__2024-06-13T08:24:03.888958+00:00 [queued]>
[2024-06-13T08:24:38.906+0000] {taskinstance.py:2076} INFO - Dependencies all met for dep_context=requeueable deps ti=<TaskInstance: stock_prediction.train_model_task manual__2024-06-13T08:24:03.888958+00:00 [queued]>
[2024-06-13T08:24:38.907+0000] {taskinstance.py:2306} INFO - Starting attempt 1 of 2
[2024-06-13T08:24:38.917+0000] {taskinstance.py:2330} INFO - Executing <Task(PythonOperator): train_model_task> on 2024-06-13 08:24:03.888958+00:00
[2024-06-13T08:24:38.925+0000] {warnings.py:112} WARNING - /home/***/.local/lib/python3.12/site-packages/***/task/task_runner/standard_task_runner.py:61: DeprecationWarning: This process (pid=1477) is multi-threaded, use of fork() may lead to deadlocks in the child.
  pid = os.fork()

[2024-06-13T08:24:38.927+0000] {standard_task_runner.py:63} INFO - Started process 1495 to run task
[2024-06-13T08:24:38.927+0000] {standard_task_runner.py:90} INFO - Running: ['***', 'tasks', 'run', 'stock_prediction', 'train_model_task', 'manual__2024-06-13T08:24:03.888958+00:00', '--job-id', '365', '--raw', '--subdir', 'DAGS_FOLDER/demo_***.py', '--cfg-path', '/tmp/tmplnlh2_37']
[2024-06-13T08:24:38.928+0000] {standard_task_runner.py:91} INFO - Job 365: Subtask train_model_task
[2024-06-13T08:24:38.964+0000] {task_command.py:426} INFO - Running <TaskInstance: stock_prediction.train_model_task manual__2024-06-13T08:24:03.888958+00:00 [running]> on host 33b4ab31339c
[2024-06-13T08:24:39.021+0000] {taskinstance.py:2648} INFO - Exporting env vars: AIRFLOW_CTX_DAG_OWNER='Nguyen Khoa Doan' AIRFLOW_CTX_DAG_ID='stock_prediction' AIRFLOW_CTX_TASK_ID='train_model_task' AIRFLOW_CTX_EXECUTION_DATE='2024-06-13T08:24:03.888958+00:00' AIRFLOW_CTX_TRY_NUMBER='1' AIRFLOW_CTX_DAG_RUN_ID='manual__2024-06-13T08:24:03.888958+00:00'
[2024-06-13T08:24:39.022+0000] {taskinstance.py:430} INFO - ::endgroup::
[2024-06-13T08:24:39.039+0000] {logging_mixin.py:188} INFO - x_train và y_train đã được lưu vào /opt/***/data
[2024-06-13T08:24:39.100+0000] {warnings.py:112} WARNING - /home/***/.local/lib/python3.12/site-packages/keras/src/layers/rnn/rnn.py:204: UserWarning: Do not pass an `input_shape`/`input_dim` argument to a layer. When using Sequential models, prefer using an `Input(shape)` object as the first layer in the model instead.
  super().__init__(**kwargs)

[2024-06-13T08:24:39.310+0000] {logging_mixin.py:188} INFO - Epoch 1/37
[2024-06-13T08:24:42.462+0000] {logging_mixin.py:188} INFO - 
Epoch 1: loss improved from inf to 0.04807, saving model to /opt/***/data/model/save_model.keras
[2024-06-13T08:24:42.560+0000] {logging_mixin.py:188} INFO - 163/163 - 3s - 20ms/step - loss: 0.0481
[2024-06-13T08:24:42.562+0000] {logging_mixin.py:188} INFO - Epoch 2/37
[2024-06-13T08:24:43.873+0000] {logging_mixin.py:188} INFO - 
Epoch 2: loss improved from 0.04807 to 0.02797, saving model to /opt/***/data/model/save_model.keras
[2024-06-13T08:24:43.927+0000] {logging_mixin.py:188} INFO - 163/163 - 1s - 8ms/step - loss: 0.0280
[2024-06-13T08:24:43.928+0000] {logging_mixin.py:188} INFO - Epoch 3/37
[2024-06-13T08:24:45.208+0000] {logging_mixin.py:188} INFO - 
Epoch 3: loss improved from 0.02797 to 0.02754, saving model to /opt/***/data/model/save_model.keras
[2024-06-13T08:24:45.259+0000] {logging_mixin.py:188} INFO - 163/163 - 1s - 8ms/step - loss: 0.0275
[2024-06-13T08:24:45.260+0000] {logging_mixin.py:188} INFO - Epoch 4/37
[2024-06-13T08:24:46.591+0000] {logging_mixin.py:188} INFO - 
Epoch 4: loss improved from 0.02754 to 0.02544, saving model to /opt/***/data/model/save_model.keras
[2024-06-13T08:24:46.652+0000] {logging_mixin.py:188} INFO - 163/163 - 1s - 9ms/step - loss: 0.0254
[2024-06-13T08:24:46.654+0000] {logging_mixin.py:188} INFO - Epoch 5/37
[2024-06-13T08:24:49.467+0000] {logging_mixin.py:188} INFO - 
Epoch 5: loss improved from 0.02544 to 0.02514, saving model to /opt/***/data/model/save_model.keras
[2024-06-13T08:24:49.527+0000] {logging_mixin.py:188} INFO - 163/163 - 3s - 18ms/step - loss: 0.0251
[2024-06-13T08:24:49.529+0000] {logging_mixin.py:188} INFO - Epoch 6/37
[2024-06-13T08:24:51.075+0000] {logging_mixin.py:188} INFO - 
Epoch 6: loss improved from 0.02514 to 0.02356, saving model to /opt/***/data/model/save_model.keras
[2024-06-13T08:24:51.132+0000] {logging_mixin.py:188} INFO - 163/163 - 2s - 10ms/step - loss: 0.0236
[2024-06-13T08:24:51.133+0000] {logging_mixin.py:188} INFO - Epoch 7/37
[2024-06-13T08:24:52.671+0000] {logging_mixin.py:188} INFO - 
Epoch 7: loss did not improve from 0.02356
[2024-06-13T08:24:52.672+0000] {logging_mixin.py:188} INFO - 163/163 - 2s - 9ms/step - loss: 0.0238
[2024-06-13T08:24:52.673+0000] {logging_mixin.py:188} INFO - Epoch 8/37
[2024-06-13T08:24:54.000+0000] {logging_mixin.py:188} INFO - 
Epoch 8: loss improved from 0.02356 to 0.02346, saving model to /opt/***/data/model/save_model.keras
[2024-06-13T08:24:54.060+0000] {logging_mixin.py:188} INFO - 163/163 - 1s - 9ms/step - loss: 0.0235
[2024-06-13T08:24:54.061+0000] {logging_mixin.py:188} INFO - Epoch 9/37
[2024-06-13T08:24:55.545+0000] {logging_mixin.py:188} INFO - 
Epoch 9: loss improved from 0.02346 to 0.02231, saving model to /opt/***/data/model/save_model.keras
[2024-06-13T08:24:55.599+0000] {logging_mixin.py:188} INFO - 163/163 - 2s - 9ms/step - loss: 0.0223
[2024-06-13T08:24:55.600+0000] {logging_mixin.py:188} INFO - Epoch 10/37
[2024-06-13T08:24:56.933+0000] {logging_mixin.py:188} INFO - 
Epoch 10: loss improved from 0.02231 to 0.02211, saving model to /opt/***/data/model/save_model.keras
[2024-06-13T08:24:56.999+0000] {logging_mixin.py:188} INFO - 163/163 - 1s - 9ms/step - loss: 0.0221
[2024-06-13T08:24:57.000+0000] {logging_mixin.py:188} INFO - Epoch 11/37
[2024-06-13T08:24:58.455+0000] {logging_mixin.py:188} INFO - 
Epoch 11: loss did not improve from 0.02211
[2024-06-13T08:24:58.456+0000] {logging_mixin.py:188} INFO - 163/163 - 1s - 9ms/step - loss: 0.0226
[2024-06-13T08:24:58.457+0000] {logging_mixin.py:188} INFO - Epoch 12/37
[2024-06-13T08:24:59.826+0000] {logging_mixin.py:188} INFO - 
Epoch 12: loss did not improve from 0.02211
[2024-06-13T08:24:59.827+0000] {logging_mixin.py:188} INFO - 163/163 - 1s - 8ms/step - loss: 0.0227
[2024-06-13T08:24:59.828+0000] {logging_mixin.py:188} INFO - Epoch 13/37
[2024-06-13T08:25:01.190+0000] {logging_mixin.py:188} INFO - 
Epoch 13: loss improved from 0.02211 to 0.02035, saving model to /opt/***/data/model/save_model.keras
[2024-06-13T08:25:01.250+0000] {logging_mixin.py:188} INFO - 163/163 - 1s - 9ms/step - loss: 0.0204
[2024-06-13T08:25:01.251+0000] {logging_mixin.py:188} INFO - Epoch 14/37
[2024-06-13T08:25:02.662+0000] {logging_mixin.py:188} INFO - 
Epoch 14: loss did not improve from 0.02035
[2024-06-13T08:25:02.663+0000] {logging_mixin.py:188} INFO - 163/163 - 1s - 9ms/step - loss: 0.0207
[2024-06-13T08:25:02.664+0000] {logging_mixin.py:188} INFO - Epoch 15/37
[2024-06-13T08:25:04.227+0000] {logging_mixin.py:188} INFO - 
Epoch 15: loss improved from 0.02035 to 0.01991, saving model to /opt/***/data/model/save_model.keras
[2024-06-13T08:25:04.290+0000] {logging_mixin.py:188} INFO - 163/163 - 2s - 10ms/step - loss: 0.0199
[2024-06-13T08:25:04.291+0000] {logging_mixin.py:188} INFO - Epoch 16/37
[2024-06-13T08:25:05.957+0000] {logging_mixin.py:188} INFO - 
Epoch 16: loss improved from 0.01991 to 0.01961, saving model to /opt/***/data/model/save_model.keras
[2024-06-13T08:25:06.020+0000] {logging_mixin.py:188} INFO - 163/163 - 2s - 11ms/step - loss: 0.0196
[2024-06-13T08:25:06.022+0000] {logging_mixin.py:188} INFO - Epoch 17/37
[2024-06-13T08:25:07.548+0000] {logging_mixin.py:188} INFO - 
Epoch 17: loss did not improve from 0.01961
[2024-06-13T08:25:07.549+0000] {logging_mixin.py:188} INFO - 163/163 - 2s - 9ms/step - loss: 0.0201
[2024-06-13T08:25:07.550+0000] {logging_mixin.py:188} INFO - Epoch 18/37
[2024-06-13T08:25:09.035+0000] {logging_mixin.py:188} INFO - 
Epoch 18: loss improved from 0.01961 to 0.01866, saving model to /opt/***/data/model/save_model.keras
[2024-06-13T08:25:09.112+0000] {logging_mixin.py:188} INFO - 163/163 - 2s - 10ms/step - loss: 0.0187
[2024-06-13T08:25:09.114+0000] {logging_mixin.py:188} INFO - Epoch 19/37
[2024-06-13T08:25:10.910+0000] {logging_mixin.py:188} INFO - 
Epoch 19: loss did not improve from 0.01866
[2024-06-13T08:25:10.912+0000] {logging_mixin.py:188} INFO - 163/163 - 2s - 11ms/step - loss: 0.0188
[2024-06-13T08:25:10.914+0000] {logging_mixin.py:188} INFO - Epoch 20/37
[2024-06-13T08:25:12.920+0000] {logging_mixin.py:188} INFO - 
Epoch 20: loss improved from 0.01866 to 0.01839, saving model to /opt/***/data/model/save_model.keras
[2024-06-13T08:25:12.991+0000] {logging_mixin.py:188} INFO - 163/163 - 2s - 13ms/step - loss: 0.0184
[2024-06-13T08:25:12.992+0000] {logging_mixin.py:188} INFO - Epoch 21/37
[2024-06-13T08:25:14.359+0000] {logging_mixin.py:188} INFO - 
Epoch 21: loss improved from 0.01839 to 0.01743, saving model to /opt/***/data/model/save_model.keras
[2024-06-13T08:25:14.425+0000] {logging_mixin.py:188} INFO - 163/163 - 1s - 9ms/step - loss: 0.0174
[2024-06-13T08:25:14.426+0000] {logging_mixin.py:188} INFO - Epoch 22/37
[2024-06-13T08:25:15.782+0000] {logging_mixin.py:188} INFO - 
Epoch 22: loss did not improve from 0.01743
[2024-06-13T08:25:15.783+0000] {logging_mixin.py:188} INFO - 163/163 - 1s - 8ms/step - loss: 0.0182
[2024-06-13T08:25:15.784+0000] {logging_mixin.py:188} INFO - Epoch 23/37
[2024-06-13T08:25:17.192+0000] {logging_mixin.py:188} INFO - 
Epoch 23: loss did not improve from 0.01743
[2024-06-13T08:25:17.193+0000] {logging_mixin.py:188} INFO - 163/163 - 1s - 9ms/step - loss: 0.0179
[2024-06-13T08:25:17.194+0000] {logging_mixin.py:188} INFO - Epoch 24/37
[2024-06-13T08:25:18.745+0000] {logging_mixin.py:188} INFO - 
Epoch 24: loss improved from 0.01743 to 0.01649, saving model to /opt/***/data/model/save_model.keras
[2024-06-13T08:25:18.797+0000] {logging_mixin.py:188} INFO - 163/163 - 2s - 10ms/step - loss: 0.0165
[2024-06-13T08:25:18.798+0000] {logging_mixin.py:188} INFO - Epoch 25/37
[2024-06-13T08:25:20.267+0000] {logging_mixin.py:188} INFO - 
Epoch 25: loss did not improve from 0.01649
[2024-06-13T08:25:20.269+0000] {logging_mixin.py:188} INFO - 163/163 - 1s - 9ms/step - loss: 0.0182
[2024-06-13T08:25:20.270+0000] {logging_mixin.py:188} INFO - Epoch 26/37
[2024-06-13T08:25:21.742+0000] {logging_mixin.py:188} INFO - 
Epoch 26: loss did not improve from 0.01649
[2024-06-13T08:25:21.744+0000] {logging_mixin.py:188} INFO - 163/163 - 1s - 9ms/step - loss: 0.0177
[2024-06-13T08:25:21.745+0000] {logging_mixin.py:188} INFO - Epoch 27/37
[2024-06-13T08:25:23.420+0000] {logging_mixin.py:188} INFO - 
Epoch 27: loss improved from 0.01649 to 0.01616, saving model to /opt/***/data/model/save_model.keras
[2024-06-13T08:25:23.493+0000] {logging_mixin.py:188} INFO - 163/163 - 2s - 11ms/step - loss: 0.0162
[2024-06-13T08:25:23.494+0000] {logging_mixin.py:188} INFO - Epoch 28/37
[2024-06-13T08:25:25.444+0000] {logging_mixin.py:188} INFO - 
Epoch 28: loss did not improve from 0.01616
[2024-06-13T08:25:25.446+0000] {logging_mixin.py:188} INFO - 163/163 - 2s - 12ms/step - loss: 0.0170
[2024-06-13T08:25:25.447+0000] {logging_mixin.py:188} INFO - Epoch 29/37
[2024-06-13T08:25:26.878+0000] {logging_mixin.py:188} INFO - 
Epoch 29: loss did not improve from 0.01616
[2024-06-13T08:25:26.879+0000] {logging_mixin.py:188} INFO - 163/163 - 1s - 9ms/step - loss: 0.0163
[2024-06-13T08:25:26.880+0000] {logging_mixin.py:188} INFO - Epoch 30/37
[2024-06-13T08:25:28.152+0000] {logging_mixin.py:188} INFO - 
Epoch 30: loss did not improve from 0.01616
[2024-06-13T08:25:28.153+0000] {logging_mixin.py:188} INFO - 163/163 - 1s - 8ms/step - loss: 0.0162
[2024-06-13T08:25:28.154+0000] {logging_mixin.py:188} INFO - Epoch 31/37
[2024-06-13T08:25:29.482+0000] {logging_mixin.py:188} INFO - 
Epoch 31: loss improved from 0.01616 to 0.01512, saving model to /opt/***/data/model/save_model.keras
[2024-06-13T08:25:29.538+0000] {logging_mixin.py:188} INFO - 163/163 - 1s - 8ms/step - loss: 0.0151
[2024-06-13T08:25:29.539+0000] {logging_mixin.py:188} INFO - Epoch 32/37
[2024-06-13T08:25:30.741+0000] {logging_mixin.py:188} INFO - 
Epoch 32: loss did not improve from 0.01512
[2024-06-13T08:25:30.742+0000] {logging_mixin.py:188} INFO - 163/163 - 1s - 7ms/step - loss: 0.0170
[2024-06-13T08:25:30.743+0000] {logging_mixin.py:188} INFO - Epoch 33/37
[2024-06-13T08:25:32.116+0000] {logging_mixin.py:188} INFO - 
Epoch 33: loss improved from 0.01512 to 0.01490, saving model to /opt/***/data/model/save_model.keras
[2024-06-13T08:25:32.178+0000] {logging_mixin.py:188} INFO - 163/163 - 1s - 9ms/step - loss: 0.0149
[2024-06-13T08:25:32.179+0000] {logging_mixin.py:188} INFO - Epoch 34/37
[2024-06-13T08:25:33.903+0000] {logging_mixin.py:188} INFO - 
Epoch 34: loss did not improve from 0.01490
[2024-06-13T08:25:33.904+0000] {logging_mixin.py:188} INFO - 163/163 - 2s - 11ms/step - loss: 0.0158
[2024-06-13T08:25:33.905+0000] {logging_mixin.py:188} INFO - Epoch 35/37
[2024-06-13T08:25:35.329+0000] {logging_mixin.py:188} INFO - 
Epoch 35: loss did not improve from 0.01490
[2024-06-13T08:25:35.331+0000] {logging_mixin.py:188} INFO - 163/163 - 1s - 9ms/step - loss: 0.0157
[2024-06-13T08:25:35.331+0000] {logging_mixin.py:188} INFO - Epoch 36/37
[2024-06-13T08:25:36.599+0000] {logging_mixin.py:188} INFO - 
Epoch 36: loss did not improve from 0.01490
[2024-06-13T08:25:36.600+0000] {logging_mixin.py:188} INFO - 163/163 - 1s - 8ms/step - loss: 0.0150
[2024-06-13T08:25:36.601+0000] {logging_mixin.py:188} INFO - Epoch 37/37
[2024-06-13T08:25:37.920+0000] {logging_mixin.py:188} INFO - 
Epoch 37: loss did not improve from 0.01490
[2024-06-13T08:25:37.921+0000] {logging_mixin.py:188} INFO - 163/163 - 1s - 8ms/step - loss: 0.0157
[2024-06-13T08:25:38.123+0000] {python.py:237} INFO - Done. Returned value was: None
[2024-06-13T08:25:38.124+0000] {taskinstance.py:441} INFO - ::group::Post task execution logs
[2024-06-13T08:25:38.131+0000] {taskinstance.py:1206} INFO - Marking task as SUCCESS. dag_id=stock_prediction, task_id=train_model_task, run_id=manual__2024-06-13T08:24:03.888958+00:00, execution_date=20240613T082403, start_date=20240613T082438, end_date=20240613T082538
[2024-06-13T08:25:38.186+0000] {local_task_job_runner.py:240} INFO - Task exited with return code 0
[2024-06-13T08:25:38.201+0000] {taskinstance.py:3503} INFO - 1 downstream tasks scheduled from follow-on schedule check
[2024-06-13T08:25:38.207+0000] {local_task_job_runner.py:222} INFO - ::endgroup::
