[2024-06-12T16:37:41.049+0000] {local_task_job_runner.py:120} INFO - ::group::Pre task execution logs
[2024-06-12T16:37:41.067+0000] {taskinstance.py:2076} INFO - Dependencies all met for dep_context=non-requeueable deps ti=<TaskInstance: stock_prediction.train_model_task manual__2024-06-12T16:37:07.687735+00:00 [queued]>
[2024-06-12T16:37:41.074+0000] {taskinstance.py:2076} INFO - Dependencies all met for dep_context=requeueable deps ti=<TaskInstance: stock_prediction.train_model_task manual__2024-06-12T16:37:07.687735+00:00 [queued]>
[2024-06-12T16:37:41.074+0000] {taskinstance.py:2306} INFO - Starting attempt 1 of 2
[2024-06-12T16:37:41.086+0000] {taskinstance.py:2330} INFO - Executing <Task(PythonOperator): train_model_task> on 2024-06-12 16:37:07.687735+00:00
[2024-06-12T16:37:41.095+0000] {warnings.py:112} WARNING - /home/***/.local/lib/python3.12/site-packages/***/task/task_runner/standard_task_runner.py:61: DeprecationWarning: This process (pid=11865) is multi-threaded, use of fork() may lead to deadlocks in the child.
  pid = os.fork()

[2024-06-12T16:37:41.097+0000] {standard_task_runner.py:63} INFO - Started process 11883 to run task
[2024-06-12T16:37:41.096+0000] {standard_task_runner.py:90} INFO - Running: ['***', 'tasks', 'run', 'stock_prediction', 'train_model_task', 'manual__2024-06-12T16:37:07.687735+00:00', '--job-id', '286', '--raw', '--subdir', 'DAGS_FOLDER/demo_***.py', '--cfg-path', '/tmp/tmpprx28sqo']
[2024-06-12T16:37:41.098+0000] {standard_task_runner.py:91} INFO - Job 286: Subtask train_model_task
[2024-06-12T16:37:41.134+0000] {task_command.py:426} INFO - Running <TaskInstance: stock_prediction.train_model_task manual__2024-06-12T16:37:07.687735+00:00 [running]> on host 33b4ab31339c
[2024-06-12T16:37:41.201+0000] {taskinstance.py:2648} INFO - Exporting env vars: AIRFLOW_CTX_DAG_OWNER='Nguyen Khoa Doan' AIRFLOW_CTX_DAG_ID='stock_prediction' AIRFLOW_CTX_TASK_ID='train_model_task' AIRFLOW_CTX_EXECUTION_DATE='2024-06-12T16:37:07.687735+00:00' AIRFLOW_CTX_TRY_NUMBER='1' AIRFLOW_CTX_DAG_RUN_ID='manual__2024-06-12T16:37:07.687735+00:00'
[2024-06-12T16:37:41.202+0000] {taskinstance.py:430} INFO - ::endgroup::
[2024-06-12T16:37:41.229+0000] {logging_mixin.py:188} INFO - x_train và y_train đã được lưu vào /opt/***/data
[2024-06-12T16:37:41.280+0000] {warnings.py:112} WARNING - /home/***/.local/lib/python3.12/site-packages/keras/src/layers/rnn/rnn.py:204: UserWarning: Do not pass an `input_shape`/`input_dim` argument to a layer. When using Sequential models, prefer using an `Input(shape)` object as the first layer in the model instead.
  super().__init__(**kwargs)

[2024-06-12T16:37:41.463+0000] {logging_mixin.py:188} INFO - Epoch 1/37
[2024-06-12T16:37:44.600+0000] {logging_mixin.py:188} INFO - 
Epoch 1: loss improved from inf to 0.04873, saving model to /opt/***/data/model/save_model.keras
[2024-06-12T16:37:44.680+0000] {logging_mixin.py:188} INFO - 163/163 - 3s - 20ms/step - loss: 0.0487
[2024-06-12T16:37:44.681+0000] {logging_mixin.py:188} INFO - Epoch 2/37
[2024-06-12T16:37:46.107+0000] {logging_mixin.py:188} INFO - 
Epoch 2: loss improved from 0.04873 to 0.03036, saving model to /opt/***/data/model/save_model.keras
[2024-06-12T16:37:46.173+0000] {logging_mixin.py:188} INFO - 163/163 - 1s - 9ms/step - loss: 0.0304
[2024-06-12T16:37:46.174+0000] {logging_mixin.py:188} INFO - Epoch 3/37
[2024-06-12T16:37:47.557+0000] {logging_mixin.py:188} INFO - 
Epoch 3: loss improved from 0.03036 to 0.02722, saving model to /opt/***/data/model/save_model.keras
[2024-06-12T16:37:47.621+0000] {logging_mixin.py:188} INFO - 163/163 - 1s - 9ms/step - loss: 0.0272
[2024-06-12T16:37:47.622+0000] {logging_mixin.py:188} INFO - Epoch 4/37
[2024-06-12T16:37:49.035+0000] {logging_mixin.py:188} INFO - 
Epoch 4: loss improved from 0.02722 to 0.02565, saving model to /opt/***/data/model/save_model.keras
[2024-06-12T16:37:49.088+0000] {logging_mixin.py:188} INFO - 163/163 - 1s - 9ms/step - loss: 0.0256
[2024-06-12T16:37:49.089+0000] {logging_mixin.py:188} INFO - Epoch 5/37
[2024-06-12T16:37:50.778+0000] {logging_mixin.py:188} INFO - 
Epoch 5: loss improved from 0.02565 to 0.02535, saving model to /opt/***/data/model/save_model.keras
[2024-06-12T16:37:50.954+0000] {logging_mixin.py:188} INFO - 163/163 - 2s - 11ms/step - loss: 0.0254
[2024-06-12T16:37:50.955+0000] {logging_mixin.py:188} INFO - Epoch 6/37
[2024-06-12T16:37:52.483+0000] {logging_mixin.py:188} INFO - 
Epoch 6: loss improved from 0.02535 to 0.02438, saving model to /opt/***/data/model/save_model.keras
[2024-06-12T16:37:52.544+0000] {logging_mixin.py:188} INFO - 163/163 - 2s - 10ms/step - loss: 0.0244
[2024-06-12T16:37:52.545+0000] {logging_mixin.py:188} INFO - Epoch 7/37
[2024-06-12T16:37:54.026+0000] {logging_mixin.py:188} INFO - 
Epoch 7: loss improved from 0.02438 to 0.02352, saving model to /opt/***/data/model/save_model.keras
[2024-06-12T16:37:54.089+0000] {logging_mixin.py:188} INFO - 163/163 - 2s - 9ms/step - loss: 0.0235
[2024-06-12T16:37:54.091+0000] {logging_mixin.py:188} INFO - Epoch 8/37
[2024-06-12T16:37:55.570+0000] {logging_mixin.py:188} INFO - 
Epoch 8: loss improved from 0.02352 to 0.02285, saving model to /opt/***/data/model/save_model.keras
[2024-06-12T16:37:55.624+0000] {logging_mixin.py:188} INFO - 163/163 - 2s - 9ms/step - loss: 0.0229
[2024-06-12T16:37:55.625+0000] {logging_mixin.py:188} INFO - Epoch 9/37
[2024-06-12T16:37:56.962+0000] {logging_mixin.py:188} INFO - 
Epoch 9: loss did not improve from 0.02285
[2024-06-12T16:37:56.963+0000] {logging_mixin.py:188} INFO - 163/163 - 1s - 8ms/step - loss: 0.0243
[2024-06-12T16:37:56.964+0000] {logging_mixin.py:188} INFO - Epoch 10/37
[2024-06-12T16:37:58.264+0000] {logging_mixin.py:188} INFO - 
Epoch 10: loss did not improve from 0.02285
[2024-06-12T16:37:58.265+0000] {logging_mixin.py:188} INFO - 163/163 - 1s - 8ms/step - loss: 0.0235
[2024-06-12T16:37:58.267+0000] {logging_mixin.py:188} INFO - Epoch 11/37
[2024-06-12T16:37:59.582+0000] {logging_mixin.py:188} INFO - 
Epoch 11: loss improved from 0.02285 to 0.02147, saving model to /opt/***/data/model/save_model.keras
[2024-06-12T16:37:59.637+0000] {logging_mixin.py:188} INFO - 163/163 - 1s - 8ms/step - loss: 0.0215
[2024-06-12T16:37:59.638+0000] {logging_mixin.py:188} INFO - Epoch 12/37
[2024-06-12T16:38:01.064+0000] {logging_mixin.py:188} INFO - 
Epoch 12: loss did not improve from 0.02147
[2024-06-12T16:38:01.065+0000] {logging_mixin.py:188} INFO - 163/163 - 1s - 9ms/step - loss: 0.0238
[2024-06-12T16:38:01.066+0000] {logging_mixin.py:188} INFO - Epoch 13/37
[2024-06-12T16:38:02.471+0000] {logging_mixin.py:188} INFO - 
Epoch 13: loss improved from 0.02147 to 0.02117, saving model to /opt/***/data/model/save_model.keras
[2024-06-12T16:38:02.539+0000] {logging_mixin.py:188} INFO - 163/163 - 1s - 9ms/step - loss: 0.0212
[2024-06-12T16:38:02.540+0000] {logging_mixin.py:188} INFO - Epoch 14/37
[2024-06-12T16:38:03.882+0000] {logging_mixin.py:188} INFO - 
Epoch 14: loss improved from 0.02117 to 0.02065, saving model to /opt/***/data/model/save_model.keras
[2024-06-12T16:38:03.931+0000] {logging_mixin.py:188} INFO - 163/163 - 1s - 9ms/step - loss: 0.0206
[2024-06-12T16:38:03.932+0000] {logging_mixin.py:188} INFO - Epoch 15/37
[2024-06-12T16:38:06.582+0000] {logging_mixin.py:188} INFO - 
Epoch 15: loss did not improve from 0.02065
[2024-06-12T16:38:06.585+0000] {logging_mixin.py:188} INFO - 163/163 - 3s - 16ms/step - loss: 0.0215
[2024-06-12T16:38:06.587+0000] {logging_mixin.py:188} INFO - Epoch 16/37
[2024-06-12T16:38:07.856+0000] {logging_mixin.py:188} INFO - 
Epoch 16: loss did not improve from 0.02065
[2024-06-12T16:38:07.857+0000] {logging_mixin.py:188} INFO - 163/163 - 1s - 8ms/step - loss: 0.0207
[2024-06-12T16:38:07.858+0000] {logging_mixin.py:188} INFO - Epoch 17/37
[2024-06-12T16:38:09.172+0000] {logging_mixin.py:188} INFO - 
Epoch 17: loss improved from 0.02065 to 0.01955, saving model to /opt/***/data/model/save_model.keras
[2024-06-12T16:38:09.225+0000] {logging_mixin.py:188} INFO - 163/163 - 1s - 8ms/step - loss: 0.0195
[2024-06-12T16:38:09.226+0000] {logging_mixin.py:188} INFO - Epoch 18/37
[2024-06-12T16:38:10.526+0000] {logging_mixin.py:188} INFO - 
Epoch 18: loss did not improve from 0.01955
[2024-06-12T16:38:10.528+0000] {logging_mixin.py:188} INFO - 163/163 - 1s - 8ms/step - loss: 0.0198
[2024-06-12T16:38:10.528+0000] {logging_mixin.py:188} INFO - Epoch 19/37
[2024-06-12T16:38:11.882+0000] {logging_mixin.py:188} INFO - 
Epoch 19: loss did not improve from 0.01955
[2024-06-12T16:38:11.883+0000] {logging_mixin.py:188} INFO - 163/163 - 1s - 8ms/step - loss: 0.0197
[2024-06-12T16:38:11.884+0000] {logging_mixin.py:188} INFO - Epoch 20/37
[2024-06-12T16:38:13.425+0000] {logging_mixin.py:188} INFO - 
Epoch 20: loss improved from 0.01955 to 0.01858, saving model to /opt/***/data/model/save_model.keras
[2024-06-12T16:38:13.487+0000] {logging_mixin.py:188} INFO - 163/163 - 2s - 10ms/step - loss: 0.0186
[2024-06-12T16:38:13.488+0000] {logging_mixin.py:188} INFO - Epoch 21/37
[2024-06-12T16:38:14.899+0000] {logging_mixin.py:188} INFO - 
Epoch 21: loss improved from 0.01858 to 0.01776, saving model to /opt/***/data/model/save_model.keras
[2024-06-12T16:38:14.956+0000] {logging_mixin.py:188} INFO - 163/163 - 1s - 9ms/step - loss: 0.0178
[2024-06-12T16:38:14.957+0000] {logging_mixin.py:188} INFO - Epoch 22/37
[2024-06-12T16:38:16.423+0000] {logging_mixin.py:188} INFO - 
Epoch 22: loss did not improve from 0.01776
[2024-06-12T16:38:16.424+0000] {logging_mixin.py:188} INFO - 163/163 - 1s - 9ms/step - loss: 0.0179
[2024-06-12T16:38:16.425+0000] {logging_mixin.py:188} INFO - Epoch 23/37
[2024-06-12T16:38:17.784+0000] {logging_mixin.py:188} INFO - 
Epoch 23: loss improved from 0.01776 to 0.01751, saving model to /opt/***/data/model/save_model.keras
[2024-06-12T16:38:17.856+0000] {logging_mixin.py:188} INFO - 163/163 - 1s - 9ms/step - loss: 0.0175
[2024-06-12T16:38:17.858+0000] {logging_mixin.py:188} INFO - Epoch 24/37
[2024-06-12T16:38:19.274+0000] {logging_mixin.py:188} INFO - 
Epoch 24: loss did not improve from 0.01751
[2024-06-12T16:38:19.275+0000] {logging_mixin.py:188} INFO - 163/163 - 1s - 9ms/step - loss: 0.0178
[2024-06-12T16:38:19.276+0000] {logging_mixin.py:188} INFO - Epoch 25/37
[2024-06-12T16:38:20.761+0000] {logging_mixin.py:188} INFO - 
Epoch 25: loss improved from 0.01751 to 0.01718, saving model to /opt/***/data/model/save_model.keras
[2024-06-12T16:38:20.976+0000] {logging_mixin.py:188} INFO - 163/163 - 2s - 10ms/step - loss: 0.0172
[2024-06-12T16:38:20.978+0000] {logging_mixin.py:188} INFO - Epoch 26/37
[2024-06-12T16:38:22.411+0000] {logging_mixin.py:188} INFO - 
Epoch 26: loss improved from 0.01718 to 0.01716, saving model to /opt/***/data/model/save_model.keras
[2024-06-12T16:38:22.474+0000] {logging_mixin.py:188} INFO - 163/163 - 1s - 9ms/step - loss: 0.0172
[2024-06-12T16:38:22.475+0000] {logging_mixin.py:188} INFO - Epoch 27/37
[2024-06-12T16:38:24.013+0000] {logging_mixin.py:188} INFO - 
Epoch 27: loss improved from 0.01716 to 0.01553, saving model to /opt/***/data/model/save_model.keras
[2024-06-12T16:38:24.077+0000] {logging_mixin.py:188} INFO - 163/163 - 2s - 10ms/step - loss: 0.0155
[2024-06-12T16:38:24.078+0000] {logging_mixin.py:188} INFO - Epoch 28/37
[2024-06-12T16:38:25.597+0000] {logging_mixin.py:188} INFO - 
Epoch 28: loss did not improve from 0.01553
[2024-06-12T16:38:25.598+0000] {logging_mixin.py:188} INFO - 163/163 - 2s - 9ms/step - loss: 0.0164
[2024-06-12T16:38:25.599+0000] {logging_mixin.py:188} INFO - Epoch 29/37
[2024-06-12T16:38:26.956+0000] {logging_mixin.py:188} INFO - 
Epoch 29: loss did not improve from 0.01553
[2024-06-12T16:38:26.957+0000] {logging_mixin.py:188} INFO - 163/163 - 1s - 8ms/step - loss: 0.0172
[2024-06-12T16:38:26.958+0000] {logging_mixin.py:188} INFO - Epoch 30/37
[2024-06-12T16:38:28.233+0000] {logging_mixin.py:188} INFO - 
Epoch 30: loss did not improve from 0.01553
[2024-06-12T16:38:28.234+0000] {logging_mixin.py:188} INFO - 163/163 - 1s - 8ms/step - loss: 0.0165
[2024-06-12T16:38:28.235+0000] {logging_mixin.py:188} INFO - Epoch 31/37
[2024-06-12T16:38:29.548+0000] {logging_mixin.py:188} INFO - 
Epoch 31: loss did not improve from 0.01553
[2024-06-12T16:38:29.549+0000] {logging_mixin.py:188} INFO - 163/163 - 1s - 8ms/step - loss: 0.0170
[2024-06-12T16:38:29.551+0000] {logging_mixin.py:188} INFO - Epoch 32/37
[2024-06-12T16:38:30.879+0000] {logging_mixin.py:188} INFO - 
Epoch 32: loss did not improve from 0.01553
[2024-06-12T16:38:30.880+0000] {logging_mixin.py:188} INFO - 163/163 - 1s - 8ms/step - loss: 0.0162
[2024-06-12T16:38:30.881+0000] {logging_mixin.py:188} INFO - Epoch 33/37
[2024-06-12T16:38:32.283+0000] {logging_mixin.py:188} INFO - 
Epoch 33: loss did not improve from 0.01553
[2024-06-12T16:38:32.284+0000] {logging_mixin.py:188} INFO - 163/163 - 1s - 9ms/step - loss: 0.0163
[2024-06-12T16:38:32.285+0000] {logging_mixin.py:188} INFO - Epoch 34/37
[2024-06-12T16:38:33.644+0000] {logging_mixin.py:188} INFO - 
Epoch 34: loss did not improve from 0.01553
[2024-06-12T16:38:33.645+0000] {logging_mixin.py:188} INFO - 163/163 - 1s - 8ms/step - loss: 0.0164
[2024-06-12T16:38:33.646+0000] {logging_mixin.py:188} INFO - Epoch 35/37
[2024-06-12T16:38:35.097+0000] {logging_mixin.py:188} INFO - 
Epoch 35: loss did not improve from 0.01553
[2024-06-12T16:38:35.100+0000] {logging_mixin.py:188} INFO - 163/163 - 1s - 9ms/step - loss: 0.0158
[2024-06-12T16:38:35.102+0000] {logging_mixin.py:188} INFO - Epoch 36/37
[2024-06-12T16:38:36.634+0000] {logging_mixin.py:188} INFO - 
Epoch 36: loss did not improve from 0.01553
[2024-06-12T16:38:36.635+0000] {logging_mixin.py:188} INFO - 163/163 - 2s - 9ms/step - loss: 0.0159
[2024-06-12T16:38:36.636+0000] {logging_mixin.py:188} INFO - Epoch 37/37
[2024-06-12T16:38:37.906+0000] {logging_mixin.py:188} INFO - 
Epoch 37: loss improved from 0.01553 to 0.01484, saving model to /opt/***/data/model/save_model.keras
[2024-06-12T16:38:37.985+0000] {logging_mixin.py:188} INFO - 163/163 - 1s - 8ms/step - loss: 0.0148
[2024-06-12T16:38:37.990+0000] {python.py:237} INFO - Done. Returned value was: /opt/***/data/model/save_model.keras
[2024-06-12T16:38:37.991+0000] {taskinstance.py:441} INFO - ::group::Post task execution logs
[2024-06-12T16:38:38.012+0000] {taskinstance.py:1206} INFO - Marking task as SUCCESS. dag_id=stock_prediction, task_id=train_model_task, run_id=manual__2024-06-12T16:37:07.687735+00:00, execution_date=20240612T163707, start_date=20240612T163741, end_date=20240612T163838
[2024-06-12T16:38:38.051+0000] {local_task_job_runner.py:240} INFO - Task exited with return code 0
[2024-06-12T16:38:38.072+0000] {taskinstance.py:3503} INFO - 1 downstream tasks scheduled from follow-on schedule check
[2024-06-12T16:38:38.075+0000] {local_task_job_runner.py:222} INFO - ::endgroup::
