[2024-06-11T17:03:18.441+0000] {local_task_job_runner.py:120} INFO - ::group::Pre task execution logs
[2024-06-11T17:03:18.455+0000] {taskinstance.py:2076} INFO - Dependencies all met for dep_context=non-requeueable deps ti=<TaskInstance: stock_prediction.end manual__2024-06-11T17:01:56.304862+00:00 [queued]>
[2024-06-11T17:03:18.461+0000] {taskinstance.py:2076} INFO - Dependencies all met for dep_context=requeueable deps ti=<TaskInstance: stock_prediction.end manual__2024-06-11T17:01:56.304862+00:00 [queued]>
[2024-06-11T17:03:18.462+0000] {taskinstance.py:2306} INFO - Starting attempt 1 of 2
[2024-06-11T17:03:18.473+0000] {taskinstance.py:2330} INFO - Executing <Task(PythonOperator): end> on 2024-06-11 17:01:56.304862+00:00
[2024-06-11T17:03:18.479+0000] {warnings.py:112} WARNING - /home/***/.local/lib/python3.12/site-packages/***/task/task_runner/standard_task_runner.py:61: DeprecationWarning: This process (pid=1245) is multi-threaded, use of fork() may lead to deadlocks in the child.
  pid = os.fork()

[2024-06-11T17:03:18.480+0000] {standard_task_runner.py:90} INFO - Running: ['***', 'tasks', 'run', 'stock_prediction', 'end', 'manual__2024-06-11T17:01:56.304862+00:00', '--job-id', '48', '--raw', '--subdir', 'DAGS_FOLDER/demo_***.py', '--cfg-path', '/tmp/tmp0ey4wjl9']
[2024-06-11T17:03:18.481+0000] {standard_task_runner.py:63} INFO - Started process 1263 to run task
[2024-06-11T17:03:18.481+0000] {standard_task_runner.py:91} INFO - Job 48: Subtask end
[2024-06-11T17:03:18.599+0000] {task_command.py:426} INFO - Running <TaskInstance: stock_prediction.end manual__2024-06-11T17:01:56.304862+00:00 [running]> on host ad0cd89ef011
[2024-06-11T17:03:18.812+0000] {taskinstance.py:2648} INFO - Exporting env vars: AIRFLOW_CTX_DAG_OWNER='Nguyen Khoa Doan' AIRFLOW_CTX_DAG_ID='stock_prediction' AIRFLOW_CTX_TASK_ID='end' AIRFLOW_CTX_EXECUTION_DATE='2024-06-11T17:01:56.304862+00:00' AIRFLOW_CTX_TRY_NUMBER='1' AIRFLOW_CTX_DAG_RUN_ID='manual__2024-06-11T17:01:56.304862+00:00'
[2024-06-11T17:03:18.831+0000] {taskinstance.py:430} INFO - ::endgroup::
[2024-06-11T17:03:18.838+0000] {logging_mixin.py:188} INFO - END
[2024-06-11T17:03:18.839+0000] {python.py:237} INFO - Done. Returned value was: None
[2024-06-11T17:03:18.839+0000] {taskinstance.py:441} INFO - ::group::Post task execution logs
[2024-06-11T17:03:18.853+0000] {taskinstance.py:1206} INFO - Marking task as SUCCESS. dag_id=stock_prediction, task_id=end, run_id=manual__2024-06-11T17:01:56.304862+00:00, execution_date=20240611T170156, start_date=20240611T170318, end_date=20240611T170318
[2024-06-11T17:03:18.897+0000] {local_task_job_runner.py:240} INFO - Task exited with return code 0
[2024-06-11T17:03:18.918+0000] {taskinstance.py:3503} INFO - 0 downstream tasks scheduled from follow-on schedule check
[2024-06-11T17:03:18.921+0000] {local_task_job_runner.py:222} INFO - ::endgroup::
