[2024-06-12T15:16:19.609+0000] {local_task_job_runner.py:120} INFO - ::group::Pre task execution logs
[2024-06-12T15:16:19.627+0000] {taskinstance.py:2076} INFO - Dependencies all met for dep_context=non-requeueable deps ti=<TaskInstance: stock_prediction.train_model_task manual__2024-06-12T15:15:48.947361+00:00 [queued]>
[2024-06-12T15:16:19.633+0000] {taskinstance.py:2076} INFO - Dependencies all met for dep_context=requeueable deps ti=<TaskInstance: stock_prediction.train_model_task manual__2024-06-12T15:15:48.947361+00:00 [queued]>
[2024-06-12T15:16:19.634+0000] {taskinstance.py:2306} INFO - Starting attempt 1 of 2
[2024-06-12T15:16:19.645+0000] {taskinstance.py:2330} INFO - Executing <Task(PythonOperator): train_model_task> on 2024-06-12 15:15:48.947361+00:00
[2024-06-12T15:16:19.653+0000] {warnings.py:112} WARNING - /home/***/.local/lib/python3.12/site-packages/***/task/task_runner/standard_task_runner.py:61: DeprecationWarning: This process (pid=7943) is multi-threaded, use of fork() may lead to deadlocks in the child.
  pid = os.fork()

[2024-06-12T15:16:19.655+0000] {standard_task_runner.py:63} INFO - Started process 7961 to run task
[2024-06-12T15:16:19.654+0000] {standard_task_runner.py:90} INFO - Running: ['***', 'tasks', 'run', 'stock_prediction', 'train_model_task', 'manual__2024-06-12T15:15:48.947361+00:00', '--job-id', '262', '--raw', '--subdir', 'DAGS_FOLDER/demo_***.py', '--cfg-path', '/tmp/tmpfivb66bk']
[2024-06-12T15:16:19.656+0000] {standard_task_runner.py:91} INFO - Job 262: Subtask train_model_task
[2024-06-12T15:16:19.690+0000] {task_command.py:426} INFO - Running <TaskInstance: stock_prediction.train_model_task manual__2024-06-12T15:15:48.947361+00:00 [running]> on host 33b4ab31339c
[2024-06-12T15:16:19.752+0000] {taskinstance.py:2648} INFO - Exporting env vars: AIRFLOW_CTX_DAG_OWNER='Nguyen Khoa Doan' AIRFLOW_CTX_DAG_ID='stock_prediction' AIRFLOW_CTX_TASK_ID='train_model_task' AIRFLOW_CTX_EXECUTION_DATE='2024-06-12T15:15:48.947361+00:00' AIRFLOW_CTX_TRY_NUMBER='1' AIRFLOW_CTX_DAG_RUN_ID='manual__2024-06-12T15:15:48.947361+00:00'
[2024-06-12T15:16:19.754+0000] {taskinstance.py:430} INFO - ::endgroup::
[2024-06-12T15:16:19.774+0000] {logging_mixin.py:188} INFO - x_train và y_train đã được lưu vào /opt/***/data
[2024-06-12T15:16:19.808+0000] {warnings.py:112} WARNING - /home/***/.local/lib/python3.12/site-packages/keras/src/layers/rnn/rnn.py:204: UserWarning: Do not pass an `input_shape`/`input_dim` argument to a layer. When using Sequential models, prefer using an `Input(shape)` object as the first layer in the model instead.
  super().__init__(**kwargs)

[2024-06-12T15:16:19.966+0000] {logging_mixin.py:188} INFO - Epoch 1/37
[2024-06-12T15:16:23.480+0000] {logging_mixin.py:188} INFO - 
Epoch 1: loss improved from inf to 0.04400, saving model to /opt/***/data/model/save_model.keras
[2024-06-12T15:16:23.677+0000] {logging_mixin.py:188} INFO - 163/163 - 4s - 23ms/step - loss: 0.0440
[2024-06-12T15:16:23.680+0000] {logging_mixin.py:188} INFO - Epoch 2/37
[2024-06-12T15:16:25.160+0000] {logging_mixin.py:188} INFO - 
Epoch 2: loss improved from 0.04400 to 0.02810, saving model to /opt/***/data/model/save_model.keras
[2024-06-12T15:16:25.224+0000] {logging_mixin.py:188} INFO - 163/163 - 2s - 9ms/step - loss: 0.0281
[2024-06-12T15:16:25.225+0000] {logging_mixin.py:188} INFO - Epoch 3/37
[2024-06-12T15:16:26.545+0000] {logging_mixin.py:188} INFO - 
Epoch 3: loss did not improve from 0.02810
[2024-06-12T15:16:26.547+0000] {logging_mixin.py:188} INFO - 163/163 - 1s - 8ms/step - loss: 0.0289
[2024-06-12T15:16:26.548+0000] {logging_mixin.py:188} INFO - Epoch 4/37
[2024-06-12T15:16:27.843+0000] {logging_mixin.py:188} INFO - 
Epoch 4: loss improved from 0.02810 to 0.02507, saving model to /opt/***/data/model/save_model.keras
[2024-06-12T15:16:27.894+0000] {logging_mixin.py:188} INFO - 163/163 - 1s - 8ms/step - loss: 0.0251
[2024-06-12T15:16:27.895+0000] {logging_mixin.py:188} INFO - Epoch 5/37
[2024-06-12T15:16:30.407+0000] {logging_mixin.py:188} INFO - 
Epoch 5: loss improved from 0.02507 to 0.02368, saving model to /opt/***/data/model/save_model.keras
[2024-06-12T15:16:30.474+0000] {logging_mixin.py:188} INFO - 163/163 - 3s - 16ms/step - loss: 0.0237
[2024-06-12T15:16:30.475+0000] {logging_mixin.py:188} INFO - Epoch 6/37
[2024-06-12T15:16:32.081+0000] {logging_mixin.py:188} INFO - 
Epoch 6: loss did not improve from 0.02368
[2024-06-12T15:16:32.082+0000] {logging_mixin.py:188} INFO - 163/163 - 2s - 10ms/step - loss: 0.0238
[2024-06-12T15:16:32.083+0000] {logging_mixin.py:188} INFO - Epoch 7/37
[2024-06-12T15:16:33.709+0000] {logging_mixin.py:188} INFO - 
Epoch 7: loss did not improve from 0.02368
[2024-06-12T15:16:33.710+0000] {logging_mixin.py:188} INFO - 163/163 - 2s - 10ms/step - loss: 0.0249
[2024-06-12T15:16:33.711+0000] {logging_mixin.py:188} INFO - Epoch 8/37
[2024-06-12T15:16:35.169+0000] {logging_mixin.py:188} INFO - 
Epoch 8: loss improved from 0.02368 to 0.02320, saving model to /opt/***/data/model/save_model.keras
[2024-06-12T15:16:35.258+0000] {logging_mixin.py:188} INFO - 163/163 - 2s - 9ms/step - loss: 0.0232
[2024-06-12T15:16:35.260+0000] {logging_mixin.py:188} INFO - Epoch 9/37
[2024-06-12T15:16:36.815+0000] {logging_mixin.py:188} INFO - 
Epoch 9: loss did not improve from 0.02320
[2024-06-12T15:16:36.816+0000] {logging_mixin.py:188} INFO - 163/163 - 2s - 10ms/step - loss: 0.0233
[2024-06-12T15:16:36.817+0000] {logging_mixin.py:188} INFO - Epoch 10/37
[2024-06-12T15:16:38.481+0000] {logging_mixin.py:188} INFO - 
Epoch 10: loss did not improve from 0.02320
[2024-06-12T15:16:38.520+0000] {logging_mixin.py:188} INFO - 163/163 - 2s - 10ms/step - loss: 0.0233
[2024-06-12T15:16:38.536+0000] {logging_mixin.py:188} INFO - Epoch 11/37
[2024-06-12T15:16:40.376+0000] {logging_mixin.py:188} INFO - 
Epoch 11: loss improved from 0.02320 to 0.02095, saving model to /opt/***/data/model/save_model.keras
[2024-06-12T15:16:40.437+0000] {logging_mixin.py:188} INFO - 163/163 - 2s - 12ms/step - loss: 0.0209
[2024-06-12T15:16:40.438+0000] {logging_mixin.py:188} INFO - Epoch 12/37
[2024-06-12T15:16:41.956+0000] {logging_mixin.py:188} INFO - 
Epoch 12: loss did not improve from 0.02095
[2024-06-12T15:16:41.957+0000] {logging_mixin.py:188} INFO - 163/163 - 2s - 9ms/step - loss: 0.0214
[2024-06-12T15:16:41.958+0000] {logging_mixin.py:188} INFO - Epoch 13/37
[2024-06-12T15:16:43.310+0000] {logging_mixin.py:188} INFO - 
Epoch 13: loss did not improve from 0.02095
[2024-06-12T15:16:43.311+0000] {logging_mixin.py:188} INFO - 163/163 - 1s - 8ms/step - loss: 0.0212
[2024-06-12T15:16:43.312+0000] {logging_mixin.py:188} INFO - Epoch 14/37
[2024-06-12T15:16:44.611+0000] {logging_mixin.py:188} INFO - 
Epoch 14: loss improved from 0.02095 to 0.01979, saving model to /opt/***/data/model/save_model.keras
[2024-06-12T15:16:44.669+0000] {logging_mixin.py:188} INFO - 163/163 - 1s - 8ms/step - loss: 0.0198
[2024-06-12T15:16:44.670+0000] {logging_mixin.py:188} INFO - Epoch 15/37
[2024-06-12T15:16:45.944+0000] {logging_mixin.py:188} INFO - 
Epoch 15: loss did not improve from 0.01979
[2024-06-12T15:16:45.945+0000] {logging_mixin.py:188} INFO - 163/163 - 1s - 8ms/step - loss: 0.0223
[2024-06-12T15:16:45.946+0000] {logging_mixin.py:188} INFO - Epoch 16/37
[2024-06-12T15:16:47.307+0000] {logging_mixin.py:188} INFO - 
Epoch 16: loss improved from 0.01979 to 0.01962, saving model to /opt/***/data/model/save_model.keras
[2024-06-12T15:16:47.368+0000] {logging_mixin.py:188} INFO - 163/163 - 1s - 9ms/step - loss: 0.0196
[2024-06-12T15:16:47.369+0000] {logging_mixin.py:188} INFO - Epoch 17/37
[2024-06-12T15:16:48.596+0000] {logging_mixin.py:188} INFO - 
Epoch 17: loss did not improve from 0.01962
[2024-06-12T15:16:48.597+0000] {logging_mixin.py:188} INFO - 163/163 - 1s - 8ms/step - loss: 0.0203
[2024-06-12T15:16:48.598+0000] {logging_mixin.py:188} INFO - Epoch 18/37
[2024-06-12T15:16:49.919+0000] {logging_mixin.py:188} INFO - 
Epoch 18: loss improved from 0.01962 to 0.01900, saving model to /opt/***/data/model/save_model.keras
[2024-06-12T15:16:49.987+0000] {logging_mixin.py:188} INFO - 163/163 - 1s - 9ms/step - loss: 0.0190
[2024-06-12T15:16:49.988+0000] {logging_mixin.py:188} INFO - Epoch 19/37
[2024-06-12T15:16:51.508+0000] {logging_mixin.py:188} INFO - 
Epoch 19: loss did not improve from 0.01900
[2024-06-12T15:16:51.511+0000] {logging_mixin.py:188} INFO - 163/163 - 2s - 9ms/step - loss: 0.0196
[2024-06-12T15:16:51.523+0000] {logging_mixin.py:188} INFO - Epoch 20/37
[2024-06-12T15:16:53.164+0000] {logging_mixin.py:188} INFO - 
Epoch 20: loss improved from 0.01900 to 0.01860, saving model to /opt/***/data/model/save_model.keras
[2024-06-12T15:16:53.222+0000] {logging_mixin.py:188} INFO - 163/163 - 2s - 10ms/step - loss: 0.0186
[2024-06-12T15:16:53.223+0000] {logging_mixin.py:188} INFO - Epoch 21/37
[2024-06-12T15:16:54.515+0000] {logging_mixin.py:188} INFO - 
Epoch 21: loss improved from 0.01860 to 0.01834, saving model to /opt/***/data/model/save_model.keras
[2024-06-12T15:16:54.577+0000] {logging_mixin.py:188} INFO - 163/163 - 1s - 8ms/step - loss: 0.0183
[2024-06-12T15:16:54.578+0000] {logging_mixin.py:188} INFO - Epoch 22/37
[2024-06-12T15:16:55.899+0000] {logging_mixin.py:188} INFO - 
Epoch 22: loss improved from 0.01834 to 0.01748, saving model to /opt/***/data/model/save_model.keras
[2024-06-12T15:16:55.976+0000] {logging_mixin.py:188} INFO - 163/163 - 1s - 9ms/step - loss: 0.0175
[2024-06-12T15:16:55.977+0000] {logging_mixin.py:188} INFO - Epoch 23/37
[2024-06-12T15:16:57.233+0000] {logging_mixin.py:188} INFO - 
Epoch 23: loss did not improve from 0.01748
[2024-06-12T15:16:57.234+0000] {logging_mixin.py:188} INFO - 163/163 - 1s - 8ms/step - loss: 0.0177
[2024-06-12T15:16:57.235+0000] {logging_mixin.py:188} INFO - Epoch 24/37
[2024-06-12T15:16:58.507+0000] {logging_mixin.py:188} INFO - 
Epoch 24: loss improved from 0.01748 to 0.01740, saving model to /opt/***/data/model/save_model.keras
[2024-06-12T15:16:58.559+0000] {logging_mixin.py:188} INFO - 163/163 - 1s - 8ms/step - loss: 0.0174
[2024-06-12T15:16:58.560+0000] {logging_mixin.py:188} INFO - Epoch 25/37
[2024-06-12T15:17:01.135+0000] {logging_mixin.py:188} INFO - 
Epoch 25: loss improved from 0.01740 to 0.01654, saving model to /opt/***/data/model/save_model.keras
[2024-06-12T15:17:01.195+0000] {logging_mixin.py:188} INFO - 163/163 - 3s - 16ms/step - loss: 0.0165
[2024-06-12T15:17:01.196+0000] {logging_mixin.py:188} INFO - Epoch 26/37
[2024-06-12T15:17:02.809+0000] {logging_mixin.py:188} INFO - 
Epoch 26: loss did not improve from 0.01654
[2024-06-12T15:17:02.810+0000] {logging_mixin.py:188} INFO - 163/163 - 2s - 10ms/step - loss: 0.0167
[2024-06-12T15:17:02.811+0000] {logging_mixin.py:188} INFO - Epoch 27/37
[2024-06-12T15:17:05.028+0000] {logging_mixin.py:188} INFO - 
Epoch 27: loss did not improve from 0.01654
[2024-06-12T15:17:05.030+0000] {logging_mixin.py:188} INFO - 163/163 - 2s - 14ms/step - loss: 0.0171
[2024-06-12T15:17:05.032+0000] {logging_mixin.py:188} INFO - Epoch 28/37
[2024-06-12T15:17:06.690+0000] {logging_mixin.py:188} INFO - 
Epoch 28: loss improved from 0.01654 to 0.01630, saving model to /opt/***/data/model/save_model.keras
[2024-06-12T15:17:06.756+0000] {logging_mixin.py:188} INFO - 163/163 - 2s - 11ms/step - loss: 0.0163
[2024-06-12T15:17:06.757+0000] {logging_mixin.py:188} INFO - Epoch 29/37
[2024-06-12T15:17:08.164+0000] {logging_mixin.py:188} INFO - 
Epoch 29: loss improved from 0.01630 to 0.01574, saving model to /opt/***/data/model/save_model.keras
[2024-06-12T15:17:08.218+0000] {logging_mixin.py:188} INFO - 163/163 - 1s - 9ms/step - loss: 0.0157
[2024-06-12T15:17:08.219+0000] {logging_mixin.py:188} INFO - Epoch 30/37
[2024-06-12T15:17:09.663+0000] {logging_mixin.py:188} INFO - 
Epoch 30: loss improved from 0.01574 to 0.01564, saving model to /opt/***/data/model/save_model.keras
[2024-06-12T15:17:09.742+0000] {logging_mixin.py:188} INFO - 163/163 - 2s - 9ms/step - loss: 0.0156
[2024-06-12T15:17:09.743+0000] {logging_mixin.py:188} INFO - Epoch 31/37
[2024-06-12T15:17:11.211+0000] {logging_mixin.py:188} INFO - 
Epoch 31: loss did not improve from 0.01564
[2024-06-12T15:17:11.213+0000] {logging_mixin.py:188} INFO - 163/163 - 1s - 9ms/step - loss: 0.0166
[2024-06-12T15:17:11.213+0000] {logging_mixin.py:188} INFO - Epoch 32/37
[2024-06-12T15:17:12.741+0000] {logging_mixin.py:188} INFO - 
Epoch 32: loss improved from 0.01564 to 0.01507, saving model to /opt/***/data/model/save_model.keras
[2024-06-12T15:17:12.815+0000] {logging_mixin.py:188} INFO - 163/163 - 2s - 10ms/step - loss: 0.0151
[2024-06-12T15:17:12.816+0000] {logging_mixin.py:188} INFO - Epoch 33/37
[2024-06-12T15:17:14.171+0000] {logging_mixin.py:188} INFO - 
Epoch 33: loss did not improve from 0.01507
[2024-06-12T15:17:14.173+0000] {logging_mixin.py:188} INFO - 163/163 - 1s - 8ms/step - loss: 0.0161
[2024-06-12T15:17:14.174+0000] {logging_mixin.py:188} INFO - Epoch 34/37
[2024-06-12T15:17:15.489+0000] {logging_mixin.py:188} INFO - 
Epoch 34: loss did not improve from 0.01507
[2024-06-12T15:17:15.491+0000] {logging_mixin.py:188} INFO - 163/163 - 1s - 8ms/step - loss: 0.0163
[2024-06-12T15:17:15.492+0000] {logging_mixin.py:188} INFO - Epoch 35/37
[2024-06-12T15:17:16.911+0000] {logging_mixin.py:188} INFO - 
Epoch 35: loss did not improve from 0.01507
[2024-06-12T15:17:16.913+0000] {logging_mixin.py:188} INFO - 163/163 - 1s - 9ms/step - loss: 0.0157
[2024-06-12T15:17:16.914+0000] {logging_mixin.py:188} INFO - Epoch 36/37
[2024-06-12T15:17:18.220+0000] {logging_mixin.py:188} INFO - 
Epoch 36: loss did not improve from 0.01507
[2024-06-12T15:17:18.221+0000] {logging_mixin.py:188} INFO - 163/163 - 1s - 8ms/step - loss: 0.0153
[2024-06-12T15:17:18.223+0000] {logging_mixin.py:188} INFO - Epoch 37/37
[2024-06-12T15:17:19.525+0000] {logging_mixin.py:188} INFO - 
Epoch 37: loss did not improve from 0.01507
[2024-06-12T15:17:19.526+0000] {logging_mixin.py:188} INFO - 163/163 - 1s - 8ms/step - loss: 0.0152
[2024-06-12T15:17:19.528+0000] {python.py:237} INFO - Done. Returned value was: None
[2024-06-12T15:17:19.529+0000] {taskinstance.py:441} INFO - ::group::Post task execution logs
[2024-06-12T15:17:19.536+0000] {taskinstance.py:1206} INFO - Marking task as SUCCESS. dag_id=stock_prediction, task_id=train_model_task, run_id=manual__2024-06-12T15:15:48.947361+00:00, execution_date=20240612T151548, start_date=20240612T151619, end_date=20240612T151719
[2024-06-12T15:17:19.569+0000] {local_task_job_runner.py:240} INFO - Task exited with return code 0
[2024-06-12T15:17:19.598+0000] {taskinstance.py:3503} INFO - 1 downstream tasks scheduled from follow-on schedule check
[2024-06-12T15:17:19.602+0000] {local_task_job_runner.py:222} INFO - ::endgroup::
