[2024-06-11T10:02:22.967+0000] {local_task_job_runner.py:120} INFO - ::group::Pre task execution logs
[2024-06-11T10:02:22.989+0000] {taskinstance.py:2076} INFO - Dependencies all met for dep_context=non-requeueable deps ti=<TaskInstance: hello_airflow.hello_task scheduled__2024-06-10T00:00:00+00:00 [queued]>
[2024-06-11T10:02:22.995+0000] {taskinstance.py:2076} INFO - Dependencies all met for dep_context=requeueable deps ti=<TaskInstance: hello_airflow.hello_task scheduled__2024-06-10T00:00:00+00:00 [queued]>
[2024-06-11T10:02:22.995+0000] {taskinstance.py:2306} INFO - Starting attempt 1 of 2
[2024-06-11T10:02:23.006+0000] {taskinstance.py:2330} INFO - Executing <Task(PythonOperator): hello_task> on 2024-06-10 00:00:00+00:00
[2024-06-11T10:02:23.011+0000] {warnings.py:112} WARNING - /home/***/.local/lib/python3.12/site-packages/***/task/task_runner/standard_task_runner.py:61: DeprecationWarning: This process (pid=317) is multi-threaded, use of fork() may lead to deadlocks in the child.
  pid = os.fork()

[2024-06-11T10:02:23.012+0000] {standard_task_runner.py:63} INFO - Started process 322 to run task
[2024-06-11T10:02:23.013+0000] {standard_task_runner.py:90} INFO - Running: ['***', 'tasks', 'run', 'hello_***', 'hello_task', 'scheduled__2024-06-10T00:00:00+00:00', '--job-id', '5', '--raw', '--subdir', 'DAGS_FOLDER/hello_***.py', '--cfg-path', '/tmp/tmp4ehcm14n']
[2024-06-11T10:02:23.016+0000] {standard_task_runner.py:91} INFO - Job 5: Subtask hello_task
[2024-06-11T10:02:23.056+0000] {task_command.py:426} INFO - Running <TaskInstance: hello_airflow.hello_task scheduled__2024-06-10T00:00:00+00:00 [running]> on host 7b938667d4d3
[2024-06-11T10:02:23.114+0000] {taskinstance.py:2648} INFO - Exporting env vars: AIRFLOW_CTX_DAG_OWNER='doan_nguyen' AIRFLOW_CTX_DAG_ID='hello_***' AIRFLOW_CTX_TASK_ID='hello_task' AIRFLOW_CTX_EXECUTION_DATE='2024-06-10T00:00:00+00:00' AIRFLOW_CTX_TRY_NUMBER='1' AIRFLOW_CTX_DAG_RUN_ID='scheduled__2024-06-10T00:00:00+00:00'
[2024-06-11T10:02:23.119+0000] {taskinstance.py:430} INFO - ::endgroup::
[2024-06-11T10:02:23.119+0000] {logging_mixin.py:188} INFO - Hello, Airflow!
[2024-06-11T10:02:23.120+0000] {python.py:237} INFO - Done. Returned value was: None
[2024-06-11T10:02:23.120+0000] {taskinstance.py:441} INFO - ::group::Post task execution logs
[2024-06-11T10:02:23.126+0000] {taskinstance.py:1206} INFO - Marking task as SUCCESS. dag_id=hello_***, task_id=hello_task, run_id=scheduled__2024-06-10T00:00:00+00:00, execution_date=20240610T000000, start_date=20240611T100222, end_date=20240611T100223
[2024-06-11T10:02:23.146+0000] {local_task_job_runner.py:240} INFO - Task exited with return code 0
[2024-06-11T10:02:23.157+0000] {taskinstance.py:3503} INFO - 0 downstream tasks scheduled from follow-on schedule check
[2024-06-11T10:02:23.160+0000] {local_task_job_runner.py:222} INFO - ::endgroup::
